
Initial statistics: 17 variables; iteration 0; function evaluation 0; phase 1
Function value 2.4824145e+03; maximum gradient component mag 2.3423e+03
Var    Value     Gradient |Var    Value     Gradient |Var    Value     Gradient
  1 -0.05242  2.34226e+03 |  2  0.00000  1.29761e+02 |  3  0.00000  1.45149e+02
  4  0.00000  1.63749e+02 |  5  0.00000  1.86653e+02 |  6  0.00000  2.15293e+02
  7  0.00000  2.50776e+02 |  8  0.00000  2.92528e+02 |  9  0.00000  3.33003e+02
 10  0.00000  3.53075e+02 | 11  0.00000  3.30543e+02 | 12 -0.96800  1.68479e+03
 13  0.34494 -8.16324e+01 | 14 -0.13610  4.37402e+00 | 15  0.34672  1.79956e+02
 16  0.24877  2.30432e+02 | 17  0.15283  1.20059e+02 |

Intermediate statistics: 17 variables; iteration 20; function evaluation 39; phase 1
Function value 2.2112079e+03; maximum gradient component mag 2.6827e+02
Var    Value     Gradient |Var    Value     Gradient |Var    Value     Gradient
  1 -0.05942  2.68272e+02 |  2  0.00096  2.35275e+01 |  3 -0.00132  1.74729e+01
  4 -0.00253  2.12989e+01 |  5 -0.00680  7.65348e+00 |  6 -0.00872  1.37182e+01
  7 -0.01203  1.26162e+01 |  8 -0.01439  1.87225e+01 |  9 -0.01715  1.40077e+01
 10 -0.01533  2.42380e+01 | 11 -0.01035  2.31826e+01 | 12 -0.96841  2.39926e+02
 13  0.98983  8.34010e-01 | 14 -0.13522  9.08409e-01 | 15 -0.17004  1.33241e+01
 16 -0.84699  1.61979e+01 | 17 -0.70150  2.93253e+00 |

 - final statistics:
17 variables; iteration 30; function evaluation 52
Function value 2.2080e+03; maximum gradient component mag -2.6152e+00
Exit code = 1;  converg criter 1.0000e+01
Var    Value     Gradient |Var    Value     Gradient |Var    Value     Gradient
  1 -0.06109 -1.19078e+00 |  2 -0.00015 -1.86741e-02 |  3 -0.00120  1.98897e-01
  4 -0.00270  2.73075e-01 |  5 -0.00469  5.47297e-01 |  6 -0.00724  7.32951e-01
  7 -0.01024  7.82151e-01 |  8 -0.01332  6.38630e-01 |  9 -0.01543  6.02307e-01
 10 -0.01474  8.07574e-01 | 11 -0.00929  7.29685e-01 | 12 -0.96843 -2.61521e+00
 13  1.30664 -2.12129e-01 | 14 -0.13548 -3.01501e-02 | 15 -0.20706 -3.66556e-02
 16 -0.99458  2.45654e-01 | 17 -0.80790 -3.52285e-01 |

Initial statistics: 46 variables; iteration 0; function evaluation 0; phase 2
Function value 2.2082075e+03; maximum gradient component mag -6.1995e+02
Var    Value     Gradient |Var    Value     Gradient |Var    Value     Gradient
  1 -0.06109 -1.19078e+00 |  2 -0.00015 -1.86741e-02 |  3 -0.00120  1.98897e-01
  4 -0.00270  2.73075e-01 |  5 -0.00469  5.47297e-01 |  6 -0.00724  7.32951e-01
  7 -0.01024  7.82151e-01 |  8 -0.01332  6.38630e-01 |  9 -0.01543  6.02307e-01
 10 -0.01474  8.07574e-01 | 11 -0.00929  7.29685e-01 | 12  0.00000 -1.27608e+01
 13  0.00000  3.17661e+01 | 14  0.00000  1.86575e+02 | 15  0.00000 -1.79578e+01
 16  0.00000 -9.56801e+01 | 17  0.00000 -2.65747e+02 | 18  0.00000 -4.16614e+02
 19  0.00000 -4.10926e+02 | 20  0.00000 -2.70636e+02 | 21  0.00000 -1.01827e+02
 22  0.00000  9.63196e+01 | 23  0.00000  2.44398e+02 | 24  0.00000  1.93566e+02
 25  0.00000  1.54793e+02 | 26  0.00000  1.12394e+02 | 27  0.00000  4.09666e+02
 28  0.00000  1.97698e+02 | 29  0.00000  1.73373e+02 | 30  0.00000  3.99666e+02
 31  0.00000  2.52603e+02 | 32  0.00000  6.64948e+01 | 33  0.00000  3.43621e+01
 34  0.00000 -1.81337e+02 | 35  0.00000 -6.19945e+02 | 36 -0.96843 -2.61521e+00
 37  0.20303  8.32412e+01 | 38 -0.08983  5.20143e-03 | 39  0.69336  2.12129e-01
 40 -0.26008 -3.78164e-03 | 41 -0.13548 -3.01501e-02 | 42 -0.20706 -3.66556e-02
 43 -0.99458  2.45654e-01 | 44  0.09020 -4.38694e-02 | 45 -0.80790 -3.52285e-01
 46 -0.35174  5.69523e+00 |

Intermediate statistics: 46 variables; iteration 20; function evaluation 29; phase 2
Function value 2.1723921e+03; maximum gradient component mag -1.8132e+03
Var    Value     Gradient |Var    Value     Gradient |Var    Value     Gradient
  1 -0.05481 -2.46585e+02 |  2 -0.00210 -1.30758e+01 |  3 -0.00324 -1.39454e+01
  4 -0.00476 -1.46673e+01 |  5 -0.00672 -1.51157e+01 |  6 -0.00917 -1.55695e+01
  7 -0.01208 -1.64330e+01 |  8 -0.01508 -1.77010e+01 |  9 -0.01706 -1.82406e+01
 10 -0.01613 -1.67018e+01 | 11 -0.01007 -1.12249e+01 | 12  0.00267 -2.61614e+00
 13  0.00172  2.76054e+01 | 14 -0.00860  8.55764e+01 | 15  0.00481  3.30022e+00
 16 -0.00090 -7.98336e+01 | 17  0.00546 -1.74179e+02 | 18  0.01118 -2.76828e+02
 19  0.00561 -2.91002e+02 | 20  0.00400 -1.97597e+02 | 21  0.00004 -9.84986e+01
 22 -0.00149  3.85903e+01 | 23 -0.00462  1.21948e+02 | 24 -0.00256  8.90091e+01
 25 -0.00227  7.77014e+01 | 26  0.00411  9.51576e+01 | 27 -0.00769  2.53918e+02
 28  0.00186  1.38989e+02 | 29  0.00179  1.01167e+02 | 30 -0.00753  2.06785e+02
 31 -0.00251  1.34788e+02 | 32  0.01006  6.36754e+01 | 33 -0.00581 -2.15064e+01
 34 -0.01807 -1.30128e+02 | 35  0.04475 -1.42494e+02 | 36 -0.97030 -1.81321e+03
 37  0.08322  7.99939e+00 | 38 -0.08990  4.21925e-03 | 39  0.69513 -1.27093e+00
 40 -0.25999 -5.90278e-03 | 41 -0.14988 -2.13538e+01 | 42 -0.20001 -4.11011e+00
 43 -0.99720 -7.62328e-02 | 44  0.09082 -4.27355e-02 | 45 -0.82863 -1.33857e+00
 46 -0.46891  1.46441e-01 |
46 variables; iteration 40; function evaluation 61; phase 2
Function value 2.1617714e+03; maximum gradient component mag -4.8828e+02
Var    Value     Gradient |Var    Value     Gradient |Var    Value     Gradient
  1 -0.05204 -4.37500e+01 |  2 -0.00089  3.35666e+00 |  3 -0.00436 -1.18466e+01
  4 -0.00081  2.08959e+01 |  5 -0.00699 -6.97922e+00 |  6 -0.00348  3.44366e+01
  7 -0.01188 -4.87897e+00 |  8 -0.01493 -6.77365e+00 |  9 -0.01716 -9.85340e+00
 10 -0.01693 -1.49742e+01 | 11 -0.01197 -1.96229e+01 | 12  0.00226 -5.70365e+00
 13  0.00087  1.16432e+01 | 14 -0.01513  1.93734e+01 | 15  0.00250 -9.66636e+00
 16  0.00297 -9.45104e+00 | 17  0.01134 -3.43142e+01 | 18  0.01919 -6.87397e+01
 19  0.01569 -7.54571e+01 | 20  0.00847 -4.35652e+01 | 21  0.00456 -6.41157e+00
 22 -0.00732 -1.21850e+01 | 23 -0.00762  5.07541e+01 | 24 -0.00583  9.26354e+00
 25 -0.00159  3.68859e+01 | 26  0.00314  1.50133e+01 | 27 -0.01787  7.58704e+01
 28  0.00002  2.97074e+01 | 29  0.00401  3.46018e+01 | 30 -0.01604  5.18814e+01
 31 -0.00584  3.45776e+01 | 32  0.01074  1.53051e+01 | 33 -0.00538 -1.03508e+01
 34 -0.01047 -4.00994e+01 | 35  0.04719 -3.72442e+01 | 36 -0.96965 -4.88281e+02
 37  0.07034  2.05507e+00 | 38 -0.09607  4.49537e-03 | 39  0.65293 -4.38616e+00
 40 -0.25189 -8.04022e-03 | 41 -0.14131 -5.45719e+00 | 42 -0.22029 -3.63823e+00
 43 -1.01313 -1.29254e+00 | 44  0.14442 -4.11047e-02 | 45 -0.74478  1.20281e+00
 46 -0.52749  3.71182e-01 |

 - final statistics:
46 variables; iteration 49; function evaluation 76
Function value 2.1605e+03; maximum gradient component mag 3.1137e+00
Exit code = 1;  converg criter 1.0000e+01
Var    Value     Gradient |Var    Value     Gradient |Var    Value     Gradient
  1 -0.05322  5.42010e-01 |  2 -0.00177  4.35428e-02 |  3 -0.00287  1.42463e-01
  4 -0.00441 -8.03496e-02 |  5 -0.00637  3.10848e-02 |  6 -0.00887 -2.58226e-01
  7 -0.01167  2.07758e-02 |  8 -0.01453  5.77688e-02 |  9 -0.01646  6.52646e-02
 10 -0.01569  1.45981e-01 | 11 -0.01003  2.38901e-01 | 12  0.00271 -9.14266e-02
 13 -0.00017  3.37607e-02 | 14 -0.01693 -1.27485e-01 | 15  0.00396  1.22992e-01
 16  0.00309  3.37003e-02 | 17  0.01281  5.70721e-01 | 18  0.02243 -3.20882e-01
 19  0.01990  1.33294e+00 | 20  0.01031  1.20406e-01 | 21  0.00401  2.07162e-01
 22 -0.00485  1.03167e-01 | 23 -0.01140 -2.70041e-01 | 24 -0.00403 -4.34170e-02
 25 -0.00361 -2.12148e-01 | 26  0.00480 -9.02456e-02 | 27 -0.02368 -4.28419e-01
 28  0.00093 -2.12973e-01 | 29  0.00428 -2.60393e-01 | 30 -0.01882 -3.85349e-01
 31 -0.00689 -2.97847e-01 | 32  0.01052 -1.79853e-01 | 33 -0.00515  1.78572e-02
 34 -0.00762  2.10919e-01 | 35  0.04786  6.45830e-02 | 36 -0.96919  3.11365e+00
 37  0.06666 -6.13376e-03 | 38 -0.11785  4.29272e-03 | 39  0.68598 -2.21536e-02
 40 -0.22393 -5.45148e-03 | 41 -0.13824  1.78783e-02 | 42 -0.20674  3.43806e-02
 43 -1.00316 -8.27366e-04 | 44  0.34665 -4.03341e-02 | 45 -0.81908  5.49310e-03
 46 -0.52655  1.19044e-02 |

Initial statistics: 47 variables; iteration 0; function evaluation 0; phase 3
Function value 2.1605018e+03; maximum gradient component mag -6.1872e+01
Var    Value     Gradient |Var    Value     Gradient |Var    Value     Gradient
  1 -0.05322  5.42010e-01 |  2 -0.00177  4.35428e-02 |  3 -0.00287  1.42463e-01
  4 -0.00441 -8.03496e-02 |  5 -0.00637  3.10848e-02 |  6 -0.00887 -2.58226e-01
  7 -0.01167  2.07758e-02 |  8 -0.01453  5.77688e-02 |  9 -0.01646  6.52646e-02
 10 -0.01569  1.45981e-01 | 11 -0.01003  2.38901e-01 | 12  0.00271 -9.14266e-02
 13 -0.00017  3.37607e-02 | 14 -0.01693 -1.27485e-01 | 15  0.00396  1.22992e-01
 16  0.00309  3.37003e-02 | 17  0.01281  5.70721e-01 | 18  0.02243 -3.20882e-01
 19  0.01990  1.33294e+00 | 20  0.01031  1.20406e-01 | 21  0.00401  2.07162e-01
 22 -0.00485  1.03167e-01 | 23 -0.01140 -2.70041e-01 | 24 -0.00403 -4.34170e-02
 25 -0.00361 -2.12148e-01 | 26  0.00480 -9.02456e-02 | 27 -0.02368 -4.28419e-01
 28  0.00093 -2.12973e-01 | 29  0.00428 -2.60393e-01 | 30 -0.01882 -3.85349e-01
 31 -0.00689 -2.97847e-01 | 32  0.01052 -1.79853e-01 | 33 -0.00515  1.78572e-02
 34 -0.00762  2.10919e-01 | 35  0.04786  6.45830e-02 | 36 -0.96919  3.11365e+00
 37  0.06666 -6.13376e-03 | 38 -0.11785  4.29272e-03 | 39  0.68598 -2.21536e-02
 40 -0.22393 -5.45148e-03 | 41 -0.13824  1.78783e-02 | 42 -0.20674  3.43806e-02
 43 -0.37557 -6.18719e+01 | 44 -0.99684  8.27366e-04 | 45  0.34665 -4.03341e-02
 46 -0.81908  5.49310e-03 | 47 -0.52655  1.19044e-02 |

Intermediate statistics: 47 variables; iteration 20; function evaluation 28; phase 3
Function value 2.1597062e+03; maximum gradient component mag -5.2402e+01
Var    Value     Gradient |Var    Value     Gradient |Var    Value     Gradient
  1 -0.05490 -5.24017e+01 |  2 -0.00250 -6.75007e+00 |  3 -0.00348 -6.06502e+00
  4 -0.00513 -7.19795e+00 |  5 -0.00691 -6.13081e+00 |  6 -0.00945 -6.99338e+00
  7 -0.01227 -7.16460e+00 |  8 -0.01533 -8.96227e+00 |  9 -0.01734 -1.00987e+01
 10 -0.01638 -9.09859e+00 | 11 -0.01034 -6.88892e+00 | 12  0.00239 -8.78031e+00
 13 -0.00036 -8.24589e+00 | 14 -0.01761 -1.11645e+01 | 15  0.00368 -1.03537e+01
 16  0.00289 -8.61087e+00 | 17  0.01314 -5.09621e+00 | 18  0.02219 -9.07084e+00
 19  0.02072 -1.60584e+00 | 20  0.01016 -9.73286e+00 | 21  0.00402 -1.03393e+01
 22 -0.00490 -9.07567e+00 | 23 -0.01110 -3.25052e+00 | 24 -0.00342  2.17387e+00
 25 -0.00308  1.20076e+00 | 26  0.00532 -1.81745e-02 | 27 -0.02370 -3.93358e+00
 28  0.00108 -1.95368e+00 | 29  0.00454 -3.55529e-01 | 30 -0.01874 -8.22048e-01
 31 -0.00679  1.05218e+00 | 32  0.01069  4.25713e+00 | 33 -0.00501  5.96456e+00
 34 -0.00736  7.76869e+00 | 35  0.04716  9.33228e+00 | 36 -0.96905 -3.01855e+01
 37  0.06472 -2.33101e+00 | 38 -0.11797  4.07646e-03 | 39  0.69165 -7.12457e-01
 40 -0.22378 -6.04382e-03 | 41 -0.13872 -1.08193e+00 | 42 -0.23476 -4.00243e+00
 43 -0.35796 -4.30125e+01 | 44 -0.99681 -4.56042e-03 | 45  0.34776 -4.10996e-02
 46 -0.80869 -3.14795e-01 | 47 -0.52040 -1.01619e-01 |
47 variables; iteration 40; function evaluation 63; phase 3
Function value 2.1592366e+03; maximum gradient component mag -1.3055e+01
Var    Value     Gradient |Var    Value     Gradient |Var    Value     Gradient
  1 -0.05575 -1.30555e+01 |  2 -0.00243 -3.39246e+00 |  3 -0.00342 -2.50112e+00
  4 -0.00480 -1.59641e+00 |  5 -0.00615  2.68303e+00 |  6 -0.00989 -6.14955e+00
  7 -0.01148  2.78655e+00 |  8 -0.01452  1.58474e+00 |  9 -0.01755 -7.06962e+00
 10 -0.01609 -1.88053e+00 | 11 -0.01012  3.46758e-01 | 12  0.00282  3.60604e-01
 13 -0.00074 -5.24032e+00 | 14 -0.01717 -3.28393e+00 | 15  0.00380 -2.65991e+00
 16  0.00328 -4.53274e-01 | 17  0.01242 -3.50571e+00 | 18  0.02294  3.28588e-01
 19  0.02002 -1.22733e+00 | 20  0.01032 -4.02047e+00 | 21  0.00452 -4.93940e-01
 22 -0.00442 -1.11028e+00 | 23 -0.01111 -2.74974e+00 | 24 -0.00365 -1.13934e+00
 25 -0.00227  6.24274e+00 | 26  0.00538 -1.54945e+00 | 27 -0.02377 -6.43827e+00
 28  0.00154  6.72019e-01 | 29  0.00509  2.99761e+00 | 30 -0.01888 -4.37878e+00
 31 -0.00646  5.44315e-01 | 32  0.01094  1.58238e+00 | 33 -0.00496  1.37338e+00
 34 -0.00759  1.18079e+00 | 35  0.04727  2.50749e+00 | 36 -0.96895 -8.78383e+00
 37  0.06748 -5.41431e-01 | 38 -0.12239  4.04608e-03 | 39  0.70978  1.21580e+00
 40 -0.21779 -4.55738e-03 | 41 -0.13818 -3.38672e-01 | 42 -0.24420 -8.51146e-01
 43 -0.33911 -1.04423e+01 | 44 -1.01006 -8.94980e-01 | 45  0.39185 -4.02372e-02
 46 -0.77598 -1.63563e-02 | 47 -0.53197 -2.45573e-01 |

 - final statistics:
47 variables; iteration 51; function evaluation 84
Function value 2.1592e+03; maximum gradient component mag 1.5822e-01
Exit code = 1;  converg criter 1.0000e+00
Var    Value     Gradient |Var    Value     Gradient |Var    Value     Gradient
  1 -0.05552 -6.23719e-02 |  2 -0.00199 -4.61005e-02 |  3 -0.00311 -6.68885e-02
  4 -0.00464 -1.08231e-01 |  5 -0.00658  1.27998e-01 |  6 -0.00907 -6.55721e-02
  7 -0.01189  2.68735e-02 |  8 -0.01475 -3.46552e-02 |  9 -0.01667 -7.14837e-02
 10 -0.01588  1.33635e-02 | 11 -0.01022  4.23368e-02 | 12  0.00259  8.98443e-02
 13 -0.00031 -1.50428e-01 | 14 -0.01699  6.83523e-02 | 15  0.00387 -6.41212e-03
 16  0.00306 -7.16447e-02 | 17  0.01274  7.72150e-02 | 18  0.02262  3.97543e-03
 19  0.01990 -7.13001e-02 | 20  0.01059  8.49847e-02 | 21  0.00428 -3.36691e-02
 22 -0.00452 -1.29198e-02 | 23 -0.01100  2.92723e-02 | 24 -0.00356 -5.53264e-02
 25 -0.00294  1.45341e-01 | 26  0.00561 -5.71714e-02 | 27 -0.02310 -7.98209e-02
 28  0.00145  6.68186e-02 | 29  0.00478 -1.50645e-02 | 30 -0.01836  1.98720e-02
 31 -0.00653 -1.40497e-01 | 32  0.01100  1.58218e-01 | 33 -0.00490 -1.09803e-01
 34 -0.00749  2.91227e-02 | 35  0.04720  1.33456e-02 | 36 -0.96897 -6.59619e-02
 37  0.06818 -4.35454e-03 | 38 -0.14252  3.85808e-03 | 39  0.69593  8.30184e-03
 40 -0.18975 -5.52953e-03 | 41 -0.13797 -1.95827e-03 | 42 -0.24962 -5.20368e-03
 43 -0.33341 -5.74045e-02 | 44 -1.00331 -9.00233e-03 | 45  0.57889 -3.13855e-02
 46 -0.78244  3.02141e-03 | 47 -0.52267  3.55856e-04 |

Initial statistics: 48 variables; iteration 0; function evaluation 0; phase 4
Function value 2.1591699e+03; maximum gradient component mag 1.0487e+02
Var    Value     Gradient |Var    Value     Gradient |Var    Value     Gradient
  1 -0.05552 -6.23719e-02 |  2  0.00029  1.04866e+02 |  3 -0.00199 -4.61005e-02
  4 -0.00311 -6.68885e-02 |  5 -0.00464 -1.08231e-01 |  6 -0.00658  1.27998e-01
  7 -0.00907 -6.55721e-02 |  8 -0.01189  2.68735e-02 |  9 -0.01475 -3.46552e-02
 10 -0.01667 -7.14837e-02 | 11 -0.01588  1.33635e-02 | 12 -0.01022  4.23368e-02
 13  0.00259  8.98443e-02 | 14 -0.00031 -1.50428e-01 | 15 -0.01699  6.83523e-02
 16  0.00387 -6.41212e-03 | 17  0.00306 -7.16447e-02 | 18  0.01274  7.72150e-02
 19  0.02262  3.97543e-03 | 20  0.01990 -7.13001e-02 | 21  0.01059  8.49847e-02
 22  0.00428 -3.36691e-02 | 23 -0.00452 -1.29198e-02 | 24 -0.01100  2.92723e-02
 25 -0.00356 -5.53264e-02 | 26 -0.00294  1.45341e-01 | 27  0.00561 -5.71714e-02
 28 -0.02310 -7.98209e-02 | 29  0.00145  6.68186e-02 | 30  0.00478 -1.50645e-02
 31 -0.01836  1.98720e-02 | 32 -0.00653 -1.40497e-01 | 33  0.01100  1.58218e-01
 34 -0.00490 -1.09803e-01 | 35 -0.00749  2.91227e-02 | 36  0.04720  1.33456e-02
 37 -0.96897 -6.59619e-02 | 38  0.06818 -4.35454e-03 | 39 -0.14252  3.85808e-03
 40  0.69593  8.30184e-03 | 41 -0.18975 -5.52953e-03 | 42 -0.13797 -1.95827e-03
 43 -0.24962 -5.20368e-03 | 44 -0.33341 -5.74045e-02 | 45 -0.99669  9.00233e-03
 46  0.57889 -3.13855e-02 | 47 -0.78244  3.02141e-03 | 48 -0.52267  3.55856e-04

Intermediate statistics: 48 variables; iteration 20; function evaluation 29; phase 4
Function value 2.1562607e+03; maximum gradient component mag -7.1640e+01
Var    Value     Gradient |Var    Value     Gradient |Var    Value     Gradient
  1 -0.05295  5.03213e+01 |  2 -0.04640  4.15155e+01 |  3 -0.00203  3.10391e+00
  4 -0.00323  3.22775e+00 |  5 -0.00485  3.21764e+00 |  6 -0.00698  3.01298e+00
  7 -0.00963  2.58372e+00 |  8 -0.01266  2.18721e+00 |  9 -0.01570  1.78621e+00
 10 -0.01778  1.71450e+00 | 11 -0.01706  2.53612e+00 | 12 -0.01134  3.84253e+00
 13  0.00146  1.71887e+00 | 14  0.00350  8.88018e+00 | 15 -0.00297  2.37331e+01
 16  0.00803  1.28050e+01 | 17  0.00257  8.44230e+00 | 18  0.01187  1.12825e+01
 19  0.02178  1.46265e+01 | 20  0.01938  1.59000e+01 | 21  0.01041  1.60725e+01
 22  0.00382  1.24080e+01 | 23 -0.00502  9.78305e+00 | 24 -0.01129  1.00673e+01
 25 -0.00404  8.81306e+00 | 26 -0.00369  6.69534e+00 | 27  0.00489  1.02610e+01
 28 -0.02327  1.03833e+01 | 29  0.00128  1.22149e+01 | 30  0.00409  2.50202e+00
 31 -0.01941 -6.64550e+00 | 32 -0.00740 -6.37605e+00 | 33  0.01009 -6.53967e+00
 34 -0.00537 -7.27763e+00 | 35 -0.00819 -1.45071e+01 | 36  0.04572 -3.78253e+01
 37 -0.96927 -7.16403e+01 | 38  0.06496 -1.97971e+00 | 39 -0.14314  3.86260e-03
 40  0.72480  2.64723e+00 | 41 -0.18887 -3.04624e-03 | 42 -0.13821 -1.71132e-01
 43 -0.23453  4.52607e+00 | 44 -0.33424  3.45163e+00 | 45 -0.99711 -4.00038e-02
 46  0.58403 -3.10633e-02 | 47 -0.76133  6.67693e-01 | 48 -0.51244  5.61610e-01
48 variables; iteration 40; function evaluation 60; phase 4
Function value 2.1556469e+03; maximum gradient component mag 2.4480e+01
Var    Value     Gradient |Var    Value     Gradient |Var    Value     Gradient
  1 -0.05173  1.23018e+01 |  2 -0.06967  2.12694e+01 |  3 -0.00305 -5.49226e+00
  4 -0.00368 -1.94507e+00 |  5 -0.00410  5.93682e+00 |  6 -0.00642  4.55624e+00
  7 -0.00806  1.14673e+01 |  8 -0.01360 -6.98381e+00 |  9 -0.01665 -7.51072e+00
 10 -0.01825 -3.69355e+00 | 11 -0.01781 -4.53095e+00 | 12 -0.01189 -3.87436e-01
 13  0.00217  6.39094e+00 | 14  0.00543  1.04771e+01 | 15  0.00039  2.44803e+01
 16  0.01017  1.55359e+01 | 17  0.00259  6.19786e+00 | 18  0.01062 -2.04731e+00
 19  0.02170  3.06920e+00 | 20  0.01800 -5.95900e+00 | 21  0.00959 -8.31949e-01
 22  0.00368  3.87234e+00 | 23 -0.00539  6.24923e-01 | 24 -0.01249 -5.62307e+00
 25 -0.00433  1.24849e+00 | 26 -0.00364  1.11555e+00 | 27  0.00401 -6.62741e+00
 28 -0.02403 -2.50013e+00 | 29  0.00062 -7.25615e-01 | 30  0.00361 -4.51884e+00
 31 -0.01987 -8.18138e+00 | 32 -0.00702  1.96585e+00 | 33  0.01033  1.20306e+00
 34 -0.00614 -7.08667e+00 | 35 -0.00854 -6.78950e+00 | 36  0.04651  2.94768e-01
 37 -0.96934 -4.44843e+00 | 38  0.06816 -5.39528e-02 | 39 -0.14768  3.80544e-03
 40  0.70973  1.24297e+00 | 41 -0.18267 -4.20621e-03 | 42 -0.13916 -1.91266e+00
 43 -0.24871  3.36261e-02 | 44 -0.33324  3.36059e-01 | 45 -1.00700 -5.03686e-01
 46  0.62114 -2.84432e-02 | 47 -0.78362  1.21236e-01 | 48 -0.49812  7.51673e-01
48 variables; iteration 60; function evaluation 88; phase 4
Function value 2.1552032e+03; maximum gradient component mag 1.7370e-01
Var    Value     Gradient |Var    Value     Gradient |Var    Value     Gradient
  1 -0.05099 -8.95620e-02 |  2 -0.12455 -5.05387e-02 |  3 -0.00204  1.64467e-02
  4 -0.00323  5.86359e-02 |  5 -0.00487 -6.83467e-02 |  6 -0.00698  2.30494e-02
  7 -0.00964 -1.21423e-01 |  8 -0.01267  7.06802e-02 |  9 -0.01579 -9.83546e-03
 10 -0.01801  4.47813e-02 | 11 -0.01756 -1.75729e-02 | 12 -0.01213 -1.34093e-02
 13  0.00161 -1.18279e-02 | 14  0.00828  2.18984e-02 | 15 -0.00019 -1.45518e-02
 16  0.01225  3.68378e-02 | 17  0.00206 -3.58372e-02 | 18  0.01083  5.18808e-03
 19  0.02066 -8.04989e-02 | 20  0.01846 -2.77778e-02 | 21  0.00943 -3.03681e-02
 22  0.00308 -5.09147e-02 | 23 -0.00568 -3.11613e-02 | 24 -0.01217  4.03512e-03
 25 -0.00481 -4.36260e-02 | 26 -0.00416 -4.24425e-02 | 27  0.00427  5.76948e-03
 28 -0.02411 -3.45299e-02 | 29  0.00015 -7.33041e-02 | 30  0.00351  2.28675e-03
 31 -0.01935  5.36455e-02 | 32 -0.00755 -2.24385e-02 | 33  0.00979 -2.00273e-02
 34 -0.00573  3.55547e-02 | 35 -0.00813  6.46978e-02 | 36  0.04598  3.64086e-02
 37 -0.96941  1.73705e-01 | 38  0.06863  2.78763e-03 | 39 -0.42524  5.11258e-04
 40  0.69885 -5.36980e-03 | 41  0.27762 -4.21790e-03 | 42 -0.13782  2.23664e-02
 43 -0.24712 -4.24668e-03 | 44 -0.33286  8.10619e-03 | 45 -1.00345 -2.06235e-02
 46  0.75523 -1.56478e-02 | 47 -0.76961 -2.21573e-03 | 48 -0.52210 -4.98519e-03

 - final statistics:
48 variables; iteration 74; function evaluation 102
Function value 2.1552e+03; maximum gradient component mag -1.7892e-05
Exit code = 1;  converg criter 1.0000e-04
Var    Value     Gradient |Var    Value     Gradient |Var    Value     Gradient
  1 -0.05100  4.55295e-06 |  2 -0.12408  9.57385e-06 |  3 -0.00204  1.18394e-05
  4 -0.00324 -1.78924e-05 |  5 -0.00486  1.42643e-05 |  6 -0.00699 -1.33457e-05
  7 -0.00963  3.26022e-07 |  8 -0.01268 -1.26713e-05 |  9 -0.01579  1.28717e-05
 10 -0.01801 -5.22117e-06 | 11 -0.01756  1.16243e-05 | 12 -0.01212 -1.23923e-05
 13  0.00161  1.73912e-06 | 14  0.00825  1.54526e-05 | 15 -0.00020  1.14172e-05
 16  0.01223  9.60423e-06 | 17  0.00207  4.19367e-06 | 18  0.01083  2.64355e-06
 19  0.02067 -1.02862e-05 | 20  0.01846  2.28597e-07 | 21  0.00944  3.07416e-06
 22  0.00309 -7.35204e-06 | 23 -0.00568  2.82953e-06 | 24 -0.01217  1.01793e-06
 25 -0.00481 -2.47918e-06 | 26 -0.00415 -1.62060e-06 | 27  0.00427  3.15624e-07
 28 -0.02410 -3.70420e-06 | 29  0.00016 -4.56344e-06 | 30  0.00351 -2.16608e-06
 31 -0.01935  2.87617e-06 | 32 -0.00755 -6.99485e-07 | 33  0.00980 -9.24859e-06
 34 -0.00573  5.39681e-06 | 35 -0.00813 -3.37359e-07 | 36  0.04598 -1.73584e-06
 37 -0.96941  1.12183e-05 | 38  0.06863  4.64997e-07 | 39 -0.46193  1.68800e-08
 40  0.69857 -1.46965e-06 | 41  0.60601  1.90623e-07 | 42 -0.13783  2.07887e-06
 43 -0.24710  3.73641e-07 | 44 -0.33287  2.35378e-06 | 45 -1.00328 -3.41536e-07
 46  0.85996 -4.07710e-07 | 47 -0.76959 -4.87405e-07 | 48 -0.52194 -7.75156e-07

Initial statistics: 53 variables; iteration 0; function evaluation 0; phase 5
Function value 2.1552014e+03; maximum gradient component mag -3.2836e+02
Var    Value     Gradient |Var    Value     Gradient |Var    Value     Gradient
  1 -0.05100  4.55335e-06 |  2 -0.12408  9.57385e-06 |  3 -0.00204  1.18394e-05
  4 -0.00324 -1.78924e-05 |  5 -0.00486  1.42643e-05 |  6 -0.00699 -1.33457e-05
  7 -0.00963  3.26022e-07 |  8 -0.01268 -1.26713e-05 |  9 -0.01579  1.28717e-05
 10 -0.01801 -5.22117e-06 | 11 -0.01756  1.16243e-05 | 12 -0.01212 -1.23923e-05
 13  0.00161  1.73912e-06 | 14  0.00825  1.54526e-05 | 15 -0.00020  1.14172e-05
 16  0.01223  9.60423e-06 | 17  0.00207  4.19367e-06 | 18  0.01083  2.64355e-06
 19  0.02067 -1.02862e-05 | 20  0.01846  2.28597e-07 | 21  0.00944  3.07416e-06
 22  0.00309 -7.35204e-06 | 23 -0.00568  2.82953e-06 | 24 -0.01217  1.01793e-06
 25 -0.00481 -2.47918e-06 | 26 -0.00415 -1.62060e-06 | 27  0.00427  3.15624e-07
 28 -0.02410 -3.70420e-06 | 29  0.00016 -4.56344e-06 | 30  0.00351 -2.16608e-06
 31 -0.01935  2.87617e-06 | 32 -0.00755 -6.99485e-07 | 33  0.00980 -9.24859e-06
 34 -0.00573  5.39681e-06 | 35 -0.00813 -3.37359e-07 | 36  0.04598 -1.73584e-06
 37  0.00000 -3.28362e+02 | 38  0.00000 -1.12181e+01 | 39  0.00000  5.75030e+01
 40  0.00000  4.58065e+01 | 41  0.00000  0.00000e+00 | 42 -0.96941  1.12225e-05
 43  0.06863  4.64997e-07 | 44 -0.46193  1.68800e-08 | 45  0.69857 -1.46965e-06
 46  0.60601  1.90623e-07 | 47 -0.13783  2.07887e-06 | 48 -0.24710  3.73641e-07
 49 -0.33287  2.35378e-06 | 50 -0.99672  3.41536e-07 | 51  0.85996 -4.07710e-07
 52 -0.76959 -4.87405e-07 | 53 -0.52194 -7.75156e-07 |

Intermediate statistics: 53 variables; iteration 20; function evaluation 28; phase 5
Function value 2.1485795e+03; maximum gradient component mag -3.1075e+02
Var    Value     Gradient |Var    Value     Gradient |Var    Value     Gradient
  1 -0.05255  1.05957e+02 |  2 -0.12360  2.22802e+00 |  3 -0.00130  1.24064e+01
  4 -0.00249  1.31307e+01 |  5 -0.00418  1.34302e+01 |  6 -0.00647  1.30502e+01
  7 -0.00934  1.20245e+01 |  8 -0.01259  1.10096e+01 |  9 -0.01572  1.10674e+01
 10 -0.01778  1.23994e+01 | 11 -0.01715  1.42142e+01 | 12 -0.01156  1.65261e+01
 13  0.00238  2.11650e+01 | 14  0.00927  2.45480e+01 | 15  0.00001  3.52017e+00
 16  0.01340  2.52189e+01 | 17  0.00253  1.61539e+01 | 18  0.01112  1.97532e+01
 19  0.02205  3.87071e+01 | 20  0.02094  5.28485e+01 | 21  0.01138  4.38052e+01
 22  0.00395  2.74586e+01 | 23 -0.00485  2.35497e+01 | 24 -0.00983  3.80051e+01
 25 -0.00231  4.33689e+01 | 26 -0.00370  2.31371e+01 | 27  0.00524  3.26209e+01
 28 -0.02116  4.11395e+01 | 29  0.00094  2.62601e+01 | 30  0.00427  2.26117e+01
 31 -0.01648  3.15373e+01 | 32 -0.00718 -2.12852e+00 | 33  0.00926 -3.22429e+01
 34 -0.00703 -5.64548e+01 | 35 -0.00268 -2.89782e+01 | 36  0.03042 -1.05893e+02
 37  0.02960 -2.27232e+02 | 38 -0.00735 -2.42698e+01 | 39 -0.00102  3.43111e+01
 40 -0.00059  3.30838e+01 | 41  0.00000  0.00000e+00 | 42 -0.96948 -3.10755e+02
 43  0.08051  9.07964e+00 | 44 -0.46193  1.67878e-04 | 45  0.78547  5.21846e+00
 46  0.60610  5.93934e-03 | 47 -0.14056 -3.26563e+00 | 48 -0.24070  3.67256e+00
 49 -0.33329  5.05309e+00 | 50 -0.99650  3.75408e-02 | 51  0.85996  2.13722e-04
 52 -0.72732  1.97244e+00 | 53 -0.51098  1.05956e+00 |
53 variables; iteration 40; function evaluation 59; phase 5
Function value 2.1462613e+03; maximum gradient component mag -1.8246e+02
Var    Value     Gradient |Var    Value     Gradient |Var    Value     Gradient
  1 -0.05332  2.16658e+01 |  2 -0.11724  1.77791e+00 |  3 -0.00197  2.84611e+00
  4 -0.00389 -1.66199e+00 |  5 -0.00523  2.14582e-01 |  6 -0.00670  4.62791e+00
  7 -0.01046 -3.37319e+00 |  8 -0.01161  1.03096e+01 |  9 -0.01504  7.57038e+00
 10 -0.01888 -5.86623e+00 | 11 -0.01821 -4.59848e+00 | 12 -0.01206  1.72500e+00
 13  0.00253  1.12496e+01 | 14  0.00980  2.01189e+01 | 15 -0.00012  2.22915e+00
 16  0.01265  7.58291e+00 | 17  0.00262  7.83126e+00 | 18  0.01278  2.13902e+01
 19  0.02203  2.10659e+01 | 20  0.01988  1.98671e+01 | 21  0.01036  1.63305e+01
 22  0.00529  2.52949e+01 | 23 -0.00421  1.64516e+01 | 24 -0.01214  3.08987e+00
 25 -0.00188  2.96978e+01 | 26 -0.00391  6.14993e+00 | 27  0.00509  1.18204e+01
 28 -0.02091  2.98165e+01 | 29 -0.00005  6.81796e-01 | 30  0.00534  1.15408e+01
 31 -0.01804  5.29587e+00 | 32 -0.00736 -1.28102e+01 | 33  0.01161 -2.12818e+01
 34 -0.00512 -4.12672e+01 | 35 -0.00295 -2.14650e+01 | 36  0.02686 -3.69405e+01
 37  0.04403 -6.26295e+01 | 38 -0.01131 -2.34002e+01 | 39 -0.00247  9.68884e+00
 40 -0.00611 -1.46156e+01 | 41  0.00000  0.00000e+00 | 42 -0.96931 -1.82457e+02
 43  0.07258  2.88127e+00 | 44 -0.46192  2.53762e-05 | 45  0.74838  1.85769e+00
 46  0.60602  1.39167e-03 | 47 -0.13894 -1.56861e+00 | 48 -0.22803  2.55001e-01
 49 -0.33539 -2.39093e-01 | 50 -0.99685 -1.80561e-02 | 51  0.86001  2.66985e-06
 52 -0.71080  1.40842e+00 | 53 -0.50265  1.11680e+00 |
53 variables; iteration 60; function evaluation 93; phase 5
Function value 2.1458085e+03; maximum gradient component mag -3.8125e-03
Var    Value     Gradient |Var    Value     Gradient |Var    Value     Gradient
  1 -0.05140  2.13570e-03 |  2 -0.12040  1.55266e-04 |  3 -0.00205  3.56359e-04
  4 -0.00325  1.76572e-04 |  5 -0.00487 -3.40012e-05 |  6 -0.00698 -1.45785e-04
  7 -0.00960 -1.31755e-04 |  8 -0.01262  6.26664e-04 |  9 -0.01569  2.47040e-04
 10 -0.01785 -1.88682e-05 | 11 -0.01734 -2.86409e-04 | 12 -0.01182  1.75692e-04
 13  0.00202  2.78924e-04 | 14  0.00860  5.50975e-04 | 15 -0.00019  2.01436e-04
 16  0.01264  1.41407e-04 | 17  0.00255  4.16517e-04 | 18  0.01136  3.56883e-04
 19  0.02129  8.94421e-04 | 20  0.01910  5.83284e-04 | 21  0.01004  9.59343e-04
 22  0.00374  7.02261e-04 | 23 -0.00503  7.07951e-04 | 24 -0.01151  3.71629e-04
 25 -0.00410  1.48324e-03 | 26 -0.00350  9.09807e-04 | 27  0.00496  8.10133e-04
 28 -0.02353  1.43341e-03 | 29  0.00108  1.17494e-03 | 30  0.00458  9.73744e-04
 31 -0.01855  1.48523e-03 | 32 -0.00644  6.49784e-04 | 33  0.01207  6.97315e-04
 34 -0.00191 -1.07338e-03 | 35 -0.00250 -1.56574e-03 | 36  0.02715 -3.23547e-03
 37  0.04793 -3.81251e-03 | 38 -0.00921 -6.67048e-04 | 39 -0.00340  6.32332e-04
 40 -0.00374 -4.19254e-04 | 41  0.00000  0.00000e+00 | 42 -0.96937 -2.90354e-03
 43  0.06852 -7.53980e-06 | 44 -0.46182 -6.56709e-06 | 45  0.72775 -2.76156e-05
 46  0.60906 -1.99478e-04 | 47 -0.13742  6.09932e-05 | 48 -0.21969  1.02594e-04
 49 -0.33626  1.68746e-04 | 50 -0.99667  3.32138e-05 | 51  0.86015 -8.19757e-07
 52 -0.73147 -7.02705e-04 | 53 -0.52706 -1.53171e-04 |
Warning: the following parameters had issues
  init_F[1] is within 0.1% of lower bound: 1.00000e-07 < 5.79647e-05 < 1.00000e-01
  selparm[44] is within 0.1% of lower bound: 1.95000e+02 < 1.95000e+02 < 2.15000e+02


 - final statistics:
53 variables; iteration 66; function evaluation 99
Function value 2.1458e+03; maximum gradient component mag -4.2382e-05
Exit code = 1;  converg criter 1.0000e-04
Var    Value     Gradient |Var    Value     Gradient |Var    Value     Gradient
  1 -0.05140 -2.43144e-05 |  2 -0.12040 -9.05574e-07 |  3 -0.00206 -2.13381e-06
  4 -0.00325 -2.98711e-06 |  5 -0.00487 -1.10010e-06 |  6 -0.00698 -1.27772e-07
  7 -0.00960 -2.35569e-06 |  8 -0.01262 -1.37780e-06 |  9 -0.01569 -3.56524e-06
 10 -0.01785  2.67973e-06 | 11 -0.01734 -4.88949e-06 | 12 -0.01182 -5.56394e-07
 13  0.00202 -2.43005e-06 | 14  0.00860  1.04263e-06 | 15 -0.00019  1.19517e-06
 16  0.01264 -3.06140e-06 | 17  0.00255 -1.04196e-06 | 18  0.01136  1.15179e-06
 19  0.02129 -4.67738e-06 | 20  0.01910 -1.41217e-06 | 21  0.01004 -3.09698e-06
 22  0.00374 -3.55331e-06 | 23 -0.00503  2.37998e-07 | 24 -0.01151 -4.98712e-06
 25 -0.00410 -3.33390e-06 | 26 -0.00350 -6.30402e-06 | 27  0.00496 -4.80104e-06
 28 -0.02353 -2.96404e-06 | 29  0.00108 -1.02039e-05 | 30  0.00458 -6.35348e-06
 31 -0.01855 -1.03247e-05 | 32 -0.00644 -9.74648e-06 | 33  0.01207 -1.27564e-05
 34 -0.00190 -2.27216e-06 | 35 -0.00250  9.04107e-06 | 36  0.02715  1.91017e-05
 37  0.04793  1.84540e-05 | 38 -0.00921 -1.44918e-06 | 39 -0.00340 -1.79409e-06
 40 -0.00374 -1.18735e-06 | 41  0.00000  0.00000e+00 | 42 -0.96937 -4.23824e-05
 43  0.06852  9.20794e-07 | 44 -0.46153 -2.45712e-06 | 45  0.72775 -5.94602e-07
 46  0.61755  1.07449e-07 | 47 -0.13742 -1.18356e-06 | 48 -0.21969 -9.62958e-07
 49 -0.33626 -1.61969e-06 | 50 -0.99667  3.48651e-07 | 51  0.86018  5.20084e-06
 52 -0.73144  4.06347e-06 | 53 -0.52707  9.69108e-07 |
Estimating row 1 out of 53 for hessian
Estimating row 2 out of 53 for hessian
Estimating row 3 out of 53 for hessian
Estimating row 4 out of 53 for hessian
Estimating row 5 out of 53 for hessian
Estimating row 6 out of 53 for hessian
Estimating row 7 out of 53 for hessian
Estimating row 8 out of 53 for hessian
Estimating row 9 out of 53 for hessian
Estimating row 10 out of 53 for hessian
Estimating row 11 out of 53 for hessian
Estimating row 12 out of 53 for hessian
Estimating row 13 out of 53 for hessian
Estimating row 14 out of 53 for hessian
Estimating row 15 out of 53 for hessian
Estimating row 16 out of 53 for hessian
Estimating row 17 out of 53 for hessian
Estimating row 18 out of 53 for hessian
Estimating row 19 out of 53 for hessian
Estimating row 20 out of 53 for hessian
Estimating row 21 out of 53 for hessian
Estimating row 22 out of 53 for hessian
Estimating row 23 out of 53 for hessian
Estimating row 24 out of 53 for hessian
Estimating row 25 out of 53 for hessian
Estimating row 26 out of 53 for hessian
Estimating row 27 out of 53 for hessian
Estimating row 28 out of 53 for hessian
Estimating row 29 out of 53 for hessian
Estimating row 30 out of 53 for hessian
Estimating row 31 out of 53 for hessian
Estimating row 32 out of 53 for hessian
Estimating row 33 out of 53 for hessian
Estimating row 34 out of 53 for hessian
Estimating row 35 out of 53 for hessian
Estimating row 36 out of 53 for hessian
Estimating row 37 out of 53 for hessian
Estimating row 38 out of 53 for hessian
Estimating row 39 out of 53 for hessian
Estimating row 40 out of 53 for hessian
Estimating row 41 out of 53 for hessian
Estimating row 42 out of 53 for hessian
Estimating row 43 out of 53 for hessian
Estimating row 44 out of 53 for hessian
Estimating row 45 out of 53 for hessian
Estimating row 46 out of 53 for hessian
Estimating row 47 out of 53 for hessian
Estimating row 48 out of 53 for hessian
Estimating row 49 out of 53 for hessian
Estimating row 50 out of 53 for hessian
Estimating row 51 out of 53 for hessian
Estimating row 52 out of 53 for hessian
Estimating row 53 out of 53 for hessian
size of file gradfil1.tmp = 0
size of file gradfil2.tmp = 0
size of file varssave.tmp = 0
size of file cmpdiff.tmp = 400000016
