
Initial statistics: 3 variables; iteration 0; function evaluation 0; phase 1
Function value 2.2451018e+03; maximum gradient component mag 3.2630e+04
Var    Value     Gradient |Var    Value     Gradient |Var    Value     Gradient
  1 -0.46853  3.26303e+04 |  2 -0.69764  1.09256e+04 |  3 -0.85110  1.75783e+04

 - final statistics:
3 variables; iteration 8; function evaluation 17
Function value 1.5552e+03; maximum gradient component mag 9.8615e-01
Exit code = 1;  converg criter 1.0000e+01
Var    Value     Gradient |Var    Value     Gradient |Var    Value     Gradient
  1 -0.48918 -3.69149e-01 |  2 -0.71210  3.75965e-01 |  3 -0.85459  9.86153e-01

Initial statistics: 16 variables; iteration 0; function evaluation 0; phase 2
Function value 1.5552191e+03; maximum gradient component mag 2.1155e+03
Var    Value     Gradient |Var    Value     Gradient |Var    Value     Gradient
  1 -0.48918 -3.69149e-01 |  2  0.00000  1.37920e+03 |  3  0.00000  1.52950e+03
  4  0.00000  2.11551e+03 |  5  0.00000  8.56982e+02 |  6  0.00000 -2.92423e+02
  7  0.00000  3.12810e+02 |  8  0.00000  6.33179e+02 |  9  0.00000  6.69409e+02
 10  0.00000  1.70224e+02 | 11  0.00000 -1.34249e+01 | 12  0.00000 -7.95077e+02
 13  0.00000  5.76615e+01 | 14  0.00000  2.86763e+01 | 15 -0.71210  3.75965e-01
 16 -0.85459  9.86153e-01 |

Intermediate statistics: 16 variables; iteration 20; function evaluation 34; phase 2
Function value 1.4232116e+03; maximum gradient component mag -2.5941e+03
Var    Value     Gradient |Var    Value     Gradient |Var    Value     Gradient
  1 -0.48390 -2.59410e+03 |  2 -0.05141 -8.66047e+01 |  3 -0.03769 -9.22523e+01
  4 -0.04412 -9.28981e+01 |  5 -0.00895 -6.45128e+01 |  6  0.01308 -1.74812e+01
  7 -0.00119 -1.51793e+01 |  8 -0.00664 -2.37046e+01 |  9 -0.00667 -1.51274e+01
 10  0.01087  4.38190e+00 | 11  0.01814  5.95174e+00 | 12  0.05687  1.33201e+01
 13  0.02119  7.61642e+00 | 14  0.02019  2.97090e+00 | 15 -0.71662  4.94230e+00
 16 -0.85688  8.31751e+00 |

 - final statistics:
16 variables; iteration 23; function evaluation 37
Function value 1.4227e+03; maximum gradient component mag -3.0757e+00
Exit code = 1;  converg criter 1.0000e+01
Var    Value     Gradient |Var    Value     Gradient |Var    Value     Gradient
  1 -0.48338 -3.07565e+00 |  2 -0.05247 -2.36664e+00 |  3 -0.03859 -1.25397e+00
  4 -0.04451 -1.54163e+00 |  5 -0.01002 -2.17290e-01 |  6  0.01195  6.62684e-03
  7 -0.00202 -1.47319e-01 |  8 -0.00671 -3.51882e-01 |  9 -0.00641 -2.07831e-01
 10  0.01113 -4.81744e-02 | 11  0.01886 -9.89656e-02 | 12  0.05778  7.56641e-02
 13  0.02210  4.16017e-02 | 14  0.02096  1.54007e-02 | 15 -0.71707  6.17130e-02
 16 -0.85710  1.31176e-01 |

Initial statistics: 16 variables; iteration 0; function evaluation 0; phase 3
Function value 1.4227274e+03; maximum gradient component mag -3.0757e+00
Var    Value     Gradient |Var    Value     Gradient |Var    Value     Gradient
  1 -0.48338 -3.07565e+00 |  2 -0.05247 -2.36664e+00 |  3 -0.03859 -1.25397e+00
  4 -0.04451 -1.54163e+00 |  5 -0.01002 -2.17290e-01 |  6  0.01195  6.62684e-03
  7 -0.00202 -1.47319e-01 |  8 -0.00671 -3.51882e-01 |  9 -0.00641 -2.07831e-01
 10  0.01113 -4.81744e-02 | 11  0.01886 -9.89656e-02 | 12  0.05778  7.56641e-02
 13  0.02210  4.16017e-02 | 14  0.02096  1.54007e-02 | 15 -0.71707  6.17130e-02
 16 -0.85710  1.31176e-01 |

 - final statistics:
16 variables; iteration 16; function evaluation 27
Function value 1.4227e+03; maximum gradient component mag 5.5081e-01
Exit code = 1;  converg criter 1.0000e+00
Var    Value     Gradient |Var    Value     Gradient |Var    Value     Gradient
  1 -0.48339  5.50814e-01 |  2 -0.05235 -1.23559e-01 |  3 -0.03857 -1.75617e-01
  4 -0.04448 -3.39689e-01 |  5 -0.01003 -7.42461e-02 |  6  0.01195  2.26832e-01
  7 -0.00202 -7.84370e-02 |  8 -0.00670  3.89881e-02 |  9 -0.00640  1.41260e-01
 10  0.01113 -1.37549e-01 | 11  0.01886 -2.41433e-02 | 12  0.05777  2.45989e-03
 13  0.02208  1.80019e-03 | 14  0.02095 -1.65154e-03 | 15 -0.71706  4.74715e-01
 16 -0.85710  3.56210e-01 |

Initial statistics: 26 variables; iteration 0; function evaluation 0; phase 4
Function value 1.4227272e+03; maximum gradient component mag -9.3332e+02
Var    Value     Gradient |Var    Value     Gradient |Var    Value     Gradient
  1 -0.48339  5.50814e-01 |  2  0.00000  7.37132e+01 |  3  0.00000  8.18366e+00
  4  0.00000 -1.21045e+02 |  5  0.00000 -1.04706e+02 |  6  0.00000 -1.16904e+02
  7  0.00000 -2.81717e+02 |  8  0.00000 -1.10584e+02 |  9  0.00000 -9.33322e+02
 10  0.00000 -5.17491e+02 | 11  0.00000 -1.49549e+02 | 12 -0.05235 -1.23559e-01
 13 -0.03857 -1.75617e-01 | 14 -0.04448 -3.39689e-01 | 15 -0.01003 -7.42461e-02
 16  0.01195  2.26832e-01 | 17 -0.00202 -7.84370e-02 | 18 -0.00670  3.89881e-02
 19 -0.00640  1.41260e-01 | 20  0.01113 -1.37549e-01 | 21  0.01886 -2.41433e-02
 22  0.05777  2.45989e-03 | 23  0.02208  1.80019e-03 | 24  0.02095 -1.65154e-03
 25 -0.71706  4.74715e-01 | 26 -0.85710  3.56210e-01 |

Intermediate statistics: 26 variables; iteration 20; function evaluation 29; phase 4
Function value 1.3856845e+03; maximum gradient component mag 2.0646e+03
Var    Value     Gradient |Var    Value     Gradient |Var    Value     Gradient
  1 -0.48762  2.06459e+03 |  2 -0.04748  4.46859e+01 |  3 -0.02517  6.13858e+01
  4  0.04265  8.21975e+01 |  5  0.00355  7.77457e+01 |  6 -0.00728  6.69004e+01
  7  0.04898  2.36560e+02 |  8 -0.01370 -4.69259e+01 |  9  0.05454  2.04216e+02
 10  0.01191 -5.14942e+01 | 11 -0.00166 -7.57545e+00 | 12 -0.06265 -3.88225e+01
 13 -0.04164  5.61105e+01 | 14 -0.04478  9.53771e+01 | 15 -0.00810  1.90061e+02
 16  0.01213  3.70238e+01 | 17 -0.00060  6.18819e+01 | 18 -0.00531  5.70267e+01
 19 -0.00552  4.00749e+01 | 20  0.01110  1.89480e+01 | 21  0.01762 -1.07610e+01
 22  0.05608 -8.52498e+00 | 23  0.02068  3.06377e+00 | 24  0.02017  2.38120e+00
 25 -0.71331  5.96975e+01 | 26 -0.85553 -3.94698e+02 |

 - final statistics:
26 variables; iteration 40; function evaluation 52
Function value 1.3816e+03; maximum gradient component mag 6.4380e-01
Exit code = 1;  converg criter 1.0000e+00
Var    Value     Gradient |Var    Value     Gradient |Var    Value     Gradient
  1 -0.48917  6.43800e-01 |  2 -0.01601  4.17386e-02 |  3 -0.03985  2.60666e-02
  4  0.06090  2.20466e-02 |  5 -0.00675  1.52861e-02 |  6 -0.00037  2.03374e-02
  7  0.03161 -9.79021e-05 |  8 -0.00002  1.37431e-02 |  9  0.04913 -1.06963e-02
 10  0.01938  1.93653e-03 | 11  0.00234 -7.99464e-03 | 12 -0.05651 -2.76077e-03
 13 -0.04091 -2.28475e-02 | 14 -0.04503 -3.46684e-02 | 15 -0.00960 -1.23381e-02
 16  0.01275 -4.77239e-03 | 17 -0.00118 -8.18087e-03 | 18 -0.00613  6.07134e-03
 19 -0.00671  8.63783e-03 | 20  0.00955  6.61594e-03 | 21  0.01586  1.86979e-03
 22  0.05336  9.38045e-04 | 23  0.01686 -6.83851e-04 | 24  0.01592 -3.00598e-04
 25 -0.71211 -7.70506e-02 | 26 -0.85459 -1.18046e-01 |

Initial statistics: 30 variables; iteration 0; function evaluation 0; phase 5
Function value 1.3815587e+03; maximum gradient component mag -2.0657e+02
Var    Value     Gradient |Var    Value     Gradient |Var    Value     Gradient
  1 -0.48917  6.43800e-01 |  2 -0.01601  4.17386e-02 |  3 -0.03985  2.60666e-02
  4  0.06090  2.20466e-02 |  5 -0.00675  1.52861e-02 |  6 -0.00037  2.03374e-02
  7  0.03161 -9.79021e-05 |  8 -0.00002  1.37431e-02 |  9  0.04913 -1.06963e-02
 10  0.01938  1.93653e-03 | 11  0.00234 -7.99464e-03 | 12 -0.05651 -2.76077e-03
 13 -0.04091 -2.28475e-02 | 14 -0.04503 -3.46684e-02 | 15 -0.00960 -1.23381e-02
 16  0.01275 -4.77239e-03 | 17 -0.00118 -8.18087e-03 | 18 -0.00613  6.07134e-03
 19 -0.00671  8.63783e-03 | 20  0.00955  6.61594e-03 | 21  0.01586  1.86979e-03
 22  0.05336  9.38045e-04 | 23  0.01686 -6.83851e-04 | 24  0.01592 -3.00598e-04
 25 -0.71211 -7.70506e-02 | 26 -0.85459 -1.18046e-01 | 27  0.19416  1.18320e+02
 28  0.01844 -2.02899e+02 | 29 -0.22692 -2.06573e+02 | 30 -0.41038 -1.66837e+02

Intermediate statistics: 30 variables; iteration 20; function evaluation 26; phase 5
Function value 1.3712741e+03; maximum gradient component mag -1.4998e+03
Var    Value     Gradient |Var    Value     Gradient |Var    Value     Gradient
  1 -0.48843 -1.49980e+03 |  2 -0.01807 -6.47564e+01 |  3 -0.04147 -5.09725e+01
  4  0.06088 -1.00671e+02 |  5 -0.00851 -5.48445e+01 |  6  0.00100 -5.14346e+01
  7  0.03277 -6.50059e+01 |  8  0.00359 -2.53502e+01 |  9  0.05092 -4.41040e+01
 10  0.02113 -2.94153e+01 | 11  0.00375 -3.54468e+01 | 12 -0.05326  1.51251e+01
 13 -0.03237  1.57091e+02 | 14 -0.04624 -1.20762e+02 | 15 -0.01063 -1.83875e+02
 16  0.01469  1.94168e+01 | 17 -0.00236 -5.33766e+01 | 18 -0.00948 -8.19925e+01
 19 -0.01154 -6.71087e+01 | 20  0.00265 -6.82870e+01 | 21  0.00632 -2.94711e+01
 22  0.04235  4.37154e+01 | 23 -0.00801 -7.75416e+01 | 24 -0.00927 -8.49869e+00
 25 -0.71243  1.89994e+02 | 26 -0.85461  4.08556e+02 | 27  0.03403  3.62836e+01
 28  0.01612 -3.26275e+02 | 29 -0.22744 -1.24786e+02 | 30 -0.40993 -1.73132e+02

 - final statistics:
30 variables; iteration 38; function evaluation 47
Function value 1.3651e+03; maximum gradient component mag 8.7369e-01
Exit code = 1;  converg criter 1.0000e+00
Var    Value     Gradient |Var    Value     Gradient |Var    Value     Gradient
  1 -0.48810  8.73691e-01 |  2 -0.01469  6.17126e-03 |  3 -0.03961  8.01643e-03
  4  0.06145  1.25223e-02 |  5 -0.00694  6.69197e-03 |  6 -0.00048  2.00083e-02
  7  0.03158  3.38728e-02 |  8  0.00033  1.80764e-02 |  9  0.04988  1.39558e-02
 10  0.02034  1.24917e-02 | 11  0.00353  1.57419e-02 | 12 -0.05525  1.83123e-04
 13 -0.03959  7.99591e-02 | 14 -0.04294  1.17041e-02 | 15 -0.00714  2.01930e-02
 16  0.01512  1.69119e-02 | 17  0.00056  6.43500e-03 | 18 -0.00565  8.94869e-03
 19 -0.00682  4.25686e-03 | 20  0.00952  1.19842e-03 | 21  0.01555 -8.72537e-03
 22  0.05178 -5.66166e-03 | 23  0.01328  7.23502e-03 | 24  0.00015  5.34833e-03
 25 -0.71283 -2.39932e-02 | 26 -0.85461 -5.47002e-02 | 27 -0.05547  8.13275e-03
 28  0.02075  8.28865e-03 | 29 -0.22468  1.89829e-02 | 30 -0.40089  3.94776e-02

Initial statistics: 36 variables; iteration 0; function evaluation 0; phase 6
Function value 1.3650683e+03; maximum gradient component mag 4.2862e+02
Var    Value     Gradient |Var    Value     Gradient |Var    Value     Gradient
  1 -0.48810  8.73691e-01 |  2 -0.01469  6.17126e-03 |  3 -0.03961  8.01643e-03
  4  0.06145  1.25223e-02 |  5 -0.00694  6.69197e-03 |  6 -0.00048  2.00083e-02
  7  0.03158  3.38728e-02 |  8  0.00033  1.80764e-02 |  9  0.04988  1.39558e-02
 10  0.02034  1.24917e-02 | 11  0.00353  1.57419e-02 | 12 -0.05525  1.83123e-04
 13 -0.03959  7.99591e-02 | 14 -0.04294  1.17041e-02 | 15 -0.00714  2.01930e-02
 16  0.01512  1.69119e-02 | 17  0.00056  6.43500e-03 | 18 -0.00565  8.94869e-03
 19 -0.00682  4.25686e-03 | 20  0.00952  1.19842e-03 | 21  0.01555 -8.72537e-03
 22  0.05178 -5.66166e-03 | 23  0.01328  7.23502e-03 | 24  0.00015  5.34833e-03
 25 -0.71283 -2.39932e-02 | 26 -0.85461 -5.47002e-02 | 27 -0.05547  8.13275e-03
 28 -0.01781 -1.90704e+01 | 29  0.02075  8.28865e-03 | 30  0.16045  4.28615e+02
 31  0.25429  2.11713e+00 | 32 -0.22468  1.89829e-02 | 33  0.06334  1.57334e+02
 34  0.40335 -2.75250e+01 | 35 -0.40089  3.94776e-02 | 36 -0.37931  3.42615e-01

Intermediate statistics: 36 variables; iteration 20; function evaluation 27; phase 6
Function value 1.3616396e+03; maximum gradient component mag -2.7393e+03
Var    Value     Gradient |Var    Value     Gradient |Var    Value     Gradient
  1 -0.48770 -2.73934e+03 |  2 -0.01360 -8.71109e+01 |  3 -0.03906 -6.75196e+01
  4  0.05964 -1.36811e+02 |  5 -0.00515 -7.55098e+01 |  6  0.00135 -7.57073e+01
  7  0.03458 -9.65200e+01 |  8  0.00203 -7.38929e+01 |  9  0.05058 -9.63237e+01
 10  0.02024 -8.21220e+01 | 11  0.00281 -8.45596e+01 | 12 -0.05598 -5.55481e+01
 13 -0.03967 -5.13341e+01 | 14 -0.04257 -4.19427e+01 | 15 -0.00848 -1.28898e+02
 16  0.01528 -1.67986e+01 | 17  0.00063 -1.80586e+00 | 18 -0.00541 -1.76068e+01
 19 -0.00694 -1.55074e+01 | 20  0.00945 -1.14210e+01 | 21  0.01626  1.65590e+01
 22  0.05250  1.81179e+01 | 23  0.01554  1.61613e+01 | 24  0.00531  4.35600e+00
 25 -0.71472 -1.19586e+02 | 26 -0.85516 -3.07054e+02 | 27 -0.05041 -2.22855e+01
 28 -0.01483  8.74670e+01 | 29 -0.00192 -2.52495e+02 | 30  0.14897  4.11317e+02
 31  0.26299 -4.58985e+01 | 32 -0.23719 -1.19329e+02 | 33  0.05313  1.16270e+02
 34  0.41687 -7.42222e+00 | 35 -0.40458 -8.53791e+01 | 36 -0.38173  2.80163e+01
36 variables; iteration 40; function evaluation 51; phase 6
Function value 1.3610731e+03; maximum gradient component mag -6.9786e+02
Var    Value     Gradient |Var    Value     Gradient |Var    Value     Gradient
  1 -0.48742 -6.97861e+02 |  2 -0.01782 -2.43787e+01 |  3 -0.03793 -1.89266e+01
  4  0.06075 -4.13441e+01 |  5 -0.00990 -2.68952e+01 |  6  0.00262 -2.09458e+01
  7  0.03369 -3.04387e+01 |  8  0.00153 -2.24598e+01 |  9  0.04961 -3.31177e+01
 10  0.01970 -2.77993e+01 | 11  0.00271 -2.58214e+01 | 12 -0.05612 -1.68463e+01
 13 -0.04031 -2.06544e+01 | 14 -0.04354 -1.94930e+01 | 15 -0.00769 -1.89317e+01
 16  0.01442 -1.28900e+01 | 17 -0.00035 -1.03890e+01 | 18 -0.00572 -5.78884e+00
 19 -0.00721 -2.23323e+00 | 20  0.00933 -1.66570e-01 | 21  0.01572  1.22547e+00
 22  0.05236  3.28908e+00 | 23  0.01501  3.18791e-01 | 24  0.00482 -2.85959e+00
 25 -0.71486  6.58652e+00 | 26 -0.85510  1.35037e+01 | 27 -0.00702 -6.34621e+00
 28 -0.00791  2.69651e+01 | 29 -0.00399 -4.06420e+01 | 30  0.14669  4.23632e+01
 31  0.26618 -5.37139e+00 | 32 -0.23722 -1.85111e+01 | 33  0.05253  1.25673e+01
 34  0.41609 -2.76229e+00 | 35 -0.40530 -2.63895e+01 | 36 -0.38497  3.33856e+00

 - final statistics:
36 variables; iteration 48; function evaluation 59
Function value 1.3610e+03; maximum gradient component mag 1.6265e-01
Exit code = 1;  converg criter 1.0000e+00
Var    Value     Gradient |Var    Value     Gradient |Var    Value     Gradient
  1 -0.48737  1.62650e-01 |  2 -0.01653  6.73200e-03 |  3 -0.04022  5.16719e-03
  4  0.06021  8.71606e-03 |  5 -0.00644  6.10313e-03 |  6  0.00110  7.58176e-03
  7  0.03381  7.57751e-03 |  8  0.00137  6.49216e-03 |  9  0.04956  8.58177e-03
 10  0.01964  7.24739e-03 | 11  0.00261  7.09055e-03 | 12 -0.05626  4.97833e-03
 13 -0.04040  5.10141e-03 | 14 -0.04360  4.81380e-03 | 15 -0.00783  8.30739e-03
 16  0.01439  2.84891e-03 | 17 -0.00033  1.50149e-03 | 18 -0.00568  1.35667e-03
 19 -0.00713  8.43466e-04 | 20  0.00952 -8.04940e-05 | 21  0.01608 -1.57179e-03
 22  0.05287 -1.67707e-03 | 23  0.01568 -1.51078e-03 | 24  0.00658 -2.47064e-03
 25 -0.71489  3.85135e-03 | 26 -0.85512  9.49655e-03 | 27  0.00134  1.24846e-03
 28 -0.00671 -6.10690e-03 | 29 -0.00417  1.65575e-02 | 30  0.14664 -2.34751e-02
 31  0.26595  2.74608e-03 | 32 -0.23721  8.17474e-03 | 33  0.05253 -7.51386e-03
 34  0.41525  1.47463e-03 | 35 -0.40501  5.28351e-03 | 36 -0.38439 -2.21265e-03

 - final statistics:
36 variables; iteration 0; function evaluation 0
Function value 1.3610e+03; maximum gradient component mag 1.6265e-01
Exit code = 0;  converg criter 1.0000e+00
Var    Value     Gradient |Var    Value     Gradient |Var    Value     Gradient
  1 -0.48737  1.62650e-01 |  2 -0.01653  6.73200e-03 |  3 -0.04022  5.16719e-03
  4  0.06021  8.71606e-03 |  5 -0.00644  6.10313e-03 |  6  0.00110  7.58176e-03
  7  0.03381  7.57751e-03 |  8  0.00137  6.49216e-03 |  9  0.04956  8.58177e-03
 10  0.01964  7.24739e-03 | 11  0.00261  7.09055e-03 | 12 -0.05626  4.97833e-03
 13 -0.04040  5.10141e-03 | 14 -0.04360  4.81380e-03 | 15 -0.00783  8.30739e-03
 16  0.01439  2.84891e-03 | 17 -0.00033  1.50149e-03 | 18 -0.00568  1.35667e-03
 19 -0.00713  8.43466e-04 | 20  0.00952 -8.04940e-05 | 21  0.01608 -1.57179e-03
 22  0.05287 -1.67707e-03 | 23  0.01568 -1.51078e-03 | 24  0.00658 -2.47064e-03
 25 -0.71489  3.85135e-03 | 26 -0.85512  9.49655e-03 | 27  0.00134  1.24846e-03
 28 -0.00671 -6.10690e-03 | 29 -0.00417  1.65575e-02 | 30  0.14664 -2.34751e-02
 31  0.26595  2.74608e-03 | 32 -0.23721  8.17474e-03 | 33  0.05253 -7.51386e-03
 34  0.41525  1.47463e-03 | 35 -0.40501  5.28351e-03 | 36 -0.38439 -2.21265e-03

Initial statistics: 40 variables; iteration 0; function evaluation 0; phase 8
Function value 1.3610366e+03; maximum gradient component mag 2.8877e+02
Var    Value     Gradient |Var    Value     Gradient |Var    Value     Gradient
  1 -0.48737  1.62650e-01 |  2 -0.01653  6.73200e-03 |  3 -0.04022  5.16719e-03
  4  0.06021  8.71606e-03 |  5 -0.00644  6.10313e-03 |  6  0.00110  7.58176e-03
  7  0.03381  7.57751e-03 |  8  0.00137  6.49216e-03 |  9  0.04956  8.58177e-03
 10  0.01964  7.24739e-03 | 11  0.00261  7.09055e-03 | 12 -0.05626  4.97833e-03
 13 -0.04040  5.10141e-03 | 14 -0.04360  4.81380e-03 | 15 -0.00783  8.30739e-03
 16  0.01439  2.84891e-03 | 17 -0.00033  1.50149e-03 | 18 -0.00568  1.35667e-03
 19 -0.00713  8.43466e-04 | 20  0.00952 -8.04940e-05 | 21  0.01608 -1.57179e-03
 22  0.05287 -1.67707e-03 | 23  0.01568 -1.51078e-03 | 24  0.00658 -2.47064e-03
 25 -0.71489  3.85135e-03 | 26 -0.85512  9.49655e-03 | 27  0.00134  1.24846e-03
 28 -0.00671 -6.10690e-03 | 29 -0.00417  1.65575e-02 | 30  0.14664 -2.34751e-02
 31  0.26595  2.74608e-03 | 32 -0.23721  8.17474e-03 | 33  0.05253 -7.51386e-03
 34  0.41525  1.47463e-03 | 35 -0.40501  5.28351e-03 | 36 -0.38439 -2.21265e-03
 37  0.11617  1.24845e+02 | 38  0.12010  2.88773e+02 | 39  0.14015  1.58868e+02
 40  0.89766  2.31962e+00 |

Intermediate statistics: 40 variables; iteration 20; function evaluation 30; phase 8
Function value 1.2622546e+03; maximum gradient component mag -2.8712e+02
Var    Value     Gradient |Var    Value     Gradient |Var    Value     Gradient
  1 -0.48757  1.51567e+01 |  2 -0.01238 -9.58663e-01 |  3 -0.02135  5.20571e-01
  4  0.04527  1.04205e+01 |  5  0.00610  5.50218e+00 |  6  0.00118  6.36638e+00
  7  0.03258  1.74368e+01 |  8  0.00331 -3.82578e+00 |  9  0.04660  8.39025e+00
 10  0.02001 -5.07666e+01 | 11  0.00166  5.59923e+00 | 12 -0.05273 -5.85590e+01
 13 -0.04116 -7.29010e+01 | 14 -0.04231 -1.77333e+01 | 15 -0.00880 -2.51457e+01
 16  0.01580  7.42350e+01 | 17  0.00003  6.16732e+01 | 18 -0.00531  7.82419e+01
 19 -0.00828  1.71431e+02 | 20  0.00918  2.20150e+01 | 21  0.01432 -1.74890e+02
 22  0.04953  2.61623e+01 | 23  0.00731  1.43697e+01 | 24 -0.01427 -9.31381e+00
 25 -0.72120  1.74063e+02 | 26 -0.85527 -2.55781e+02 | 27  0.00373  2.96610e+00
 28 -0.00674 -1.98328e+01 | 29 -0.01205  8.46274e+01 | 30  0.13969 -2.87122e+02
 31  0.31180 -1.96628e+01 | 32 -0.23698 -5.26791e+01 | 33  0.05469  9.02074e+01
 34  0.47376  4.05785e+00 | 35 -0.40611  5.78148e+01 | 36 -0.38592 -1.58385e+01
 37 -0.02431 -1.82164e+00 | 38 -0.18810 -7.52585e+01 | 39 -0.07887  2.06957e+01
 40  0.88342  2.62230e+00 |
40 variables; iteration 40; function evaluation 60; phase 8
Function value 1.2506401e+03; maximum gradient component mag 4.9032e+03
Var    Value     Gradient |Var    Value     Gradient |Var    Value     Gradient
  1 -0.48628  4.90323e+03 |  2 -0.09645  7.21546e+01 |  3  0.01303  2.49078e+02
  4  0.06094  3.40641e+02 |  5 -0.04248  1.08290e+02 |  6  0.01890  2.32674e+02
  7  0.01881  1.94455e+02 |  8  0.00148  1.70438e+02 |  9  0.04220  2.33436e+02
 10  0.02439  2.58768e+02 | 11  0.00289  2.38400e+02 | 12 -0.04463  1.97317e+02
 13 -0.04089  1.11533e+02 | 14 -0.04530  1.15708e+02 | 15 -0.00936  1.47886e+02
 16  0.00753  1.94307e+01 | 17 -0.00168  9.66085e+01 | 18 -0.00997  1.51213e+01
 19 -0.02020 -5.37877e+01 | 20  0.01005  1.19982e+02 | 21  0.01655 -4.29423e+00
 22  0.03986 -6.95943e+01 | 23  0.00246 -2.85813e+01 | 24 -0.02833 -2.58283e+01
 25 -0.72718 -1.36571e+02 | 26 -0.85574  3.55269e+01 | 27  0.35659  2.85012e+01
 28  0.04594 -1.49604e+02 | 29  0.00351  3.04021e+02 | 30  0.15151 -3.42823e+02
 31  0.33460  1.92744e+01 | 32 -0.24093  1.48287e+02 | 33  0.05094 -1.02682e+02
 34  0.52152  3.68348e+01 | 35 -0.40749  9.64280e+01 | 36 -0.38311  1.26347e+01
 37 -0.03343 -1.46701e+00 | 38 -0.15217  7.38991e+01 | 39 -0.06875  5.35503e+01
 40  0.04881  2.15310e+01 |
40 variables; iteration 60; function evaluation 82; phase 8
Function value 1.2413647e+03; maximum gradient component mag -3.8577e+00
Var    Value     Gradient |Var    Value     Gradient |Var    Value     Gradient
  1 -0.48716 -3.85775e+00 |  2 -0.01468 -1.65914e-01 |  3 -0.02012 -4.48317e-01
  4  0.04199  1.41751e-01 |  5  0.00636 -1.62207e-01 |  6  0.00037 -5.34122e-01
  7  0.02946 -1.54400e-01 |  8  0.00458 -1.53535e-01 |  9  0.04505 -4.20433e-02
 10  0.02215 -6.65669e-02 | 11  0.00147 -8.81678e-02 | 12 -0.04908 -3.60950e-02
 13 -0.03562 -9.04654e-02 | 14 -0.04265 -1.11775e-02 | 15 -0.00797  9.20881e-02
 16  0.01177 -1.89858e-01 | 17 -0.00258 -1.61193e-01 | 18 -0.00744 -2.39860e-01
 19 -0.01410 -5.98093e-01 | 20  0.00491 -1.00173e-01 | 21  0.01803  6.01082e-01
 22  0.04501 -4.35213e-04 | 23  0.01312 -4.91513e-02 | 24 -0.00342 -2.24910e-02
 25 -0.72636 -9.77117e-01 | 26 -0.85529  1.25839e+00 | 27 -0.03068 -4.91000e-02
 28 -0.01068 -1.11738e-01 | 29 -0.00944 -3.12247e-01 | 30  0.14564  5.29706e-01
 31  0.33467 -5.64911e-02 | 32 -0.24024  3.54997e-01 | 33  0.05023 -4.87392e-01
 34  0.46116 -1.14023e-01 | 35 -0.40540 -1.02645e+00 | 36 -0.39957  5.94229e-01
 37 -0.01992  1.01128e-01 | 38 -0.17203 -5.30158e-02 | 39 -0.08277 -1.94502e-01
 40 -0.00557 -2.79807e-02 |

 - final statistics:
40 variables; iteration 73; function evaluation 95
Function value 1.2414e+03; maximum gradient component mag -3.3291e-05
Exit code = 1;  converg criter 1.0000e-04
Var    Value     Gradient |Var    Value     Gradient |Var    Value     Gradient
  1 -0.48719 -3.32910e-05 |  2 -0.01481 -1.63510e-06 |  3 -0.01927  9.86685e-07
  4  0.04142  3.79155e-07 |  5  0.00646 -5.72443e-07 |  6  0.00066 -2.45831e-06
  7  0.02941  1.19633e-06 |  8  0.00458  7.35683e-07 |  9  0.04503  3.36131e-07
 10  0.02215 -1.36012e-06 | 11  0.00147 -1.61128e-06 | 12 -0.04909 -3.89504e-07
 13 -0.03563  4.40469e-06 | 14 -0.04266  4.19787e-06 | 15 -0.00798  5.59616e-06
 16  0.01179  2.07168e-06 | 17 -0.00256 -4.98593e-07 | 18 -0.00742 -3.99690e-07
 19 -0.01406 -3.40752e-06 | 20  0.00491 -3.86593e-06 | 21  0.01799  5.24492e-06
 22  0.04503  1.66811e-06 | 23  0.01313 -7.07644e-07 | 24 -0.00337  8.92621e-07
 25 -0.72633 -4.01673e-06 | 26 -0.85528 -5.05972e-06 | 27 -0.02648  1.36211e-06
 28 -0.01004 -8.33678e-06 | 29 -0.00936 -2.03966e-06 | 30  0.14566 -1.74551e-06
 31  0.33465 -1.54106e-06 | 32 -0.24024  6.30212e-06 | 33  0.05024 -6.14406e-06
 34  0.46159 -6.95702e-07 | 35 -0.40533 -5.42233e-06 | 36 -0.39969  9.94393e-07
 37 -0.02008  9.32820e-07 | 38 -0.17193  1.06441e-06 | 39 -0.08271 -1.35638e-06
 40 -0.00556 -8.50677e-07 |

Initial statistics: 45 variables; iteration 0; function evaluation 0; phase 9
Function value 1.2413642e+03; maximum gradient component mag 3.3613e+01
Var    Value     Gradient |Var    Value     Gradient |Var    Value     Gradient
  1 -0.48719 -3.32905e-05 |  2 -0.01481 -1.63510e-06 |  3 -0.01927  9.86685e-07
  4  0.04142  3.79154e-07 |  5  0.00646 -5.72444e-07 |  6  0.00066 -2.45832e-06
  7  0.02941  1.19633e-06 |  8  0.00458  7.35682e-07 |  9  0.04503  3.36129e-07
 10  0.02215 -1.36012e-06 | 11  0.00147 -1.61128e-06 | 12 -0.04909 -3.89505e-07
 13 -0.03563  4.40469e-06 | 14 -0.04266  4.19787e-06 | 15 -0.00798  5.59616e-06
 16  0.01179  2.07168e-06 | 17 -0.00256 -4.98595e-07 | 18 -0.00742 -3.99690e-07
 19 -0.01406 -3.40752e-06 | 20  0.00491 -3.86593e-06 | 21  0.01799  5.24492e-06
 22  0.04503  1.66811e-06 | 23  0.01313 -7.07645e-07 | 24 -0.00337  8.92621e-07
 25  0.00000  3.36127e+01 | 26  0.00000  1.62123e+01 | 27  0.00000  0.00000e+00
 28  0.00000  0.00000e+00 | 29  0.00000  0.00000e+00 | 30 -0.72633 -4.01663e-06
 31 -0.85528 -5.05874e-06 | 32 -0.02648  1.36211e-06 | 33 -0.01004 -8.33678e-06
 34 -0.00936 -2.03967e-06 | 35  0.14566 -1.74549e-06 | 36  0.33465 -1.54105e-06
 37 -0.24024  6.30213e-06 | 38  0.05024 -6.14406e-06 | 39  0.46159 -6.95702e-07
 40 -0.40533 -5.42238e-06 | 41 -0.39969  9.94391e-07 | 42 -0.02008  9.32821e-07
 43 -0.17193  1.06441e-06 | 44 -0.08271 -1.35638e-06 | 45 -0.00556 -8.50680e-07

Intermediate statistics: 45 variables; iteration 20; function evaluation 30; phase 9
Function value 1.2413614e+03; maximum gradient component mag 1.2675e-01
Var    Value     Gradient |Var    Value     Gradient |Var    Value     Gradient
  1 -0.48719 -4.23986e-02 |  2 -0.01481 -4.64366e-03 |  3 -0.01927 -4.81064e-03
  4  0.04142 -7.78886e-03 |  5  0.00646 -6.11079e-03 |  6  0.00066 -6.07392e-03
  7  0.02941 -7.54931e-03 |  8  0.00458 -5.45975e-03 |  9  0.04503 -8.95601e-03
 10  0.02215 -9.44029e-03 | 11  0.00147 -9.30330e-03 | 12 -0.04909 -7.90183e-03
 13 -0.03563 -9.51397e-03 | 14 -0.04266 -7.52833e-03 | 15 -0.00798 -1.30934e-02
 16  0.01179 -5.00227e-03 | 17 -0.00256 -5.81828e-03 | 18 -0.00742  3.11204e-03
 19 -0.01406  9.19601e-03 | 20  0.00490  1.26563e-02 | 21  0.01798  1.23940e-02
 22  0.04502  1.97003e-02 | 23  0.01312  3.33663e-03 | 24 -0.00339 -1.00038e-02
 25 -0.00014 -6.11383e-02 | 26 -0.00007  1.26749e-01 | 27  0.00000  0.00000e+00
 28  0.00000  0.00000e+00 | 29  0.00000  0.00000e+00 | 30 -0.72633  4.84174e-02
 31 -0.85528  1.19816e-01 | 32 -0.02648  1.66758e-02 | 33 -0.01003 -1.13895e-01
 34 -0.00936  1.12584e-02 | 35  0.14567 -4.89257e-02 | 36  0.33465  2.13542e-03
 37 -0.24024  3.86792e-02 | 38  0.05024 -6.63466e-02 | 39  0.46159 -4.66998e-03
 40 -0.40533 -1.24127e-02 | 41 -0.39969 -1.82602e-03 | 42 -0.02007 -6.86460e-03
 43 -0.17193 -7.57581e-03 | 44 -0.08271 -4.46274e-03 | 45 -0.00556 -2.55790e-04
45 variables; iteration 40; function evaluation 54; phase 9
Function value 1.2413614e+03; maximum gradient component mag -4.7522e-03
Var    Value     Gradient |Var    Value     Gradient |Var    Value     Gradient
  1 -0.48719  1.45572e-03 |  2 -0.01481  3.29532e-03 |  3 -0.01926  3.81982e-03
  4  0.04141 -2.26946e-03 |  5  0.00646  1.81006e-03 |  6  0.00066  1.49791e-03
  7  0.02941  4.88584e-04 |  8  0.00458  1.51835e-03 |  9  0.04503 -4.22365e-04
 10  0.02215  2.59721e-04 | 11  0.00147  1.02227e-03 | 12 -0.04909  8.46107e-04
 13 -0.03563  5.49059e-04 | 14 -0.04266 -6.38825e-04 | 15 -0.00797  6.88284e-04
 16  0.01179  7.41182e-04 | 17 -0.00256 -2.00716e-04 | 18 -0.00742  7.85208e-04
 19 -0.01406 -6.45941e-04 | 20  0.00490 -1.68387e-05 | 21  0.01798 -1.57588e-04
 22  0.04502 -6.59509e-04 | 23  0.01312  3.42148e-04 | 24 -0.00339  3.87610e-04
 25 -0.00014  2.29370e-03 | 26 -0.00007 -4.75217e-03 | 27  0.00000  0.00000e+00
 28  0.00000  0.00000e+00 | 29  0.00000  0.00000e+00 | 30 -0.72633 -1.03398e-03
 31 -0.85528 -4.38747e-03 | 32 -0.02646 -9.08400e-04 | 33 -0.01002  4.15772e-03
 34 -0.00936  3.29704e-04 | 35  0.14567  2.13883e-03 | 36  0.33465 -3.71857e-03
 37 -0.24024 -1.51236e-03 | 38  0.05024  2.39609e-03 | 39  0.46159  1.65976e-03
 40 -0.40533  3.85397e-04 | 41 -0.39969  1.50701e-03 | 42 -0.02007  1.09855e-03
 43 -0.17193  2.69502e-03 | 44 -0.08271 -1.31538e-04 | 45 -0.00556 -1.12495e-03

 - final statistics:
45 variables; iteration 46; function evaluation 63
Function value 1.2414e+03; maximum gradient component mag 3.6460e-05
Exit code = 1;  converg criter 1.0000e-04
Var    Value     Gradient |Var    Value     Gradient |Var    Value     Gradient
  1 -0.48719  3.64602e-05 |  2 -0.01481  1.35448e-06 |  3 -0.01927  1.45655e-06
  4  0.04142  2.15706e-06 |  5  0.00646  1.54253e-06 |  6  0.00066  1.38667e-06
  7  0.02941  1.69890e-06 |  8  0.00458  1.35091e-06 |  9  0.04503  1.80861e-06
 10  0.02215  1.61122e-06 | 11  0.00147  1.49644e-06 | 12 -0.04909  1.06115e-06
 13 -0.03563  1.18112e-06 | 14 -0.04266  1.10809e-06 | 15 -0.00797  1.32726e-06
 16  0.01179  6.86778e-07 | 17 -0.00256  5.30268e-07 | 18 -0.00742  3.47989e-07
 19 -0.01406  1.64408e-07 | 20  0.00490  4.15934e-08 | 21  0.01798 -1.28140e-07
 22  0.04502 -2.05599e-07 | 23  0.01312 -1.06752e-07 | 24 -0.00339 -2.90923e-08
 25 -0.00014 -6.24749e-09 | 26 -0.00007 -2.47147e-08 | 27  0.00000  0.00000e+00
 28  0.00000  0.00000e+00 | 29  0.00000  0.00000e+00 | 30 -0.72633 -3.47548e-07
 31 -0.85528 -8.37944e-09 | 32 -0.02644  3.13851e-07 | 33 -0.01002 -1.39446e-06
 34 -0.00936  1.93246e-06 | 35  0.14567 -2.22754e-06 | 36  0.33465  2.28899e-07
 37 -0.24024  1.21264e-06 | 38  0.05024 -9.02990e-07 | 39  0.46159  1.91002e-07
 40 -0.40533  1.35614e-06 | 41 -0.39969 -2.43066e-07 | 42 -0.02007  5.06562e-08
 43 -0.17193  1.40552e-07 | 44 -0.08271  8.63364e-08 | 45 -0.00556  3.47238e-08
Estimating row 1 out of 45 for hessian
Estimating row 2 out of 45 for hessian
Estimating row 3 out of 45 for hessian
Estimating row 4 out of 45 for hessian
Estimating row 5 out of 45 for hessian
Estimating row 6 out of 45 for hessian
Estimating row 7 out of 45 for hessian
Estimating row 8 out of 45 for hessian
Estimating row 9 out of 45 for hessian
Estimating row 10 out of 45 for hessian
Estimating row 11 out of 45 for hessian
Estimating row 12 out of 45 for hessian
Estimating row 13 out of 45 for hessian
Estimating row 14 out of 45 for hessian
Estimating row 15 out of 45 for hessian
Estimating row 16 out of 45 for hessian
Estimating row 17 out of 45 for hessian
Estimating row 18 out of 45 for hessian
Estimating row 19 out of 45 for hessian
Estimating row 20 out of 45 for hessian
Estimating row 21 out of 45 for hessian
Estimating row 22 out of 45 for hessian
Estimating row 23 out of 45 for hessian
Estimating row 24 out of 45 for hessian
Estimating row 25 out of 45 for hessian
Estimating row 26 out of 45 for hessian
Estimating row 27 out of 45 for hessian
Estimating row 28 out of 45 for hessian
Estimating row 29 out of 45 for hessian
Estimating row 30 out of 45 for hessian
Estimating row 31 out of 45 for hessian
Estimating row 32 out of 45 for hessian
Estimating row 33 out of 45 for hessian
Estimating row 34 out of 45 for hessian
Estimating row 35 out of 45 for hessian
Estimating row 36 out of 45 for hessian
Estimating row 37 out of 45 for hessian
Estimating row 38 out of 45 for hessian
Estimating row 39 out of 45 for hessian
Estimating row 40 out of 45 for hessian
Estimating row 41 out of 45 for hessian
Estimating row 42 out of 45 for hessian
Estimating row 43 out of 45 for hessian
Estimating row 44 out of 45 for hessian
Estimating row 45 out of 45 for hessian
size of file gradfil1.tmp = 0
size of file gradfil2.tmp = 0
size of file varssave.tmp = 0
size of file cmpdiff.tmp = 0
