
Initial statistics: 2 variables; iteration 0; function evaluation 0; phase 1
Function value 1.2878607e+03; maximum gradient component mag -1.4639e+03
Var    Value     Gradient |Var    Value     Gradient |Var    Value     Gradient
  1 -0.29963 -1.46389e+03 |  2 -0.86748 -2.82035e+02 |

 - final statistics:
2 variables; iteration 6; function evaluation 8
Function value 1.2769e+03; maximum gradient component mag -7.7097e+00
Exit code = 1;  converg criter 1.0000e+01
Var    Value     Gradient |Var    Value     Gradient |Var    Value     Gradient
  1 -0.27773 -7.70968e+00 |  2 -0.87974 -5.52934e+00 |

Initial statistics: 14 variables; iteration 0; function evaluation 0; phase 2
Function value 1.2769545e+03; maximum gradient component mag -1.1283e+03
Var    Value     Gradient |Var    Value     Gradient |Var    Value     Gradient
  1  0.05865 -4.86367e+02 |  2 -0.62475 -1.12832e+03 |  3 -0.27773 -7.70968e+00
  4 -0.87974 -5.52934e+00 |  5 -0.29412 -3.53805e+01 |  6 -0.20004 -1.53175e+02
  7 -0.11689 -9.41359e+00 |  8 -0.12556  4.67067e+00 |  9  0.00112  4.43531e+00
 10 -0.35883  7.18938e-02 | 11 -0.05884  6.38458e+01 | 12 -0.23562 -2.56577e+01
 13  0.05066 -4.94742e+01 | 14  0.00289 -6.60047e+01 |

 - final statistics:
14 variables; iteration 18; function evaluation 28
Function value 1.2579e+03; maximum gradient component mag -6.9580e+00
Exit code = 1;  converg criter 1.0000e+01
Var    Value     Gradient |Var    Value     Gradient |Var    Value     Gradient
  1  0.02706 -1.97361e+00 |  2 -0.58062 -6.95803e+00 |  3 -0.28973  8.52689e-02
  4 -0.87346  5.29266e+00 |  5 -0.29316  2.22560e-01 |  6 -0.18506  1.37624e+00
  7 -0.11439 -3.72498e-01 |  8 -0.13146 -1.94164e-01 |  9  0.00739 -3.69752e-01
 10 -0.37711 -4.07960e-01 | 11 -0.10772 -1.68775e-01 | 12 -0.22104 -8.08270e-02
 13  0.06115 -7.00721e-02 | 14  0.02768 -1.50167e-03 |

Initial statistics: 62 variables; iteration 0; function evaluation 0; phase 3
Function value 1.2588811e+03; maximum gradient component mag -3.5794e+02
Var    Value     Gradient |Var    Value     Gradient |Var    Value     Gradient
  1  0.02706 -1.97361e+00 |  2 -0.58062 -6.95803e+00 |  3 -0.19567  1.14173e+02
  4 -0.41465  1.03789e+02 |  5 -0.28973  8.52689e-02 |  6  0.00000  2.24832e+02
  7  0.00000  2.33187e+02 |  8  0.00000  2.21935e+02 |  9  0.00000  2.53683e+02
 10  0.00000  2.62743e+02 | 11  0.00000  2.99718e+02 | 12  0.00000  2.53401e+02
 13  0.00000  1.09529e+02 | 14  0.00000  7.01385e+00 | 15  0.00000 -1.25632e+02
 16  0.00000 -2.30818e+02 | 17  0.00000 -2.61451e+02 | 18  0.00000 -2.93168e+02
 19  0.00000 -3.57942e+02 | 20  0.00000 -2.78062e+02 | 21  0.00000 -3.20228e+02
 22  0.00000 -1.81964e+02 | 23  0.00000  1.40641e+01 | 24  0.00000  4.17811e+01
 25  0.00000  1.11865e+02 | 26  0.00000  6.92517e+01 | 27  0.00000 -8.46772e+00
 28  0.00000 -4.52719e+01 | 29 -0.87346  5.29266e+00 | 30 -0.29316  2.22560e-01
 31 -0.67872 -2.12477e-01 | 32  0.30036  3.31089e+01 | 33  0.56912  6.09850e+01
 34 -0.18506  1.37624e+00 | 35 -0.68899 -3.17096e-01 | 36  0.34584 -4.81873e+01
 37  0.44107 -4.67930e+01 | 38 -0.11439 -3.72498e-01 | 39 -0.53195 -1.47099e-01
 40  0.47649  7.89412e+00 | 41  0.60547  5.67924e+00 | 42 -0.13146 -1.94164e-01
 43 -0.65321 -2.26302e-01 | 44  0.33399  1.17264e+00 | 45  0.50638  2.21873e+00
 46  0.00739 -3.69752e-01 | 47 -0.54077 -1.80202e-01 | 48  0.13365  5.92455e+00
 49  0.36593 -2.74019e+01 | 50 -0.37711 -4.07960e-01 | 51 -0.10772 -1.68775e-01
 52 -0.22104 -8.08270e-02 | 53 -0.50823 -1.48043e-01 | 54  0.47610  5.16213e+00
 55  0.52427 -6.36609e-01 | 56  0.06115 -7.00721e-02 | 57 -0.76817 -1.53805e+00
 58  0.57250 -5.64845e+01 | 59  0.02768 -1.50167e-03 | 60 -0.63014  1.26704e-01
 61  0.52141  5.91425e+00 | 62  0.49219  7.99724e+00 |

Intermediate statistics: 62 variables; iteration 20; function evaluation 28; phase 3
Function value 1.2159837e+03; maximum gradient component mag -2.4029e+02
Var    Value     Gradient |Var    Value     Gradient |Var    Value     Gradient
  1  0.04491 -7.27643e+01 |  2 -0.59190 -1.19040e+02 |  3 -0.20672  1.21186e+02
  4 -0.40494  6.10945e+01 |  5 -0.31526 -2.40285e+02 |  6 -0.03477 -6.60732e+01
  7 -0.01740 -4.72062e+01 |  8  0.00128 -2.40828e+01 |  9 -0.00736 -4.44845e+00
 10 -0.00320  8.73132e+00 | 11 -0.01934 -4.09740e+00 | 12 -0.02283 -2.84940e+01
 13  0.00148 -5.75079e+01 | 14 -0.00191 -8.56375e+01 | 15  0.00928 -1.04066e+02
 16  0.02737 -1.15086e+02 | 17  0.01847 -1.45499e+02 | 18 -0.02171 -1.58039e+02
 19  0.05995 -1.69364e+02 | 20 -0.05909 -1.66265e+02 | 21  0.04528 -2.05971e+02
 22  0.00391 -1.86815e+02 | 23 -0.02315 -1.52015e+02 | 24  0.01532 -1.32276e+02
 25 -0.01831 -1.15007e+02 | 26 -0.01002 -1.15482e+02 | 27  0.00679 -1.03195e+02
 28  0.03956 -6.44609e+01 | 29 -0.84744 -9.70177e+01 | 30 -0.22024 -6.16231e+01
 31 -0.67554 -3.11412e-01 | 32  0.36552  4.82410e-01 | 33  0.42991 -7.14112e+01
 34 -0.18026 -1.49040e+01 | 35 -0.68551 -2.88771e-01 | 36  0.37567  3.17369e+00
 37  0.49700 -6.03249e+00 | 38 -0.10789 -7.32248e+00 | 39 -0.53001 -1.67847e-01
 40  0.46708  1.46214e+00 | 41  0.60633 -2.03956e+00 | 42 -0.09752  3.30638e+00
 43 -0.64886 -2.66333e-01 | 44  0.36490 -3.56465e+00 | 45  0.53794  1.43442e-01
 46 -0.00573  1.21844e+01 | 47 -0.53886 -1.25667e-01 | 48  0.11405 -1.01618e+01
 49  0.45927  1.26005e+01 | 50 -0.37141 -7.25826e-01 | 51 -0.10390  6.03857e+00
 52 -0.21071  7.73565e+00 | 53 -0.50630 -1.46938e-01 | 54  0.45760 -2.63564e+00
 55  0.55292  1.02001e+00 | 56  0.15476  6.88921e+01 | 57 -0.75500 -6.88208e-01
 58  0.63072 -3.85996e+01 | 59  0.03593  2.97127e+00 | 60 -0.62819  1.69670e-02
 61  0.53764  6.13768e+00 | 62  0.50706  5.13386e+00 |
62 variables; iteration 40; function evaluation 54; phase 3
Function value 1.2058403e+03; maximum gradient component mag -2.8047e+02
Var    Value     Gradient |Var    Value     Gradient |Var    Value     Gradient
  1  0.04625  4.04662e+01 |  2 -0.58804  1.07924e+02 |  3 -0.18752 -1.46751e+01
  4 -0.43062 -5.63377e+01 |  5 -0.30851 -2.80470e+02 |  6 -0.02982  3.74352e+00
  7 -0.02367 -3.60828e+00 |  8  0.00059  1.70180e+00 |  9 -0.01457  3.01620e+00
 10 -0.01160 -4.33349e+00 | 11 -0.02752  2.34116e+00 | 12 -0.02807 -5.70742e+00
 13 -0.00158 -3.30953e+01 | 14 -0.00662 -4.18544e+01 | 15  0.01598 -4.15314e+01
 16  0.01536 -7.30037e+01 | 17  0.02073 -5.76754e+01 | 18  0.00049 -5.50974e+01
 19  0.04826 -7.18984e+01 | 20 -0.02992 -6.85969e+01 | 21  0.03699 -7.48184e+01
 22  0.01540 -1.95024e+01 | 23 -0.01458 -1.20470e+01 | 24  0.00210 -1.72972e+01
 25 -0.00529  3.63426e+01 | 26 -0.00576  1.91454e+01 | 27  0.01078  1.42079e+00
 28  0.02994 -6.99378e+00 | 29 -0.85480 -2.41830e+02 | 30 -0.25201 -6.50710e+01
 31 -0.43658 -4.03172e-01 | 32  0.32726 -4.71865e+00 | 33  0.48971 -6.28872e+01
 34 -0.17765 -1.41789e+01 | 35 -0.42798 -3.05500e-03 | 36  0.38500  1.24090e+01
 37  0.48020 -4.86978e+00 | 38 -0.10050 -1.58596e+01 | 39 -0.38231 -7.26030e-02
 40  0.48716  1.51351e+01 | 41  0.58570 -3.00040e+00 | 42  0.02426 -5.82614e-01
 43 -0.41151  9.69648e-02 | 44  0.58197  5.18876e+00 | 45  0.33980 -9.77584e-02
 46 -0.00157 -7.52852e-01 | 47 -0.40226  2.43369e-02 | 48  0.11601  1.43356e+01
 49  0.43383  6.95853e-01 | 50 -0.30492  3.77067e+00 | 51 -0.12157  1.80602e+00
 52 -0.18293  1.31920e+01 | 53 -0.36351 -6.15304e-02 | 54  0.48457 -5.03519e+00
 55  0.48499 -4.00467e+00 | 56  0.08359  6.28313e+01 | 57 -0.24459  8.66410e-03
 58  0.58547 -2.81230e+01 | 59  0.02039 -1.63030e+01 | 60 -0.51051  9.00916e-03
 61  0.52627  1.15968e+01 | 62  0.50195 -2.76896e-01 |
62 variables; iteration 60; function evaluation 76; phase 3
Function value 1.2015232e+03; maximum gradient component mag -3.9089e+01
Var    Value     Gradient |Var    Value     Gradient |Var    Value     Gradient
  1  0.06599 -1.67444e+00 |  2 -0.60152 -6.23389e+00 |  3 -0.18284 -5.09666e+00
  4 -0.43019 -8.37097e+00 |  5 -0.30271 -3.90892e+01 |  6 -0.03496  2.15723e+00
  7 -0.02005  6.66613e+00 |  8 -0.00026  3.69490e+00 |  9 -0.01871  1.53285e+00
 10 -0.01074  1.27303e+00 | 11 -0.03141  3.12389e+00 | 12 -0.03157  3.94294e+00
 13  0.00170  5.07775e+00 | 14 -0.00348  2.76426e+00 | 15  0.01058  1.74720e+00
 16  0.02422  3.84968e+00 | 17  0.01690  3.00578e+00 | 18  0.00994  1.81498e+00
 19  0.03905 -9.78538e-01 | 20 -0.00549  7.13118e+00 | 21  0.03579  8.71435e+00
 22  0.01162  3.48878e+00 | 23 -0.01606  6.51440e+00 | 24  0.00939  6.57896e+00
 25 -0.01610  3.54696e+00 | 26 -0.00860  3.02052e+00 | 27  0.01114  2.90988e+00
 28  0.02751  1.78760e+00 | 29 -0.85901 -3.39779e+00 | 30 -0.26232 -9.31797e+00
 31 -0.60854 -1.63880e-01 | 32  0.31657  6.13730e+00 | 33  0.50809  3.32419e-01
 34 -0.18661 -1.20367e+00 | 35 -0.42107  3.01248e-02 | 36  0.36985 -1.24376e+00
 37  0.48404 -1.60755e+00 | 38 -0.11347 -2.72991e+00 | 39 -0.33669 -1.74731e-02
 40  0.46657  3.25613e-01 | 41  0.59926 -3.31312e-01 | 42 -0.08166 -1.04137e+00
 43 -0.41132 -3.42960e-01 | 44  0.39982 -9.67918e-01 | 45  0.45575 -1.40205e+00
 46 -0.01522 -4.53015e+00 | 47 -0.40469 -5.92560e-03 | 48  0.11360  4.86549e+00
 49  0.45028 -7.97764e-01 | 50 -0.33343  1.15163e+00 | 51 -0.13839 -9.30071e-02
 52 -0.22652 -3.01227e+00 | 53 -0.25349  2.07460e-02 | 54  0.44602  1.65921e+00
 55  0.54792 -1.03094e+00 | 56  0.02659 -4.63785e+00 | 57 -0.20387  3.60834e+00
 58  0.54888  3.29798e+00 | 59  0.02682  9.26555e-01 | 60 -0.53760  6.43017e-02
 61  0.52951 -5.65054e-01 | 62  0.48817 -5.77142e-01 |

 - final statistics:
62 variables; iteration 67; function evaluation 83
Function value 1.2014e+03; maximum gradient component mag 6.9575e-01
Exit code = 1;  converg criter 1.0000e+00
Var    Value     Gradient |Var    Value     Gradient |Var    Value     Gradient
  1  0.06206  4.31410e-02 |  2 -0.59954  4.63661e-02 |  3 -0.18324  4.37672e-02
  4 -0.42931  7.12522e-02 |  5 -0.30145  6.95751e-01 |  6 -0.03301 -4.94955e-03
  7 -0.02185  1.59546e-02 |  8 -0.00037 -1.90434e-02 |  9 -0.01789 -6.09396e-02
 10 -0.01043 -9.26596e-03 | 11 -0.03135 -1.51818e-02 | 12 -0.03144 -1.22671e-02
 13  0.00082 -1.40120e-02 | 14 -0.00307  1.72410e-02 | 15  0.01086  2.39794e-03
 16  0.02371  5.46700e-03 | 17  0.01686 -4.29888e-02 | 18  0.00970 -1.51101e-01
 19  0.04000  2.69255e-02 | 20 -0.00637 -7.78837e-03 | 21  0.03527  2.29720e-02
 22  0.01226 -1.29474e-02 | 23 -0.01678  3.55117e-02 | 24  0.00875  1.01096e-02
 25 -0.01606 -2.74373e-02 | 26 -0.00837 -9.62097e-03 | 27  0.01084 -8.53048e-03
 28  0.02791 -2.09287e-02 | 29 -0.85888  2.17849e-01 | 30 -0.26327  1.41397e-01
 31 -0.50845 -5.76872e-03 | 32  0.31319 -4.93353e-02 | 33  0.50429  4.30765e-02
 34 -0.18681  4.25040e-02 | 35 -0.44602 -2.36323e-03 | 36  0.37099 -2.90590e-03
 37  0.48447  2.77437e-02 | 38 -0.11212  1.52913e-02 | 39 -0.33821 -5.63598e-04
 40  0.46889  1.09046e-03 | 41  0.59584  6.56806e-03 | 42 -0.08901  3.78743e-02
 43 -0.28271 -4.05832e-03 | 44  0.40110 -1.58075e-02 | 45  0.46305  1.12907e-02
 46 -0.01505  2.19529e-03 | 47 -0.41053 -1.63438e-03 | 48  0.11459 -6.20780e-03
 49  0.44947 -5.88055e-03 | 50 -0.35722 -7.14596e-03 | 51 -0.13875  2.84795e-03
 52 -0.22754 -7.75041e-04 | 53 -0.30235  3.62858e-04 | 54  0.44302  2.53853e-03
 55  0.55314  6.66699e-03 | 56  0.02895  6.49477e-02 | 57 -0.20714 -4.67239e-02
 58  0.55132 -4.26098e-02 | 59  0.02291 -1.81457e-02 | 60 -0.57824  1.37302e-03
 61  0.52730  1.28078e-02 | 62  0.49590 -6.85639e-03 |

Initial statistics: 91 variables; iteration 0; function evaluation 0; phase 4
Function value 1.2014555e+03; maximum gradient component mag -2.7122e+02
Var    Value     Gradient |Var    Value     Gradient |Var    Value     Gradient
  1  0.06206  4.31410e-02 |  2 -0.59954  4.63661e-02 |  3 -0.18324  4.37672e-02
  4 -0.42931  7.12522e-02 |  5 -0.30145  6.95751e-01 |  6  0.00000  1.00368e+01
  7  0.00000  1.35680e+01 |  8  0.00000  1.76619e+01 |  9  0.00000  1.77369e+01
 10  0.00000  3.78705e+00 | 11  0.00000  1.28133e+01 | 12  0.00000  1.64186e+01
 13  0.00000  4.30301e+01 | 14  0.00000  5.30412e+01 | 15  0.00000  4.72910e+01
 16  0.00000  6.96270e+01 | 17  0.00000  6.27388e+01 | 18  0.00000  8.92051e+01
 19  0.00000  6.65057e+01 | 20  0.00000  2.41424e+01 | 21 -0.03301  7.22705e-03
 22 -0.02185  2.81405e-02 | 23 -0.00037 -6.85039e-03 | 24 -0.01789 -4.87514e-02
 25 -0.01043  2.92540e-03 | 26 -0.03135 -3.00363e-03 | 27 -0.03144 -8.89438e-05
 28  0.00082 -1.81902e-03 | 29 -0.00307  2.94339e-02 | 30  0.01086  1.45892e-02
 31  0.02371  1.76515e-02 | 32  0.01686 -3.08001e-02 | 33  0.00970 -1.38909e-01
 34  0.04000  3.90944e-02 | 35 -0.00637  4.40402e-03 | 36  0.03527  3.51463e-02
 37  0.01226 -7.56629e-04 | 38 -0.01678  4.77005e-02 | 39  0.00875  2.23015e-02
 40 -0.01606 -1.52482e-02 | 41 -0.00837  2.57097e-03 | 42  0.01084  3.66074e-03
 43  0.02791 -8.74745e-03 | 44 -0.85888  2.17849e-01 | 45 -0.26327  1.41397e-01
 46 -0.50845 -5.76872e-03 | 47  0.31319 -4.93353e-02 | 48  0.50429  4.30765e-02
 49 -0.18681  4.25040e-02 | 50 -0.44602 -2.36323e-03 | 51  0.37099 -2.90590e-03
 52  0.48447  2.77437e-02 | 53 -0.11212  1.52913e-02 | 54 -0.33821 -5.63598e-04
 55  0.46889  1.09046e-03 | 56  0.59584  6.56806e-03 | 57 -0.08049  2.13225e+00
 58 -0.01011 -6.33084e+01 | 59 -0.02719 -5.91269e+01 | 60 -0.08901  3.78743e-02
 61 -0.28271 -4.05832e-03 | 62  0.40110 -1.58075e-02 | 63  0.46305  1.12907e-02
 64 -0.12869 -1.17450e-02 | 65 -0.00383  2.08877e+00 | 66  0.02562  2.87111e+00
 67 -0.01505  2.19529e-03 | 68 -0.41053 -1.63438e-03 | 69  0.11459 -6.20780e-03
 70  0.44947 -5.88055e-03 | 71 -0.35722 -7.14596e-03 | 72 -0.13875  2.84795e-03
 73 -0.40537 -7.36148e-03 | 74  0.00296 -6.82036e+01 | 75  0.03259 -5.90021e+01
 76 -0.13691 -3.47267e+00 | 77 -0.22754 -7.75041e-04 | 78 -0.30235  3.62858e-04
 79  0.44302  2.53853e-03 | 80  0.55314  6.66699e-03 | 81  0.02895  6.49477e-02
 82 -0.20714 -4.67239e-02 | 83  0.55132 -4.26098e-02 | 84  0.11690  4.15265e+01
 85  0.01664 -2.71217e+02 | 86  0.00318 -1.37369e+01 | 87 -0.44266 -1.10328e+01
 88  0.02291 -1.81457e-02 | 89 -0.57824  1.37302e-03 | 90  0.52730  1.28078e-02
 91  0.49590 -6.85639e-03 |

Intermediate statistics: 91 variables; iteration 20; function evaluation 26; phase 4
Function value 1.1929146e+03; maximum gradient component mag 3.3720e+02
Var    Value     Gradient |Var    Value     Gradient |Var    Value     Gradient
  1  0.06506 -1.32024e+01 |  2 -0.60128 -3.01218e+01 |  3 -0.19291 -7.00085e+01
  4 -0.42313 -4.89680e+01 |  5 -0.30219  9.89758e+01 |  6 -0.00450  1.12104e+00
  7 -0.00553  2.40018e+00 |  8 -0.00662  3.79626e+00 |  9 -0.00597  4.03581e+00
 10  0.00099 -3.15054e-01 | 11 -0.00194  2.74487e+00 | 12 -0.00205  3.76921e+00
 13 -0.01106  1.16446e+01 | 14 -0.01252  1.43786e+01 | 15 -0.00821  1.19107e+01
 16 -0.01397  1.71935e+01 | 17 -0.01034  1.10255e+01 | 18 -0.01743  1.93950e+01
 19 -0.01254  1.08230e+01 | 20 -0.00339 -1.67978e+00 | 21 -0.02526  8.44663e+00
 22 -0.01663  1.54294e+01 | 23  0.00155  1.67147e+01 | 24 -0.01777  4.51125e+00
 25 -0.01639 -1.18148e+01 | 26 -0.03597 -1.27600e+01 | 27 -0.03401 -7.60208e+00
 28 -0.00210 -3.22053e+00 | 29 -0.00293  1.06142e+01 | 30  0.01061  1.58524e+01
 31  0.02227  1.81798e+01 | 32  0.01613  1.78354e+01 | 33  0.01072  1.55685e+01
 34  0.03805  1.25195e+01 | 35 -0.00375  8.13046e+00 | 36  0.03238 -1.00680e+01
 37  0.01155 -5.82236e+00 | 38 -0.01534  3.16450e+00 | 39  0.00837  1.68867e+00
 40 -0.01433  7.76018e+00 | 41 -0.00709  8.81790e+00 | 42  0.01173  7.61036e+00
 43  0.02880  5.76771e+00 | 44 -0.85834  3.37199e+02 | 45 -0.25938  2.08375e+01
 46 -0.50833  2.63895e-01 | 47  0.31941  2.62368e+01 | 48  0.49756  5.01429e+01
 49 -0.18830 -2.11484e+01 | 50 -0.44594 -5.34080e-02 | 51  0.36906  6.38143e+00
 52  0.48923 -5.33036e+00 | 53 -0.11549 -2.77764e+00 | 54 -0.34042 -1.05590e-01
 55  0.43673 -1.32163e+01 | 56  0.54769 -8.69801e+00 | 57 -0.08910  1.75473e+00
 58 -0.00460 -3.32573e+01 | 59 -0.00668 -1.34480e+01 | 60 -0.08450 -1.19923e+00
 61 -0.27895 -3.37504e-01 | 62  0.40736  1.64129e-01 | 63  0.47254 -8.80765e-01
 64 -0.12912 -6.60414e-01 | 65 -0.00600  1.43570e+00 | 66  0.01259 -1.94949e+00
 67  0.01185 -1.57905e+01 | 68 -0.41136 -9.86729e-02 | 69  0.11399 -1.22443e+01
 70  0.31219 -8.82051e+00 | 71 -0.36658 -1.33530e-01 | 72 -0.08197  2.17474e+00
 73 -0.37933 -3.11960e+00 | 74  0.01560 -1.15350e+01 | 75  0.05859 -4.16804e+01
 76 -0.09758  3.67483e-01 | 77 -0.22414 -7.45111e+00 | 78 -0.30202 -4.29069e-02
 79  0.45122  4.79935e+00 | 80  0.56065 -5.79784e-01 | 81  0.04511  1.87544e+01
 82 -0.30558  8.22196e+00 | 83  0.53349 -3.17512e+01 | 84 -0.06932  2.31693e+01
 85  0.00126 -1.90220e+02 | 86  0.08645  2.60408e+01 | 87 -0.45845  1.12152e+01
 88  0.02674 -1.18010e+01 | 89 -0.57783 -1.28993e-01 | 90  0.53224  8.41560e+00
 91  0.49550 -1.82109e+00 |
91 variables; iteration 40; function evaluation 47; phase 4
Function value 1.1918739e+03; maximum gradient component mag 2.6065e+02
Var    Value     Gradient |Var    Value     Gradient |Var    Value     Gradient
  1  0.06964 -1.99043e+01 |  2 -0.60381 -4.38143e+01 |  3 -0.19313 -4.34012e+01
  4 -0.42240 -3.69285e+01 |  5 -0.30224  6.27050e+01 |  6 -0.00619 -1.27928e+00
  7 -0.00780 -9.70963e-01 |  8 -0.00925 -2.58770e-01 |  9 -0.00857 -7.40650e-03
 10  0.00051 -1.18517e+00 | 11 -0.00342  2.99869e-01 | 12 -0.00324  1.62545e+00
 13 -0.01253  8.98731e+00 | 14 -0.01374  1.21339e+01 | 15 -0.00914  1.00359e+01
 16 -0.01507  1.49362e+01 | 17 -0.01115  9.06381e+00 | 18 -0.01842  1.70623e+01
 19 -0.01205  1.14501e+01 | 20 -0.00324 -1.82224e+00 | 21 -0.02328  5.63775e+00
 22 -0.01793  4.75877e+00 | 23 -0.00295 -2.71630e+00 | 24 -0.01917 -4.97062e+00
 25 -0.01511 -9.26092e+00 | 26 -0.03440 -5.41499e+00 | 27 -0.03158  2.05639e+00
 28 -0.00214  2.44934e+00 | 29 -0.00356  1.00727e+01 | 30  0.00988  1.25900e+01
 31  0.02297  1.59862e+01 | 32  0.01494  9.11722e+00 | 33  0.00992  7.94685e+00
 34  0.03777  9.31925e+00 | 35 -0.00221  1.02561e+01 | 36  0.03247 -3.90848e+00
 37  0.01215 -8.33445e-02 | 38 -0.01582  2.96686e+00 | 39  0.00817  1.53282e+00
 40 -0.01425  8.23347e+00 | 41 -0.00581  1.11212e+01 | 42  0.01271  7.12830e+00
 43  0.02769 -1.07430e+00 | 44 -0.85945  2.60646e+02 | 45 -0.25938  2.72670e+01
 46 -0.50729  2.17038e-01 | 47  0.31674  1.43230e+01 | 48  0.50351  4.26420e+01
 49 -0.18709 -1.65832e+01 | 50 -0.44521 -4.90993e-02 | 51  0.36976  4.19907e+00
 52  0.48737 -5.51911e+00 | 53 -0.10385 -5.40069e+00 | 54 -0.35980 -6.21506e-02
 55  0.45966 -3.37898e+00 | 56  0.54953 -5.03614e+00 | 57 -0.11354  1.22174e+00
 58 -0.01008 -2.85552e+01 | 59 -0.00544 -1.10324e+01 | 60 -0.08762  5.12711e-01
 61 -0.26453  2.80119e-01 | 62  0.40944  3.87372e-01 | 63  0.52437  5.56217e-01
 64 -0.12652 -2.52840e-01 | 65 -0.00644  1.15480e+00 | 66  0.00471 -4.62980e-01
 67  0.03411 -8.29645e+00 | 68 -0.41460 -6.35014e-02 | 69  0.12412 -4.37549e+00
 70  0.25982 -8.83990e+00 | 71 -0.45338 -8.56849e-01 | 72 -0.07980 -1.17198e+00
 73 -0.42962 -2.96073e+00 | 74  0.01557 -2.49617e+00 | 75  0.07223 -3.71589e+01
 76 -0.09557  1.37441e+00 | 77 -0.22532 -5.94876e+00 | 78 -0.30071 -4.82680e-02
 79  0.44644  2.97461e+00 | 80  0.56021 -9.12428e-01 | 81  0.06786  7.29605e+00
 82 -0.27616  6.64786e+00 | 83  0.55712 -1.62730e+01 | 84 -0.15864  9.77581e+00
 85 -0.00773 -1.23417e+02 | 86  0.06984  8.88400e+00 | 87 -0.45560  5.43556e+00
 88  0.02588 -1.00884e+01 | 89 -0.57151 -1.24251e-01 | 90  0.52806  5.85250e+00
 91  0.49669 -1.88838e+00 |
91 variables; iteration 60; function evaluation 71; phase 4
Function value 1.1905937e+03; maximum gradient component mag -2.2239e+01
Var    Value     Gradient |Var    Value     Gradient |Var    Value     Gradient
  1  0.06069  5.47601e+00 |  2 -0.59814  1.21294e+01 |  3 -0.19661  1.01758e+01
  4 -0.41606  5.70259e+00 |  5 -0.30048  1.14314e+01 |  6 -0.00782  5.14092e-02
  7 -0.00818  2.08053e+00 |  8 -0.00936  2.96765e+00 |  9 -0.00909  2.25805e+00
 10 -0.00061  9.55752e-02 | 11 -0.00523 -2.54247e-01 | 12 -0.00505  3.05257e-01
 13 -0.01507  5.44303e+00 | 14 -0.01916  1.88520e+00 | 15 -0.01469 -2.48082e+00
 16 -0.02226 -2.00512e+00 | 17 -0.01444 -3.00843e+00 | 18 -0.02225  4.28554e+00
 19 -0.01525  1.65208e+00 | 20 -0.00184  4.96872e-01 | 21 -0.02348 -5.22161e+00
 22 -0.01794 -9.04960e-01 | 23 -0.00223  2.89573e+00 | 24 -0.01748  2.36120e+00
 25 -0.01407 -6.79725e-01 | 26 -0.03395 -4.45196e+00 | 27 -0.03081  1.67053e+00
 28 -0.00305  3.10194e-01 | 29 -0.00486  1.24051e-01 | 30  0.00986  5.47731e+00
 31  0.02045  7.99351e-01 | 32  0.01554  1.45503e+00 | 33  0.00985 -5.18310e-01
 34  0.03629 -4.78866e+00 | 35 -0.00334 -2.41719e+00 | 36  0.03410  6.24596e-01
 37  0.01175 -1.71273e+00 | 38 -0.01313  2.17006e+00 | 39  0.00674 -4.99991e+00
 40 -0.01322  1.35340e+00 | 41 -0.00780 -2.42483e+00 | 42  0.01078 -2.62123e+00
 43  0.02994 -8.71984e-01 | 44 -0.86159  2.64608e+00 | 45 -0.25890  8.16053e+00
 46 -0.50488  2.42715e-02 | 47  0.31764 -4.73528e-01 | 48  0.50584  6.04985e+00
 49 -0.18463  9.10508e+00 | 50 -0.44294  2.52539e-02 | 51  0.37376 -1.83936e+00
 52  0.48906  2.55153e+00 | 53 -0.10523  2.56173e+00 | 54 -0.42081 -5.72979e-02
 55  0.45596 -3.60291e+00 | 56  0.56357  5.16422e-01 | 57 -0.11079 -8.34753e-01
 58 -0.00639 -2.60015e+00 | 59 -0.00553  2.53862e+00 | 60 -0.09433 -3.31560e-01
 61 -0.26288  1.84186e-01 | 62  0.40159  4.92271e-01 | 63  0.51712  3.82189e-01
 64 -0.12006 -2.46515e-01 | 65 -0.00545  1.10487e+00 | 66  0.00711 -2.22155e-01
 67  0.03877  1.62215e+00 | 68 -0.42298 -2.76731e-02 | 69  0.12650 -8.50664e+00
 70  0.23481 -1.31989e+00 | 71 -0.42029 -6.64496e-01 | 72 -0.07009  3.49494e+00
 73 -0.45948 -1.00080e+00 | 74  0.01521 -8.29278e-01 | 75  0.08567 -1.18914e+01
 76 -0.11298  6.30273e-01 | 77 -0.22585 -3.91114e+00 | 78 -0.29622 -4.10029e-02
 79  0.44483  1.45692e+00 | 80  0.55567 -1.11932e+00 | 81  0.07090  8.04656e+00
 82 -0.28716  5.32105e+00 | 83  0.55522 -7.33356e+00 | 84 -0.08161  3.85792e+00
 85  0.00591 -2.22394e+01 | 86  0.06304  2.68684e+00 | 87 -0.45111  3.01432e+00
 88  0.03025 -4.00114e+00 | 89 -0.55132 -5.83299e-02 | 90  0.53229  2.40282e+00
 91  0.49135 -1.39950e+00 |
91 variables; iteration 80; function evaluation 96; phase 4
Function value 1.1904251e+03; maximum gradient component mag -2.1549e+01
Var    Value     Gradient |Var    Value     Gradient |Var    Value     Gradient
  1  0.06331  4.07325e+00 |  2 -0.59955  6.91521e+00 |  3 -0.19711  7.41146e+00
  4 -0.41545  1.42867e+00 |  5 -0.29987 -1.07788e+01 |  6 -0.00761  1.95965e-01
  7 -0.00761  2.80604e+00 |  8 -0.01130 -4.23890e-01 |  9 -0.00964  1.11078e+00
 10 -0.00049 -1.26808e-01 | 11 -0.00600 -1.95710e+00 | 12 -0.00565 -1.37636e+00
 13 -0.01753  5.02473e-01 | 14 -0.02064 -1.23503e+00 | 15 -0.01187  2.16196e+00
 16 -0.02245 -3.05690e+00 | 17 -0.01396 -3.36308e+00 | 18 -0.02469 -1.53971e+00
 19 -0.01476  1.28697e+00 | 20 -0.00336 -2.29100e+00 | 21 -0.02075 -8.79667e-01
 22 -0.01714  1.39963e+00 | 23 -0.00293  1.36904e+00 | 24 -0.01854 -1.37599e-01
 25 -0.01369  5.88310e-01 | 26 -0.03283 -1.72674e+00 | 27 -0.03264 -1.43428e+00
 28 -0.00210  1.81872e+00 | 29 -0.00561 -2.31029e+00 | 30  0.00926  1.65942e+00
 31  0.02060 -8.00602e-01 | 32  0.01511 -6.07106e-01 | 33  0.00943 -1.07589e+00
 34  0.03683 -2.22797e+00 | 35 -0.00416 -3.22577e+00 | 36  0.03397  1.16999e+00
 37  0.01243  4.11667e-01 | 38 -0.01468 -2.54058e-01 | 39  0.00813 -7.41309e-01
 40 -0.01434 -4.91293e-01 | 41 -0.00702 -8.95202e-01 | 42  0.01102 -1.23454e+00
 43  0.02960 -1.06114e+00 | 44 -0.86133 -2.15485e+01 | 45 -0.26069 -2.25549e+00
 46 -0.50692 -2.08430e-02 | 47  0.31425 -2.01575e+00 | 48  0.50476 -3.03360e+00
 49 -0.18661  4.14104e+00 | 50 -0.44418  8.33339e-03 | 51  0.37088 -1.81694e+00
 52  0.48994  1.17539e+00 | 53 -0.10938  6.25276e-01 | 54 -0.38112 -6.94287e-03
 55  0.45192 -1.49206e+00 | 56  0.56841  2.22847e-01 | 57 -0.09333 -4.43484e-01
 58 -0.00340  1.94633e+00 | 59 -0.00801  1.33732e+00 | 60 -0.08305 -5.56801e-02
 61 -0.28196  6.50662e-02 | 62  0.42061  4.94136e-01 | 63  0.49481  1.02019e-01
 64 -0.13445  2.41081e-01 | 65 -0.01129 -1.26240e+00 | 66  0.01288 -4.04379e-02
 67  0.04102  5.92927e-01 | 68 -0.40890 -5.18090e-03 | 69  0.12747 -3.35521e+00
 70  0.22278 -5.56526e-01 | 71 -0.38755 -1.82563e-02 | 72 -0.06853  2.68852e+00
 73 -0.46799 -6.27532e-01 | 74  0.01457  3.64127e-01 | 75  0.09070 -6.89499e+00
 76 -0.11939  2.18214e-02 | 77 -0.22411 -4.99046e-01 | 78 -0.29644  3.48163e-03
 79  0.44600  5.13886e-01 | 80  0.55974  1.88646e-01 | 81  0.07405  2.43031e+00
 82 -0.29592  3.93117e+00 | 83  0.55945 -1.38922e+00 | 84 -0.09411  7.88786e-01
 85  0.00493 -2.26054e+00 | 86  0.07017  4.53646e+00 | 87 -0.45874  2.75630e+00
 88  0.03115 -8.57755e-01 | 89 -0.55956 -2.94405e-02 | 90  0.53126  5.02186e-01
 91  0.49259 -6.45995e-01 |
Maximum number of function evaluations exceeded

 - final statistics:
91 variables; iteration 85; function evaluation 100
Function value 1.1904e+03; maximum gradient component mag -1.9418e+01
Exit code = 3;  converg criter 1.0000e+00
Var    Value     Gradient |Var    Value     Gradient |Var    Value     Gradient
  1  0.06335  3.60102e+00 |  2 -0.59959  6.02744e+00 |  3 -0.19738  5.47165e+00
  4 -0.41511  6.35660e-01 |  5 -0.29985 -1.05138e+01 |  6 -0.00752  2.82789e-01
  7 -0.00805  2.04109e+00 |  8 -0.01144 -7.28735e-01 |  9 -0.01004  4.05694e-01
 10 -0.00021  2.82830e-01 | 11 -0.00563 -1.38387e+00 | 12 -0.00548 -1.10689e+00
 13 -0.01759  3.63755e-01 | 14 -0.02065 -1.30038e+00 | 15 -0.01222  1.47056e+00
 16 -0.02192 -2.10301e+00 | 17 -0.01388 -3.19044e+00 | 18 -0.02486 -1.87121e+00
 19 -0.01508  6.54926e-01 | 20 -0.00309 -1.84596e+00 | 21 -0.02073 -7.74635e-01
 22 -0.01731  1.13891e+00 | 23 -0.00289  1.31187e+00 | 24 -0.01851 -1.50492e-01
 25 -0.01384  3.89541e-01 | 26 -0.03253 -1.03208e+00 | 27 -0.03273 -1.53776e+00
 28 -0.00219  1.60434e+00 | 29 -0.00544 -2.00952e+00 | 30  0.00908  1.15815e+00
 31  0.02065 -7.93223e-01 | 32  0.01516 -4.54607e-01 | 33  0.00927 -1.16099e+00
 34  0.03698 -1.51648e+00 | 35 -0.00413 -2.92609e+00 | 36  0.03392  1.12541e+00
 37  0.01243  3.82730e-01 | 38 -0.01473 -3.07064e-01 | 39  0.00822 -4.72566e-01
 40 -0.01437 -5.22661e-01 | 41 -0.00698 -7.07081e-01 | 42  0.01108 -9.08189e-01
 43  0.02956 -8.77211e-01 | 44 -0.86129 -1.94176e+01 | 45 -0.26038 -2.56469e+00
 46 -0.50661 -1.95123e-02 | 47  0.31476 -1.64264e+00 | 48  0.50403 -3.14684e+00
 49 -0.18670  3.08836e+00 | 50 -0.44406  6.09176e-03 | 51  0.37089 -1.42412e+00
 52  0.48969  8.61469e-01 | 53 -0.10920  3.72129e-01 | 54 -0.37895 -3.67078e-03
 55  0.45252 -1.13994e+00 | 56  0.56826  2.17515e-01 | 57 -0.09339 -3.86060e-01
 58 -0.00349  1.89033e+00 | 59 -0.00799  1.33396e+00 | 60 -0.09084 -1.76277e-01
 61 -0.27741  7.34496e-02 | 62  0.40838  3.26912e-01 | 63  0.50692  1.85423e-01
 64 -0.12601  1.77330e-01 | 65 -0.00910 -9.30386e-01 | 66  0.01105  5.33599e-03
 67  0.04113  4.24437e-01 | 68 -0.40823 -4.07839e-03 | 69  0.12750 -2.94855e+00
 70  0.22077 -3.81786e-01 | 71 -0.38484  6.11756e-02 | 72 -0.06847  2.01999e+00
 73 -0.46640 -4.83734e-01 | 74  0.01473  5.26871e-01 | 75  0.09144 -5.42707e+00
 76 -0.12007 -1.28603e-02 | 77 -0.22473 -3.74184e-01 | 78 -0.29648  4.94115e-03
 79  0.44499  3.22315e-01 | 80  0.56082  2.69522e-01 | 81  0.07455  1.82138e+00
 82 -0.29786  3.45395e+00 | 83  0.55998 -8.71278e-01 | 84 -0.09514  4.78837e-01
 85  0.00485 -6.54356e-01 | 86  0.07101  4.23054e+00 | 87 -0.45973  2.53084e+00
 88  0.03071 -6.30185e-01 | 89 -0.55944 -1.93512e-02 | 90  0.53079  3.96224e-01
 91  0.49394 -4.13321e-01 |

Initial statistics: 95 variables; iteration 0; function evaluation 0; phase 5
Function value 1.1909004e+03; maximum gradient component mag -1.9418e+01
Var    Value     Gradient |Var    Value     Gradient |Var    Value     Gradient
  1  0.06335  3.60102e+00 |  2 -0.59959  6.02744e+00 |  3 -0.19738  5.47165e+00
  4 -0.41511  6.35660e-01 |  5 -0.29985 -1.05138e+01 |  6 -0.00752  2.82789e-01
  7 -0.00805  2.04109e+00 |  8 -0.01144 -7.28735e-01 |  9 -0.01004  4.05694e-01
 10 -0.00021  2.82830e-01 | 11 -0.00563 -1.38387e+00 | 12 -0.00548 -1.10689e+00
 13 -0.01759  3.63755e-01 | 14 -0.02065 -1.30038e+00 | 15 -0.01222  1.47056e+00
 16 -0.02192 -2.10301e+00 | 17 -0.01388 -3.19044e+00 | 18 -0.02486 -1.87121e+00
 19 -0.01508  6.54926e-01 | 20 -0.00309 -1.84596e+00 | 21 -0.02073 -3.81540e-01
 22 -0.01730  1.53207e+00 | 23 -0.00289  1.70517e+00 | 24 -0.01851  2.42645e-01
 25 -0.01384  7.82752e-01 | 26 -0.03253 -6.39289e-01 | 27 -0.03273 -1.14497e+00
 28 -0.00219  1.99764e+00 | 29 -0.00543 -1.61623e+00 | 30  0.00908  1.55141e+00
 31  0.02066 -4.00127e-01 | 32  0.01516 -6.14153e-02 | 33  0.00927 -7.67732e-01
 34  0.03698 -1.12384e+00 | 35 -0.00413 -2.53279e+00 | 36  0.03392  1.51815e+00
 37  0.01244  7.75958e-01 | 38 -0.01473  8.61341e-02 | 39  0.00823 -7.92951e-02
 40 -0.01437 -1.29458e-01 | 41 -0.00698 -3.13801e-01 | 42  0.01109 -5.14945e-01
 43  0.02956 -4.84331e-01 | 44 -0.86129 -1.94176e+01 | 45 -0.26038 -2.56469e+00
 46 -0.50661 -1.95123e-02 | 47  0.31476 -1.64264e+00 | 48  0.50403 -3.14684e+00
 49 -0.18670  3.08836e+00 | 50 -0.44406  6.09176e-03 | 51  0.37089 -1.42412e+00
 52  0.48969  8.61469e-01 | 53 -0.10920  3.72129e-01 | 54 -0.37895 -3.67078e-03
 55  0.45252 -1.13994e+00 | 56  0.56826  2.17515e-01 | 57 -0.09339 -3.86060e-01
 58 -0.00349  1.89033e+00 | 59 -0.00799  1.33396e+00 | 60 -0.26556 -6.41525e+00
 61 -0.09084 -1.76277e-01 | 62 -0.27741  7.34496e-02 | 63  0.40838  3.26912e-01
 64  0.50692  1.85423e-01 | 65 -0.12601  1.77330e-01 | 66 -0.00910 -9.30386e-01
 67  0.01105  5.33599e-03 | 68 -0.14486  2.09783e-01 | 69  0.04113  4.24437e-01
 70 -0.40823 -4.07839e-03 | 71  0.12750 -2.94855e+00 | 72  0.22077 -3.81786e-01
 73 -0.38484  6.11756e-02 | 74 -0.06847  2.01999e+00 | 75 -0.46640 -4.83734e-01
 76  0.01473  5.26871e-01 | 77  0.09144 -5.42707e+00 | 78 -0.12007 -1.28603e-02
 79 -0.93066 -4.72869e+00 | 80 -0.22473 -3.74184e-01 | 81 -0.29648  4.94115e-03
 82  0.44499  3.22315e-01 | 83  0.56082  2.69522e-01 | 84  0.07455  1.82138e+00
 85 -0.29786  3.45395e+00 | 86  0.55998 -8.71278e-01 | 87 -0.09514  4.78837e-01
 88  0.00485 -6.54356e-01 | 89  0.07101  4.23054e+00 | 90 -0.45973  2.53084e+00
 91 -0.95786 -4.79793e+00 | 92  0.03071 -6.30185e-01 | 93 -0.55944 -1.93512e-02
 94  0.53079  3.96224e-01 | 95  0.49394 -4.13321e-01 |

Intermediate statistics: 95 variables; iteration 20; function evaluation 25; phase 5
Function value 1.1843440e+03; maximum gradient component mag 1.9612e+02
Var    Value     Gradient |Var    Value     Gradient |Var    Value     Gradient
  1  0.07261  7.48776e+00 |  2 -0.60547  3.59328e+01 |  3 -0.20349 -8.66680e+01
  4 -0.39480 -4.36423e+01 |  5 -0.28931 -5.16835e+01 |  6 -0.00583  6.16767e-01
  7 -0.01973 -1.90558e+01 |  8 -0.00262  9.47758e+00 |  9 -0.00977 -4.07387e+00
 10 -0.00004 -5.80517e+00 | 11  0.00629  9.00810e+00 | 12  0.00196  1.52557e+00
 13 -0.01991 -1.31147e+01 | 14 -0.01384 -2.03243e+00 | 15 -0.02301 -3.17336e+01
 16 -0.01689 -1.05132e+01 | 17 -0.01025 -1.81891e+01 | 18 -0.02471 -2.14250e+01
 19 -0.02649 -3.82399e+01 | 20  0.00476 -1.06742e+01 | 21 -0.01725 -2.57049e+01
 22 -0.01942 -2.55090e+01 | 23 -0.00039 -9.89615e+00 | 24 -0.01400 -8.07569e+00
 25 -0.01862 -2.50513e+01 | 26 -0.03179 -1.69469e+01 | 27 -0.02614  5.46439e+00
 28 -0.00573  2.93212e+00 | 29  0.00357  2.40494e+01 | 30  0.00318 -7.51056e+00
 31  0.02365  9.63383e+00 | 32  0.01271 -3.25614e+00 | 33  0.01290  1.12617e+01
 34  0.03530  9.51636e+00 | 35  0.00426  6.37615e+00 | 36  0.03050 -2.11160e+01
 37  0.01363 -2.08184e+01 | 38 -0.01757 -3.17026e+01 | 39  0.00781 -3.69542e+01
 40 -0.01835 -4.09872e+01 | 41 -0.01041 -5.22731e+01 | 42  0.00637 -6.10564e+01
 43  0.02404 -6.11281e+01 | 44 -0.86431 -3.52202e+01 | 45 -0.25729 -9.67146e+00
 46 -0.50652 -4.05901e-02 | 47  0.32344  2.44081e+00 | 48  0.48024 -1.78255e+01
 49 -0.19251 -3.85230e+01 | 50 -0.44411 -7.72773e-02 | 51  0.37312  1.67315e+01
 52  0.47137 -1.08956e+01 | 53 -0.09680  2.35926e+01 | 54 -0.37842  1.31060e-01
 55  0.51890 -2.74714e-01 | 56  0.57245  1.69776e+00 | 57 -0.07176  8.58209e+00
 58 -0.01912 -2.71314e+01 | 59 -0.02643  6.34397e+00 | 60  0.50327  8.42114e-01
 61 -0.08847  1.09280e+00 | 62 -0.28742 -2.39061e-01 | 63  0.37535 -9.93381e-01
 64  0.48334 -7.63710e-01 | 65 -0.13244 -2.34863e+00 | 66  0.01171  1.17695e+01
 67  0.00354 -1.11899e+00 | 68 -0.17409  8.25276e-01 | 69  0.04817  8.16668e+00
 70 -0.40800  2.49537e-02 | 71  0.16040  1.22497e+01 | 72  0.13910  1.49504e+01
 73 -0.39709  8.18608e-02 | 74 -0.05965 -1.59114e+01 | 75 -0.46047  5.99860e+00
 76 -0.01271 -5.91358e+00 | 77  0.11752  6.78099e+01 | 78 -0.13670  1.03634e+00
 79 -0.35694 -3.98985e+00 | 80 -0.22850  8.26374e-01 | 81 -0.29721 -3.17732e-02
 82  0.44070 -2.01016e+00 | 83  0.53265 -2.27336e+00 | 84  0.06446 -2.06325e+01
 85 -0.46774  2.40281e+00 | 86  0.59003  3.35078e+01 | 87 -0.07562 -2.28907e+01
 88  0.00393  1.96118e+02 | 89  0.20709  9.11162e+00 | 90 -0.52939  7.86790e+00
 91 -0.39347  1.48804e+00 | 92  0.01650  9.84874e+00 | 93 -0.55871  2.36868e-01
 94  0.52769 -5.18986e+00 | 95  0.51584  3.44220e+00 |
95 variables; iteration 40; function evaluation 47; phase 5
Function value 1.1821352e+03; maximum gradient component mag 2.3081e+02
Var    Value     Gradient |Var    Value     Gradient |Var    Value     Gradient
  1  0.11355 -1.44290e+01 |  2 -0.62554 -3.18400e+01 |  3 -0.19777 -9.29162e+01
  4 -0.40297 -5.55975e+01 |  5 -0.28781 -3.07708e+01 |  6 -0.00739 -2.60052e+00
  7 -0.01333 -9.89226e+00 |  8 -0.00773  6.61911e-01 |  9 -0.00930 -3.75331e+00
 10  0.00182 -3.58466e+00 | 11  0.00216  2.79101e+00 | 12  0.00185  1.62677e+00
 13 -0.01521 -4.70203e+00 | 14 -0.01369  2.17673e-01 | 15 -0.01338 -1.33678e+01
 16 -0.01376 -8.16765e-01 | 17 -0.00446 -1.82183e+00 | 18 -0.02074 -8.84925e+00
 19 -0.01845 -2.12270e+01 | 20  0.00118 -1.28562e+01 | 21 -0.01894 -2.46531e+01
 22 -0.01751 -2.07026e+01 | 23 -0.00103 -1.34167e+01 | 24 -0.01605 -1.65760e+01
 25 -0.01844 -3.04927e+01 | 26 -0.03357 -2.47830e+01 | 27 -0.02757  1.68736e+00
 28 -0.00006  1.79857e+01 | 29  0.00079  2.35025e+01 | 30  0.00594 -4.79032e-01
 31  0.02391  1.72124e+01 | 32  0.01586  5.50110e+00 | 33  0.00922 -2.43997e+00
 34  0.03535  5.33887e+00 | 35  0.00325  9.58229e+00 | 36  0.03103 -1.90140e+01
 37  0.00852 -3.08862e+01 | 38 -0.01461 -2.23544e+01 | 39  0.00774 -3.27245e+01
 40 -0.01767 -3.67406e+01 | 41 -0.00886 -4.47821e+01 | 42  0.00792 -5.20096e+01
 43  0.02318 -5.33840e+01 | 44 -0.86516  5.03655e+00 | 45 -0.27002 -1.26489e+01
 46 -0.50712 -3.00605e-03 | 47  0.30578  4.95021e+00 | 48  0.49885 -4.93026e+00
 49 -0.19421 -3.86936e+01 | 50 -0.44445 -5.73271e-02 | 51  0.37201  1.89685e+01
 52  0.47924 -6.53521e+00 | 53 -0.13333  3.95456e+01 | 54 -0.38089  1.83589e-01
 55  0.47498 -1.77265e+01 | 56  0.64110  6.91811e+00 | 57 -0.00469  1.96211e+01
 58 -0.01402 -8.89713e+01 | 59 -0.03804  2.09110e+01 | 60  0.97639  3.40153e+00
 61 -0.09814 -2.89199e+00 | 62 -0.27760 -6.26691e-01 | 63  0.39392  8.86432e-01
 64  0.50529 -1.27367e+00 | 65 -0.14252 -1.12700e+00 | 66 -0.00635  2.97732e+00
 67 -0.00505 -4.50787e+00 | 68 -0.22054  2.82340e-01 | 69  0.02264  9.34709e+00
 70 -0.40494  4.94937e-02 | 71  0.15278  3.39205e+00 | 72  0.28289  1.16477e+01
 73 -0.39536 -2.06199e-01 | 74 -0.07476 -6.49878e+00 | 75 -0.44585  2.13569e+00
 76 -0.01902 -6.88598e+00 | 77  0.07373  4.75503e+01 | 78 -0.12466  1.82766e+00
 79 -0.25980 -1.76533e+00 | 80 -0.23179 -1.38594e+00 | 81 -0.29787  1.87928e-03
 82  0.44152  6.13247e-01 | 83  0.54681 -4.99678e-01 | 84  0.02577 -5.37846e+01
 85 -0.68673 -6.54424e-02 | 86  0.55700  5.45359e+01 | 87  0.01954 -2.51578e+01
 88  0.01428  2.30805e+02 | 89  0.29926  1.21503e+00 | 90 -0.60256  2.39446e+00
 91 -0.34584 -1.04363e+00 | 92  0.01861  6.50410e+00 | 93 -0.56219  1.50556e-01
 94  0.52862 -3.39518e+00 | 95  0.50507  1.49437e+00 |
95 variables; iteration 60; function evaluation 67; phase 5
Function value 1.1801677e+03; maximum gradient component mag 1.4336e+02
Var    Value     Gradient |Var    Value     Gradient |Var    Value     Gradient
  1  0.12036 -9.63255e+00 |  2 -0.62863 -1.39219e+01 |  3 -0.19152 -5.76718e+01
  4 -0.40921 -4.05026e+01 |  5 -0.28782  2.49173e+00 |  6 -0.00661 -9.69550e-01
  7 -0.01173 -6.88443e+00 |  8 -0.00674  3.03304e+00 |  9 -0.00871 -1.94555e+00
 10 -0.00081 -6.20913e+00 | 11  0.00190  3.77840e+00 | 12 -0.00175 -2.04590e+00
 13 -0.01500 -2.28946e+00 | 14 -0.01859 -5.36339e+00 | 15 -0.01172 -7.04482e+00
 16 -0.01763 -2.67999e+00 | 17 -0.00580  3.38074e+00 | 18 -0.01699  6.41647e+00
 19 -0.01056  3.48398e+00 | 20  0.00419  4.26559e+00 | 21 -0.02451 -1.30839e+01
 22 -0.01765 -4.33270e+00 | 23  0.00018  7.96896e+00 | 24 -0.01448  4.48636e+00
 25 -0.01786 -1.23166e+01 | 26 -0.03218 -9.90811e+00 | 27 -0.02807  5.38300e+00
 28 -0.00286  4.66089e+00 | 29 -0.00014  1.59095e+01 | 30  0.00713 -1.74964e+00
 31  0.02294  5.80510e+00 | 32  0.01450 -3.17358e+00 | 33  0.01071 -1.15800e+00
 34  0.03501 -1.99701e+00 | 35  0.00157  7.76763e+00 | 36  0.03081 -1.43671e+01
 37  0.00988 -1.12097e+01 | 38 -0.01445 -5.97930e+00 | 39  0.00643 -1.67738e+01
 40 -0.01547 -9.73364e+00 | 41 -0.00436 -1.38098e+01 | 42  0.00436 -2.82575e+01
 43  0.02800 -1.55236e+01 | 44 -0.86406  3.42864e+01 | 45 -0.27230 -7.87626e-01
 46 -0.51216  1.49507e-02 | 47  0.29990 -6.04398e-02 | 48  0.49859  4.36893e-01
 49 -0.19031 -1.38456e+01 | 50 -0.44741 -3.27891e-03 | 51  0.37506  1.17419e+01
 52  0.47949 -2.77131e-01 | 53 -0.14457  1.62194e+01 | 54 -0.40160  5.07831e-02
 55  0.45620 -9.98699e+00 | 56  0.63443  2.17444e+00 | 57  0.01764  1.08129e+01
 58 -0.00738 -4.68255e+01 | 59 -0.03829  1.20882e+01 | 60  0.88376  1.21031e+00
 61 -0.09337  1.83819e+00 | 62 -0.23609  4.74667e-01 | 63  0.38631 -4.39906e-01
 64  0.51476  8.85490e-01 | 65 -0.23949 -2.27781e-01 | 66 -0.02247  2.16658e+00
 67  0.01538  4.89112e-01 | 68 -0.40695 -6.96565e-02 | 69 -0.00496  1.75204e+01
 70 -0.39826  9.60953e-02 | 71  0.14249  6.26605e-02 | 72  0.40166  6.31778e+00
 73 -0.37377  7.80808e-02 | 74 -0.09268  3.20339e+00 | 75 -0.26174  3.14195e+00
 76 -0.00912 -1.94800e+01 | 77  0.02650  6.50680e+00 | 78 -0.10715 -8.43859e-01
 79 -0.21237 -3.27834e+00 | 80 -0.22840  5.76294e-01 | 81 -0.30407  6.67937e-03
 82  0.44403 -3.72293e-02 | 83  0.54546 -1.91791e-01 | 84  0.01993 -2.98637e+01
 85 -0.85646 -6.34150e-01 | 86  0.55049  2.93258e+01 | 87  0.02670 -1.71721e+01
 88  0.01058  1.43361e+02 | 89  0.34695  5.78214e-01 | 90 -0.58105  4.14728e+00
 91 -0.26640  1.41687e+00 | 92  0.00897  4.47029e-01 | 93 -0.58352 -1.09153e-01
 94  0.50956 -8.77682e+00 | 95  0.49986 -3.69738e+00 |
95 variables; iteration 80; function evaluation 91; phase 5
Function value 1.1790853e+03; maximum gradient component mag 3.4996e+01
Var    Value     Gradient |Var    Value     Gradient |Var    Value     Gradient
  1  0.13394 -1.38710e+01 |  2 -0.63465 -2.45937e+01 |  3 -0.19361 -3.21535e+01
  4 -0.40488 -1.64414e+01 |  5 -0.28912  1.67571e+00 |  6 -0.00681 -8.31698e-01
  7 -0.01104 -5.23070e+00 |  8 -0.00932 -2.90788e-01 |  9 -0.00779  5.02388e-01
 10 -0.00021 -4.09007e+00 | 11 -0.00063  1.14424e+00 | 12 -0.00571 -7.13690e+00
 13 -0.01636 -3.26027e+00 | 14 -0.01803 -2.73591e+00 | 15 -0.01095 -3.79314e+00
 16 -0.01748 -8.84408e-01 | 17 -0.00626  3.66682e+00 | 18 -0.02155 -1.43793e+00
 19 -0.01112  2.86103e+00 | 20  0.00064  1.59437e+00 | 21 -0.01871  4.62077e+00
 22 -0.01577  7.88235e+00 | 23 -0.00343  9.23854e+00 | 24 -0.01533  1.07372e+01
 25 -0.01604  1.85270e+00 | 26 -0.03143 -9.06415e-01 | 27 -0.02967  5.00769e+00
 28 -0.00407 -3.36348e+00 | 29 -0.00246  6.47987e+00 | 30  0.00821 -3.76800e+00
 31  0.02050 -3.17672e+00 | 32  0.01518 -3.07580e+00 | 33  0.00936 -9.19707e-01
 34  0.03645 -8.77015e-01 | 35 -0.00262  3.89987e+00 | 36  0.03234 -3.67114e+00
 37  0.01085  1.48841e+00 | 38 -0.01507  1.19163e+00 | 39  0.00789 -2.68972e+00
 40 -0.01636  4.65038e-01 | 41 -0.00623  1.37183e+00 | 42  0.00987  1.33794e+00
 43  0.02672  2.51723e+00 | 44 -0.86418  3.49959e+01 | 45 -0.26595  7.46981e+00
 46 -0.51337  2.85728e-02 | 47  0.31087  2.72926e+00 | 48  0.49522  4.11835e+00
 49 -0.19052 -4.39474e-01 | 50 -0.44911  1.35332e-03 | 51  0.37023  1.63586e+00
 52  0.47954 -5.63518e-02 | 53 -0.14399  1.81393e+00 | 54 -0.41133 -1.43113e-02
 55  0.45137 -4.93674e+00 | 56  0.63258 -7.26428e-01 | 57  0.00778  1.10784e+00
 58 -0.00609 -1.05898e+01 | 59 -0.03777  3.03400e-01 | 60  0.88876  1.28414e+00
 61 -0.08022  2.52928e+00 | 62 -0.24861  2.92421e-01 | 63  0.40529 -5.04090e-01
 64  0.46736  4.78851e-01 | 65 -0.23866  8.80917e-01 | 66 -0.02433 -1.12346e+00
 67  0.02754  1.86192e+00 | 68 -0.43365 -6.44150e-02 | 69 -0.00476  4.93916e+00
 70 -0.39382  3.49066e-02 | 71  0.14146  3.97117e+00 | 72  0.38625  1.76720e+00
 73 -0.37561  1.09163e-01 | 74 -0.08957  2.21298e+00 | 75 -0.25341  9.49504e-01
 76 -0.00825 -2.87074e+00 | 77  0.02807  3.91799e+00 | 78 -0.09173  5.17953e+00
 79 -0.19070 -1.49658e+00 | 80 -0.22185  4.53456e-01 | 81 -0.30917  1.04588e-02
 82  0.45522  1.92251e+00 | 83  0.54155 -4.59806e-02 | 84  0.02719 -6.78954e-01
 85 -0.81609 -4.28524e-01 | 86  0.55650  5.88700e+00 | 87  0.03877 -2.96434e+00
 88  0.00738  3.18361e+01 | 89  0.34911  5.97477e-01 | 90 -0.65220  1.39219e+00
 91 -0.22585  9.71016e-01 | 92  0.01830 -5.36523e-01 | 93 -0.59350 -3.17397e-02
 94  0.52624 -3.84778e-01 | 95  0.50277 -5.18553e-01 |
Maximum number of function evaluations exceeded

 - final statistics:
95 variables; iteration 86; function evaluation 100
Function value 1.1789e+03; maximum gradient component mag 2.4182e+01
Exit code = 3;  converg criter 1.0000e+00
Var    Value     Gradient |Var    Value     Gradient |Var    Value     Gradient
  1  0.13597 -1.20241e+01 |  2 -0.63535 -2.02323e+01 |  3 -0.19324 -1.95372e+01
  4 -0.40452 -8.56565e+00 |  5 -0.28894 -2.22934e+00 |  6 -0.00727 -1.34710e+00
  7 -0.01132 -5.53337e+00 |  8 -0.00908  4.05258e-01 |  9 -0.00625  3.37372e+00
 10 -0.00063 -4.61206e+00 | 11 -0.00186 -3.48585e-01 | 12 -0.00374 -3.85518e+00
 13 -0.01618 -2.84278e+00 | 14 -0.01734 -1.55483e+00 | 15 -0.01064 -3.51377e+00
 16 -0.01705 -5.94232e-01 | 17 -0.00711  1.34070e+00 | 18 -0.02128 -1.97530e+00
 19 -0.01192  1.89699e-01 | 20  0.00065  1.38657e-01 | 21 -0.01830  3.46543e+00
 22 -0.01670  5.02621e+00 | 23 -0.00290  8.06004e+00 | 24 -0.01587  8.49245e+00
 25 -0.01582  1.52730e+00 | 26 -0.03079  1.23442e-01 | 27 -0.03022  4.19628e+00
 28 -0.00372 -2.99992e+00 | 29 -0.00312  4.91899e+00 | 30  0.00847 -3.54017e+00
 31  0.02030 -3.55932e+00 | 32  0.01540 -2.77473e+00 | 33  0.00922 -6.92828e-01
 34  0.03683  1.61113e-01 | 35 -0.00302  3.04307e+00 | 36  0.03265 -2.91353e+00
 37  0.01069  1.95125e+00 | 38 -0.01509  2.10583e+00 | 39  0.00814  3.39282e-01
 40 -0.01639  1.39374e+00 | 41 -0.00630  1.76164e+00 | 42  0.01026  2.53640e+00
 43  0.02644  2.11855e+00 | 44 -0.86420  2.41820e+01 | 45 -0.26724  5.00508e+00
 46 -0.51254  2.05446e-02 | 47  0.30894  2.05432e+00 | 48  0.49651  2.24278e+00
 49 -0.19123 -2.18030e+00 | 50 -0.44893 -2.45519e-03 | 51  0.36945  1.91413e+00
 52  0.47941 -5.12149e-01 | 53 -0.14097  1.49157e+00 | 54 -0.40947 -8.50407e-03
 55  0.45613 -2.57571e+00 | 56  0.62824 -7.22411e-01 | 57  0.00668  5.63469e-01
 58 -0.00606 -3.26807e+00 | 59 -0.03775 -5.11359e-01 | 60  0.87459  1.23114e+00
 61 -0.09210  2.51624e+00 | 62 -0.22663  7.91634e-01 | 63  0.39179 -3.71233e-01
 64  0.51413  1.29967e+00 | 65 -0.24067  3.90747e-01 | 66 -0.02481  6.76175e-01
 67  0.01831  2.38326e+00 | 68 -0.40675 -1.29249e-02 | 69 -0.00779  2.76212e+00
 70 -0.39321  2.45827e-02 | 71  0.14126  3.05731e+00 | 72  0.39616  9.16231e-01
 73 -0.37432  5.86424e-02 | 74 -0.08989  2.32087e+00 | 75 -0.25627 -5.85658e-02
 76 -0.01000 -2.34567e+00 | 77  0.02586 -9.67873e-01 | 78 -0.09626  3.10717e+00
 79 -0.16484 -7.06401e-01 | 80 -0.22134  4.39172e-01 | 81 -0.31021 -5.61475e-03
 82  0.45444  1.46618e+00 | 83  0.53665 -7.99059e-01 | 84  0.02057  1.24928e+00
 85 -0.81359 -4.17993e-01 | 86  0.54908  2.30734e+00 | 87  0.05792 -8.97042e-01
 88  0.00932  2.03353e+01 | 89  0.35531  5.41103e-01 | 90 -0.66928  1.04608e+00
 91 -0.21833  6.14788e-01 | 92  0.01730 -5.97783e-01 | 93 -0.59159 -1.66800e-02
 94  0.52583 -1.39934e-01 | 95  0.50479 -1.77421e-01 |

Initial statistics: 97 variables; iteration 0; function evaluation 0; phase 6
Function value 1.1789251e+03; maximum gradient component mag 3.5088e+01
Var    Value     Gradient |Var    Value     Gradient |Var    Value     Gradient
  1  0.13597 -1.19727e+01 |  2 -0.63535 -2.02430e+01 |  3 -0.02196  1.83421e+01
  4 -0.19324 -1.89853e+01 |  5 -0.40452 -8.25958e+00 |  6 -0.02196  3.50876e+01
  7 -0.28894 -1.64085e+00 |  8 -0.00727 -1.27369e+00 |  9 -0.01132 -5.39744e+00
 10 -0.00908  3.70421e-01 | 11 -0.00625  3.21245e+00 | 12 -0.00063 -4.47954e+00
 13 -0.00186 -3.69172e-01 | 14 -0.00374 -3.76830e+00 | 15 -0.01618 -2.78531e+00
 16 -0.01734 -1.52232e+00 | 17 -0.01064 -3.39073e+00 | 18 -0.01705 -5.96467e-01
 19 -0.00711  1.18293e+00 | 20 -0.02128 -1.94574e+00 | 21 -0.01192  1.48676e-01
 22  0.00065  8.10353e-02 | 23 -0.01831  1.89250e+00 | 24 -0.01671  3.40699e+00
 25 -0.00291  6.43057e+00 | 26 -0.01588  6.79673e+00 | 27 -0.01583  1.01138e-01
 28 -0.03079 -1.24057e+00 | 29 -0.03023  2.61466e+00 | 30 -0.00373 -4.35115e+00
 31 -0.00312  3.29621e+00 | 32  0.00846 -4.91014e+00 | 33  0.02029 -5.02252e+00
 34  0.01539 -4.19570e+00 | 35  0.00922 -2.19185e+00 | 36  0.03682 -1.28161e+00
 37 -0.00303  1.43256e+00 | 38  0.03264 -4.26052e+00 | 39  0.01069  4.27382e-01
 40 -0.01509  5.60061e-01 | 41  0.00814 -1.18108e+00 | 42 -0.01639 -1.74250e-01
 43 -0.00631  2.55472e-01 | 44  0.01025  1.02187e+00 | 45  0.02644  5.79087e-01
 46 -0.86420  2.49832e+01 | 47 -0.26724  5.04730e+00 | 48 -0.51254  2.13535e-02
 49  0.30894  2.02270e+00 | 50  0.49651  2.44622e+00 | 51 -0.19123 -2.24389e+00
 52 -0.44893 -2.59814e-03 | 53  0.36945  1.88729e+00 | 54  0.47941 -5.14353e-01
 55 -0.14097  1.37692e+00 | 56 -0.40947 -8.41882e-03 | 57  0.45613 -2.41631e+00
 58  0.62824 -7.57972e-01 | 59  0.00668  4.82329e-01 | 60 -0.00606 -2.72657e+00
 61 -0.03775 -5.23579e-01 | 62  0.87459  1.22879e+00 | 63 -0.09210  2.43222e+00
 64 -0.22663  7.75342e-01 | 65  0.39179 -3.00999e-01 | 66  0.51413  1.27252e+00
 67 -0.24067  3.88066e-01 | 68 -0.02481  6.79402e-01 | 69  0.01831  2.27510e+00
 70 -0.40675 -1.51625e-02 | 71 -0.00779  2.68043e+00 | 72 -0.39321  2.39079e-02
 73  0.14126  2.94049e+00 | 74  0.39616  8.87675e-01 | 75 -0.37432  7.46548e-02
 76 -0.08989  2.35130e+00 | 77 -0.25627 -6.24978e-02 | 78 -0.01000 -2.38199e+00
 79  0.02586 -1.08937e+00 | 80 -0.09626  3.00141e+00 | 81 -0.16484 -7.27674e-01
 82 -0.22134  4.12784e-01 | 83 -0.31021 -5.40721e-03 | 84  0.45444  1.42548e+00
 85  0.53665 -7.61266e-01 | 86  0.02057  1.28176e+00 | 87 -0.81359 -4.16892e-01
 88  0.54908  2.16404e+00 | 89  0.05792 -8.39091e-01 | 90  0.00932  1.93808e+01
 91  0.35531  5.38716e-01 | 92 -0.66928  1.02335e+00 | 93 -0.21833  5.89294e-01
 94  0.01730 -6.17673e-01 | 95 -0.59159 -1.63144e-02 | 96  0.52583 -1.37044e-01
 97  0.50479 -1.76997e-01 |

Intermediate statistics: 97 variables; iteration 20; function evaluation 22; phase 6
Function value 1.1762653e+03; maximum gradient component mag -2.9815e+02
Var    Value     Gradient |Var    Value     Gradient |Var    Value     Gradient
  1  0.08011 -4.83407e+01 |  2 -0.61430 -9.93784e+01 |  3 -0.11376  1.01369e+01
  4 -0.18906 -3.45500e+01 |  5 -0.40556 -1.95950e+01 |  6 -0.11282  1.67521e+01
  7 -0.28057 -1.25659e+02 |  8 -0.00761 -1.64630e-01 |  9 -0.01438 -8.93198e+00
 10 -0.00799  3.24224e+00 | 11 -0.00322  8.87560e+00 | 12 -0.00233 -6.44020e+00
 13 -0.00263 -1.64253e+00 | 14 -0.00638 -8.22563e+00 | 15 -0.01833 -6.72322e+00
 16 -0.01765 -2.72128e+00 | 17 -0.01295 -8.10113e+00 | 18 -0.01506  3.05125e+00
 19 -0.00090  1.44256e+01 | 20 -0.02053  1.63293e+00 | 21 -0.00827  1.08856e+01
 22  0.00327  9.50572e+00 | 23 -0.01896 -3.21100e+01 | 24 -0.01925 -3.23127e+01
 25 -0.00130 -1.83442e+01 | 26 -0.01257 -1.03104e+01 | 27 -0.01601 -2.49627e+01
 28 -0.03160 -2.39162e+01 | 29 -0.02170 -8.49025e-01 | 30 -0.00814 -3.37147e+01
 31  0.00220 -1.06012e+01 | 32  0.00507 -4.17864e+01 | 33  0.02204 -3.57814e+01
 34  0.01611 -4.13809e+01 | 35  0.00586 -5.71114e+01 | 36  0.03387 -6.35053e+01
 37 -0.00071 -3.38126e+01 | 38  0.03228 -2.83667e+01 | 39  0.01219 -2.12950e+01
 40 -0.01770 -3.78332e+01 | 41  0.00573 -5.14833e+01 | 42 -0.01731 -4.87131e+01
 43 -0.00844 -5.09172e+01 | 44  0.00995 -4.61766e+01 | 45  0.02469 -4.34179e+01
 46 -0.86794 -2.98154e+02 | 47 -0.27274 -3.72750e+01 | 48 -0.51263 -2.36608e-01
 49  0.30150 -1.25638e+01 | 50  0.49635 -5.05243e+01 | 51 -0.19511 -3.12026e+01
 52 -0.44900 -5.54767e-02 | 53  0.37126  1.45406e+01 | 54  0.46856 -7.00776e+00
 55 -0.14722 -1.41451e+01 | 56 -0.40970 -3.71000e-02 | 57  0.44921  7.51898e+00
 58  0.59897 -3.80804e+00 | 59  0.01441 -8.23728e+00 | 60 -0.00125  5.11678e+01
 61 -0.03347 -1.93602e+00 | 62  0.86136  1.35344e+00 | 63 -0.09548  1.70061e+00
 64 -0.22888  7.50251e-01 | 65  0.38898 -1.22960e-01 | 66  0.50826  1.34889e+00
 67 -0.24384  8.56514e-02 | 68 -0.02298  1.65870e+00 | 69  0.01586  2.33167e+00
 70 -0.40511 -1.33551e-02 | 71 -0.01230  2.56556e+01 | 72 -0.39344  1.12898e-01
 73  0.13891 -2.15796e+01 | 74  0.37068  7.12753e+00 | 75 -0.37413 -3.53298e-01
 76 -0.09203  1.86350e+00 | 77 -0.24214  3.23492e+00 | 78 -0.00783 -1.29334e+01
 79  0.03196  1.66842e+01 | 80 -0.09086  3.68798e+00 | 81 -0.16530  4.10880e-01
 82 -0.22856  2.12788e+00 | 83 -0.31037  9.11771e-03 | 84  0.44516 -5.61366e-01
 85  0.53239 -3.54308e-01 | 86  0.00631  2.10788e+01 | 87 -0.80890 -3.87536e-01
 88  0.54593 -1.86278e+01 | 89  0.06257  5.89368e+00 | 90  0.00741 -5.26806e+01
 91  0.34911  6.25735e-01 | 92 -0.67773  6.05361e-01 | 93 -0.18192  1.17766e+00
 94  0.00187  1.33594e+00 | 95 -0.59234 -2.02635e-02 | 96  0.51396 -4.78734e+00
 97  0.50820 -1.54749e+00 |
97 variables; iteration 40; function evaluation 51; phase 6
Function value 1.1718321e+03; maximum gradient component mag -2.8452e+02
Var    Value     Gradient |Var    Value     Gradient |Var    Value     Gradient
  1  0.10928 -2.37309e+01 |  2 -0.62547 -7.73349e+01 |  3 -0.10887  1.45977e+01
  4 -0.17828  2.41301e+01 |  5 -0.41524  1.81161e+01 |  6 -0.16730  1.79626e+00
  7 -0.27885 -1.20411e+02 |  8 -0.00688 -2.51525e+00 |  9 -0.01140 -7.78538e+00
 10 -0.00884 -2.13169e+00 | 11 -0.00643 -5.99049e-01 | 12 -0.00014 -8.33300e+00
 13 -0.00424 -8.71485e+00 | 14 -0.00403 -9.37994e+00 | 15 -0.01673 -8.08380e+00
 16 -0.01780 -6.95471e+00 | 17 -0.01113 -9.53704e+00 | 18 -0.01634 -3.78385e+00
 19 -0.00432  2.39415e+00 | 20 -0.01795  2.91509e+00 | 21 -0.00712  1.05010e+01
 22  0.00343  8.17928e+00 | 23 -0.01938 -2.85122e+01 | 24 -0.01863 -2.39589e+01
 25  0.00135 -5.53066e+00 | 26 -0.01267 -6.44443e+00 | 27 -0.01655 -2.68973e+01
 28 -0.03231 -2.30294e+01 | 29 -0.02446 -9.86992e-02 | 30 -0.00352 -1.26287e+01
 31 -0.00141 -4.93140e+00 | 32  0.00632 -2.69794e+01 | 33  0.02099 -2.15928e+01
 34  0.01717 -2.00832e+01 | 35  0.00782 -3.65309e+01 | 36  0.03360 -4.30998e+01
 37 -0.00213 -2.68335e+01 | 38  0.03232 -1.75388e+01 | 39  0.01094 -1.92661e+01
 40 -0.01914 -3.35842e+01 | 41  0.00555 -3.56442e+01 | 42 -0.01634 -3.29640e+01
 43 -0.00625 -3.00831e+01 | 44  0.01033 -2.77246e+01 | 45  0.02392 -3.10707e+01
 46 -0.86770 -2.84525e+02 | 47 -0.28017 -4.01358e+01 | 48 -0.51675 -2.32496e-01
 49  0.28921 -1.40235e+01 | 50  0.50402 -4.82582e+01 | 51 -0.19083 -1.84690e+01
 52 -0.45060 -1.82955e-02 | 53  0.37696  1.44558e+01 | 54  0.46436 -2.66965e+00
 55 -0.12826 -5.76832e+00 | 56 -0.41224 -2.18495e-02 | 57  0.48111  1.06223e+01
 58  0.56085 -3.64394e+00 | 59 -0.00378 -2.98276e-01 | 60 -0.00680  1.65189e+01
 61 -0.02825 -1.05328e+01 | 62  0.46565  8.94732e-01 | 63 -0.08806 -1.02335e+00
 64 -0.21721 -1.80833e-01 | 65  0.39950  1.60132e-01 | 66  0.43488 -1.26612e-01
 67 -0.29169 -8.32513e-01 | 68 -0.03157  3.43318e+00 | 69  0.03144  1.17092e+00
 70 -0.36237  2.29854e-01 | 71 -0.01156  1.42267e+01 | 72 -0.39347  5.15901e-02
 73  0.13588 -1.46997e+01 | 74  0.35963  2.77439e+00 | 75 -0.38944 -4.34583e-01
 76 -0.11270  4.76625e-01 | 77 -0.25756  2.30543e+00 | 78 -0.00496 -1.16700e+01
 79  0.03582  1.47474e+01 | 80 -0.05829  1.74569e+01 | 81 -0.25856 -2.15693e+00
 82 -0.23223  6.15895e-01 | 83 -0.31142 -8.46237e-02 | 84  0.43077 -4.42815e+00
 85  0.51951 -3.85645e+00 | 86 -0.03209 -4.18207e+01 | 87 -0.69425 -1.92489e-01
 88  0.51909  2.18063e+01 | 89  0.20270 -3.45602e+00 | 90  0.02003  2.74171e+01
 91  0.09801 -9.79693e-01 | 92 -0.79335 -5.92401e-01 | 93 -0.04372 -4.91906e+00
 94  0.01935  2.64190e+00 | 95 -0.61898 -1.10463e-01 | 96  0.53377 -7.99130e-01
 97  0.47000 -5.88342e+00 |
97 variables; iteration 60; function evaluation 74; phase 6
Function value 1.1704652e+03; maximum gradient component mag -1.3741e+02
Var    Value     Gradient |Var    Value     Gradient |Var    Value     Gradient
  1  0.09934 -8.23611e+00 |  2 -0.62078 -4.18458e+01 |  3 -0.15432  6.93710e+00
  4 -0.17554  4.08521e+01 |  5 -0.41805  2.57675e+01 |  6 -0.19125 -1.01304e+01
  7 -0.28016 -6.28828e+01 |  8 -0.00578 -5.02069e-01 |  9 -0.00887 -3.38543e+00
 10 -0.00849 -8.13523e-01 | 11 -0.00749 -1.12007e+00 | 12  0.00121 -4.73476e+00
 13 -0.00248 -4.20975e+00 | 14 -0.00112 -2.68256e+00 | 15 -0.01172  1.74592e+00
 16 -0.01599 -2.68156e+00 | 17 -0.00646 -5.48728e-01 | 18 -0.01590 -2.90856e+00
 19 -0.00657 -2.61544e+00 | 20 -0.01700  3.00404e+00 | 21 -0.00852  5.90326e+00
 22  0.00596  9.14692e+00 | 23 -0.01777 -1.15535e+01 | 24 -0.01805 -1.25035e+01
 25 -0.00222 -8.56833e+00 | 26 -0.01350  2.73395e+00 | 27 -0.01137 -1.79391e+00
 28 -0.03175 -7.62694e+00 | 29 -0.02920 -1.19044e+00 | 30 -0.00115 -2.95988e+00
 31 -0.00514 -9.35762e-01 | 32  0.01043  2.86746e-01 | 33  0.02059 -3.91464e+00
 34  0.01586 -8.57153e+00 | 35  0.00661 -2.05929e+01 | 36  0.03600 -9.96876e+00
 37  0.00110  1.66737e+00 | 38  0.03051 -9.27363e+00 | 39  0.00980 -1.32455e+01
 40 -0.02015 -1.75007e+01 | 41  0.00587 -8.29120e+00 | 42 -0.01483 -7.86472e+00
 43 -0.00620 -1.14931e+01 | 44  0.00884 -1.31119e+01 | 45  0.02492 -8.83799e+00
 46 -0.86624 -1.37407e+02 | 47 -0.27953 -2.05081e+01 | 48 -0.52228 -1.29260e-01
 49  0.28920 -1.03152e+01 | 50  0.50155 -2.66434e+01 | 51 -0.19109 -5.44236e+00
 52 -0.45207  1.06592e-02 | 53  0.37469  9.06234e+00 | 54  0.46964  2.28984e+00
 55 -0.13226 -3.65826e+00 | 56 -0.41207 -2.39876e-02 | 57  0.47128  4.69939e+00
 58  0.56227 -1.49266e+00 | 59 -0.01993  1.87898e+00 | 60 -0.00879 -1.33311e+01
 61 -0.02245 -9.02641e+00 | 62  0.30339 -1.43612e-01 | 63 -0.09168 -1.28324e+00
 64 -0.15161 -3.87180e-02 | 65  0.40533  3.51276e-01 | 66  0.39618 -2.83352e-01
 67 -0.33222 -8.67281e-01 | 68 -0.05098  1.96034e+00 | 69  0.03179 -2.96747e-01
 70 -0.33662  1.78942e-01 | 71 -0.02878 -2.53965e+00 | 72 -0.39352 -1.60307e-02
 73  0.13065 -6.64831e+00 | 74  0.40232  7.53123e-01 | 75 -0.37853 -2.16027e-01
 76 -0.11886 -8.85304e-01 | 77 -0.24232 -9.47578e-01 | 78 -0.00603 -3.03547e+00
 79  0.02708  5.16772e+00 | 80 -0.06621  8.92441e+00 | 81 -0.22066 -6.62145e-01
 82 -0.23566 -4.96251e+00 | 83 -0.31145 -8.18123e-02 | 84  0.43394 -3.07027e-01
 85  0.53096 -2.70725e+00 | 86 -0.01728 -3.26539e+01 | 87 -0.57392  2.21694e-01
 88  0.53371  2.11374e+01 | 89  0.14680 -6.83531e+00 | 90  0.01518  4.71317e+01
 91  0.09953  5.70082e+00 | 92 -0.86587 -7.85190e-01 | 93 -0.07708 -4.70160e+00
 94  0.00712  6.03614e+00 | 95 -0.63839 -7.12508e-03 | 96  0.52187 -1.53277e+00
 97  0.49653 -1.23798e-01 |
97 variables; iteration 80; function evaluation 99; phase 6
Function value 1.1696587e+03; maximum gradient component mag 4.5614e+01
Var    Value     Gradient |Var    Value     Gradient |Var    Value     Gradient
  1  0.08991 -1.42877e-01 |  2 -0.61664 -1.51773e+01 |  3 -0.18599  1.36391e+00
  4 -0.17669  2.78710e+01 |  5 -0.41713  2.02306e+01 |  6 -0.18360 -6.72701e+00
  7 -0.28269  2.46160e+01 |  8 -0.00562 -5.84421e-01 |  9 -0.00887 -3.59040e+00
 10 -0.00942 -2.39102e+00 | 11 -0.01155 -7.29944e+00 | 12  0.00357 -1.03962e+00
 13 -0.00133 -2.08536e+00 | 14  0.00031 -1.41109e-01 | 15 -0.01380 -1.53909e+00
 16 -0.01642 -3.41411e+00 | 17 -0.00542  1.10714e+00 | 18 -0.01439 -7.58170e-01
 19 -0.00590 -2.67197e+00 | 20 -0.01884 -2.54297e+00 | 21 -0.01139 -3.11883e+00
 22  0.00336  1.39531e-01 | 23 -0.01588  2.99463e+00 | 24 -0.01615  5.32921e+00
 25  0.00025  6.18700e+00 | 26 -0.01914 -1.04886e+00 | 27 -0.01235  2.13115e+00
 28 -0.02764  1.08079e+01 | 29 -0.03412  5.96967e-01 | 30  0.00176  1.23720e+01
 31 -0.00816  3.27431e+00 | 32  0.01054  1.08595e+01 | 33  0.02078  1.19095e+01
 34  0.01566  1.03310e+01 | 35  0.00765  4.73306e+00 | 36  0.03887  2.08900e+01
 37 -0.00446  6.33553e+00 | 38  0.03143  3.72319e+00 | 39  0.00850  1.85906e+00
 40 -0.01706  7.63544e+00 | 41  0.00485  8.02999e+00 | 42 -0.01323  1.18160e+01
 43 -0.00582  7.34267e+00 | 44  0.01033  6.13535e+00 | 45  0.02415  4.42387e+00
 46 -0.86494  3.92319e+01 | 47 -0.27880  6.00452e+00 | 48 -0.52002  1.84197e-02
 49  0.29100 -3.02811e+00 | 50  0.50166  5.89339e+00 | 51 -0.19056  8.32244e+00
 52 -0.44947  2.83103e-02 | 53  0.37075 -1.87346e-01 | 54  0.46941  3.19619e+00
 55 -0.13643  6.89994e+00 | 56 -0.40095  2.05636e-02 | 57  0.45659 -1.54929e+00
 58  0.57089  5.23098e-01 | 59 -0.00495  4.25710e+00 | 60 -0.00422 -1.45610e+01
 61 -0.02395 -2.03105e+00 | 62  0.28877 -4.44519e-02 | 63 -0.12535 -5.80884e+00
 64 -0.14047 -2.03253e-01 | 65  0.37254  1.94529e+00 | 66  0.44256 -1.20733e-01
 67 -0.28583 -1.39491e+00 | 68 -0.04629  2.64768e+00 | 69  0.02415 -3.51569e-02
 70 -0.39075 -1.39099e-01 | 71 -0.02262 -8.84082e+00 | 72 -0.39505 -4.82739e-02
 73  0.13424  2.28527e+00 | 74  0.38536 -2.50846e+00 | 75 -0.37184  1.18685e-01
 76 -0.11163 -7.70321e-01 | 77 -0.23536 -1.36170e+00 | 78 -0.00607  2.61081e+00
 79  0.02782 -6.19908e-01 | 80 -0.06717  9.93136e+00 | 81 -0.20696 -8.63499e-02
 82 -0.23254  6.94577e-01 | 83 -0.30713 -4.28321e-02 | 84  0.43278 -3.26220e+00
 85  0.53127 -1.70571e+00 | 86 -0.01472 -2.87560e+01 | 87 -0.64974 -5.15158e-02
 88  0.53238  1.73798e+01 | 89  0.14971 -7.20428e+00 | 90  0.01515  4.56136e+01
 91  0.09429  1.86306e+00 | 92 -0.66287 -9.12348e-01 | 93 -0.04948 -3.48480e+00
 94  0.01209  2.92120e+00 | 95 -0.60327 -2.39930e-02 | 96  0.52426 -1.37700e+00
 97  0.48135 -3.96279e+00 |
97 variables; iteration 100; function evaluation 124; phase 6
Function value 1.1672433e+03; maximum gradient component mag 1.1427e+01
Var    Value     Gradient |Var    Value     Gradient |Var    Value     Gradient
  1  0.02802 -3.36424e+00 |  2 -0.58634 -1.04785e+01 |  3 -0.21567  8.94408e-02
  4 -0.18175 -6.13222e+00 |  5 -0.41193 -5.80140e+00 |  6 -0.16452  7.42439e-01
  7 -0.28444  2.83656e+00 |  8 -0.00395 -2.80398e-01 |  9 -0.00577 -1.32232e+00
 10 -0.00618 -7.40376e-02 | 11 -0.00464  4.02590e-01 | 12  0.00497 -1.98992e+00
 13  0.00175 -6.42160e-01 | 14  0.00039 -2.77988e+00 | 15 -0.01196 -4.13315e-01
 16 -0.01386 -5.01454e-01 | 17 -0.00689 -1.47193e+00 | 18 -0.01450  5.49251e-01
 19 -0.00464  2.94956e+00 | 20 -0.02041 -1.94899e+00 | 21 -0.01190  8.76652e-02
 22  0.00139  1.83854e+00 | 23 -0.01394 -2.70143e+00 | 24 -0.01719 -5.09163e+00
 25 -0.00170 -2.88108e+00 | 26 -0.01606  1.13824e+00 | 27 -0.01139 -2.11960e-01
 28 -0.03094 -3.43007e+00 | 29 -0.03079 -1.42708e+00 | 30 -0.00161 -7.13203e-01
 31 -0.00496 -1.71695e+00 | 32  0.00921 -1.99945e+00 | 33  0.01911 -7.97502e+00
 34  0.01524 -3.04627e+00 | 35  0.00831 -6.06224e+00 | 36  0.03679 -4.81004e+00
 37 -0.00249 -4.66787e+00 | 38  0.03173 -2.61059e+00 | 39  0.01048 -2.99174e+00
 40 -0.01719 -3.63458e+00 | 41  0.00409 -6.13132e+00 | 42 -0.01416 -2.97520e+00
 43 -0.00800 -6.54744e+00 | 44  0.01114 -1.35889e+00 | 45  0.02399 -4.26280e+00
 46 -0.86454  1.60990e+00 | 47 -0.27639  4.71796e-01 | 48 -0.51957 -2.86740e-03
 49  0.29737 -3.75821e-01 | 50  0.49773  1.07228e+00 | 51 -0.19419 -3.90752e+00
 52 -0.45077 -6.25218e-03 | 53  0.36712  1.41384e+00 | 54  0.46943 -3.34403e-01
 55 -0.13548 -3.43198e+00 | 56 -0.40255 -1.88512e-02 | 57  0.45430  5.36639e-01
 58  0.56365 -1.57534e+00 | 59 -0.02882 -1.05400e+00 | 60 -0.00539 -1.12486e-02
 61 -0.01923 -2.89132e+00 | 62  0.21936 -2.13104e-01 | 63 -0.08847 -1.15259e+00
 64 -0.28587 -4.39639e-01 | 65  0.41173  3.45220e-01 | 66  0.48031 -5.66295e-01
 67 -0.27822  9.73784e-02 | 68 -0.04086 -1.08742e+00 | 69  0.02481 -1.12540e+00
 70 -0.32995  3.04380e-02 | 71 -0.01886  1.93573e+00 | 72 -0.39149  2.78398e-03
 73  0.13594 -5.49676e+00 | 74  0.36621 -2.57962e-01 | 75 -0.42894 -6.86161e-01
 76 -0.09476 -7.08325e-01 | 77 -0.22787  5.31474e-01 | 78 -0.00395 -2.10357e+00
 79  0.03126  4.48395e-01 | 80 -0.09611 -2.10838e+00 | 81 -0.20888  1.11303e-01
 82 -0.22849 -1.23875e+00 | 83 -0.30867 -1.69281e-02 | 84  0.44719  8.90381e-01
 85  0.53016 -7.96862e-01 | 86 -0.00679  2.55458e+00 | 87 -0.65333  1.14249e-01
 88  0.53802 -1.28461e+00 | 89  0.23766  8.44073e-01 | 90  0.01907 -9.09451e-01
 91  0.02238  1.14272e+01 | 92 -0.42611 -3.03326e+00 | 93  0.14809  5.93342e-01
 94 -0.00372 -3.67921e-01 | 95 -0.60102  4.61331e-02 | 96  0.51265 -3.29940e-01
 97  0.51545  9.34711e-01 |
97 variables; iteration 120; function evaluation 147; phase 6
Function value 1.1662805e+03; maximum gradient component mag 7.1144e-01
Var    Value     Gradient |Var    Value     Gradient |Var    Value     Gradient
  1 -0.00264 -1.95528e-01 |  2 -0.56825 -1.85161e-01 |  3 -0.22041 -3.97058e-02
  4 -0.18262 -1.12647e-01 |  5 -0.41003 -1.49976e-02 |  6 -0.16541  3.12923e-03
  7 -0.28395  4.41317e-01 |  8 -0.00384  2.03939e-04 |  9 -0.00490 -4.35719e-03
 10 -0.00604  1.19429e-02 | 11 -0.00471  2.19036e-02 | 12  0.00664 -1.59843e-02
 13  0.00246 -5.79238e-03 | 14  0.00260 -2.86710e-02 | 15 -0.01136 -2.09807e-02
 16 -0.01320 -7.92659e-03 | 17 -0.00577 -1.76747e-02 | 18 -0.01459  2.04424e-03
 19 -0.00601  1.26883e-02 | 20 -0.01915 -6.36456e-03 | 21 -0.01182  1.89907e-02
 22  0.00057  7.69486e-03 | 23 -0.01414 -4.26898e-02 | 24 -0.01573 -7.12563e-02
 25 -0.00140 -5.22706e-02 | 26 -0.01741  1.59377e-03 | 27 -0.01112 -7.91498e-03
 28 -0.03025 -7.51817e-02 | 29 -0.03105 -1.03658e-02 | 30 -0.00253 -4.77183e-02
 31 -0.00411 -2.20657e-02 | 32  0.00766 -4.20297e-02 | 33  0.02053 -9.69022e-02
 34  0.01423 -6.38557e-02 | 35  0.00849 -9.96221e-02 | 36  0.03664 -1.83501e-01
 37 -0.00114 -1.01771e-01 | 38  0.03166 -7.17159e-02 | 39  0.01128 -4.82377e-02
 40 -0.01717 -6.04435e-02 | 41  0.00403 -1.85615e-02 | 42 -0.01513 -6.56080e-02
 43 -0.00715 -1.86520e-02 | 44  0.00930 -7.34128e-02 | 45  0.02451 -5.79866e-02
 46 -0.86467  7.11440e-01 | 47 -0.27629  1.50159e-01 | 48 -0.51603  4.08290e-03
 49  0.29828  1.98481e-02 | 50  0.49500  1.44061e-01 | 51 -0.19393 -5.68445e-02
 52 -0.45126 -1.85175e-04 | 53  0.36779  1.05585e-02 | 54  0.46678 -1.02566e-02
 55 -0.13817 -3.85065e-02 | 56 -0.40346 -3.15589e-05 | 57  0.45269  1.66973e-02
 58  0.57027  8.55711e-03 | 59 -0.02210 -3.00412e-02 | 60 -0.00432  1.21755e-01
 61 -0.02167  3.91808e-02 | 62  0.23197  3.07846e-03 | 63 -0.09553  2.00150e-01
 64 -0.18632  6.50000e-02 | 65  0.40104 -2.50240e-02 | 66  0.43692  8.52972e-02
 67 -0.28664  4.99901e-02 | 68 -0.04191 -4.59441e-02 | 69  0.02739  1.65336e-01
 70 -0.34573  2.31045e-03 | 71 -0.01871  3.88270e-02 | 72 -0.39147  9.56985e-05
 73  0.13773 -3.75328e-02 | 74  0.36651  1.42270e-02 | 75 -0.37794  1.60872e-02
 76 -0.09568 -1.42738e-02 | 77 -0.23929  4.93208e-03 | 78 -0.00429 -3.77777e-02
 79  0.02986  2.22381e-02 | 80 -0.08526 -3.88683e-02 | 81 -0.21725 -6.90126e-03
 82 -0.23171 -1.58847e-02 | 83 -0.31055  3.39119e-04 | 84  0.44338  1.75070e-02
 85  0.53396  2.11391e-02 | 86 -0.00606 -2.07638e-02 | 87 -0.35031  1.35578e-02
 88  0.54049  1.73863e-02 | 89  0.28618 -1.92557e-02 | 90  0.02347  1.40930e-01
 91 -0.08192  3.07864e-02 | 92 -0.40555  5.79721e-02 | 93  0.13559  2.26609e-03
 94 -0.00168  1.91938e-02 | 95 -0.61256  6.29305e-03 | 96  0.51703 -8.62564e-03
 97  0.50899  2.47913e-02 |

 - final statistics:
97 variables; iteration 131; function evaluation 158
Function value 1.1663e+03; maximum gradient component mag -5.9814e-05
Exit code = 1;  converg criter 1.0000e-04
Var    Value     Gradient |Var    Value     Gradient |Var    Value     Gradient
  1 -0.00257 -1.81965e-05 |  2 -0.56828 -5.98145e-05 |  3 -0.22028 -8.86859e-07
  4 -0.18261 -5.17784e-06 |  5 -0.41003 -1.51952e-06 |  6 -0.16544  4.23071e-07
  7 -0.28394  2.37985e-05 |  8 -0.00384 -6.68979e-07 |  9 -0.00490 -2.51245e-06
 10 -0.00604  9.46924e-08 | 11 -0.00472 -1.81825e-06 | 12  0.00665 -1.64094e-06
 13  0.00247 -2.03563e-07 | 14  0.00262 -2.65899e-06 | 15 -0.01135 -1.81832e-06
 16 -0.01319 -2.48105e-07 | 17 -0.00576 -9.15884e-07 | 18 -0.01458 -1.41995e-06
 19 -0.00601 -1.74898e-08 | 20 -0.01914  3.27276e-08 | 21 -0.01183 -1.30381e-07
 22  0.00058  8.69906e-07 | 23 -0.01414  1.10712e-06 | 24 -0.01571 -2.40157e-07
 25 -0.00140  7.25517e-07 | 26 -0.01743 -6.96896e-07 | 27 -0.01113 -3.54993e-07
 28 -0.03023 -1.92688e-06 | 29 -0.03106 -2.29664e-06 | 30 -0.00252 -1.96414e-06
 31 -0.00412 -2.16085e-06 | 32  0.00766  4.87039e-07 | 33  0.02054  5.22872e-08
 34  0.01422  1.57281e-06 | 35  0.00849  4.08618e-06 | 36  0.03665  5.04318e-06
 37 -0.00113  1.86725e-06 | 38  0.03165  5.77907e-06 | 39  0.01127  1.64099e-06
 40 -0.01716 -2.04685e-06 | 41  0.00403 -3.42745e-06 | 42 -0.01511 -4.35570e-06
 43 -0.00716 -2.72912e-06 | 44  0.00931 -3.86147e-06 | 45  0.02451 -6.21539e-07
 46 -0.86467  4.45242e-05 | 47 -0.27629  1.07960e-05 | 48 -0.51765 -2.88409e-07
 49  0.29827  2.29759e-06 | 50  0.49501  1.11213e-05 | 51 -0.19391 -2.89783e-07
 52 -0.45123  4.56255e-09 | 53  0.36780  7.40659e-07 | 54  0.46676  4.14846e-07
 55 -0.13817 -1.37432e-06 | 56 -0.40345  1.24002e-07 | 57  0.45270  6.06875e-07
 58  0.57024 -5.57863e-07 | 59 -0.02199 -2.33319e-06 | 60 -0.00432  8.36887e-06
 61 -0.02169  2.56915e-06 | 62  0.23197  3.45538e-07 | 63 -0.09615 -6.39664e-06
 64 -0.18350 -2.34523e-06 | 65  0.40028  4.82599e-06 | 66  0.43311 -3.46936e-06
 67 -0.28801 -2.65958e-06 | 68 -0.04247  1.09923e-05 | 69  0.02786 -7.92575e-06
 70 -0.34689  7.48996e-07 | 71 -0.01872 -1.06094e-05 | 72 -0.39142 -8.94442e-08
 73  0.13775  1.00551e-05 | 74  0.36653 -1.28701e-06 | 75 -0.37871 -2.11680e-06
 76 -0.09570 -1.26087e-05 | 77 -0.23917 -1.90271e-06 | 78 -0.00429  1.28227e-05
 79  0.02983  3.16755e-06 | 80 -0.08516 -3.69712e-06 | 81 -0.21707  7.77456e-07
 82 -0.23166  1.35937e-07 | 83 -0.31055  6.54964e-09 | 84  0.44340 -5.72942e-07
 85  0.53379  5.15985e-07 | 86 -0.00609  8.79638e-06 | 87 -0.35048  6.15113e-06
 88  0.54049  2.70132e-06 | 89  0.28664  6.21325e-06 | 90  0.02350 -3.92949e-06
 91 -0.08196  1.56735e-05 | 92 -0.40559  2.31449e-05 | 93  0.13612 -3.74983e-06
 94 -0.00163  3.07548e-06 | 95 -0.61497  7.02185e-08 | 96  0.51708 -1.81407e-06
 97  0.50892 -1.17483e-07 |

Initial statistics: 109 variables; iteration 0; function evaluation 0; phase 7
Function value 1.1662804e+03; maximum gradient component mag -8.8666e+01
Var    Value     Gradient |Var    Value     Gradient |Var    Value     Gradient
  1 -0.00257 -1.81965e-05 |  2 -0.56828 -5.98145e-05 |  3 -0.22028 -8.86858e-07
  4 -0.18261 -5.17791e-06 |  5 -0.41003 -1.51953e-06 |  6 -0.16544  4.23074e-07
  7 -0.28394  2.37991e-05 |  8 -0.00384 -6.68979e-07 |  9 -0.00490 -2.51245e-06
 10 -0.00604  9.46924e-08 | 11 -0.00472 -1.81825e-06 | 12  0.00665 -1.64094e-06
 13  0.00247 -2.03563e-07 | 14  0.00262 -2.65899e-06 | 15 -0.01135 -1.81832e-06
 16 -0.01319 -2.48105e-07 | 17 -0.00576 -9.15884e-07 | 18 -0.01458 -1.41995e-06
 19 -0.00601 -1.74900e-08 | 20 -0.01914  3.27276e-08 | 21 -0.01183 -1.30381e-07
 22  0.00058  8.69905e-07 | 23 -0.01414  1.29458e-06 | 24 -0.01571 -5.27038e-08
 25 -0.00140  9.13027e-07 | 26 -0.01743 -5.09456e-07 | 27 -0.01113 -1.67512e-07
 28 -0.03023 -1.73958e-06 | 29 -0.03106 -2.10935e-06 | 30 -0.00252 -1.77663e-06
 31 -0.00412 -1.97335e-06 | 32  0.00766  6.74537e-07 | 33  0.02054  2.39702e-07
 34  0.01422  1.76028e-06 | 35  0.00849  4.27367e-06 | 36  0.03665  5.23038e-06
 37 -0.00113  2.05476e-06 | 38  0.03165  5.96635e-06 | 39  0.01127  1.82848e-06
 40 -0.01716 -1.85941e-06 | 41  0.00403 -3.23995e-06 | 42 -0.01511 -4.16824e-06
 43 -0.00716 -2.54162e-06 | 44  0.00931 -3.67398e-06 | 45  0.02451 -4.34167e-07
 46  0.00000 -5.77229e+01 | 47  0.00000 -8.86662e+01 | 48  0.00000 -4.87717e+01
 49  0.00000 -5.73046e+01 | 50  0.00000 -3.66961e+01 | 51  0.00000 -7.74227e+00
 52  0.00000 -1.24143e+01 | 53  0.00000 -2.25683e+01 | 54  0.00000 -2.84779e+01
 55  0.00000 -4.04165e+00 | 56  0.00000 -9.85680e-01 | 57  0.00000  0.00000e+00
 58 -0.86467  4.45252e-05 | 59 -0.27629  1.07962e-05 | 60 -0.51765 -2.88408e-07
 61  0.29827  2.29762e-06 | 62  0.49501  1.11215e-05 | 63 -0.19391 -2.89783e-07
 64 -0.45123  4.56255e-09 | 65  0.36780  7.40659e-07 | 66  0.46676  4.14846e-07
 67 -0.13817 -1.37432e-06 | 68 -0.40345  1.24002e-07 | 69  0.45270  6.06875e-07
 70  0.57024 -5.57864e-07 | 71 -0.02199 -2.33319e-06 | 72 -0.00432  8.36887e-06
 73 -0.02169  2.56915e-06 | 74  0.23197  3.45538e-07 | 75 -0.09615 -6.39664e-06
 76 -0.18350 -2.34523e-06 | 77  0.40028  4.82599e-06 | 78  0.43311 -3.46936e-06
 79 -0.28801 -2.65958e-06 | 80 -0.04247  1.09923e-05 | 81  0.02786 -7.92575e-06
 82 -0.34689  7.48996e-07 | 83 -0.01872 -1.06094e-05 | 84 -0.39142 -8.94442e-08
 85  0.13775  1.00551e-05 | 86  0.36653 -1.28701e-06 | 87 -0.37871 -2.11680e-06
 88 -0.09570 -1.26087e-05 | 89 -0.23917 -1.90271e-06 | 90 -0.00429  1.28227e-05
 91  0.02983  3.16755e-06 | 92 -0.08516 -3.69712e-06 | 93 -0.21707  7.77456e-07
 94 -0.23166  1.35937e-07 | 95 -0.31055  6.54964e-09 | 96  0.44340 -5.72942e-07
 97  0.53379  5.15985e-07 | 98 -0.00609  8.79638e-06 | 99 -0.35048  6.15113e-06
100  0.54049  2.70132e-06 |101  0.28664  6.21325e-06 |102  0.02350 -3.92949e-06
103 -0.08196  1.56735e-05 |104 -0.40559  2.31449e-05 |105  0.13612 -3.74983e-06
106 -0.00163  3.07548e-06 |107 -0.61497  7.02185e-08 |108  0.51708 -1.81407e-06
109  0.50892 -1.17483e-07 |

Intermediate statistics: 109 variables; iteration 20; function evaluation 26; phase 7
Function value 1.1645442e+03; maximum gradient component mag 5.4620e+01
Var    Value     Gradient |Var    Value     Gradient |Var    Value     Gradient
  1 -0.00448 -2.15162e+01 |  2 -0.56788 -3.48159e+01 |  3 -0.21934  1.93299e-01
  4 -0.18224  5.46196e+01 |  5 -0.40795  3.71158e+01 |  6 -0.16080  1.45718e+00
  7 -0.28560  2.63892e+01 |  8 -0.00380  1.38557e+00 |  9 -0.00496  1.44447e+00
 10 -0.00621  1.48389e+00 | 11 -0.00497  1.56343e+00 | 12  0.00626  1.87203e+00
 13  0.00202  1.68727e+00 | 14  0.00211  1.55914e+00 | 15 -0.01181  1.04996e+00
 16 -0.01366  7.10527e-01 | 17 -0.00624  3.07023e-01 | 18 -0.01495 -3.99417e-01
 19 -0.00626 -1.47751e+00 | 20 -0.01921 -2.13008e+00 | 21 -0.01179 -3.14551e+00
 22  0.00187 -3.71873e+00 | 23 -0.01626  1.41710e+01 | 24 -0.01622  1.48150e+01
 25 -0.00096  1.47242e+01 | 26 -0.01789  1.48473e+01 | 27 -0.01085  1.47858e+01
 28 -0.03026  1.53773e+01 | 29 -0.03129  1.60529e+01 | 30 -0.00232  1.54195e+01
 31 -0.00400  1.68992e+01 | 32  0.00789  1.94208e+01 | 33  0.02127  2.22317e+01
 34  0.01512  2.35368e+01 | 35  0.00870  2.43727e+01 | 36  0.03851  2.74219e+01
 37 -0.00118  2.23179e+01 | 38  0.03353  2.32429e+01 | 39  0.01250  1.85545e+01
 40 -0.01686  1.44599e+01 | 41  0.00478  9.27715e+00 | 42 -0.01525  1.14754e+01
 43 -0.00789  1.07731e+01 | 44  0.01155  1.60538e+01 | 45  0.01928  2.36798e+01
 46  0.01041 -9.65531e+00 | 47  0.01182 -1.49800e+01 | 48  0.00249 -8.78751e-01
 49  0.01021 -9.30302e+00 | 50  0.00565 -9.58773e+00 | 51 -0.00119 -1.66129e+00
 52  0.00091 -3.46292e+00 | 53  0.00522 -7.24679e+00 | 54  0.01208 -8.29898e+00
 55  0.00082 -1.43390e+00 | 56  0.00037 -2.91780e-01 | 57  0.00000  0.00000e+00
 58 -0.86446  6.72145e+00 | 59 -0.27572 -1.85794e-01 | 60 -0.51760  4.17518e-03
 61  0.30028  1.59418e+00 | 62  0.49813  1.94598e+00 | 63 -0.19197 -7.09520e+00
 64 -0.45118 -1.11388e-02 | 65  0.37100  3.85623e+00 | 66  0.46970 -7.04069e-01
 67 -0.13580  3.04911e+00 | 68 -0.40341  8.41227e-03 | 69  0.45319 -1.20970e+00
 70  0.57315  7.83080e-01 | 71 -0.02311  4.65124e-01 | 72 -0.00457 -2.70665e+00
 73 -0.02229 -7.32361e-01 | 74  0.23200 -8.09722e-02 | 75 -0.09214  1.89913e-01
 76 -0.18232  5.51084e-02 | 77  0.39946 -1.42711e-01 | 78  0.43393  8.04321e-02
 79 -0.28751 -2.71861e-02 | 80 -0.04010  3.90351e-02 | 81  0.02810  4.03091e-01
 82 -0.34759  1.05705e-01 | 83 -0.01653  3.93188e+00 | 84 -0.39143  2.15583e-02
 85  0.13705 -2.45978e+00 | 86  0.36561  1.56138e+00 | 87 -0.37920  9.32785e-03
 88 -0.09301  2.81718e+00 | 89 -0.23862  2.29006e-01 | 90 -0.00439 -1.09314e-01
 91  0.02998  1.60664e+00 | 92 -0.08562  1.14675e-01 | 93 -0.21807  5.87097e-03
 94 -0.23007  2.17979e-01 | 95 -0.31051  4.71224e-03 | 96  0.44279  9.42682e-02
 97  0.53423  2.36392e-01 | 98 -0.00354  3.35472e+00 | 99 -0.35264 -1.05181e+00
100  0.53959 -3.27142e+00 |101  0.28645 -1.90320e-01 |102  0.02363 -2.12362e+00
103 -0.08287 -1.18522e+00 |104 -0.40576 -4.67328e+00 |105  0.13498 -3.83494e-01
106  0.00090  5.15102e+00 |107 -0.61488  5.14024e-02 |108  0.51917 -2.23195e+00
109  0.51008  1.26260e+00 |
109 variables; iteration 40; function evaluation 47; phase 7
Function value 1.1644139e+03; maximum gradient component mag 2.5050e+01
Var    Value     Gradient |Var    Value     Gradient |Var    Value     Gradient
  1 -0.00678 -1.17183e+01 |  2 -0.56598 -1.70131e+01 |  3 -0.22006 -3.11127e-01
  4 -0.18308  2.50501e+01 |  5 -0.40815  1.85273e+01 |  6 -0.16360 -2.15279e-01
  7 -0.28664  1.31624e+01 |  8 -0.00390  7.69923e-01 |  9 -0.00507  8.36494e-01
 10 -0.00634  8.66049e-01 | 11 -0.00517  8.51507e-01 | 12  0.00594  9.48425e-01
 13  0.00166  7.73227e-01 | 14  0.00169  6.02783e-01 | 15 -0.01216  3.27771e-01
 16 -0.01394  2.07290e-01 | 17 -0.00645  4.43383e-02 | 18 -0.01493 -1.09263e-01
 19 -0.00594 -3.34452e-01 | 20 -0.01887 -8.62432e-01 | 21 -0.01133 -1.52915e+00
 22  0.00192 -2.93505e+00 | 23 -0.01672  6.65461e+00 | 24 -0.01584  8.46431e+00
 25 -0.00064  8.39349e+00 | 26 -0.01759  7.56554e+00 | 27 -0.01148  4.65195e+00
 28 -0.03039  6.99617e+00 | 29 -0.03102  9.15508e+00 | 30 -0.00167  9.06295e+00
 31 -0.00430  6.71111e+00 | 32  0.00747  7.53384e+00 | 33  0.02159  1.13016e+01
 34  0.01513  1.20277e+01 | 35  0.00846  1.13748e+01 | 36  0.03833  1.09200e+01
 37 -0.00179  1.06885e+01 | 38  0.03425  1.31898e+01 | 39  0.01200  6.59043e+00
 40 -0.01670  7.30331e+00 | 41  0.00533  5.83847e+00 | 42 -0.01589  4.00332e+00
 43 -0.00727  5.37877e+00 | 44  0.01196  7.31698e+00 | 45  0.01770  1.21631e+01
 46  0.01149 -5.30766e+00 | 47  0.01392 -5.21037e+00 | 48  0.00163  8.81966e-01
 49  0.01103 -5.98985e+00 | 50  0.00658 -5.93947e+00 | 51 -0.00120  1.78480e-01
 52  0.00174  1.58919e-01 | 53  0.00699 -2.14812e+00 | 54  0.01581 -1.89067e+00
 55  0.00095 -8.56610e-01 | 56  0.00046 -1.27223e-01 | 57  0.00000  0.00000e+00
 58 -0.86409  5.02319e+00 | 59 -0.27529 -7.41717e-01 | 60 -0.51499  6.39539e-03
 61  0.30081  1.60115e+00 | 62  0.49853  1.27965e+00 | 63 -0.19158 -3.64659e+00
 64 -0.44959 -1.09636e-02 | 65  0.36939  4.67205e-01 | 66  0.46949 -1.32835e+00
 67 -0.13571  6.54239e-01 | 68 -0.40258  4.42274e-04 | 69  0.45238 -1.22399e+00
 70  0.57325  2.26952e-01 | 71 -0.02733 -4.93816e-01 | 72 -0.00517 -1.04766e+00
 73 -0.02164  1.36932e-01 | 74  0.24264  1.53277e-01 | 75 -0.08522  3.96621e-01
 76 -0.18756  5.29563e-01 | 77  0.40640  5.20828e-01 | 78  0.42847  4.36353e-01
 79 -0.24226 -6.56043e-02 | 80 -0.02107  2.32331e+00 | 81  0.02577  1.38388e+00
 82 -0.39470 -1.42514e-02 | 83 -0.01244  1.96689e+00 | 84 -0.39211  6.99206e-03
 85  0.13728 -2.46386e+00 | 86  0.35464  6.15245e-01 | 87 -0.39863 -3.04458e-01
 88 -0.09206  1.40336e+00 | 89 -0.26159 -4.78874e-01 | 90 -0.00471  5.10140e-01
 91  0.03416 -5.41552e-01 | 92 -0.08578  1.94470e-01 | 93 -0.24045 -5.53796e-01
 94 -0.22934  9.28336e-01 | 95 -0.30911  1.14462e-02 | 96  0.44277 -2.08814e-01
 97  0.53453  3.85491e-01 | 98 -0.00488  1.37284e+00 | 99 -0.34451  4.20460e-02
100  0.53715 -1.60516e+00 |101  0.28241  3.90794e-01 |102  0.02386 -1.38967e+00
103 -0.08712 -7.21492e-01 |104 -0.40383 -9.24446e-01 |105  0.10733 -6.18996e-01
106 -0.00136  2.55466e+00 |107 -0.61218  3.82386e-02 |108  0.51723 -1.32560e+00
109  0.51358  1.19143e+00 |
109 variables; iteration 60; function evaluation 67; phase 7
Function value 1.1643289e+03; maximum gradient component mag 3.5273e+00
Var    Value     Gradient |Var    Value     Gradient |Var    Value     Gradient
  1 -0.00457 -1.60193e+00 |  2 -0.56712 -2.11977e+00 |  3 -0.21921  4.28701e-02
  4 -0.18394  2.41894e+00 |  5 -0.40790  2.58090e+00 |  6 -0.16231 -2.94889e-01
  7 -0.28763 -9.29179e-01 |  8 -0.00394  6.63009e-03 |  9 -0.00521 -9.22504e-02
 10 -0.00657 -2.02864e-01 | 11 -0.00538 -2.06188e-01 | 12  0.00571 -2.93207e-01
 13  0.00150 -2.55004e-01 | 14  0.00164 -1.97392e-01 | 15 -0.01220 -2.35160e-01
 16 -0.01414 -5.23739e-01 | 17 -0.00680 -8.33524e-01 | 18 -0.01518 -5.69754e-01
 19 -0.00609 -3.22487e-01 | 20 -0.01869  2.53909e-02 | 21 -0.01084  3.43775e-01
 22  0.00256 -5.96190e-01 | 23 -0.01661  1.21072e+00 | 24 -0.01655  1.25122e+00
 25 -0.00064  1.45372e+00 | 26 -0.01774  1.18788e+00 | 27 -0.01091 -1.20980e-01
 28 -0.03044  7.84579e-01 | 29 -0.03123  2.10129e+00 | 30 -0.00137  2.53537e+00
 31 -0.00434 -7.46260e-01 | 32  0.00741 -5.30496e-01 | 33  0.02217  3.52730e+00
 34  0.01447  3.76228e-01 | 35  0.00815  9.51774e-01 | 36  0.03878  1.24788e+00
 37 -0.00253  2.88430e-01 | 38  0.03378  1.52905e+00 | 39  0.01270  8.03276e-01
 40 -0.01719 -2.39776e-01 | 41  0.00572  1.12978e+00 | 42 -0.01492  8.14463e-01
 43 -0.00731  4.35588e-01 | 44  0.01269  2.02517e+00 | 45  0.01602  3.30931e+00
 46  0.01299 -2.43165e-01 | 47  0.01500  1.02550e+00 | 48  0.00086  1.46027e+00
 49  0.01222 -1.04380e+00 | 50  0.00810 -5.38782e-01 | 51 -0.00174  2.45226e-01
 52  0.00166  7.11228e-01 | 53  0.00817  4.55411e-01 | 54  0.01702  5.41003e-01
 55  0.00130 -1.41573e-01 | 56  0.00052 -9.41846e-03 | 57  0.00000  0.00000e+00
 58 -0.86368 -9.30964e-01 | 59 -0.27506 -8.56704e-01 | 60 -0.51348  2.48462e-03
 61  0.30053  3.99799e-01 | 62  0.49911 -1.25366e-01 | 63 -0.19051 -1.10297e+00
 64 -0.44855 -2.26319e-03 | 65  0.37029  9.52477e-02 | 66  0.47034 -4.91497e-01
 67 -0.13549  3.72276e-02 | 68 -0.40205  4.72800e-04 | 69  0.45244 -9.28824e-02
 70  0.57385  1.14363e-02 | 71 -0.02307 -1.22451e-01 | 72 -0.00436  4.22711e-01
 73 -0.02223 -3.26107e-01 | 74  0.23634  7.96236e-03 | 75 -0.09614 -3.91383e-01
 76 -0.18960  1.78713e-01 | 77  0.39089  2.46661e-01 | 78  0.44367  2.43808e-01
 79 -0.24802 -3.21981e-02 | 80 -0.02663  8.86066e-01 | 81  0.02581  8.25526e-01
 82 -0.40961 -8.95127e-02 | 83 -0.01518  2.31467e-02 | 84 -0.39237 -8.68930e-05
 85  0.13675 -2.47310e-01 | 86  0.36299 -1.18369e-02 | 87 -0.37629  1.18147e-01
 88 -0.09203 -1.94065e-01 | 89 -0.24141 -1.10186e-01 | 90 -0.00477  5.83573e-01
 91  0.03057 -3.46919e-01 | 92 -0.08713 -4.42337e-01 | 93 -0.21487  2.56205e-01
 94 -0.22962 -3.63453e-01 | 95 -0.30807 -1.60190e-03 | 96  0.44260  2.18584e-01
 97  0.53452 -4.81233e-02 | 98 -0.00239 -2.36343e-02 | 99 -0.35238  2.09593e-01
100  0.54025  4.52802e-01 |101  0.28431  8.84031e-02 |102  0.02328  2.67848e-01
103 -0.08219  1.76752e-01 |104 -0.40538 -1.84813e-01 |105  0.13123  3.89273e-02
106  0.00185  3.77221e-01 |107 -0.61080  2.11243e-03 |108  0.52034 -3.78230e-02
109  0.50699 -2.76970e-01 |
109 variables; iteration 80; function evaluation 92; phase 7
Function value 1.1643192e+03; maximum gradient component mag 1.5458e+00
Var    Value     Gradient |Var    Value     Gradient |Var    Value     Gradient
  1 -0.00470 -3.68773e-01 |  2 -0.56698 -4.62591e-01 |  3 -0.21903  7.35180e-02
  4 -0.18387  1.21270e-01 |  5 -0.40815  6.79621e-01 |  6 -0.16184 -6.36357e-02
  7 -0.28774 -1.44901e+00 |  8 -0.00394  3.14705e-03 |  9 -0.00516 -2.33074e-02
 10 -0.00656 -1.88684e-01 | 11 -0.00545 -3.24023e-01 | 12  0.00560 -4.46538e-01
 13  0.00146 -3.04407e-01 | 14  0.00171 -7.41138e-02 | 15 -0.01215 -1.18386e-01
 16 -0.01407 -3.39651e-01 | 17 -0.00659 -3.81961e-01 | 18 -0.01514 -4.02876e-01
 19 -0.00624 -4.93119e-01 | 20 -0.01877  1.90445e-02 | 21 -0.01064  8.74498e-01
 22  0.00275 -2.33184e-01 | 23 -0.01683  4.96719e-02 | 24 -0.01672  6.51311e-02
 25 -0.00052  7.18441e-01 | 26 -0.01780  3.77561e-01 | 27 -0.01079 -5.86033e-01
 28 -0.03044  9.18447e-02 | 29 -0.03116  1.13606e+00 | 30 -0.00172  6.89796e-01
 31 -0.00396 -5.52022e-01 | 32  0.00763 -8.04733e-01 | 33  0.02180  1.32723e+00
 34  0.01476 -1.73535e-01 | 35  0.00803 -2.50283e-01 | 36  0.03876  1.81099e-01
 37 -0.00232 -4.22052e-01 | 38  0.03366  2.25154e-01 | 39  0.01266  3.17229e-02
 40 -0.01708 -5.33236e-01 | 41  0.00562  3.33042e-01 | 42 -0.01487  2.05305e-01
 43 -0.00710  3.77156e-02 | 44  0.01267  8.25497e-01 | 45  0.01573  1.54577e+00
 46  0.01321  5.72243e-02 | 47  0.01504  1.12654e+00 | 48  0.00054  7.29901e-01
 49  0.01256 -1.99209e-01 | 50  0.00818 -2.75537e-02 | 51 -0.00174  2.54947e-01
 52  0.00157  4.72761e-01 | 53  0.00815  3.06232e-01 | 54  0.01685  2.75388e-01
 55  0.00149  1.08851e-01 | 56  0.00052 -1.38036e-02 | 57  0.00000  0.00000e+00
 58 -0.86366 -9.02139e-01 | 59 -0.27493 -4.80720e-01 | 60 -0.51472  4.25257e-04
 61  0.30066  3.08984e-01 | 62  0.49918  4.21548e-02 | 63 -0.19043 -5.52932e-01
 64 -0.44907 -2.55200e-03 | 65  0.37019 -2.27787e-01 | 66  0.47037 -4.39087e-01
 67 -0.13515 -1.94622e-01 | 68 -0.40226 -1.36963e-03 | 69  0.45264 -1.19288e-01
 70  0.57294 -1.18422e-01 | 71 -0.02431 -1.54505e-01 | 72 -0.00452  2.83678e-01
 73 -0.02188 -8.41113e-02 | 74  0.23334  7.29455e-03 | 75 -0.08949 -7.16648e-03
 76 -0.19345  5.70081e-02 | 77  0.40138  5.98480e-02 | 78  0.43637  1.16755e-01
 79 -0.27342 -4.91184e-02 | 80 -0.03443  3.64446e-01 | 81  0.02869  6.45129e-01
 82 -0.37203  4.36834e-02 | 83 -0.01450 -1.31519e-01 | 84 -0.39230 -1.16285e-03
 85  0.13684 -1.39072e-01 | 86  0.36106 -7.42990e-02 | 87 -0.37970  4.80920e-02
 88 -0.09199 -2.87782e-01 | 89 -0.24422 -9.01903e-02 | 90 -0.00470  3.89725e-01
 91  0.03125 -1.02640e-01 | 92 -0.08674 -2.21901e-01 | 93 -0.21993  1.11405e-01
 94 -0.22955 -1.48162e-01 | 95 -0.30815 -6.91823e-04 | 96  0.44245  8.04671e-02
 97  0.53458 -2.09555e-02 | 98 -0.00236  4.04176e-02 | 99 -0.35231 -1.48808e-01
100  0.53974 -7.94116e-03 |101  0.28354 -7.93593e-02 |102  0.02336  2.98067e-01
103 -0.08226 -1.26622e-01 |104 -0.40520  8.19388e-02 |105  0.12707 -7.15848e-03
106  0.00085  1.97054e-03 |107 -0.61227 -6.91562e-03 |108  0.51890 -2.86372e-01
109  0.50814 -3.07718e-01 |
109 variables; iteration 100; function evaluation 119; phase 7
Function value 1.1643160e+03; maximum gradient component mag 4.7359e-01
Var    Value     Gradient |Var    Value     Gradient |Var    Value     Gradient
  1 -0.00461 -1.07491e-01 |  2 -0.56703 -8.99130e-02 |  3 -0.21914  2.60753e-02
  4 -0.18382 -8.73656e-02 |  5 -0.40823  2.86621e-01 |  6 -0.16179 -2.13681e-02
  7 -0.28771 -4.73398e-01 |  8 -0.00394  3.68788e-02 |  9 -0.00502  2.29821e-01
 10 -0.00639  1.12706e-01 | 11 -0.00527 -1.47724e-02 | 12  0.00565 -3.18231e-01
 13  0.00165  2.81779e-02 | 14  0.00176  7.19771e-02 | 15 -0.01213 -3.69371e-02
 16 -0.01393 -5.24372e-02 | 17 -0.00651 -1.73253e-01 | 18 -0.01499 -7.52819e-02
 19 -0.00609 -1.39724e-01 | 20 -0.01879 -1.08275e-02 | 21 -0.01093  3.31101e-01
 22  0.00284 -9.24727e-02 | 23 -0.01675  2.65967e-02 | 24 -0.01660  2.32894e-02
 25 -0.00065  1.94801e-01 | 26 -0.01786  9.24241e-02 | 27 -0.01059 -1.98540e-01
 28 -0.03038  5.95035e-02 | 29 -0.03138  2.95721e-01 | 30 -0.00177  2.07773e-01
 31 -0.00387 -2.02979e-01 | 32  0.00789 -2.26888e-01 | 33  0.02148  3.27986e-01
 34  0.01494  5.39931e-02 | 35  0.00799 -3.01223e-01 | 36  0.03875  2.16293e-01
 37 -0.00229 -4.17612e-01 | 38  0.03365  1.65436e-01 | 39  0.01260 -6.77243e-02
 40 -0.01688 -1.09588e-01 | 41  0.00554  5.98752e-02 | 42 -0.01486  5.38558e-02
 43 -0.00707 -1.56184e-02 | 44  0.01266  2.79232e-01 | 45  0.01546  4.73586e-01
 46  0.01345  9.55923e-02 | 47  0.01487  3.27796e-01 | 48  0.00042  2.11044e-01
 49  0.01267 -8.68570e-03 | 50  0.00814 -7.58066e-02 | 51 -0.00174  1.59974e-01
 52  0.00146  1.52522e-01 | 53  0.00803 -1.73670e-02 | 54  0.01672  3.61370e-02
 55  0.00153  1.53778e-01 | 56  0.00051 -3.12504e-02 | 57  0.00000  0.00000e+00
 58 -0.86363 -3.14643e-01 | 59 -0.27480 -1.14982e-01 | 60 -0.51510  3.35450e-05
 61  0.30079  1.82147e-01 | 62  0.49884  4.62743e-03 | 63 -0.19043 -1.99419e-01
 64 -0.44935 -7.42144e-04 | 65  0.37031 -9.84816e-02 | 66  0.47070 -6.62534e-02
 67 -0.13550 -1.38444e-01 | 68 -0.40238 -4.60205e-04 | 69  0.45250 -1.72349e-02
 70  0.57363 -2.50991e-02 | 71 -0.02310 -1.09951e-02 | 72 -0.00439  7.23871e-02
 73 -0.02211  4.17592e-04 | 74  0.23448  3.71222e-04 | 75 -0.09068  2.63128e-02
 76 -0.19079  1.93284e-02 | 77  0.39970  1.35179e-02 | 78  0.43708  3.77510e-02
 79 -0.26838 -1.91621e-03 | 80 -0.03369  8.40984e-02 | 81  0.02670  2.00326e-01
 82 -0.37415  1.35382e-02 | 83 -0.01457  2.00379e-02 | 84 -0.39218  3.19207e-04
 85  0.13690  1.10545e-01 | 86  0.36116  1.69311e-02 | 87 -0.38137  2.07081e-02
 88 -0.09203 -5.83102e-02 | 89 -0.24307 -1.60623e-02 | 90 -0.00455  9.28917e-02
 91  0.03113 -5.03203e-02 | 92 -0.08639 -8.76684e-02 | 93 -0.22159  4.05594e-03
 94 -0.22913 -5.15652e-02 | 95 -0.30829  8.94642e-05 | 96  0.44311  1.35749e-01
 97  0.53402 -1.99459e-02 | 98 -0.00274 -4.62122e-02 | 99 -0.35205  6.07806e-02
100  0.53956  1.15196e-01 |101  0.28403  3.07298e-02 |102  0.02339  7.99299e-02
103 -0.08214  8.11044e-02 |104 -0.40525  3.33126e-02 |105  0.12777 -1.12025e-03
106  0.00072 -3.80941e-02 |107 -0.61253 -2.98882e-03 |108  0.51910 -8.35874e-02
109  0.50887 -1.13468e-01 |

 - final statistics:
109 variables; iteration 110; function evaluation 132
Function value 1.1643e+03; maximum gradient component mag -9.1794e-05
Exit code = 1;  converg criter 1.0000e-04
Var    Value     Gradient |Var    Value     Gradient |Var    Value     Gradient
  1 -0.00457  5.18629e-06 |  2 -0.56705 -2.27024e-06 |  3 -0.21919 -1.58835e-07
  4 -0.18373  8.84876e-06 |  5 -0.40837 -1.14607e-06 |  6 -0.16182 -1.78687e-06
  7 -0.28766 -5.13205e-05 |  8 -0.00397  1.23545e-06 |  9 -0.00518 -4.54709e-06
 10 -0.00647 -3.43617e-06 | 11 -0.00528  1.37359e-06 | 12  0.00584  2.55610e-06
 13  0.00161  1.84161e-06 | 14  0.00170 -3.65184e-06 | 15 -0.01212  7.27131e-07
 16 -0.01391  1.55783e-06 | 17 -0.00643  1.86736e-06 | 18 -0.01496 -6.02424e-07
 19 -0.00603  3.27143e-07 | 20 -0.01879  3.32397e-06 | 21 -0.01111 -4.20681e-06
 22  0.00290  2.43530e-06 | 23 -0.01674 -8.93895e-07 | 24 -0.01657 -1.93946e-06
 25 -0.00070 -3.74147e-06 | 26 -0.01788 -1.20503e-06 | 27 -0.01050  1.04212e-06
 28 -0.03039 -9.38126e-07 | 29 -0.03145 -3.85136e-06 | 30 -0.00181 -2.63709e-06
 31 -0.00382  1.71175e-07 | 32  0.00796  1.04253e-06 | 33  0.02139 -3.87426e-06
 34  0.01492 -3.99939e-06 | 35  0.00815  3.09207e-06 | 36  0.03860 -5.55545e-06
 37 -0.00204  3.81246e-06 | 38  0.03355 -4.32794e-06 | 39  0.01263 -1.41906e-06
 40 -0.01686  1.05407e-06 | 41  0.00552 -3.19429e-07 | 42 -0.01487  1.30509e-07
 43 -0.00703 -9.39709e-07 | 44  0.01263 -3.61640e-06 | 45  0.01536 -4.71748e-06
 46  0.01351  2.24715e-08 | 47  0.01481 -1.63000e-06 | 48  0.00038 -7.83417e-07
 49  0.01268 -1.17425e-06 | 50  0.00817  2.81091e-06 | 51 -0.00181 -2.61636e-06
 52  0.00140 -1.34612e-06 | 53  0.00807  2.74765e-06 | 54  0.01671  1.29745e-06
 55  0.00142 -3.23223e-06 | 56  0.00053  1.01832e-06 | 57  0.00000  0.00000e+00
 58 -0.86363 -9.17937e-05 | 59 -0.27493 -1.78082e-05 | 60 -0.51514 -3.63459e-06
 61  0.30050 -4.66559e-06 | 62  0.49889 -1.80788e-05 | 63 -0.19028  2.83123e-06
 64 -0.44939  2.78543e-06 | 65  0.37055  1.83518e-06 | 66  0.47057 -2.13828e-07
 67 -0.13517  1.47577e-06 | 68 -0.40240  5.72241e-07 | 69  0.45296  6.36493e-07
 70  0.57326  1.37600e-06 | 71 -0.02376  1.71077e-07 | 72 -0.00451 -8.19367e-07
 73 -0.02204 -1.08161e-06 | 74  0.23443 -1.51477e-06 | 75 -0.09144  3.93692e-06
 76 -0.18831  3.05523e-06 | 77  0.39868 -1.25834e-06 | 78  0.43648  1.50367e-06
 79 -0.26787  2.63925e-06 | 80 -0.03385 -2.05083e-06 | 81  0.02611  7.15623e-06
 82 -0.37573  6.44706e-07 | 83 -0.01466 -2.59019e-06 | 84 -0.39211  3.12574e-09
 85  0.13683 -1.25022e-06 | 86  0.36126 -5.85856e-07 | 87 -0.38228 -2.50834e-07
 88 -0.09211 -4.26240e-08 | 89 -0.24265 -2.65650e-07 | 90 -0.00449 -2.19146e-06
 91  0.03106  1.80986e-06 | 92 -0.08615  7.74971e-07 | 93 -0.22187 -3.32064e-07
 94 -0.22950  7.07165e-07 | 95 -0.30832  4.99496e-09 | 96  0.44241 -2.08349e-06
 97  0.53447 -6.22292e-07 | 98 -0.00279 -4.83328e-06 | 99 -0.35195 -3.35553e-06
100  0.53947  1.77501e-06 |101  0.28398 -2.38456e-06 |102  0.02340  7.57434e-06
103 -0.08224 -2.98006e-06 |104 -0.40525 -4.63503e-06 |105  0.12782  4.20603e-07
106  0.00070  1.21345e-06 |107 -0.61254  4.29848e-07 |108  0.51921 -6.06036e-07
109  0.50920  6.40013e-07 |
Estimating row 1 out of 109 for hessian
Estimating row 2 out of 109 for hessian
Estimating row 3 out of 109 for hessian
Estimating row 4 out of 109 for hessian
Estimating row 5 out of 109 for hessian
Estimating row 6 out of 109 for hessian
Estimating row 7 out of 109 for hessian
Estimating row 8 out of 109 for hessian
Estimating row 9 out of 109 for hessian
Estimating row 10 out of 109 for hessian
Estimating row 11 out of 109 for hessian
Estimating row 12 out of 109 for hessian
Estimating row 13 out of 109 for hessian
Estimating row 14 out of 109 for hessian
Estimating row 15 out of 109 for hessian
Estimating row 16 out of 109 for hessian
Estimating row 17 out of 109 for hessian
Estimating row 18 out of 109 for hessian
Estimating row 19 out of 109 for hessian
Estimating row 20 out of 109 for hessian
Estimating row 21 out of 109 for hessian
Estimating row 22 out of 109 for hessian
Estimating row 23 out of 109 for hessian
Estimating row 24 out of 109 for hessian
Estimating row 25 out of 109 for hessian
Estimating row 26 out of 109 for hessian
Estimating row 27 out of 109 for hessian
Estimating row 28 out of 109 for hessian
Estimating row 29 out of 109 for hessian
Estimating row 30 out of 109 for hessian
Estimating row 31 out of 109 for hessian
Estimating row 32 out of 109 for hessian
Estimating row 33 out of 109 for hessian
Estimating row 34 out of 109 for hessian
Estimating row 35 out of 109 for hessian
Estimating row 36 out of 109 for hessian
Estimating row 37 out of 109 for hessian
Estimating row 38 out of 109 for hessian
Estimating row 39 out of 109 for hessian
Estimating row 40 out of 109 for hessian
Estimating row 41 out of 109 for hessian
Estimating row 42 out of 109 for hessian
Estimating row 43 out of 109 for hessian
Estimating row 44 out of 109 for hessian
Estimating row 45 out of 109 for hessian
Estimating row 46 out of 109 for hessian
Estimating row 47 out of 109 for hessian
Estimating row 48 out of 109 for hessian
Estimating row 49 out of 109 for hessian
Estimating row 50 out of 109 for hessian
Estimating row 51 out of 109 for hessian
Estimating row 52 out of 109 for hessian
Estimating row 53 out of 109 for hessian
Estimating row 54 out of 109 for hessian
Estimating row 55 out of 109 for hessian
Estimating row 56 out of 109 for hessian
Estimating row 57 out of 109 for hessian
Estimating row 58 out of 109 for hessian
Estimating row 59 out of 109 for hessian
Estimating row 60 out of 109 for hessian
Estimating row 61 out of 109 for hessian
Estimating row 62 out of 109 for hessian
Estimating row 63 out of 109 for hessian
Estimating row 64 out of 109 for hessian
Estimating row 65 out of 109 for hessian
Estimating row 66 out of 109 for hessian
Estimating row 67 out of 109 for hessian
Estimating row 68 out of 109 for hessian
Estimating row 69 out of 109 for hessian
Estimating row 70 out of 109 for hessian
Estimating row 71 out of 109 for hessian
Estimating row 72 out of 109 for hessian
Estimating row 73 out of 109 for hessian
Estimating row 74 out of 109 for hessian
Estimating row 75 out of 109 for hessian
Estimating row 76 out of 109 for hessian
Estimating row 77 out of 109 for hessian
Estimating row 78 out of 109 for hessian
Estimating row 79 out of 109 for hessian
Estimating row 80 out of 109 for hessian
Estimating row 81 out of 109 for hessian
Estimating row 82 out of 109 for hessian
Estimating row 83 out of 109 for hessian
Estimating row 84 out of 109 for hessian
Estimating row 85 out of 109 for hessian
Estimating row 86 out of 109 for hessian
Estimating row 87 out of 109 for hessian
Estimating row 88 out of 109 for hessian
Estimating row 89 out of 109 for hessian
Estimating row 90 out of 109 for hessian
Estimating row 91 out of 109 for hessian
Estimating row 92 out of 109 for hessian
Estimating row 93 out of 109 for hessian
Estimating row 94 out of 109 for hessian
Estimating row 95 out of 109 for hessian
Estimating row 96 out of 109 for hessian
Estimating row 97 out of 109 for hessian
Estimating row 98 out of 109 for hessian
Estimating row 99 out of 109 for hessian
Estimating row 100 out of 109 for hessian
Estimating row 101 out of 109 for hessian
Estimating row 102 out of 109 for hessian
Estimating row 103 out of 109 for hessian
Estimating row 104 out of 109 for hessian
Estimating row 105 out of 109 for hessian
Estimating row 106 out of 109 for hessian
Estimating row 107 out of 109 for hessian
Estimating row 108 out of 109 for hessian
Estimating row 109 out of 109 for hessian
size of file gradfil1.tmp = 809520000
size of file gradfil2.tmp = 0
size of file varssave.tmp = 0
size of file cmpdiff.tmp = 600000024
