
Initial statistics: 27 variables; iteration 0; function evaluation 0; phase 1
Function value 2.3257208e+05; maximum gradient component mag 1.0720e+06
Var    Value     Gradient |Var    Value     Gradient |Var    Value     Gradient
  1  0.15226  1.07196e+06 |  2 -0.90989  2.91000e+04 |  3 -0.90989  2.94858e+04
  4 -0.90989  2.99275e+04 |  5 -0.90989  2.59308e+04 |  6 -0.90989  2.92873e+04
  7 -0.90989  3.19590e+04 |  8 -0.90989  2.02835e+04 |  9 -0.90989  2.20516e+04
 10 -0.90989  2.19026e+04 | 11 -0.90989  2.17799e+04 | 12 -0.90989  1.96148e+04
 13 -0.90989  1.87920e+04 | 14 -0.90989  1.68825e+04 | 15 -0.90989  1.59659e+04
 16 -0.90989  1.91316e+04 | 17 -0.90989  1.73097e+04 | 18 -0.90989  1.78273e+04
 19 -0.90989  1.89106e+04 | 20 -0.90989  2.11723e+04 | 21 -0.90989  2.14921e+04
 22 -0.90989  2.18330e+04 | 23 -0.90989  2.31854e+04 | 24 -0.90989  2.36892e+04
 25 -0.90989  2.37769e+04 | 26 -0.90989  2.43787e+04 | 27 -0.90989  2.55955e+04

Intermediate statistics: 27 variables; iteration 20; function evaluation 72; phase 1
Function value 1.9099463e+04; maximum gradient component mag -7.1147e+04
Var    Value     Gradient |Var    Value     Gradient |Var    Value     Gradient
  1 -0.24331  2.29257e+04 |  2 -0.99899 -7.11468e+04 |  3 -0.99900 -7.08517e+04
  4 -1.00779 -2.89122e+03 |  5 -1.24650 -2.23682e+03 |  6 -0.99995 -1.86246e+03
  7 -1.04144 -1.64327e+04 |  8 -0.74543  9.14020e+02 |  9 -0.87045  1.09054e+03
 10 -0.88744  5.34985e+02 | 11 -0.54796  1.41567e+03 | 12 -0.75916  3.64576e+02
 13 -0.72009  4.58172e+02 | 14  2.56679 -9.18037e+02 | 15  3.23448  3.43338e+01
 16 -0.69707  5.76850e+02 | 17  2.59113 -4.42637e+02 | 18  1.10612 -1.04662e+02
 19 -1.37352  1.94593e+02 | 20 -2.09121 -3.37290e+02 | 21 -2.41117 -2.79067e+02
 22 -2.71240 -1.70414e+02 | 23 -0.86009 -7.49758e+02 | 24 -0.63292 -9.37490e+01
 25 -0.56830  6.44635e+01 | 26 -0.73683 -4.35160e+02 | 27 -0.85973 -1.17029e+03
Maximum number of function evaluations exceeded

 - final statistics:
27 variables; iteration 28; function evaluation 100
Function value 1.7466e+04; maximum gradient component mag -5.7506e+04
Exit code = 3;  converg criter 1.0000e+01
Var    Value     Gradient |Var    Value     Gradient |Var    Value     Gradient
  1 -0.25337  8.58770e+03 |  2 -0.99894 -5.75059e+04 |  3 -0.99895 -5.70882e+04
  4 -1.00815  1.63877e+03 |  5 -1.26139 -2.42286e+03 |  6 -0.99997 -8.92803e+02
  7 -1.04072 -1.50221e+04 |  8 -1.06308  2.51535e+03 |  9 -0.92922 -8.89086e+02
 10 -0.90674 -9.51667e+01 | 11 -0.70702  1.22061e+03 | 12 -0.68739  6.57020e+02
 13 -1.16683  6.72564e+02 | 14  3.43967  6.65527e+02 | 15  3.96212  1.67198e+03
 16 -0.70561  3.55136e+02 | 17  2.80574 -3.58262e+01 | 18 -1.37490 -5.79386e+02
 19 -1.22073  3.20374e+02 | 20 -2.01924 -1.59398e+03 | 21 -1.32758 -2.48271e+02
 22 -5.14453  8.48245e+02 | 23 -2.08307 -4.24047e+02 | 24  1.92949 -1.52948e+02
 25 -0.18252  7.25177e+00 | 26  1.04700 -9.20398e+00 | 27 -1.47295  2.71988e+02

Initial statistics: 30 variables; iteration 0; function evaluation 0; phase 2
Function value 1.7465896e+04; maximum gradient component mag -5.7506e+04
Var    Value     Gradient |Var    Value     Gradient |Var    Value     Gradient
  1 -0.35981 -1.29464e+04 |  2 -0.18203 -9.00065e+03 |  3 -1.00000 -1.11066e-06
  4 -0.25337  8.58770e+03 |  5 -0.99894 -5.75059e+04 |  6 -0.99895 -5.70882e+04
  7 -0.99185 -1.63877e+03 |  8 -0.73861  2.42286e+03 |  9 -0.99997 -8.92803e+02
 10 -0.95928  1.50221e+04 | 11 -0.93692 -2.51535e+03 | 12 -0.92922 -8.89086e+02
 13 -0.90674 -9.51667e+01 | 14 -0.70702  1.22061e+03 | 15 -0.68739  6.57020e+02
 16 -0.83317 -6.72564e+02 | 17 -0.56033  6.65527e+02 | 18 -0.03788  1.67198e+03
 19 -0.70561  3.55136e+02 | 20 -0.80574  3.58262e+01 | 21 -0.62510  5.79386e+02
 22 -0.77927 -3.20374e+02 | 23  0.01924  1.59398e+03 | 24 -0.67242  2.48271e+02
 25 -0.85547 -8.48245e+02 | 26  0.08307  4.24047e+02 | 27  0.07051  1.52948e+02
 28 -0.18252  7.25177e+00 | 29  0.95300  9.20398e+00 | 30 -0.52705 -2.71988e+02

Intermediate statistics: 30 variables; iteration 20; function evaluation 32; phase 2
Function value 1.0939318e+04; maximum gradient component mag 1.4451e+04
Var    Value     Gradient |Var    Value     Gradient |Var    Value     Gradient
  1 -0.08754 -7.95636e+03 |  2  0.54109 -4.91745e+00 |  3  0.49049  9.22250e+01
  4 -0.31091 -6.83966e+03 |  5 -0.97314  1.22966e+04 |  6 -0.98511  6.91327e+03
  7 -0.97321  1.22577e+04 |  8 -1.04197 -2.72875e+03 |  9 -0.98045  4.14735e+03
 10 -0.97463  1.44508e+04 | 11 -1.01419  2.79165e+03 | 12 -0.95653 -4.03915e+03
 13 -0.85256  6.24986e+02 | 14 -0.94262 -2.99005e+03 | 15 -0.76706  4.99480e+01
 16 -0.64916  2.31675e+02 | 17 -0.59266  8.78407e+00 | 18 -0.44279  1.43826e+02
 19 -0.54555  1.82074e+02 | 20 -0.53865  4.27397e+01 | 21 -0.17411  1.40003e+02
 22 -0.58236  1.23567e+01 | 23  0.93222  1.10024e+01 | 24 -0.61983  2.01098e+00
 25 -0.24848  2.30549e+02 | 26 -0.60755 -6.18328e+01 | 27 -0.52173 -1.01846e+02
 28 -0.49921 -3.58586e+01 | 29  1.04061  5.51946e+00 | 30  0.08482  7.62698e+01
30 variables; iteration 40; function evaluation 62; phase 2
Function value 9.0912036e+03; maximum gradient component mag 8.5238e+03
Var    Value     Gradient |Var    Value     Gradient |Var    Value     Gradient
  1  0.05096 -1.86935e+02 |  2  0.12805 -3.19901e+02 |  3 -0.31836  6.08420e+01
  4 -0.28398  6.38037e+03 |  5 -0.99274  4.45344e+03 |  6 -0.99253  5.57858e+03
  7 -0.99192  8.52381e+03 |  8 -1.01885 -8.55220e+02 |  9 -0.99012  2.42867e+03
 10 -0.99355  6.37445e+03 | 11 -0.91939 -5.57653e+02 | 12 -0.88654  1.62334e+03
 13 -0.91933  4.77056e+02 | 14 -0.86273  1.25859e+03 | 15 -0.75884  4.92409e+02
 16 -0.78044  7.56237e+01 | 17 -0.27751  2.39551e+02 | 18 -0.41872  1.37406e+02
 19 -0.58479  1.13228e+02 | 20 -0.52131  6.59399e+01 | 21  0.21015  2.08818e+01
 22 -0.63900 -1.41473e+02 | 23 -0.07387  1.45600e+00 | 24 -0.58946  1.42676e+02
 25 -0.30366  7.76146e+01 | 26 -0.56760  2.54991e+02 | 27 -0.36541  3.58511e+01
 28 -0.60595 -9.36700e+01 | 29  0.49441 -6.30427e+01 | 30  0.58792  1.01879e+02
30 variables; iteration 60; function evaluation 82; phase 2
Function value 8.7038524e+03; maximum gradient component mag -5.8501e+01
Var    Value     Gradient |Var    Value     Gradient |Var    Value     Gradient
  1  0.06472  9.59290e+00 |  2  0.12405  4.54618e-01 |  3 -1.00231 -2.25792e-01
  4 -0.28160 -5.85009e+01 |  5 -0.99373 -3.92940e+01 |  6 -0.99371  4.10562e+01
  7 -0.99370 -3.56828e+01 |  8 -1.01710 -2.88385e+01 |  9 -0.99124  1.67085e+01
 10 -0.99457 -4.30056e+01 | 11 -0.91455 -3.65700e+01 | 12 -0.94004  1.03436e+01
 13 -0.93409  4.43693e+00 | 14 -0.92703  1.63810e+01 | 15 -0.86525 -9.00306e+00
 16 -0.81563 -1.99906e+00 | 17 -0.60518 -4.45212e-02 | 18 -0.36837 -1.13032e+00
 19 -0.69034 -1.49028e+00 | 20 -0.51457  8.36919e-01 | 21  0.17286 -6.56753e-01
 22 -0.56676 -1.23086e-01 | 23 -0.11080 -3.09341e+00 | 24 -0.62524 -8.76154e-01
 25 -0.36027  2.87145e-01 | 26 -0.66499  1.02128e-01 | 27 -0.44433  3.04837e+00
 28 -0.58963  9.49513e-01 | 29  0.37166 -8.85091e-01 | 30 -0.57898  5.32421e-01

 - final statistics:
30 variables; iteration 65; function evaluation 87
Function value 8.7038e+03; maximum gradient component mag -8.3777e+00
Exit code = 1;  converg criter 1.0000e+01
Var    Value     Gradient |Var    Value     Gradient |Var    Value     Gradient
  1  0.06442  2.71729e+00 |  2  0.12447  1.62603e-01 |  3 -1.00097 -9.08166e-02
  4 -0.28154  5.27005e+00 |  5 -0.99373 -1.92064e+00 |  6 -0.99372  1.09016e+00
  7 -0.99370  4.89672e+00 |  8 -1.01706  3.23903e+00 |  9 -0.99125 -8.37766e+00
 10 -0.99457  5.60468e+00 | 11 -0.91375 -1.07638e+00 | 12 -0.94015  2.15509e+00
 13 -0.93419 -4.50250e-01 | 14 -0.92730  1.99670e+00 | 15 -0.86468  6.30591e-01
 16 -0.81546 -1.83549e-01 | 17 -0.60567 -2.09602e-01 | 18 -0.36650  8.32605e-02
 19 -0.68982 -8.88787e-02 | 20 -0.51501  6.07628e-02 | 21  0.17351 -3.63550e-01
 22 -0.56674 -6.35601e-02 | 23 -0.10518  7.90087e-02 | 24 -0.62502  1.42874e-01
 25 -0.36082 -3.88207e-02 | 26 -0.66462  1.30793e-02 | 27 -0.44804 -1.90678e-01
 28 -0.58945  1.04213e-01 | 29  0.37693  1.13273e-01 | 30 -0.57940 -4.26964e-02

Initial statistics: 44 variables; iteration 0; function evaluation 0; phase 3
Function value 8.7038090e+03; maximum gradient component mag 1.0887e+03
Var    Value     Gradient |Var    Value     Gradient |Var    Value     Gradient
  1  0.06442  2.71729e+00 |  2  0.12447  1.62603e-01 |  3 -0.99903  9.08166e-02
  4 -0.28154  5.27005e+00 |  5  0.00000 -4.07176e+02 |  6  0.00000 -1.83876e+02
  7  0.00000 -3.81272e+02 |  8  0.00000 -3.76967e+02 |  9  0.00000 -2.74734e+02
 10  0.00000  3.10584e+02 | 11  0.00000 -7.83604e+02 | 12  0.00000  1.05759e+03
 13  0.00000 -5.22925e+02 | 14  0.00000  7.51484e+02 | 15  0.00000  1.08869e+03
 16  0.00000  9.46900e+02 | 17  0.00000 -6.20433e+02 | 18  0.00000 -6.04261e+02
 19 -0.99373 -1.92064e+00 | 20 -0.99372  1.09016e+00 | 21 -0.99370  4.89672e+00
 22 -0.98294 -3.23903e+00 | 23 -0.99125 -8.37766e+00 | 24 -0.99457  5.60468e+00
 25 -0.91375 -1.07638e+00 | 26 -0.94015  2.15509e+00 | 27 -0.93419 -4.50250e-01
 28 -0.92730  1.99670e+00 | 29 -0.86468  6.30591e-01 | 30 -0.81546 -1.83549e-01
 31 -0.60567 -2.09602e-01 | 32 -0.36650  8.32605e-02 | 33 -0.68982 -8.88787e-02
 34 -0.51501  6.07628e-02 | 35  0.17351 -3.63550e-01 | 36 -0.56674 -6.35601e-02
 37 -0.10518  7.90087e-02 | 38 -0.62502  1.42874e-01 | 39 -0.36082 -3.88207e-02
 40 -0.66462  1.30793e-02 | 41 -0.44804 -1.90678e-01 | 42 -0.58945  1.04213e-01
 43  0.37693  1.13273e-01 | 44 -0.57940 -4.26964e-02 |

Intermediate statistics: 44 variables; iteration 20; function evaluation 28; phase 3
Function value 8.0700843e+03; maximum gradient component mag -6.7264e+03
Var    Value     Gradient |Var    Value     Gradient |Var    Value     Gradient
  1  0.05775  3.13621e+02 |  2  0.10366  4.58979e+01 |  3 -0.99921  5.69935e-02
  4 -0.33383 -1.83419e+03 |  5  0.18323  1.43806e+03 |  6 -0.11920  1.09960e+03
  7  0.12633  1.11004e+03 |  8  0.12926  8.51389e+02 |  9  0.05620  1.10656e+03
 10  0.08088  1.16356e+03 | 11  0.07807  1.49139e+03 | 12 -0.21866  1.15299e+03
 13  0.13451  3.41442e+03 | 14 -0.16455  1.18685e+03 | 15 -0.18005  1.45734e+03
 16 -0.28720  9.45263e+02 | 17  0.06634  1.31893e+03 | 18  0.15854  1.12536e+03
 19 -0.98667 -5.93385e+02 | 20 -0.98558  1.21325e+03 | 21 -0.98550  1.27973e+03
 22 -0.96907 -1.85272e+03 | 23 -0.98368 -3.00996e+03 | 24 -0.99039 -6.72639e+03
 25 -0.81905 -7.91294e+01 | 26 -0.88541 -4.70788e+02 | 27 -0.87602 -5.11660e+02
 28 -0.86824 -6.14314e+02 | 29 -0.55656  1.60104e+01 | 30 -0.83156 -7.25956e+01
 31 -0.50315 -4.02685e+01 | 32 -0.30317  1.55395e+01 | 33 -0.76182 -8.14885e+01
 34 -0.45676  1.58989e+01 | 35 -0.16917  1.29354e+02 | 36 -0.58414 -1.04676e+02
 37 -0.43177  3.54006e+01 | 38 -0.80426 -1.23857e+02 | 39 -0.80340 -5.78852e+02
 40 -0.57078  1.05398e+02 | 41 -0.18610  1.38426e+01 | 42 -0.59289  1.85188e+01
 43  0.50190 -4.41058e+01 | 44 -0.54073 -3.35876e+01 |
44 variables; iteration 40; function evaluation 50; phase 3
Function value 7.9749319e+03; maximum gradient component mag -6.3508e+03
Var    Value     Gradient |Var    Value     Gradient |Var    Value     Gradient
  1  0.05519  1.80214e+02 |  2  0.11862  2.66609e+02 |  3 -0.99864  1.24852e-01
  4 -0.33555 -2.56654e+03 |  5  0.16789  7.73042e+02 |  6 -0.13998  7.83965e+02
  7  0.12198  7.63941e+02 |  8  0.13905  7.29042e+02 |  9  0.11122  8.25187e+02
 10  0.06277  7.23887e+02 | 11  0.07188  1.33458e+03 | 12 -0.25264  8.05994e+02
 13  0.12645  2.75231e+03 | 14 -0.18219  8.76678e+02 | 15 -0.18383  1.16289e+03
 16 -0.28394  7.04652e+02 | 17  0.05613  8.35572e+02 | 18  0.21488  1.31604e+03
 19 -0.98648 -8.80287e+02 | 20 -0.98546  7.90196e+02 | 21 -0.98535  9.05022e+02
 22 -0.96813 -1.76465e+03 | 23 -0.98331 -3.01833e+03 | 24 -0.99008 -6.35079e+03
 25 -0.82207 -1.51201e+02 | 26 -0.88189 -4.45358e+02 | 27 -0.87477 -5.45652e+02
 28 -0.85683 -4.70571e+02 | 29 -0.53289  2.00880e+00 | 30 -0.82049 -1.81628e+02
 31 -0.28723  5.76678e+00 | 32 -0.20861  2.54166e+01 | 33 -0.72267 -2.09695e+01
 34 -0.55039 -2.34928e+01 | 35 -0.42088  3.68300e+01 | 36 -0.59306 -1.12011e+02
 37 -0.46143  1.28520e+01 | 38 -0.80759 -2.16356e+02 | 39 -0.76075 -3.40945e+02
 40 -0.62376 -2.01614e+01 | 41 -0.11845 -1.20518e+02 | 42 -0.55880  3.50107e+01
 43  0.87029 -7.67105e+00 | 44 -0.49969 -9.29040e+00 |
44 variables; iteration 60; function evaluation 75; phase 3
Function value 7.7805534e+03; maximum gradient component mag -1.0725e+03
Var    Value     Gradient |Var    Value     Gradient |Var    Value     Gradient
  1  0.04629 -1.45956e+02 |  2  0.10871 -6.03337e+01 |  3 -1.01687 -1.58024e+00
  4 -0.34169 -1.07248e+03 |  5  0.07528  7.14627e+01 |  6  0.18663 -2.26004e+02
  7  0.17266  1.72258e+01 |  8  0.18527 -1.63167e+02 |  9 -0.04337 -4.50372e+01
 10  0.11382 -1.59480e+02 | 11 -0.00953 -3.00457e+01 | 12 -0.26993 -3.52060e+01
 13  0.11087 -1.63716e+02 | 14 -0.22627 -5.17526e+01 | 15 -0.31927 -9.60924e+01
 16 -0.24621 -2.99463e+01 | 17  0.07835 -4.65949e+01 | 18  0.16736 -7.67267e+01
 19 -0.98443  1.56691e+01 | 20 -0.98445 -5.74981e+01 | 21 -0.98421  2.18835e+02
 22 -0.95820 -1.42917e+02 | 23 -0.97860 -2.65805e+02 | 24 -0.98691 -7.93300e+02
 25 -0.76589 -3.95598e+01 | 26 -0.83418 -4.88978e+01 | 27 -0.80504 -5.33748e+00
 28 -0.77427 -2.16183e+01 | 29 -0.11946  3.72466e+01 | 30 -0.38374  6.57237e+00
 31 -0.33122  3.37006e+00 | 32 -0.36930  7.50868e+00 | 33 -0.79790 -3.46178e+01
 34 -0.54014  9.88303e+00 | 35 -0.61629  1.10520e+01 | 36 -0.57635  1.15987e+01
 37 -0.48274  8.14570e+00 | 38 -0.76152  9.67508e+00 | 39 -0.68300  4.60130e+01
 40 -0.63467  2.45746e+00 | 41 -0.25224  6.09088e+00 | 42 -0.58048 -2.58546e+00
 43  0.95359 -1.18924e+00 | 44 -0.45972  4.34417e+00 |
44 variables; iteration 80; function evaluation 95; phase 3
Function value 7.7753798e+03; maximum gradient component mag 4.9892e+01
Var    Value     Gradient |Var    Value     Gradient |Var    Value     Gradient
  1  0.04729 -4.79913e+00 |  2  0.10751 -2.41441e+00 |  3 -0.99948  4.18930e-02
  4 -0.34348 -3.03655e+01 |  5  0.07546 -4.26917e+00 |  6  0.20080  1.34434e+00
  7  0.17320  2.00464e+00 |  8  0.19056 -2.12569e+00 |  9 -0.06678 -2.63924e+00
 10  0.12582 -9.02846e-01 | 11 -0.05897  7.21967e+00 | 12 -0.26975  3.79363e+00
 13  0.11512  1.04272e+00 | 14 -0.21891  5.00724e+00 | 15 -0.28315  4.18091e+00
 16 -0.24723  3.89417e+00 | 17  0.07847  2.58747e+00 | 18  0.16961  2.01819e+00
 19 -0.98405  2.12740e+01 | 20 -0.98402  1.79282e+01 | 21 -0.98398  2.05512e+01
 22 -0.95628  8.66938e+00 | 23 -0.97767  7.37843e+00 | 24 -0.98613  4.98925e+01
 25 -0.74464 -2.19907e+00 | 26 -0.82126 -3.64152e+00 | 27 -0.79350  1.29735e+00
 28 -0.75648  1.01661e-01 | 29 -0.10908  2.37931e-02 | 30 -0.39860 -1.87029e+00
 31 -0.32661  2.46197e-01 | 32 -0.37511  8.38443e-01 | 33 -0.79804 -1.03087e-02
 34 -0.54727 -8.95317e-01 | 35 -0.63572 -2.71753e-01 | 36 -0.57848 -1.66319e-01
 37 -0.49314 -4.76246e-01 | 38 -0.76444  2.46198e+00 | 39 -0.69441 -2.21892e+00
 40 -0.63628 -4.65280e-01 | 41 -0.24375  1.29133e-01 | 42 -0.57938 -1.82152e-01
 43  1.00490  1.46821e-01 | 44 -0.46315 -1.32232e-02 |
Maximum number of function evaluations exceeded

 - final statistics:
44 variables; iteration 86; function evaluation 100
Function value 7.7753e+03; maximum gradient component mag 4.8524e+01
Exit code = 3;  converg criter 1.0000e+00
Var    Value     Gradient |Var    Value     Gradient |Var    Value     Gradient
  1  0.04733  1.72196e+00 |  2  0.10765  1.05129e+00 |  3 -1.00111 -1.04440e-01
  4 -0.34350  2.08391e+00 |  5  0.07552  2.12289e+00 |  6  0.20066 -1.39273e-01
  7  0.17354 -2.36494e+00 |  8  0.19032 -3.16304e-01 |  9 -0.05735 -1.94774e+00
 10  0.12653 -4.14305e-01 | 11 -0.06587 -5.24537e-01 | 12 -0.27045 -8.80552e-01
 13  0.11518  1.95286e+00 | 14 -0.22027 -1.16791e+00 | 15 -0.28448 -2.05885e+00
 16 -0.24783 -8.69835e-01 | 17  0.07850 -4.62375e-01 | 18  0.16987  1.00427e+00
 19 -0.98407 -1.33693e+01 | 20 -0.98403 -7.22756e+00 | 21 -0.98398  1.15072e+01
 22 -0.95637 -6.36051e+00 | 23 -0.97768 -1.77947e+00 | 24 -0.98613  4.85242e+01
 25 -0.74352  9.39131e-02 | 26 -0.82035  2.13739e+00 | 27 -0.79328  7.75762e-01
 28 -0.75632 -8.61759e-01 | 29 -0.10976 -6.97710e-01 | 30 -0.39282  5.34214e-01
 31 -0.32581 -1.36674e-02 | 32 -0.37515  1.96203e-01 | 33 -0.79740  4.26164e-01
 34 -0.54597  7.94663e-02 | 35 -0.63678 -1.27319e-01 | 36 -0.57824  1.22411e-02
 37 -0.49237  1.19267e-01 | 38 -0.76509 -1.77571e+00 | 39 -0.69347  1.27929e+00
 40 -0.63606 -1.66951e-01 | 41 -0.24377 -5.06242e-01 | 42 -0.57911  6.40919e-02
 43  0.99309 -2.09523e-01 | 44 -0.46313 -1.68191e-02 |

Initial statistics: 63 variables; iteration 0; function evaluation 0; phase 4
Function value 7.7753232e+03; maximum gradient component mag 6.7795e+03
Var    Value     Gradient |Var    Value     Gradient |Var    Value     Gradient
  1  0.04733  1.72196e+00 |  2  0.10765  1.05129e+00 |  3 -0.99889  1.04440e-01
  4 -0.34350  2.08391e+00 |  5  0.00000  2.32803e+02 |  6  0.00000  2.43170e+02
  7  0.00000  2.38255e+02 |  8  0.00000  1.97991e+02 |  9  0.00000  6.72182e+01
 10  0.00000 -3.17737e+01 | 11  0.00000 -3.61907e+02 | 12  0.00000 -3.77366e+02
 13  0.00000 -3.25156e+02 | 14  0.00000 -3.61030e+02 | 15  0.00000 -2.53233e+02
 16  0.00000  1.66396e+02 | 17  0.00000  1.22354e+02 | 18  0.00000  2.45014e+02
 19  0.00000  4.00370e+01 | 20  0.07552  2.58899e+00 | 21  0.20066  3.06996e-01
 22  0.17354 -1.91287e+00 | 23  0.19032  1.32269e-01 | 24 -0.05734 -1.48025e+00
 25  0.12654  4.58468e-02 | 26 -0.06587 -5.76548e-02 | 27 -0.27045 -4.52883e-01
 28  0.11518  2.41459e+00 | 29 -0.22027 -7.26336e-01 | 30 -0.28448 -1.63555e+00
 31 -0.24783 -4.35563e-01 | 32  0.07850  3.45380e-03 | 33  0.16987  1.45706e+00
 34 -0.98407 -1.33693e+01 | 35 -0.98403 -7.22756e+00 | 36 -0.98398  1.15072e+01
 37 -0.95637 -6.36051e+00 | 38 -0.97768 -1.77947e+00 | 39 -0.98613  4.85242e+01
 40 -0.74352  9.39131e-02 | 41 -0.82035  2.13739e+00 | 42 -0.79328  7.75762e-01
 43 -0.75632 -8.61759e-01 | 44 -0.10976 -6.97710e-01 | 45 -0.39282  5.34214e-01
 46 -0.32581 -1.36674e-02 | 47 -0.37515  1.96203e-01 | 48 -0.79740  4.26164e-01
 49 -0.54597  7.94663e-02 | 50 -0.63678 -1.27319e-01 | 51 -0.57824  1.22411e-02
 52 -0.49237  1.19267e-01 | 53 -0.76509 -1.77571e+00 | 54 -0.69347  1.27929e+00
 55 -0.63606 -1.66951e-01 | 56 -0.24377 -5.06242e-01 | 57 -0.57911  6.40919e-02
 58  0.99309 -2.09523e-01 | 59 -0.46313 -1.68191e-02 | 60 -0.13599  6.77950e+03
 61 -0.09125  3.64558e+02 | 62 -0.87183 -2.63574e+03 | 63 -0.58843 -2.73893e+02

Intermediate statistics: 63 variables; iteration 20; function evaluation 32; phase 4
Function value 5.9747311e+03; maximum gradient component mag -8.1700e+03
Var    Value     Gradient |Var    Value     Gradient |Var    Value     Gradient
  1 -0.23016  8.88791e+02 |  2  0.83664  4.24578e+01 |  3 -0.99916  1.61256e-01
  4 -0.34356 -8.16996e+03 |  5 -0.17018 -1.01041e+02 |  6 -0.16914 -1.01636e+02
  7 -0.16010 -9.77756e+01 |  8 -0.12764 -8.01666e+01 |  9  0.07411 -2.67022e+01
 10  0.07684 -2.29632e+02 | 11  0.08850 -3.81693e+02 | 12  0.02291 -1.12551e+02
 13  0.05573 -1.44093e+02 | 14  0.09709 -3.81762e+02 | 15  0.11451 -4.07101e+02
 16 -0.05389 -6.08434e+01 | 17  0.01503 -8.23783e+01 | 18  0.01693 -1.65679e+02
 19  0.06066 -2.40068e+02 | 20  0.14357  4.95376e+02 | 21  0.23243 -3.48700e+02
 22  0.13336  5.05846e+02 | 23  0.18535 -3.93785e+02 | 24 -0.26059  5.36577e+02
 25  0.04671  1.84814e+02 | 26 -0.20872  5.53662e+02 | 27 -0.29450  4.68917e+02
 28  0.15637  3.12001e+03 | 29 -0.22931  5.76681e+02 | 30 -0.25092  5.58413e+02
 31  0.13243  7.21950e+02 | 32  0.08927  5.92881e+02 | 33  0.13015  7.68902e+02
 34 -0.97512  1.97880e+03 | 35 -0.98456 -4.30937e+03 | 36 -0.98546 -3.47944e+03
 37 -0.96291 -1.83431e+03 | 38 -0.96776  3.82530e+03 | 39 -0.98310  5.82367e+03
 40 -0.87204 -7.25459e+02 | 41 -0.89249 -5.82961e+02 | 42 -0.86471 -2.61808e+02
 43 -0.83553 -1.31609e+02 | 44 -0.57945  1.18992e+02 | 45 -0.52573  1.35352e+02
 46 -0.71258 -2.14638e+02 | 47 -0.47783  1.40829e+02 | 48 -0.78882 -2.05020e+02
 49 -0.61213  5.10380e+01 | 50 -0.62532 -7.58761e+01 | 51 -0.59463 -7.74763e+01
 52 -0.50079  1.59476e+02 | 53 -0.68638 -9.31286e+01 | 54 -0.63631 -2.00254e+02
 55 -0.57016 -1.64164e+02 | 56 -0.76648 -3.91480e+02 | 57 -0.68703 -1.84347e+02
 58  0.98400  3.18389e+00 | 59 -0.37887 -7.46450e+01 | 60 -0.32796 -8.05914e+01
 61  0.27642  9.68515e+02 | 62 -0.59230 -2.39507e+02 | 63  0.67994 -4.59906e+01
63 variables; iteration 40; function evaluation 60; phase 4
Function value 5.6049098e+03; maximum gradient component mag -2.1361e+04
Var    Value     Gradient |Var    Value     Gradient |Var    Value     Gradient
  1 -0.38580 -1.23761e+03 |  2  1.30692 -1.20393e+02 |  3 -0.99998 -2.41855e-01
  4 -0.32213  3.92482e+03 |  5 -0.01514 -7.24300e+01 |  6 -0.02267 -9.03610e+01
  7 -0.07725 -8.71005e+01 |  8 -0.16067 -1.13222e+02 |  9  0.10830 -1.57168e+02
 10  0.19412  1.34057e+02 | 11  0.05174  8.39036e+01 | 12  0.02311  5.42165e+01
 13  0.27554  1.79664e+03 | 14  0.12381  1.78661e+02 | 15  0.15104  1.23639e+02
 16 -0.05584 -4.44239e+01 | 17 -0.12278 -8.58962e+01 | 18  0.23763 -6.63200e+02
 19 -0.15043 -9.98733e+01 | 20  0.20576  8.52365e+02 | 21  0.29289  2.70155e+03
 22 -0.02954  4.48983e+02 | 23  0.10858  6.77893e+02 | 24 -0.25131  2.55530e+02
 25 -0.10161  3.47885e+02 | 26  0.09139 -8.75733e+02 | 27 -0.16918  3.08356e+02
 28  0.09020  2.49826e+03 | 29 -0.26584  2.52609e+02 | 30 -0.27242  2.41392e+02
 31  0.15964 -6.24808e+02 | 32  0.01713  3.81558e+02 | 33  0.13702 -8.98019e+02
 34 -0.98320 -2.13082e+03 | 35 -0.99242 -2.13613e+04 | 36 -0.99025 -7.56165e+03
 37 -0.96769  4.28924e+02 | 38 -0.98092  8.40229e+03 | 39 -0.99091  1.54829e+04
 40 -0.84584  1.33768e+03 | 41 -0.94925 -8.85257e+02 | 42 -0.93804 -1.22816e+02
 43 -0.93902 -4.70009e+02 | 44 -0.91041 -7.66780e+02 | 45 -0.86883 -2.14952e+02
 46 -0.79880 -2.26702e+02 | 47 -0.49877 -6.07920e+01 | 48 -0.78561  1.12918e+02
 49 -0.69490 -1.56983e+02 | 50 -0.54388  1.02822e+02 | 51 -0.61233  2.38338e+01
 52 -0.72249  3.59653e+01 | 53 -0.72614 -1.80422e+01 | 54 -0.67988 -3.96441e+01
 55 -0.58827 -3.58650e+01 | 56 -0.87629 -1.42464e+03 | 57 -0.33137  1.90607e+02
 58  0.92512  2.65039e+01 | 59 -0.29652  5.83566e+01 | 60 -0.40588 -3.23334e+03
 61  0.26599  1.52523e+03 | 62 -0.64673 -1.95451e+03 | 63  1.71723  2.07581e+02
63 variables; iteration 60; function evaluation 83; phase 4
Function value 5.2825134e+03; maximum gradient component mag -2.3690e+04
Var    Value     Gradient |Var    Value     Gradient |Var    Value     Gradient
  1 -0.37512  6.78805e+01 |  2  1.29722 -3.49779e+02 |  3 -0.99204  4.68215e+00
  4 -0.30647  1.19752e+04 |  5  0.11057  3.57872e+02 |  6  0.11958  3.18385e+02
  7  0.06219  1.02947e+02 |  8 -0.30951 -1.80181e+02 |  9  0.03934  2.77689e+01
 10  0.22677  3.63845e+02 | 11  0.12450  1.97132e+02 | 12  0.04089  6.77764e+01
 13  0.25502  1.15800e+03 | 14  0.10664  1.76481e+02 | 15  0.09871  1.34118e+02
 16  0.00622 -5.75483e+00 | 17 -0.23946 -1.49797e+02 | 18  0.20333 -5.82294e+02
 19 -0.26870 -1.63278e+02 | 20  0.10684  1.96233e+02 | 21  0.26946  3.19047e+03
 22 -0.02485  6.49851e+01 | 23  0.09952  5.41537e+02 | 24 -0.01956  7.11356e+01
 25 -0.11495 -5.16149e+01 | 26  0.06887 -7.00205e+02 | 27 -0.39334 -1.84971e+02
 28  0.05712  1.80458e+03 | 29 -0.16502 -2.36564e+01 | 30 -0.15199 -4.33967e+01
 31  0.13333 -3.59687e+02 | 32  0.00647 -1.87765e+01 | 33  0.12307 -3.06795e+02
 34 -0.98681  5.82072e+03 | 35 -0.99397 -1.74912e+04 | 36 -0.99514 -2.36900e+04
 37 -0.98167  6.90747e+01 | 38 -0.98952  8.90196e+03 | 39 -0.99617 -1.18429e+04
 40 -0.88717  1.64406e+03 | 41 -0.95494 -2.42954e+01 | 42 -0.94875  1.73487e+02
 43 -0.94572  4.31477e+01 | 44 -0.90715 -8.86320e+01 | 45 -0.88213 -2.07116e+02
 46 -0.73597  1.01903e+02 | 47 -0.63871 -1.79471e+02 | 48 -0.82102  9.39199e+01
 49 -0.64059 -6.86781e+01 | 50 -0.54270  2.19469e+01 | 51 -0.68755 -2.24235e+02
 52 -0.74945 -3.13596e+01 | 53 -0.78083 -2.90051e+02 | 54 -0.62149  1.61848e+02
 55 -0.61892 -2.12588e+01 | 56 -0.77234 -5.21601e+02 | 57 -0.26759  2.14848e+02
 58 -0.06732  2.19047e+02 | 59 -0.14720  1.64843e+02 | 60 -0.39654 -1.58822e+03
 61  0.19555  1.02125e+02 | 62 -0.64265 -1.41661e+03 | 63  1.63291  1.33011e+02
Maximum number of function evaluations exceeded

 - final statistics:
63 variables; iteration 73; function evaluation 100
Function value 4.3725e+03; maximum gradient component mag 7.9889e+03
Exit code = 3;  converg criter 1.0000e+00
Var    Value     Gradient |Var    Value     Gradient |Var    Value     Gradient
  1 -0.39411 -8.50515e+02 |  2  1.56904 -4.98303e+02 |  3 -1.04055  1.87034e+00
  4 -0.29271  7.98888e+03 |  5  0.08631  5.10825e+02 |  6 -0.04097  3.94640e+01
  7  0.11874  9.52831e+01 |  8 -0.05913 -4.25097e+01 |  9 -0.16351 -6.48076e+01
 10  0.19703  9.13540e+00 | 11 -0.06556  1.76948e+01 | 12  0.17996  1.32343e+02
 13  0.17146  3.71868e+02 | 14  0.00160  6.65038e+01 | 15  0.00253  4.99880e+00
 16  0.09015  4.44706e+01 | 17 -0.28256 -2.98536e+01 | 18  0.25579  7.03147e+02
 19  0.03633 -3.63493e+01 | 20  0.05614 -4.74513e+02 | 21  0.18211  6.32848e+02
 22 -0.05981 -6.74270e+02 | 23 -0.00916 -4.04764e+02 | 24 -0.10300 -6.70114e+02
 25 -0.10154 -6.73202e+02 | 26  0.07784 -9.85665e+02 | 27 -0.12083 -6.05267e+02
 28 -0.11562 -4.30352e+02 | 29 -0.16943 -7.08216e+02 | 30  0.01829 -6.85157e+02
 31  0.12937 -1.06201e+03 | 32 -0.01717 -6.93644e+02 | 33  0.22688 -1.08072e+03
 34 -0.98496  3.90355e+03 | 35 -0.98712 -3.55457e+02 | 36 -0.98751  2.32778e+03
 37 -0.97360  3.16952e+02 | 38 -0.98845  2.44672e+03 | 39 -0.99229  4.14332e+03
 40 -0.90640  7.16974e+02 | 41 -0.93694 -3.45805e+02 | 42 -0.92626  1.11678e+02
 43 -0.92813 -2.92567e+02 | 44 -0.86175  1.03908e+02 | 45 -0.86589 -1.43522e+02
 46 -0.72702  1.17711e+02 | 47 -0.61404 -1.61484e+02 | 48 -0.78452  2.31442e+02
 49 -0.61170 -1.46207e+02 | 50 -0.62769 -1.10715e+02 | 51 -0.65369 -2.43393e+02
 52 -0.67529 -5.37075e+00 | 53 -0.72395 -7.30550e+01 | 54 -0.66634 -6.18441e+01
 55 -0.61979  2.90392e+01 | 56 -0.37536  1.13585e+02 | 57 -0.43228  2.14839e+00
 58 -0.47211  2.09565e+02 | 59 -0.71255 -1.04773e+02 | 60 -0.26925 -9.08186e+01
 61  0.20330 -3.01790e+02 | 62 -0.57426 -1.37761e+02 | 63  1.41358  7.09103e+01

Initial statistics: 73 variables; iteration 0; function evaluation 0; phase 5
Function value 4.3595282e+03; maximum gradient component mag 1.9499e+04
Var    Value     Gradient |Var    Value     Gradient |Var    Value     Gradient
  1 -0.39411 -3.59955e+02 |  2  0.43096  6.88896e+02 |  3 -0.95945  2.52411e+01
  4 -0.29271  1.94991e+04 |  5  0.08631  9.63355e+02 |  6 -0.04097  8.58212e+01
  7  0.11874  1.24674e+03 |  8 -0.05913  1.45523e+01 |  9 -0.16351 -9.97821e+01
 10  0.19703  1.61836e+03 | 11 -0.06556 -1.97747e+01 | 12  0.17996  1.08794e+03
 13  0.17146  9.53340e+02 | 14  0.00160  6.97579e+01 | 15  0.00253  6.44661e+01
 16  0.09015  2.13460e+02 | 17 -0.28256 -1.69015e+02 | 18  0.25579  1.00832e+03
 19  0.03633  6.81646e+01 | 20  0.05685  9.96513e+01 | 21  0.18286  1.29954e+03
 22 -0.05909 -3.44995e+01 | 23 -0.00845  7.40695e+01 | 24 -0.10227 -8.06534e+01
 25 -0.10082 -9.27682e+01 | 26  0.07856 -4.01751e+01 | 27 -0.12010 -4.35978e+01
 28 -0.11489  3.47864e+01 | 29 -0.16869 -9.85881e+01 | 30  0.01901  1.72732e+02
 31  0.13010 -7.79529e+02 | 32 -0.01646 -1.45703e+02 | 33  0.22764 -3.72992e+02
 34 -0.98496  7.50222e+03 | 35 -0.98712  5.48552e+03 | 36 -0.98751  8.36920e+03
 37 -0.97360  2.25531e+03 | 38 -0.98845  4.00699e+03 | 39 -0.99229  1.49820e+04
 40 -0.90640  4.58808e+02 | 41 -0.93694  7.40948e+02 | 42 -0.92626  9.73325e+02
 43 -0.92813  4.61455e+02 | 44 -0.86175  5.23512e+02 | 45 -0.86589  1.34525e+01
 46 -0.72702  5.70695e+01 | 47 -0.61404 -1.29754e+02 | 48 -0.78452  1.85684e+02
 49 -0.61170 -4.28183e+00 | 50 -0.62769 -1.10175e+02 | 51 -0.65369 -1.78825e+02
 52 -0.67529  1.68347e+02 | 53 -0.72395 -1.98956e+01 | 54 -0.66634  1.63086e+01
 55 -0.61979 -1.13613e+01 | 56 -0.37536  1.79344e+02 | 57 -0.43228  1.45457e+02
 58 -0.47211  1.42184e+02 | 59 -0.71255  1.26993e+02 | 60 -0.26925 -2.00253e+02
 61 -0.51842 -9.08175e+03 | 62  0.20330 -3.16729e+02 | 63  0.03780 -1.33243e+03
 64 -0.57426 -3.88221e+01 | 65 -0.00095  1.32282e+01 | 66 -0.33333  5.75390e+02
 67 -0.16086 -1.54572e+03 | 68  0.07979  3.92634e+02 | 69  0.58642 -7.21902e+01
 70  0.94307  1.04992e+01 | 71 -0.33333  2.09677e+02 | 72 -0.16086 -3.65551e+03
 73  0.07979  2.91156e+03 |

Intermediate statistics: 73 variables; iteration 20; function evaluation 29; phase 5
Function value 2.8743974e+03; maximum gradient component mag -1.1753e+04
Var    Value     Gradient |Var    Value     Gradient |Var    Value     Gradient
  1 -0.27124 -2.34198e+03 |  2 -0.17294 -1.14279e+03 |  3 -0.98007 -8.08830e+00
  4 -0.28008 -2.37173e+03 |  5  0.08623 -5.63695e+01 |  6  0.01596 -2.80970e+01
  7 -0.06727 -6.03529e+01 |  8 -0.00118 -6.04117e+01 |  9 -0.05719 -4.97163e+01
 10  0.19281  7.77692e+02 | 11 -0.01957 -7.28398e+00 | 12  0.05701 -1.19446e+02
 13  0.04135 -1.63400e+02 | 14 -0.01005 -6.75165e+01 | 15 -0.01800 -5.86769e+01
 16  0.02081 -1.57934e+02 | 17 -0.11564 -1.06120e+02 | 18  0.22639 -9.91202e+02
 19  0.01522  2.75716e+01 | 20  0.02968  5.36330e+02 | 21  0.08082  6.94853e+02
 22 -0.01587  4.88935e+02 | 23 -0.00279  5.49071e+02 | 24 -0.03299  5.11802e+02
 25 -0.04199  5.06532e+02 | 26  0.05695  3.22564e+02 | 27 -0.08170  4.19332e+02
 28 -0.13226  4.26114e+02 | 29 -0.09943  4.04164e+02 | 30 -0.27520  2.27662e+02
 31  0.22207 -2.51072e+02 | 32  0.05750  2.98728e+02 | 33  0.25182  2.16051e+02
 34 -0.98770 -5.63875e+02 | 35 -0.99015 -6.87486e+03 | 36 -0.98996 -5.34133e+03
 37 -0.96168  2.09241e+03 | 38 -0.99040 -1.17526e+04 | 39 -0.99053  5.70429e+03
 40 -0.88076  1.60491e+01 | 41 -0.91200  4.05743e+02 | 42 -0.90802  2.84545e+02
 43 -0.90373  1.20198e+02 | 44 -0.81488  1.40355e+02 | 45 -0.75424  1.46854e+02
 46 -0.65415  2.34172e+01 | 47 -0.56864  9.71605e+00 | 48 -0.76510 -1.09122e+01
 49 -0.63942 -2.90929e+01 | 50 -0.58757  2.89432e+01 | 51 -0.56754  5.54187e+01
 52 -0.72935 -7.84911e+01 | 53 -0.70387  8.17109e+01 | 54 -0.66859  9.38653e+01
 55 -0.66783  6.20615e+01 | 56 -0.57839  1.35091e+02 | 57 -0.53791  9.41728e+01
 58 -0.64032  1.24862e+01 | 59 -0.79404 -2.25038e+02 | 60 -0.01191  1.10146e+03
 61 -0.41071 -3.76741e+03 | 62  0.64015 -1.33869e+02 | 63  0.15927  3.33006e+01
 64 -0.40191 -6.60655e+02 | 65 -0.03359 -6.31411e+01 | 66 -0.41150 -4.66563e+02
 67  0.00449  7.95555e+02 | 68  0.24120  3.48066e+02 | 69  0.71910 -6.10320e+01
 70  0.93179  2.81616e+00 | 71 -0.32386 -1.29460e+02 | 72 -0.09432 -3.59233e+02
 73  0.12616  2.41801e+02 |
73 variables; iteration 40; function evaluation 55; phase 5
Function value 2.7335794e+03; maximum gradient component mag -1.0161e+04
Var    Value     Gradient |Var    Value     Gradient |Var    Value     Gradient
  1 -0.25308 -1.49818e+03 |  2 -0.21905 -5.13636e+02 |  3 -1.16184 -1.15603e+00
  4 -0.27082 -1.53828e+03 |  5  0.06019 -1.74896e+01 |  6  0.04937  1.95321e+01
  7 -0.03486 -2.01997e+01 |  8  0.02869  3.48304e+01 |  9  0.05888  8.23278e+01
 10  0.14518  1.36774e+02 | 11  0.02955  3.73513e+01 | 12  0.08983  1.51276e+01
 13  0.08962  1.78718e+01 | 14 -0.01253  4.21517e+00 | 15 -0.04309 -1.30232e+01
 16  0.00512 -9.31814e+00 | 17  0.14016  1.92449e+02 | 18  0.20516  1.13384e+02
 19 -0.00959 -1.59709e+00 | 20 -0.01684  4.17846e+02 | 21  0.05558  3.40418e+02
 22  0.00071  3.54055e+02 | 23 -0.09932  3.48986e+02 | 24 -0.01710  3.85536e+02
 25 -0.09563  3.75697e+02 | 26  0.04125  9.35990e+01 | 27 -0.00658  4.92824e+02
 28 -0.13550  4.26826e+02 | 29 -0.08174  4.54972e+02 | 30 -0.30466  2.06076e+02
 31  0.20803 -3.71368e+02 | 32  0.21058  5.01052e+02 | 33  0.25439  2.55988e+02
 34 -0.99011 -1.22231e+02 | 35 -0.99249 -1.01613e+04 | 36 -0.99142 -3.02938e+03
 37 -0.97061  2.57215e+03 | 38 -0.99153 -1.00491e+04 | 39 -0.99182  9.72342e+03
 40 -0.89509  3.09197e+02 | 41 -0.92347  7.65797e+02 | 42 -0.93567 -3.69593e+02
 43 -0.91439  5.22461e+02 | 44 -0.86495  9.54366e+01 | 45 -0.82988  1.26165e+02
 46 -0.74487  4.41920e+01 | 47 -0.68000  6.93471e+00 | 48 -0.82414  4.62927e+01
 49 -0.71375  1.74936e+01 | 50 -0.67772  7.03132e+01 | 51 -0.67266  1.06248e+02
 52 -0.79501 -6.49656e+01 | 53 -0.77729  9.86384e+01 | 54 -0.75634  1.07623e+02
 55 -0.77255  6.07393e+01 | 56 -0.78023 -8.51579e+01 | 57 -0.75336  6.92000e+00
 58 -0.81618 -1.50285e+02 | 59 -0.88511 -4.42187e+02 | 60 -0.07830  6.22162e+02
 61 -0.42516 -3.16962e+03 | 62  0.80033 -7.62254e+01 | 63  0.19960  6.72661e+02
 64 -0.45446 -9.28797e+02 | 65 -0.03221 -4.68593e+01 | 66 -0.33206 -6.44848e+02
 67  0.00028  1.06750e+03 | 68  0.21850  4.53477e+02 | 69  1.21766  4.51259e+01
 70  0.82245  9.39847e+00 | 71 -0.34209 -4.36105e+02 | 72 -0.07727  1.81452e+02
 73  0.12354  3.64116e+02 |
73 variables; iteration 60; function evaluation 76; phase 5
Function value 2.5909025e+03; maximum gradient component mag 1.0245e+04
Var    Value     Gradient |Var    Value     Gradient |Var    Value     Gradient
  1 -0.24194 -2.52231e+03 |  2 -0.21809 -2.00407e+02 |  3 -1.15106 -3.73278e+01
  4 -0.26249 -1.15297e+03 |  5  0.01564 -4.00259e+01 |  6  0.08536 -2.46220e+01
  7 -0.00824 -1.06274e+01 |  8  0.03266  2.54367e+01 |  9  0.05666  6.69788e+01
 10  0.14075 -1.36605e+00 | 11  0.02738  2.09185e+01 | 12  0.11956  3.36077e+01
 13  0.04688 -3.64879e+01 | 14  0.00534 -1.31398e+00 | 15 -0.01109  2.33606e+01
 16 -0.03423 -3.64649e+01 | 17  0.11707  2.01547e+02 | 18  0.19175  3.73546e+02
 19  0.05723  1.27000e+02 | 20 -0.01268 -1.03946e+02 | 21  0.03093 -1.46674e+02
 22 -0.02568 -1.69388e+02 | 23 -0.06371 -1.63173e+02 | 24 -0.04348 -1.50485e+02
 25 -0.03980 -4.47162e+01 | 26  0.02120 -6.96235e+01 | 27  0.00691 -4.09974e+00
 28 -0.12347 -4.65373e+01 | 29 -0.15369 -1.71614e+02 | 30 -0.18600 -2.28063e+02
 31  0.18114 -1.11674e+03 | 32  0.18452 -1.66449e+02 | 33  0.21995 -2.05545e+02
 34 -0.99145  5.25595e+02 | 35 -0.99230 -2.13082e+03 | 36 -0.99218  5.95886e+02
 37 -0.98373 -3.40389e+03 | 38 -0.99131 -2.36814e+03 | 39 -0.99348  1.02450e+04
 40 -0.92703 -3.04404e+02 | 41 -0.94604  7.05655e+01 | 42 -0.94498 -2.69651e+02
 43 -0.93835 -5.64632e+01 | 44 -0.89902 -2.03961e+02 | 45 -0.86894 -6.50842e+01
 46 -0.79058 -8.52639e+01 | 47 -0.71929 -1.02818e+02 | 48 -0.84598  1.95052e+01
 49 -0.75247 -1.20968e+02 | 50 -0.71733 -5.44732e+01 | 51 -0.73907 -9.36379e+01
 52 -0.81733  6.32594e+00 | 53 -0.80054  1.54720e+02 | 54 -0.80284  3.35102e+00
 55 -0.82002  2.41484e+01 | 56 -0.81453  2.29527e+01 | 57 -0.82253 -1.52902e+02
 58 -0.84710 -1.37033e+02 | 59 -0.89094 -2.41162e+02 | 60 -0.09252  9.86164e+02
 61 -0.41259 -2.15300e+03 | 62  0.84407 -1.12580e+01 | 63  0.22022  1.44565e+02
 64 -0.58896 -8.76113e+01 | 65  0.05686 -1.44990e+01 | 66 -0.10883  2.90069e+02
 67 -0.00998  3.16000e+02 | 68  0.13472  1.15084e+01 | 69  1.03220  4.66407e+00
 70  0.13294 -1.58997e+01 | 71 -0.30432 -2.76390e+02 | 72 -0.07150 -3.34375e+02
 73  0.11286  8.02381e+02 |
Maximum number of function evaluations exceeded

 - final statistics:
73 variables; iteration 76; function evaluation 100
Function value 2.4840e+03; maximum gradient component mag -1.5819e+03
Exit code = 3;  converg criter 1.0000e+00
Var    Value     Gradient |Var    Value     Gradient |Var    Value     Gradient
  1 -0.23839 -5.65667e+02 |  2 -0.21499  2.10320e+01 |  3 -1.11487 -2.69560e+01
  4 -0.25786 -5.81192e+02 |  5  0.00757 -2.17769e+01 |  6  0.07218  3.98696e+00
  7 -0.02431 -2.40778e+01 |  8  0.02173 -1.16476e+01 |  9  0.00607 -9.54103e+00
 10  0.13177 -9.86085e+01 | 11  0.02113 -1.22084e+00 | 12  0.09440 -3.44747e+01
 13  0.04993 -6.78554e+01 | 14 -0.00037 -1.14290e+01 | 15 -0.05677 -2.31104e+01
 16 -0.00063 -3.08620e+01 | 17  0.08141  5.59298e+00 | 18  0.18130 -2.38925e+02
 19  0.01576  2.22315e+01 | 20  0.02346 -8.77379e+01 | 21  0.00659 -1.61522e+02
 22 -0.02861 -1.55853e+02 | 23 -0.07593 -1.47046e+02 | 24 -0.02662 -2.26857e+01
 25 -0.11074 -1.37743e+02 | 26  0.02478  5.94835e+01 | 27 -0.00429 -1.01680e+02
 28 -0.16572 -1.61128e+02 | 29 -0.12257 -1.29412e+02 | 30 -0.08994 -1.05249e+02
 31  0.18766 -3.08383e+02 | 32  0.15814 -1.81263e+02 | 33  0.22388 -1.42062e+02
 34 -0.99155  2.06373e+01 | 35 -0.99168  5.41273e+02 | 36 -0.99188  9.16047e+02
 37 -0.98138 -1.58186e+03 | 38 -0.98995  5.16503e+02 | 39 -0.99416  2.64625e+02
 40 -0.91198  1.25792e+02 | 41 -0.94143  3.03892e+01 | 42 -0.93748 -2.14363e+01
 43 -0.93205  2.69478e+01 | 44 -0.88314 -9.35486e+00 | 45 -0.85502 -3.39457e+01
 46 -0.76314  1.23906e+00 | 47 -0.68952 -6.98390e-01 | 48 -0.83472 -1.81266e+01
 49 -0.72121  6.95869e+00 | 50 -0.70567 -2.21579e+00 | 51 -0.71502  1.67962e+00
 52 -0.80381  3.20168e+01 | 53 -0.80369  3.17382e+01 | 54 -0.79047  2.32545e+01
 55 -0.81360 -8.02119e+00 | 56 -0.80924  1.49184e+01 | 57 -0.80107  5.60189e+00
 58 -0.83358 -5.53234e-01 | 59 -0.87540  2.93073e+01 | 60 -0.05160  2.73332e+02
 61 -0.38187 -6.97513e+02 | 62  0.83227 -9.58883e+00 | 63  0.21122  1.09098e+01
 64 -0.57945 -1.43070e+02 | 65  0.17233  3.71225e-01 | 66 -0.20105 -3.38293e+01
 67 -0.06634  2.07112e+02 | 68  0.10693 -1.70777e+02 | 69  1.01155  1.53483e+00
 70  0.26212  2.77330e-01 | 71 -0.27757  6.16617e+01 | 72 -0.07589 -1.38170e+02
 73  0.10279  1.90456e+02 |

Initial statistics: 77 variables; iteration 0; function evaluation 0; phase 6
Function value 2.4836654e+03; maximum gradient component mag -1.5819e+03
Var    Value     Gradient |Var    Value     Gradient |Var    Value     Gradient
  1 -0.23839 -5.65667e+02 |  2 -0.21499  2.10320e+01 |  3 -0.88513  2.69560e+01
  4 -0.25786 -5.81192e+02 |  5  0.00757 -2.17769e+01 |  6  0.07218  3.98696e+00
  7 -0.02431 -2.40778e+01 |  8  0.02173 -1.16476e+01 |  9  0.00607 -9.54103e+00
 10  0.13177 -9.86085e+01 | 11  0.02113 -1.22084e+00 | 12  0.09440 -3.44747e+01
 13  0.04993 -6.78554e+01 | 14 -0.00037 -1.14290e+01 | 15 -0.05677 -2.31104e+01
 16 -0.00063 -3.08620e+01 | 17  0.08141  5.59298e+00 | 18  0.18130 -2.38925e+02
 19  0.01576  2.22315e+01 | 20  0.02383  4.24344e+01 | 21  0.00696 -3.12670e+01
 22 -0.02824 -2.57235e+01 | 23 -0.07556 -1.77115e+01 | 24 -0.02625  1.07465e+02
 25 -0.11037 -9.44869e+00 | 26  0.02515  1.89642e+02 | 27 -0.00392  2.85786e+01
 28 -0.16534 -3.52610e+01 | 29 -0.12220 -1.55721e+00 | 30 -0.08957  2.37165e+01
 31  0.18804 -1.83705e+02 | 32  0.15852 -5.49915e+01 | 33  0.22428 -1.97680e+01
 34 -0.99155  2.06373e+01 | 35 -0.99168  5.41273e+02 | 36 -0.99188  9.16047e+02
 37 -0.98138 -1.58186e+03 | 38 -0.98995  5.16503e+02 | 39 -0.99416  2.64625e+02
 40 -0.91198  1.25792e+02 | 41 -0.94143  3.03892e+01 | 42 -0.93748 -2.14363e+01
 43 -0.93205  2.69478e+01 | 44 -0.88314 -9.35486e+00 | 45 -0.85502 -3.39457e+01
 46 -0.76314  1.23906e+00 | 47 -0.68952 -6.98390e-01 | 48 -0.83472 -1.81266e+01
 49 -0.72121  6.95869e+00 | 50 -0.70567 -2.21579e+00 | 51 -0.71502  1.67962e+00
 52 -0.80381  3.20168e+01 | 53 -0.80369  3.17382e+01 | 54 -0.79047  2.32545e+01
 55 -0.81360 -8.02119e+00 | 56 -0.80924  1.49184e+01 | 57 -0.80107  5.60189e+00
 58 -0.83358 -5.53234e-01 | 59 -0.87540  2.93073e+01 | 60 -0.05160  2.73332e+02
 61 -0.38187 -6.97513e+02 | 62  0.83227 -9.58883e+00 | 63  0.21122  1.09098e+01
 64 -0.57945 -1.43070e+02 | 65  0.17233  3.71225e-01 | 66 -0.20105 -3.38293e+01
 67 -0.06634  2.07112e+02 | 68  0.10693 -1.70777e+02 | 69  0.98845 -1.53483e+00
 70  0.26212  2.77330e-01 | 71 -0.27757  6.16617e+01 | 72 -0.07589 -1.38170e+02
 73  0.10279  1.90456e+02 | 74  0.28399  2.75025e+01 | 75  0.28704  2.27042e+01
 76  0.26758  3.41148e+01 | 77  0.26758  2.65724e+01 |

Intermediate statistics: 77 variables; iteration 20; function evaluation 25; phase 6
Function value 2.4614481e+03; maximum gradient component mag 3.9359e+03
Var    Value     Gradient |Var    Value     Gradient |Var    Value     Gradient
  1 -0.22845  2.96030e+02 |  2 -0.22613  7.60543e+01 |  3 -0.91915  2.05381e+01
  4 -0.25258  3.93586e+03 |  5  0.03321  4.83943e+01 |  6  0.06325  1.23328e+02
  7 -0.00419  3.36285e+01 |  8  0.01766  5.89377e+01 |  9  0.00269  4.55152e+01
 10  0.13855  3.56103e+02 | 11  0.01454  4.47689e+01 | 12  0.07306  1.00489e+02
 13  0.08215  9.20933e+01 | 14 -0.00291  3.34737e+01 | 15 -0.04244  1.64953e+01
 16  0.01511  2.45342e+01 | 17  0.02561  1.95419e+01 | 18  0.18550  2.19089e+02
 19 -0.01738  7.39448e+00 | 20 -0.02734  3.36069e+01 | 21  0.02539  8.21778e+01
 22 -0.01149  8.82316e+01 | 23 -0.05296  7.15125e+01 | 24 -0.04238  9.36849e+01
 25 -0.09354  6.02568e+01 | 26  0.00304  2.64700e+02 | 27  0.02576  1.78673e+02
 28 -0.14717  3.79626e+01 | 29 -0.12942  1.90135e+01 | 30 -0.11828  2.76291e+00
 31  0.18790 -8.44828e+00 | 32  0.16379  2.72635e+01 | 33  0.22536  2.38238e+01
 34 -0.99212  1.31744e+03 | 35 -0.99227  1.99107e+03 | 36 -0.99254  2.13482e+03
 37 -0.98152  2.16797e+02 | 38 -0.99112  1.36795e+02 | 39 -0.99474  6.64255e+02
 40 -0.91635  3.43585e+02 | 41 -0.94863 -1.29401e+02 | 42 -0.94134  2.05897e+02
 43 -0.93748  1.64154e+02 | 44 -0.89251  5.27947e+01 | 45 -0.86198  7.10464e+01
 46 -0.77628  1.15449e+01 | 47 -0.69533  1.07408e+01 | 48 -0.84174  4.00669e+01
 49 -0.72976  1.58622e+01 | 50 -0.71027  2.54490e+01 | 51 -0.73199  1.65792e+01
 52 -0.82163  4.44221e+01 | 53 -0.82042  4.41797e+01 | 54 -0.81009  3.44217e+01
 55 -0.83338  3.36531e+01 | 56 -0.83611  3.85432e+01 | 57 -0.83147  2.77775e+01
 58 -0.86047  1.09208e+01 | 59 -0.89213  9.15927e+01 | 60 -0.05070 -8.12171e+01
 61 -0.37459 -3.62906e+02 | 62  0.84519 -1.46558e+01 | 63  0.21673  1.09241e+02
 64 -0.52601 -1.75591e+01 | 65  0.17222  7.07559e+00 | 66 -0.20079 -1.53846e+01
 67 -0.05485  1.34361e+02 | 68  0.11449 -8.45362e+01 | 69  0.99073 -1.26698e+00
 70  0.26215  2.96839e+00 | 71 -0.27269  3.74831e+00 | 72 -0.07357  1.67006e+02
 73  0.09544 -1.95651e+02 | 74  0.24320  3.07409e+01 | 75  0.25230  2.40095e+01
 76  0.21279  4.56665e+01 | 77  0.23074  2.58225e+01 |
77 variables; iteration 40; function evaluation 56; phase 6
Function value 2.3791547e+03; maximum gradient component mag -9.9661e+03
Var    Value     Gradient |Var    Value     Gradient |Var    Value     Gradient
  1 -0.23273 -1.51822e+03 |  2 -0.20173 -2.94385e+02 |  3 -1.28030 -1.24255e+02
  4 -0.23257 -9.96612e+03 |  5  0.09103 -2.40465e+02 |  6  0.00437 -7.15416e+01
  7  0.06040 -1.32560e+02 |  8 -0.02184 -6.73897e+01 |  9 -0.02031 -6.70042e+01
 10  0.09689 -2.93119e+02 | 11  0.03310 -5.75540e+01 | 12  0.15039 -9.31310e+01
 13 -0.02496 -6.61179e+01 | 14 -0.09982 -9.69505e+01 | 15 -0.03117 -2.49394e+01
 16  0.04913 -8.59204e+01 | 17 -0.05006 -1.09003e+02 | 18  0.16104 -1.09056e+03
 19 -0.08047 -1.09501e+02 | 20 -0.06576  1.76107e+02 | 21  0.04008  1.12573e+02
 22 -0.11756  1.51886e+02 | 23 -0.08501  1.92376e+02 | 24 -0.01597  2.35831e+02
 25 -0.08111  2.29965e+02 | 26 -0.02595  2.36638e+02 | 27  0.03392  4.05415e+01
 28 -0.13078  2.11259e+02 | 29 -0.07383  2.83946e+02 | 30 -0.07139  2.48614e+02
 31  0.16895 -7.00553e+02 | 32  0.22080  2.17197e+02 | 33  0.21672  1.26155e+02
 34 -0.99569 -5.85612e+03 | 35 -0.99558 -2.20798e+03 | 36 -0.99572 -2.91674e+03
 37 -0.98894 -8.64552e+02 | 38 -0.99463 -1.42811e+03 | 39 -0.99684 -1.81951e+03
 40 -0.94924  4.95524e+02 | 41 -0.96730  6.14481e+01 | 42 -0.96108  8.13177e+02
 43 -0.98115 -8.76951e+03 | 44 -0.95103 -1.76934e+03 | 45 -0.90811  4.03715e+02
 46 -0.86133  1.19440e+02 | 47 -0.85582 -3.78342e+02 | 48 -0.91102 -1.32388e+02
 49 -0.85657 -1.21321e+02 | 50 -0.86027 -1.77278e+02 | 51 -0.86234  1.34682e+02
 52 -0.91289  5.80490e+01 | 53 -0.90682  1.72659e+02 | 54 -0.90534  1.16138e+02
 55 -0.93106 -5.47357e+02 | 56 -0.92730 -2.74438e+02 | 57 -0.94756 -2.08951e+03
 58 -0.95331 -1.99273e+03 | 59 -0.96351 -2.38602e+03 | 60 -0.15390  1.02206e+03
 61 -0.41202 -9.38611e+02 | 62  1.00280 -9.47946e-02 | 63  0.27419  4.29182e+02
 64 -0.39559  2.75026e+01 | 65  0.12273  3.33503e+01 | 66 -0.30639 -6.44575e+01
 67 -0.07447  3.98280e+01 | 68  0.05706 -5.47760e+01 | 69  1.01865 -1.41711e+00
 70  0.25915  2.38627e+01 | 71 -0.22730  4.78766e+02 | 72 -0.04339 -9.11060e+01
 73  0.08655  8.13425e+01 | 74 -0.18404  5.41526e+02 | 75 -0.21548  2.36412e+02
 76 -0.22485  7.77039e+02 | 77 -0.18649  5.14854e+02 |
77 variables; iteration 60; function evaluation 84; phase 6
Function value 2.3720988e+03; maximum gradient component mag -8.5796e+03
Var    Value     Gradient |Var    Value     Gradient |Var    Value     Gradient
  1 -0.25103 -1.29341e+03 |  2 -0.17666 -1.79756e+02 |  3 -1.38501 -1.82539e+02
  4 -0.23179 -5.57116e+03 |  5  0.02725 -2.90880e+01 |  6 -0.01005 -2.64167e+01
  7  0.09750 -6.40755e+00 |  8 -0.02319 -2.96035e+01 |  9 -0.02161 -3.50702e+01
 10  0.08936 -1.32888e+02 | 11  0.02487 -1.38519e+01 | 12  0.14597  3.20659e+01
 13 -0.05590 -6.87788e+01 | 14 -0.12474 -1.07760e+02 | 15 -0.03235 -1.99027e+01
 16  0.08719 -3.54596e+01 | 17 -0.03054 -8.26754e+01 | 18  0.14868 -4.55911e+02
 19  0.03254 -5.61325e+01 | 20 -0.05865  9.54303e+01 | 21  0.02579  1.39145e+02
 22 -0.12454  5.24738e+01 | 23 -0.06837  1.14132e+02 | 24 -0.04346  1.38921e+02
 25 -0.08730  1.19933e+02 | 26  0.03100  1.55260e+02 | 27 -0.01383  4.16712e+01
 28 -0.12513  9.64652e+01 | 29 -0.06218  1.69830e+02 | 30 -0.07739  1.12240e+02
 31  0.18187 -7.48296e+02 | 32  0.21090  6.85002e+01 | 33  0.22166  1.65939e+02
 34 -0.99539 -4.17780e+03 | 35 -0.99521  8.74861e+02 | 36 -0.99532  1.35987e+03
 37 -0.98791  6.75636e+02 | 38 -0.99408  2.21090e+03 | 39 -0.99653  4.26087e+03
 40 -0.94661  5.92865e+02 | 41 -0.96313  8.96081e+02 | 42 -0.95691  1.38472e+03
 43 -0.98075 -8.57963e+03 | 44 -0.95180 -1.95988e+03 | 45 -0.90442  4.91888e+02
 46 -0.85817  1.42053e+02 | 47 -0.85121 -3.35140e+02 | 48 -0.90927 -8.98691e+01
 49 -0.85481 -1.35645e+02 | 50 -0.85966 -2.15942e+02 | 51 -0.85016  2.53789e+02
 52 -0.90725  2.09531e+02 | 53 -0.90138  3.00888e+02 | 54 -0.89564  3.81821e+02
 55 -0.92931 -4.98279e+02 | 56 -0.92301 -1.14374e+02 | 57 -0.94689 -2.17361e+03
 58 -0.95249 -2.04717e+03 | 59 -0.96149 -2.01148e+03 | 60 -0.16497  7.57542e+02
 61 -0.42199 -1.11597e+03 | 62  1.18271  4.14276e+01 | 63  0.28309  7.70191e+02
 64 -0.16893  1.24741e+00 | 65 -0.07762  1.04544e+01 | 66 -0.44689 -4.13118e+01
 67 -0.07536  8.15748e+01 | 68  0.06095 -4.21514e+01 | 69  1.24539 -1.44249e+01
 70  0.15720  2.17029e+01 | 71 -0.23767  4.57010e+02 | 72 -0.04159 -2.75846e+01
 73  0.08953  6.43598e+01 | 74 -0.18069  5.68377e+02 | 75 -0.25611  2.35063e+02
 76 -0.24650  6.80209e+02 | 77 -0.22178  5.07280e+02 |
77 variables; iteration 80; function evaluation 113; phase 6
Function value 2.2923163e+03; maximum gradient component mag -7.6523e+03
Var    Value     Gradient |Var    Value     Gradient |Var    Value     Gradient
  1 -0.24611 -7.15930e+02 |  2 -0.13946 -2.59748e+01 |  3 -1.40570 -1.88614e+02
  4 -0.23500 -3.09174e+03 |  5  0.06723 -1.61646e+01 |  6  0.01144 -9.20567e+00
  7  0.13836  4.08253e+01 |  8 -0.07942 -5.51399e+01 |  9 -0.04527 -3.77143e+01
 10  0.07076 -3.11510e+01 | 11  0.06458  4.29544e+01 | 12  0.17065  2.88797e+02
 13 -0.14904 -1.21779e+02 | 14 -0.14000 -1.16160e+02 | 15 -0.02088 -3.48752e+00
 16  0.06910  2.26957e+01 | 17  0.05890 -3.84688e+01 | 18  0.14028 -2.39132e+02
 19 -0.05438 -8.34871e+01 | 20 -0.04779  2.96102e+01 | 21  0.06105  2.32709e+02
 22 -0.17902 -5.28149e+01 | 23 -0.07094  5.44219e+01 | 24 -0.01117  1.46569e+02
 25 -0.10825  1.21216e+01 | 26 -0.04678  3.65473e+01 | 27  0.02922 -5.46547e+01
 28 -0.10258  4.99537e+01 | 29 -0.05194  1.17895e+02 | 30 -0.01080  1.65404e+02
 31  0.15593 -5.45041e+02 | 32  0.21762  8.74828e+01 | 33  0.17061  3.56362e+01
 34 -0.99575 -4.47680e+03 | 35 -0.99591 -4.27783e+03 | 36 -0.99608 -5.24865e+03
 37 -0.98888  1.39112e+03 | 38 -0.99448  4.75240e+03 | 39 -0.99684  5.86098e+03
 40 -0.95825 -4.15981e+02 | 41 -0.96441  1.53721e+03 | 42 -0.96391  8.33642e+02
 43 -0.98032 -7.65232e+03 | 44 -0.95058 -1.35452e+03 | 45 -0.92037  4.04163e+01
 46 -0.86871 -1.51321e+01 | 47 -0.84729 -3.26306e+02 | 48 -0.90575  4.10628e+01
 49 -0.85425 -2.02267e+02 | 50 -0.85272 -1.88214e+02 | 51 -0.86301  3.52680e+00
 52 -0.90262  3.42637e+02 | 53 -0.89246  5.00126e+02 | 54 -0.89044  4.45980e+02
 55 -0.92332 -1.98327e+02 | 56 -0.91346  3.12051e+02 | 57 -0.94425 -1.80859e+03
 58 -0.94083 -7.16521e+02 | 59 -0.95448 -1.12553e+03 | 60 -0.16358  4.69329e+02
 61 -0.40076 -4.42556e+02 | 62  1.13872  1.40152e+01 | 63  0.29513  4.72552e+02
 64 -0.17669  1.15336e+01 | 65 -0.10975  5.68553e+00 | 66 -0.45436 -4.03151e+01
 67 -0.11473 -8.13649e+01 | 68  0.03292  2.44256e+01 | 69  1.38945 -1.35222e+01
 70 -0.03975  1.23984e+01 | 71 -0.21794  2.92611e+02 | 72 -0.02015  7.80202e+01
 73  0.10221  2.28807e+02 | 74 -0.19612  6.34561e+02 | 75 -0.29406  2.11381e+02
 76 -0.31498  4.90963e+02 | 77 -0.27103  3.58693e+02 |
77 variables; iteration 100; function evaluation 135; phase 6
Function value 1.9826057e+03; maximum gradient component mag 2.1593e+03
Var    Value     Gradient |Var    Value     Gradient |Var    Value     Gradient
  1 -0.27555  9.16884e+01 |  2 -0.09176  2.01997e+01 |  3 -0.95505  1.29194e+01
  4 -0.22420  1.34850e+03 |  5 -0.05929 -3.05619e+01 |  6  0.01008  4.24874e+01
  7  0.05886  1.31460e+02 |  8  0.01556  6.01509e+01 |  9  0.10944  2.51555e+02
 10 -0.09996 -7.83205e+01 | 11  0.07047  9.80962e+01 | 12  0.06171  7.21294e+01
 13  0.00255 -5.80914e-01 | 14 -0.02029 -1.83653e+00 | 15 -0.02134  1.35799e+01
 16  0.02080  1.99669e+01 | 17  0.09933  2.13319e+01 | 18  0.05655 -4.61123e+01
 19  0.05165  3.51055e+01 | 20  0.00682  7.56791e+01 | 21 -0.03345  3.98624e+01
 22 -0.02906  6.61681e+01 | 23 -0.04598  6.25046e+01 | 24 -0.03997  6.35904e+01
 25 -0.04005  6.34809e+01 | 26 -0.06771 -1.58809e+01 | 27  0.02775  7.92382e+01
 28 -0.05573  5.72920e+01 | 29 -0.03108  6.40340e+01 | 30 -0.00501  5.99381e+01
 31  0.18113 -3.48237e+01 | 32  0.21407  9.99227e+01 | 33 -0.07398 -4.99425e+01
 34 -0.99488  1.49920e+03 | 35 -0.99512  4.92724e+02 | 36 -0.99534  3.11253e+02
 37 -0.98775  6.36544e+02 | 38 -0.99399  1.14183e+03 | 39 -0.99638  2.15929e+03
 40 -0.94628  9.41433e+01 | 41 -0.96228  2.54632e+02 | 42 -0.95906  2.38761e+02
 43 -0.95799 -2.10808e+02 | 44 -0.92697 -9.05602e+01 | 45 -0.90548 -2.40843e+01
 46 -0.84233 -4.88200e+00 | 47 -0.79790 -9.09871e+01 | 48 -0.88940 -1.61930e+01
 49 -0.81264 -2.42026e+01 | 50 -0.80943 -1.35282e+01 | 51 -0.84146 -3.17354e+01
 52 -0.89558  3.77953e+01 | 53 -0.89119  7.67048e+01 | 54 -0.89129  2.10887e+01
 55 -0.91112  9.44024e+00 | 56 -0.90920  1.92618e+02 | 57 -0.91852 -2.11462e+02
 58 -0.92738 -1.88592e+02 | 59 -0.94306 -2.92040e+02 | 60 -0.09748  6.01535e+01
 61 -0.36849 -7.75192e+01 | 62  1.13537 -1.12400e+01 | 63  0.24833 -4.95068e+01
 64 -0.26229  2.56165e+01 | 65  0.08343  2.87886e+00 | 66 -0.45082 -4.32541e+00
 67 -0.15724 -8.66187e+01 | 68  0.05232  4.86005e+01 | 69  1.48029 -2.52723e+00
 70  0.00648  3.56744e+00 | 71 -0.27488  8.22088e+01 | 72 -0.06352 -6.48722e+01
 73  0.08152  1.66877e+02 | 74 -0.33457  6.20017e+01 | 75 -0.30730  4.70872e+01
 76 -0.42336  4.60710e+01 | 77 -0.29680  1.38012e+02 |
77 variables; iteration 120; function evaluation 156; phase 6
Function value 1.8911289e+03; maximum gradient component mag -5.4644e+02
Var    Value     Gradient |Var    Value     Gradient |Var    Value     Gradient
  1 -0.28696 -6.62576e+01 |  2 -0.07612 -8.97407e-01 |  3 -0.99822  2.96254e-01
  4 -0.22927 -5.46444e+02 |  5 -0.01739 -2.30490e+01 |  6  0.03935  2.24685e+00
  7 -0.04672 -3.75659e+01 |  8  0.05646  5.64093e+00 |  9  0.06440 -7.14376e+00
 10  0.00478 -4.29622e+01 | 11  0.09255 -6.16832e+00 | 12 -0.00190 -2.33408e+01
 13  0.03203 -6.76756e+00 | 14 -0.01350 -4.59394e+00 | 15 -0.02416 -4.82226e+00
 16 -0.00225 -2.03853e+01 | 17  0.12896 -5.91032e+01 | 18 -0.00414 -5.70770e+01
 19  0.03648 -5.67935e+00 | 20 -0.00645 -1.53558e+01 | 21 -0.03469 -2.03231e+01
 22 -0.04403 -9.19802e+00 | 23 -0.06210 -1.38011e+01 | 24 -0.05774 -6.74443e+00
 25 -0.06291 -1.51237e+01 | 26 -0.03552 -2.15548e+01 | 27 -0.01949 -1.48922e+01
 28 -0.06819 -9.39909e+00 | 29 -0.04514 -2.87398e+00 | 30 -0.01512 -3.85234e+00
 31  0.16661  2.18874e+01 | 32  0.13851  3.29874e+01 | 33  0.14984 -1.17116e+01
 34 -0.99463 -3.53176e+02 | 35 -0.99474 -4.11423e+02 | 36 -0.99490 -3.79631e+02
 37 -0.98669 -8.50176e+01 | 38 -0.99342 -1.04555e+02 | 39 -0.99605 -3.97475e+02
 40 -0.94069  1.03973e+01 | 41 -0.95884  1.15016e+01 | 42 -0.95564  3.17602e+00
 43 -0.95427 -3.15790e+02 | 44 -0.92022 -8.77900e+01 | 45 -0.89689 -2.40986e+00
 46 -0.83085  2.93667e-01 | 47 -0.77419 -1.52991e+01 | 48 -0.87695 -1.52072e+01
 49 -0.79189 -1.39540e+01 | 50 -0.78477 -2.15807e+01 | 51 -0.81275 -2.63302e+01
 52 -0.87558 -2.76560e+01 | 53 -0.86938  1.17235e+00 | 54 -0.86619 -1.75699e+01
 55 -0.88914 -5.14656e+01 | 56 -0.88847  1.86802e+01 | 57 -0.88603 -2.85385e+01
 58 -0.89775 -2.29014e+00 | 59 -0.91765  5.00035e+01 | 60 -0.11255  2.24834e+01
 61 -0.36835  1.13182e+01 | 62  1.59584  1.45017e+01 | 63  0.16976  3.26891e+01
 64 -0.57597 -1.76734e+01 | 65  0.07949  4.26548e-01 | 66 -0.34622 -5.60839e+00
 67 -0.14750 -1.00818e+00 | 68  0.04091  5.58760e+00 | 69  1.38538 -2.12093e+00
 70 -0.09800  2.80415e-01 | 71 -0.28929  1.01173e+01 | 72 -0.06694 -2.42949e+01
 73  0.06873  2.84343e+01 | 74 -0.34928  1.48118e+01 | 75 -0.28960  1.15333e+01
 76 -0.46970 -1.50138e-01 | 77 -0.30312  1.45308e+01 |
77 variables; iteration 140; function evaluation 176; phase 6
Function value 1.8821025e+03; maximum gradient component mag -4.2641e+02
Var    Value     Gradient |Var    Value     Gradient |Var    Value     Gradient
  1 -0.28298 -3.96221e+01 |  2 -0.08118 -9.88221e+00 |  3 -1.00314 -5.03385e-01
  4 -0.23610 -4.26406e+02 |  5  0.01585 -2.75434e+00 |  6  0.01346 -4.87393e+00
  7  0.00817 -8.84055e+00 |  8  0.02881 -5.63820e+00 |  9 -0.00189 -1.53366e+01
 10  0.11931 -1.74231e+01 | 11  0.01397 -9.22232e+00 | 12  0.01691 -2.05671e+01
 13  0.03615 -4.64696e+00 | 14 -0.01232 -2.98636e+00 | 15 -0.02415 -1.93535e+00
 16  0.00042 -1.18465e+01 | 17  0.14023 -9.50896e+00 | 18 -0.01409 -5.56731e+01
 19  0.04481 -6.08367e+00 | 20 -0.00098  2.35791e+00 | 21 -0.02323  5.87542e+00
 22 -0.04045  5.74632e+00 | 23 -0.05743  6.13163e+00 | 24 -0.05703  7.93834e+00
 25 -0.06093  8.55903e+00 | 26 -0.03254  7.92519e+00 | 27 -0.01797  1.07229e+01
 28 -0.07104  7.85406e+00 | 29 -0.05042  8.26199e+00 | 30 -0.02191  8.33768e+00
 31  0.16640 -9.24807e+00 | 32  0.11891 -8.87007e-01 | 33  0.15238 -3.62587e-01
 34 -0.99391  1.23741e+02 | 35 -0.99406 -9.68513e+01 | 36 -0.99423 -1.07647e+01
 37 -0.98510 -5.99856e+01 | 38 -0.99267 -5.03190e+01 | 39 -0.99562 -2.73482e+02
 40 -0.93473 -2.64736e+01 | 41 -0.95482 -5.71564e+01 | 42 -0.95128 -4.39431e+01
 43 -0.94777 -6.41164e+01 | 44 -0.91103 -3.62023e+01 | 45 -0.88694 -1.22748e+01
 46 -0.81412 -4.99718e+00 | 47 -0.74617  1.11753e+00 | 48 -0.86221 -4.56034e+00
 49 -0.76490 -2.71423e+00 | 50 -0.75295 -1.28290e+01 | 51 -0.77835  2.92628e+00
 52 -0.85188 -5.01287e+00 | 53 -0.84596 -2.70560e+00 | 54 -0.83999  2.15545e+00
 55 -0.86548 -9.48998e+00 | 56 -0.86720  2.60051e+00 | 57 -0.86416 -4.87446e+01
 58 -0.87724 -1.68506e+01 | 59 -0.90247 -2.51201e+01 | 60 -0.09575  2.03502e+01
 61 -0.36419 -3.85025e+00 | 62  1.51278 -4.33272e+00 | 63  0.18868 -6.82371e+00
 64 -0.55481  2.88784e+00 | 65  0.09781  2.46755e-01 | 66 -0.34676  2.19137e-01
 67 -0.13326  3.54039e+00 | 68  0.05778 -3.50511e+00 | 69  1.39873  3.30851e-01
 70 -0.05612  1.75720e-01 | 71 -0.29219  2.33918e+00 | 72 -0.06900 -3.67706e+00
 73  0.07391  7.52990e+00 | 74 -0.34627  4.66755e+00 | 75 -0.29523 -8.60471e-01
 76 -0.46266  8.95121e+00 | 77 -0.30141  2.05969e+00 |
77 variables; iteration 160; function evaluation 196; phase 6
Function value 1.8784659e+03; maximum gradient component mag 3.2650e+02
Var    Value     Gradient |Var    Value     Gradient |Var    Value     Gradient
  1 -0.27936  2.23571e+01 |  2 -0.08360  3.37360e-01 |  3 -0.99047  1.45894e+00
  4 -0.23977  2.68859e+02 |  5  0.00829  8.22735e+00 |  6  0.00087  2.12181e+00
  7  0.04340  2.93331e+01 |  8  0.01302  2.49865e+00 |  9  0.03198  8.14137e+00
 10  0.08903 -7.69736e+00 | 11  0.03911  1.49775e+01 | 12  0.06272  2.71606e+01
 13  0.02276  4.51552e+00 | 14 -0.01121  2.22403e+00 | 15 -0.02559 -7.20096e-02
 16  0.01002  9.75572e-01 | 17  0.12992  2.55711e+01 | 18  0.05492 -4.65819e+01
 19  0.04638  3.81263e+00 | 20  0.00237  1.97810e+00 | 21 -0.01898  6.14747e+00
 22 -0.03889  1.40473e+00 | 23 -0.05680  1.17771e+00 | 24 -0.05404  9.96397e+00
 25 -0.06385  1.18798e+00 | 26 -0.03163  1.42845e+01 | 27 -0.01955  7.66463e+00
 28 -0.07390 -1.56125e+00 | 29 -0.05341 -2.38354e-01 | 30 -0.02506  2.71133e+00
 31  0.16324  6.06693e+00 | 32  0.12370  7.11791e+00 | 33  0.15040 -5.19759e-01
 34 -0.99344  7.10061e+01 | 35 -0.99355  1.73959e+02 | 36 -0.99372  1.65742e+02
 37 -0.98364  8.30885e+01 | 38 -0.99194  1.36580e+02 | 39 -0.99517  3.26500e+02
 40 -0.92766  4.67479e+01 | 41 -0.95041  1.67295e+01 | 42 -0.94673  5.39074e+00
 43 -0.94282 -9.45450e+00 | 44 -0.90232 -6.42682e+00 | 45 -0.87589  5.65011e+00
 46 -0.79578  2.54550e+00 | 47 -0.72299 -8.39025e+00 | 48 -0.84766  1.19271e+01
 49 -0.74062  1.86813e+00 | 50 -0.72655 -1.62365e+01 | 51 -0.74893  1.20735e+01
 52 -0.83081  7.00604e+00 | 53 -0.82419  5.59402e+00 | 54 -0.81667  9.42967e+00
 55 -0.84432  5.44845e+00 | 56 -0.84505  2.33955e+01 | 57 -0.83869  9.28945e+00
 58 -0.85803 -1.70937e+01 | 59 -0.88670  6.58241e+00 | 60 -0.07271 -2.20982e+01
 61 -0.35967  1.45048e+00 | 62  1.45663  3.56740e+00 | 63  0.19781  1.15198e+01
 64 -0.56608 -3.73246e+00 | 65  0.18083  1.28719e+00 | 66 -0.33981 -4.99999e+00
 67 -0.13649  1.32367e+01 | 68  0.06245 -1.12729e+01 | 69  1.41607  5.65574e-01
 70 -0.01986  3.96315e-01 | 71 -0.29226  1.46971e+00 | 72 -0.07064 -9.82387e-01
 73  0.07887  2.79892e+00 | 74 -0.34242  6.09099e+00 | 75 -0.29567  2.08978e+00
 76 -0.46795 -5.42896e+00 | 77 -0.30258  1.11914e-01 |
77 variables; iteration 180; function evaluation 217; phase 6
Function value 1.8709554e+03; maximum gradient component mag 8.2723e+01
Var    Value     Gradient |Var    Value     Gradient |Var    Value     Gradient
  1 -0.26983  2.88034e+00 |  2 -0.07931  2.79231e-01 |  3 -0.99295  1.12229e+00
  4 -0.24277  5.34391e+01 |  5  0.00963  1.01356e+00 |  6  0.00976 -1.87378e-01
  7  0.01339  1.18064e+00 |  8  0.01934  1.53233e+00 |  9  0.01612  1.85956e+00
 10  0.11286  7.71010e+00 | 11  0.02388  1.29071e+00 | 12  0.04315  4.79326e-01
 13  0.03553  1.28676e+00 | 14 -0.00872  8.14430e-01 | 15 -0.02748  2.25510e-02
 16  0.00955  2.28122e-01 | 17  0.05171  6.99386e+00 | 18  0.14538  4.43663e+00
 19  0.01834  2.45501e+00 | 20 -0.00232  1.45553e+00 | 21 -0.01958  1.46710e+00
 22 -0.03509 -2.29681e-03 | 23 -0.05366 -7.21056e-01 | 24 -0.05307 -9.69718e-01
 25 -0.06178 -1.01355e+00 | 26 -0.03913 -4.17104e+00 | 27 -0.01144 -7.24347e+00
 28 -0.07234 -1.24846e+00 | 29 -0.05579 -1.39591e+00 | 30 -0.03309 -9.22917e-01
 31  0.16083 -3.13989e+00 | 32  0.12373  1.90751e+00 | 33  0.15622  1.34488e-01
 34 -0.99311  1.42652e+01 | 35 -0.99325 -4.71974e+00 | 36 -0.99344 -2.63007e+01
 37 -0.98298 -3.03973e-01 | 38 -0.99163  2.23919e+01 | 39 -0.99500  8.27234e+01
 40 -0.92554  3.08699e+00 | 41 -0.94849  8.82487e+00 | 42 -0.94412  8.22293e+00
 43 -0.93979  4.99804e+00 | 44 -0.89671 -3.23788e+00 | 45 -0.86927  1.31193e+00
 46 -0.78608  3.87876e-01 | 47 -0.70984 -1.91472e+00 | 48 -0.84332  1.97323e+00
 49 -0.73307  1.13938e-01 | 50 -0.71388  2.70890e+00 | 51 -0.74449  2.42198e+00
 52 -0.82766 -1.94501e+00 | 53 -0.82101 -4.01654e+00 | 54 -0.81320 -9.77706e-01
 55 -0.84063 -1.56631e+00 | 56 -0.84367 -7.48553e+00 | 57 -0.83539  1.35983e+00
 58 -0.85346 -6.97222e-01 | 59 -0.88337  5.80858e+00 | 60 -0.06239 -1.95746e+00
 61 -0.35612 -2.60340e+00 | 62  1.39191 -2.48980e+00 | 63  0.21075 -4.07145e+00
 64 -0.57872  1.08008e+00 | 65  0.15232 -2.72265e-01 | 66 -0.31485  9.97096e-01
 67 -0.13499 -3.77213e+00 | 68  0.06680  2.40206e+00 | 69  1.39640  8.91909e-02
 70 -0.07322 -1.00222e-01 | 71 -0.28960  2.25792e+00 | 72 -0.06761 -3.97864e-01
 73  0.08198  1.01947e+00 | 74 -0.34635  7.96323e-01 | 75 -0.29495 -1.96430e+00
 76 -0.46393  1.01836e+00 | 77 -0.29100 -1.97370e+00 |
77 variables; iteration 200; function evaluation 237; phase 6
Function value 1.8708866e+03; maximum gradient component mag -7.3968e+00
Var    Value     Gradient |Var    Value     Gradient |Var    Value     Gradient
  1 -0.27020 -4.56131e-01 |  2 -0.07740 -4.45347e-01 |  3 -0.99960  5.03886e-02
  4 -0.24297 -6.95506e+00 |  5  0.00916 -2.34149e-01 |  6  0.01165 -1.70319e-01
  7  0.01377  1.77480e-01 |  8  0.01904 -1.64901e-01 |  9  0.01583 -5.69515e-02
 10  0.11248 -4.39891e-01 | 11  0.02464  1.63149e-01 | 12  0.04533 -1.46620e-02
 13  0.03509 -1.66392e-01 | 14 -0.00897 -5.91124e-02 | 15 -0.02709 -1.16942e-02
 16  0.01058 -1.58058e-01 | 17  0.04585 -4.78174e-01 | 18  0.14749 -6.42265e-01
 19  0.01664 -9.37972e-02 | 20 -0.00327 -1.55180e-01 | 21 -0.02060 -1.53506e-01
 22 -0.03525 -6.39337e-03 | 23 -0.05361  8.86555e-02 | 24 -0.05315  1.32943e-02
 25 -0.06207  1.94523e-02 | 26 -0.03862 -5.49857e-02 | 27 -0.01034 -2.68011e-02
 28 -0.07252  6.70915e-02 | 29 -0.05568  7.55784e-02 | 30 -0.03295  1.12894e-01
 31  0.16138 -3.50568e-02 | 32  0.12307  1.68317e-01 | 33  0.15716  3.00026e-01
 34 -0.99309 -2.70242e+00 | 35 -0.99323 -6.97713e+00 | 36 -0.99342 -7.09447e+00
 37 -0.98294 -2.11413e+00 | 38 -0.99162 -4.49268e+00 | 39 -0.99499 -7.39683e+00
 40 -0.92548 -2.53028e-01 | 41 -0.94848 -9.25082e-02 | 42 -0.94410 -1.30146e-01
 43 -0.93972  2.07711e+00 | 44 -0.89642  1.02304e+00 | 45 -0.86921 -3.24638e-02
 46 -0.78613  1.75476e-01 | 47 -0.70969  3.85800e-01 | 48 -0.84349  2.56932e-01
 49 -0.73348  3.31530e-02 | 50 -0.71501  4.61148e-01 | 51 -0.74538  8.21053e-02
 52 -0.82774 -2.53185e-01 | 53 -0.82086 -4.86379e-01 | 54 -0.81326 -2.84910e-01
 55 -0.84062 -5.46359e-02 | 56 -0.84333 -9.10277e-01 | 57 -0.83567 -1.68680e-02
 58 -0.85356  1.01139e+00 | 59 -0.88383 -1.06376e+00 | 60 -0.06260  5.06984e-01
 61 -0.35602 -3.79905e-01 | 62  1.41537  1.05470e-01 | 63  0.20650  9.99375e-01
 64 -0.57787 -2.15864e-01 | 65  0.15590  3.39101e-03 | 66 -0.31577 -1.24489e-01
 67 -0.13446  2.94556e-01 | 68  0.06595 -1.89328e-01 | 69  1.39116 -1.09752e-02
 70 -0.07684  5.95280e-04 | 71 -0.29007  1.20044e-01 | 72 -0.06752  7.12158e-02
 73  0.08173 -3.22098e-01 | 74 -0.34700 -2.34850e-01 | 75 -0.29397  3.33334e-02
 76 -0.46434  2.91846e-01 | 77 -0.29032 -1.22790e-01 |
77 variables; iteration 220; function evaluation 257; phase 6
Function value 1.8708858e+03; maximum gradient component mag 3.2705e-01
Var    Value     Gradient |Var    Value     Gradient |Var    Value     Gradient
  1 -0.27029 -2.63563e-02 |  2 -0.07723 -7.80771e-03 |  3 -0.99982  9.79541e-04
  4 -0.24295 -2.29679e-02 |  5  0.00943  9.70799e-03 |  6  0.01181  2.08898e-03
  7  0.01330 -1.35354e-03 |  8  0.01921 -7.84671e-03 |  9  0.01576  3.27263e-03
 10  0.11270 -1.01127e-02 | 11  0.02418 -5.01122e-03 | 12  0.04532  3.30951e-03
 13  0.03524  4.54174e-03 | 14 -0.00895  8.94693e-04 | 15 -0.02708 -1.14899e-03
 16  0.01066  1.22395e-03 | 17  0.04626  2.63352e-04 | 18  0.14737  2.80190e-03
 19  0.01657 -1.82697e-04 | 20 -0.00322  9.91515e-03 | 21 -0.02057  6.21025e-03
 22 -0.03530  4.88607e-03 | 23 -0.05367 -1.44414e-04 | 24 -0.05318  5.25806e-03
 25 -0.06207  3.70844e-03 | 26 -0.03857 -2.39234e-03 | 27 -0.01040 -3.27843e-03
 28 -0.07251  3.70876e-03 | 29 -0.05566  2.96130e-03 | 30 -0.03291  4.74082e-03
 31  0.16142 -4.53014e-03 | 32  0.12307 -4.75274e-03 | 33  0.15712  9.60230e-03
 34 -0.99310  2.33393e-02 | 35 -0.99324  3.27045e-01 | 36 -0.99343  2.62751e-01
 37 -0.98296  8.56889e-02 | 38 -0.99163  1.75008e-01 | 39 -0.99500  2.61502e-01
 40 -0.92555  9.91275e-03 | 41 -0.94853 -7.22090e-03 | 42 -0.94416 -1.38667e-02
 43 -0.93981 -1.27791e-02 | 44 -0.89656  4.97043e-03 | 45 -0.86935 -2.15179e-04
 46 -0.78638  4.73171e-03 | 47 -0.71005  6.41770e-03 | 48 -0.84366  1.78608e-02
 49 -0.73369 -7.44517e-03 | 50 -0.71535  1.85184e-04 | 51 -0.74561 -1.22437e-02
 52 -0.82788 -1.03011e-03 | 53 -0.82097 -9.13661e-03 | 54 -0.81340 -2.86995e-03
 55 -0.84076 -2.25613e-02 | 56 -0.84342  2.12554e-02 | 57 -0.83586 -3.26020e-02
 58 -0.85381  2.03133e-02 | 59 -0.88393  5.12028e-03 | 60 -0.06301 -4.39259e-03
 61 -0.35613 -2.30934e-02 | 62  1.41740 -1.75756e-03 | 63  0.20611 -4.63510e-03
 64 -0.57760  4.29302e-03 | 65  0.15521  2.02650e-04 | 66 -0.31603  1.78872e-03
 67 -0.13446 -2.02337e-03 | 68  0.06592  2.49225e-03 | 69  1.39078  7.49048e-04
 70 -0.07723  1.08540e-04 | 71 -0.29011  5.34715e-03 | 72 -0.06751  7.48239e-03
 73  0.08168 -9.86666e-03 | 74 -0.34698  4.03023e-03 | 75 -0.29396 -6.89438e-03
 76 -0.46444  6.38194e-03 | 77 -0.29032 -6.74910e-03 |
  ic > imax  in fminim is answer attained ?
Var    Value     Gradient |Var    Value     Gradient |Var    Value     Gradient
  1 -0.27029 -2.80468e-05 |  2 -0.07723 -6.02989e-06 |  3 -0.99982  1.17944e-06
  4 -0.24295  1.78078e-05 |  5  0.00942 -1.54160e-06 |  6  0.01181 -6.59226e-07
  7  0.01330 -2.96384e-07 |  8  0.01922 -1.52204e-06 |  9  0.01575  1.69025e-06
 10  0.11270  3.23861e-06 | 11  0.02419 -1.49622e-06 | 12  0.04532 -5.93364e-07
 13  0.03524  2.08932e-06 | 14 -0.00895  2.64379e-07 | 15 -0.02708 -5.83005e-08
 16  0.01066 -1.78920e-06 | 17  0.04625 -8.72655e-07 | 18  0.14736  1.46001e-07
 19  0.01657  3.25924e-06 | 20 -0.00322  1.68043e-06 | 21 -0.02057  4.19416e-06
 22 -0.03530  3.51646e-06 | 23 -0.05367  9.21044e-07 | 24 -0.05318  6.36492e-07
 25 -0.06207  2.04193e-07 | 26 -0.03857  2.61773e-06 | 27 -0.01039  1.02042e-05
 28 -0.07251  1.81788e-06 | 29 -0.05566  9.33181e-07 | 30 -0.03291  1.32232e-06
 31  0.16142 -1.31747e-05 | 32  0.12307  6.70375e-07 | 33  0.15712  1.93173e-06
 34 -0.99310 -6.16177e-05 | 35 -0.99324  1.30139e-04 | 36 -0.99343  1.75299e-04
 37 -0.98296  4.82314e-05 | 38 -0.99163 -1.58530e-05 | 39 -0.99500 -9.22782e-05
 40 -0.92555  9.21990e-08 | 41 -0.94853 -1.39924e-05 | 42 -0.94416 -1.65270e-05
 43 -0.93981  1.70707e-05 | 44 -0.89656 -3.14390e-06 | 45 -0.86935  2.43405e-06
 46 -0.78638  2.16311e-07 | 47 -0.71005  2.90807e-06 | 48 -0.84367 -8.56883e-06
 49 -0.73369  2.56406e-06 | 50 -0.71535  4.14950e-06 | 51 -0.74561  6.52760e-06
 52 -0.82788 -1.35173e-05 | 53 -0.82097  1.24048e-05 | 54 -0.81340  8.62703e-06
 55 -0.84076 -1.72629e-05 | 56 -0.84342  6.68555e-06 | 57 -0.83586 -1.53207e-08
 58 -0.85381  7.97971e-06 | 59 -0.88393 -2.12602e-05 | 60 -0.06300 -1.05192e-05
 61 -0.35612  1.14696e-05 | 62  1.41741 -4.42539e-07 | 63  0.20611 -2.51412e-06
 64 -0.57760 -1.96078e-06 | 65  0.15521  8.44112e-07 | 66 -0.31602 -1.30361e-06
 67 -0.13446  5.76545e-06 | 68  0.06592 -3.31470e-06 | 69  1.39077  1.22870e-07
 70 -0.07724  1.56876e-07 | 71 -0.29011  5.17806e-06 | 72 -0.06751  1.77967e-05
 73  0.08168 -1.47024e-05 | 74 -0.34698  2.64935e-06 | 75 -0.29396 -1.86428e-06
 76 -0.46444  3.20310e-06 | 77 -0.29032  4.18337e-07 |
Function minimizer not making progress ... is minimum attained?
Minimprove criterion = 0.0000e+00
Warning: the following parameters had issues
  MGparm[11] is within 0.1% of lower bound: 1.0000e-02 < 1.0000e-02 < 4.0000e-01
  F_rate[1] is within 0.1% of lower bound: 0.0000e+00 < 2.9375e-04 < 1.0000e+01
  F_rate[2] is within 0.1% of lower bound: 0.0000e+00 < 2.8197e-04 < 1.0000e+01
  F_rate[3] is within 0.1% of lower bound: 0.0000e+00 < 2.6653e-04 < 1.0000e+01
  F_rate[4] is within 0.1% of lower bound: 0.0000e+00 < 1.7915e-03 < 1.0000e+01
  F_rate[5] is within 0.1% of lower bound: 0.0000e+00 < 4.3232e-04 < 1.0000e+01
  F_rate[6] is within 0.1% of lower bound: 0.0000e+00 < 1.5431e-04 < 1.0000e+01
  F_rate[7] is within 1% of lower bound: 0.0000e+00 < 3.4149e-02 < 1.0000e+01
  F_rate[8] is within 1% of lower bound: 0.0000e+00 < 1.6333e-02 < 1.0000e+01
  F_rate[9] is within 1% of lower bound: 0.0000e+00 < 1.9224e-02 < 1.0000e+01
  F_rate[10] is within 1% of lower bound: 0.0000e+00 < 2.2332e-02 < 1.0000e+01
  F_rate[11] is within 1% of lower bound: 0.0000e+00 < 6.5855e-02 < 1.0000e+01
  F_rate[26] is within 1% of lower bound: 0.0000e+00 < 8.2875e-02 < 1.0000e+01


 - final statistics:
77 variables; iteration 236; function evaluation 302
Function value 1.8709e+03; maximum gradient component mag 1.7530e-04
Exit code = 1;  converg criter 1.0000e-04
Var    Value     Gradient |Var    Value     Gradient |Var    Value     Gradient
  1 -0.27029 -2.80468e-05 |  2 -0.07723 -6.02989e-06 |  3 -0.99982  1.17944e-06
  4 -0.24295  1.78078e-05 |  5  0.00942 -1.54160e-06 |  6  0.01181 -6.59226e-07
  7  0.01330 -2.96384e-07 |  8  0.01922 -1.52204e-06 |  9  0.01575  1.69025e-06
 10  0.11270  3.23861e-06 | 11  0.02419 -1.49622e-06 | 12  0.04532 -5.93364e-07
 13  0.03524  2.08932e-06 | 14 -0.00895  2.64379e-07 | 15 -0.02708 -5.83005e-08
 16  0.01066 -1.78920e-06 | 17  0.04625 -8.72655e-07 | 18  0.14736  1.46001e-07
 19  0.01657  3.25924e-06 | 20 -0.00322  1.68043e-06 | 21 -0.02057  4.19416e-06
 22 -0.03530  3.51646e-06 | 23 -0.05367  9.21044e-07 | 24 -0.05318  6.36492e-07
 25 -0.06207  2.04193e-07 | 26 -0.03857  2.61773e-06 | 27 -0.01039  1.02042e-05
 28 -0.07251  1.81788e-06 | 29 -0.05566  9.33181e-07 | 30 -0.03291  1.32232e-06
 31  0.16142 -1.31747e-05 | 32  0.12307  6.70375e-07 | 33  0.15712  1.93173e-06
 34 -0.99310 -6.16177e-05 | 35 -0.99324  1.30139e-04 | 36 -0.99343  1.75299e-04
 37 -0.98296  4.82314e-05 | 38 -0.99163 -1.58530e-05 | 39 -0.99500 -9.22782e-05
 40 -0.92555  9.21990e-08 | 41 -0.94853 -1.39924e-05 | 42 -0.94416 -1.65270e-05
 43 -0.93981  1.70707e-05 | 44 -0.89656 -3.14390e-06 | 45 -0.86935  2.43405e-06
 46 -0.78638  2.16311e-07 | 47 -0.71005  2.90807e-06 | 48 -0.84367 -8.56883e-06
 49 -0.73369  2.56406e-06 | 50 -0.71535  4.14950e-06 | 51 -0.74561  6.52760e-06
 52 -0.82788 -1.35173e-05 | 53 -0.82097  1.24048e-05 | 54 -0.81340  8.62703e-06
 55 -0.84076 -1.72629e-05 | 56 -0.84342  6.68555e-06 | 57 -0.83586 -1.53207e-08
 58 -0.85381  7.97971e-06 | 59 -0.88393 -2.12602e-05 | 60 -0.06300 -1.05192e-05
 61 -0.35612  1.14696e-05 | 62  1.41741 -4.42539e-07 | 63  0.20611 -2.51412e-06
 64 -0.57760 -1.96078e-06 | 65  0.15521  8.44112e-07 | 66 -0.31602 -1.30361e-06
 67 -0.13446  5.76545e-06 | 68  0.06592 -3.31470e-06 | 69  1.39077  1.22870e-07
 70 -0.07724  1.56876e-07 | 71 -0.29011  5.17806e-06 | 72 -0.06751  1.77967e-05
 73  0.08168 -1.47024e-05 | 74 -0.34698  2.64935e-06 | 75 -0.29396 -1.86428e-06
 76 -0.46444  3.20310e-06 | 77 -0.29032  4.18337e-07 |
Estimating row 1 out of 77 for hessian
Estimating row 2 out of 77 for hessian
Estimating row 3 out of 77 for hessian
Estimating row 4 out of 77 for hessian
Estimating row 5 out of 77 for hessian
Estimating row 6 out of 77 for hessian
Estimating row 7 out of 77 for hessian
Estimating row 8 out of 77 for hessian
Estimating row 9 out of 77 for hessian
Estimating row 10 out of 77 for hessian
Estimating row 11 out of 77 for hessian
Estimating row 12 out of 77 for hessian
Estimating row 13 out of 77 for hessian
Estimating row 14 out of 77 for hessian
Estimating row 15 out of 77 for hessian
Estimating row 16 out of 77 for hessian
Estimating row 17 out of 77 for hessian
Estimating row 18 out of 77 for hessian
Estimating row 19 out of 77 for hessian
Estimating row 20 out of 77 for hessian
Estimating row 21 out of 77 for hessian
Estimating row 22 out of 77 for hessian
Estimating row 23 out of 77 for hessian
Estimating row 24 out of 77 for hessian
Estimating row 25 out of 77 for hessian
Estimating row 26 out of 77 for hessian
Estimating row 27 out of 77 for hessian
Estimating row 28 out of 77 for hessian
Estimating row 29 out of 77 for hessian
Estimating row 30 out of 77 for hessian
Estimating row 31 out of 77 for hessian
Estimating row 32 out of 77 for hessian
Estimating row 33 out of 77 for hessian
Estimating row 34 out of 77 for hessian
Estimating row 35 out of 77 for hessian
Estimating row 36 out of 77 for hessian
Estimating row 37 out of 77 for hessian
Estimating row 38 out of 77 for hessian
Estimating row 39 out of 77 for hessian
Estimating row 40 out of 77 for hessian
Estimating row 41 out of 77 for hessian
Estimating row 42 out of 77 for hessian
Estimating row 43 out of 77 for hessian
Estimating row 44 out of 77 for hessian
Estimating row 45 out of 77 for hessian
Estimating row 46 out of 77 for hessian
Estimating row 47 out of 77 for hessian
Estimating row 48 out of 77 for hessian
Estimating row 49 out of 77 for hessian
Estimating row 50 out of 77 for hessian
Estimating row 51 out of 77 for hessian
Estimating row 52 out of 77 for hessian
Estimating row 53 out of 77 for hessian
Estimating row 54 out of 77 for hessian
Estimating row 55 out of 77 for hessian
Estimating row 56 out of 77 for hessian
Estimating row 57 out of 77 for hessian
Estimating row 58 out of 77 for hessian
Estimating row 59 out of 77 for hessian
Estimating row 60 out of 77 for hessian
Estimating row 61 out of 77 for hessian
Estimating row 62 out of 77 for hessian
Estimating row 63 out of 77 for hessian
Estimating row 64 out of 77 for hessian
Estimating row 65 out of 77 for hessian
Estimating row 66 out of 77 for hessian
Estimating row 67 out of 77 for hessian
Estimating row 68 out of 77 for hessian
Estimating row 69 out of 77 for hessian
Estimating row 70 out of 77 for hessian
Estimating row 71 out of 77 for hessian
Estimating row 72 out of 77 for hessian
Estimating row 73 out of 77 for hessian
Estimating row 74 out of 77 for hessian
Estimating row 75 out of 77 for hessian
Estimating row 76 out of 77 for hessian
Estimating row 77 out of 77 for hessian
size of file gradfil1.tmp = 0
size of file gradfil2.tmp = 0
size of file varssave.tmp = 0
size of file cmpdiff.tmp = 0
