
Initial statistics: 1 variables; iteration 0; function evaluation 0; phase 1
Function value 5.9497966e+03; maximum gradient component mag 4.6478e+03
Var    Value     Gradient |Var    Value     Gradient |Var    Value     Gradient
  1  0.09126  4.64776e+03 |
  ic > imax  in fminim is answer attained ?
Var    Value     Gradient |Var    Value     Gradient |Var    Value     Gradient
  1 -0.06290  4.64776e+03 |
Function minimizer not making progress ... is minimum attained?
Minimprove criterion = 0.0000e+00

 - final statistics:
1 variables; iteration 1; function evaluation 30
Function value 5.2254e+03; maximum gradient component mag 4.6478e+03
Exit code = 1;  converg criter 1.0000e+01
Var    Value     Gradient |Var    Value     Gradient |Var    Value     Gradient
  1 -0.06290  4.64776e+03 |

Initial statistics: 13 variables; iteration 0; function evaluation 0; phase 2
Function value 5.2254301e+03; maximum gradient component mag 4.9390e+03
Var    Value     Gradient |Var    Value     Gradient |Var    Value     Gradient
  1 -0.06290  4.93901e+03 |  2 -0.28166  1.02988e+01 |  3 -0.09773 -3.33286e+02
  4 -0.04533 -4.46693e+02 |  5 -0.02077 -5.84933e+02 |  6  0.03569  1.06169e+03
  7  0.03349  1.01069e+03 |  8 -0.08448 -7.22425e+02 |  9  0.00360  1.86601e+03
 10 -0.09944  1.09413e+03 | 11 -0.08360 -1.64431e+03 | 12 -0.00227  2.19512e+03
 13 -0.01650  2.24590e+03 |

 - final statistics:
13 variables; iteration 18; function evaluation 51
Function value 4.6899e+03; maximum gradient component mag 8.1696e+00
Exit code = 1;  converg criter 1.0000e+01
Var    Value     Gradient |Var    Value     Gradient |Var    Value     Gradient
  1 -0.12712  8.16958e+00 |  2 -0.39871 -6.13821e-01 |  3 -0.09376 -1.85895e+00
  4 -0.03805  9.69153e-02 |  5 -0.03675 -1.06964e+00 |  6 -0.02360 -3.69478e-01
  7 -0.05510  4.68399e-01 |  8 -0.07624 -9.48829e-02 |  9 -0.00889  3.19379e+00
 10 -0.17285 -2.94476e-01 | 11 -0.05842  5.44643e+00 | 12 -0.03391 -2.11571e+00
 13 -0.08553  4.86694e+00 |

Initial statistics: 36 variables; iteration 0; function evaluation 0; phase 3
Function value 4.7895435e+03; maximum gradient component mag -1.5413e+03
Var    Value     Gradient |Var    Value     Gradient |Var    Value     Gradient
  1 -0.12712  8.16958e+00 |  2 -0.33632 -2.34951e+00 |  3 -0.20542 -3.06787e+00
  4 -0.39871 -6.13821e-01 |  5 -0.09376 -1.85895e+00 |  6 -0.03805  9.69153e-02
  7 -0.03675 -1.06964e+00 |  8 -0.02360 -3.69478e-01 |  9 -0.05510  4.68399e-01
 10  0.15783 -7.38736e+00 | 11  0.56697  1.02025e+01 | 12 -0.07624 -9.48829e-02
 13 -0.00889  3.19379e+00 | 14 -0.17285 -2.94476e-01 | 15 -0.83895 -3.33756e+00
 16  0.33837  1.07542e+01 | 17 -0.05842  5.44643e+00 | 18 -0.03391 -2.11571e+00
 19 -0.08553  4.86694e+00 | 20 -0.21635 -1.54132e+03 | 21 -0.00777 -1.15183e+03
 22  0.09122  3.40878e+02 | 23  0.00000 -3.86397e+02 | 24 -0.25511 -6.10357e+02
 25 -0.21635 -7.70634e+01 | 26 -0.00777  2.98960e+01 | 27  0.09122  3.76132e+01
 28  0.00000  8.00167e+00 | 29 -0.25511 -1.22239e+02 | 30 -0.16953 -1.23003e+02
 31 -0.09833 -4.89057e+01 | 32 -0.21635 -6.30518e+01 | 33 -0.00777  2.75259e+01
 34  0.09122  2.98737e+01 | 35  0.00000  1.03587e+01 | 36 -0.25511 -1.17214e+02

Intermediate statistics: 36 variables; iteration 20; function evaluation 36; phase 3
Function value 4.4816216e+03; maximum gradient component mag 8.5927e+02
Var    Value     Gradient |Var    Value     Gradient |Var    Value     Gradient
  1 -0.12993  8.59268e+02 |  2 -0.24917 -2.17652e+00 |  3 -0.11447 -1.70649e+00
  4 -0.41206 -1.96821e+00 |  5 -0.09247  3.24801e+00 |  6 -0.03346  5.20031e+01
  7 -0.03915 -5.53969e+01 |  8 -0.01800  4.34012e+01 |  9 -0.04662  1.00072e+01
 10  0.36752  5.06435e-01 | 11  0.28352 -2.94345e+01 | 12 -0.08647 -4.84819e+01
 13 -0.02089 -2.82177e+02 | 14 -0.20286  1.17034e+02 | 15 -0.67489 -5.88883e+00
 16  0.23500 -3.55057e+01 | 17 -0.05681 -4.19925e+01 | 18 -0.02533  4.84794e+02
 19 -0.09492  9.94066e+01 | 20 -0.01464 -6.05143e+01 | 21 -0.03725 -6.41369e+01
 22  0.03409 -3.53497e+02 | 23 -0.01360 -1.89690e+01 | 24 -0.12544 -7.20027e+01
 25 -0.20752 -6.90840e+01 | 26 -0.02883  6.83730e+00 | 27  0.10057  3.85485e+01
 28 -0.00788  2.48558e+00 | 29 -0.12142 -4.01443e+01 | 30 -0.02872 -4.22121e+01
 31 -0.03140 -2.23622e+01 | 32 -0.18236 -2.47261e+01 | 33 -0.01264  1.17653e+01
 34  0.09528  1.31608e+01 | 35 -0.00030  5.67812e+00 | 36 -0.10983 -3.77902e+01
36 variables; iteration 40; function evaluation 63; phase 3
Function value 4.4375236e+03; maximum gradient component mag -4.6950e+01
Var    Value     Gradient |Var    Value     Gradient |Var    Value     Gradient
  1 -0.13256  7.64180e+00 |  2 -0.07106 -1.29963e+00 |  3 -0.11477  1.26030e-01
  4 -0.45234 -2.89826e+00 |  5 -0.09791 -7.59687e+00 |  6 -0.03767  5.78818e+00
  7 -0.03653  2.46835e+00 |  8 -0.02071  3.03501e+00 |  9 -0.04500  1.51899e+00
 10  0.29862 -4.34936e-01 | 11  0.40819 -1.89831e-01 | 12 -0.08093 -5.85416e-02
 13 -0.01159  6.06070e+00 | 14 -0.19399 -2.89775e-01 | 15 -0.32701 -7.83472e-02
 16  0.25620  4.61878e-01 | 17 -0.06576  1.48668e+00 | 18 -0.03677 -8.60499e+00
 19 -0.09140 -1.28462e+00 | 20  0.09098 -2.36048e+01 | 21 -0.09793 -4.69496e+01
 22  0.15703 -6.92410e+00 | 23 -0.04153 -1.86076e+01 | 24 -0.05639 -2.07779e+01
 25 -0.17071  4.76364e+00 | 26 -0.01782  5.15085e-01 | 27  0.09508 -3.89303e+00
 28 -0.01194 -3.24360e+00 | 29 -0.01681  1.02072e+00 | 30  0.05303 -4.87224e-01
 31  0.01644 -1.19016e+00 | 32 -0.15492  1.41910e+00 | 33 -0.01610 -7.00461e-02
 34  0.10788  4.05016e+00 | 35 -0.00723 -1.08765e+00 | 36 -0.01328  1.68246e+00

 - final statistics:
36 variables; iteration 48; function evaluation 71
Function value 4.4344e+03; maximum gradient component mag 4.8720e-01
Exit code = 1;  converg criter 1.0000e+00
Var    Value     Gradient |Var    Value     Gradient |Var    Value     Gradient
  1 -0.13271  4.87196e-01 |  2  0.03090 -9.07095e-03 |  3 -0.12489  6.77269e-04
  4 -0.46909 -4.82405e-02 |  5 -0.09876 -6.44787e-02 |  6 -0.03744  4.66359e-02
  7 -0.03645  2.29481e-02 |  8 -0.02090  4.86513e-02 |  9 -0.04614  2.34345e-02
 10  0.30650  2.26414e-03 | 11  0.40930 -2.51197e-02 | 12 -0.08115  4.28208e-03
 13 -0.01165 -1.05407e-02 | 14 -0.19345  5.85577e-02 | 15 -0.32459  1.29232e-02
 16  0.25621 -3.90331e-05 | 17 -0.06577  9.38784e-02 | 18 -0.03655 -5.43259e-02
 19 -0.09124 -8.78153e-03 | 20  0.10112  6.62379e-02 | 21 -0.00643 -1.16652e-02
 22  0.16540  7.05546e-03 | 23 -0.00227  3.85329e-03 | 24 -0.00460 -7.87600e-03
 25 -0.17179  2.56023e-02 | 26 -0.01904  3.67953e-03 | 27  0.09685 -2.04556e-02
 28 -0.00554 -5.21605e-03 | 29 -0.01922 -7.57778e-04 | 30  0.05435 -1.15351e-02
 31  0.01836  1.90085e-03 | 32 -0.16048 -1.44301e-02 | 33 -0.01669  5.34756e-03
 34  0.10040  3.25288e-02 | 35 -0.00531  6.51881e-03 | 36 -0.01791  8.33578e-03

Initial statistics: 72 variables; iteration 0; function evaluation 0; phase 4
Function value 4.4343663e+03; maximum gradient component mag -1.0937e+04
Var    Value     Gradient |Var    Value     Gradient |Var    Value     Gradient
  1 -0.13271  4.87196e-01 |  2  0.00000 -1.63844e+02 |  3  0.00000 -3.14537e+02
  4  0.00000 -1.38558e+01 |  5  0.00000  4.92273e+01 |  6  0.00000 -1.36797e+02
  7  0.00000 -3.72725e+02 |  8  0.00000 -6.47308e+02 |  9  0.00000 -1.35276e+03
 10  0.00000 -1.48403e+03 | 11  0.00000 -9.88817e+02 | 12  0.00000 -3.49753e+02
 13  0.00000  1.23992e+03 | 14  0.00000  2.29737e+03 | 15  0.00000  1.59304e+03
 16  0.00000 -1.24316e+03 | 17  0.00000 -4.65716e+03 | 18  0.00000 -5.45948e+03
 19  0.00000 -7.41968e+03 | 20  0.00000 -1.03279e+04 | 21  0.00000 -1.09370e+04
 22  0.00000 -1.07781e+04 | 23  0.00000 -9.72775e+03 | 24  0.00000 -5.53631e+03
 25  0.00000  1.52226e+02 | 26  0.00000  1.98456e+03 | 27  0.00000  3.58948e+03
 28  0.00000  6.15635e+03 | 29  0.00000  9.40564e+03 | 30  0.00000  1.07401e+04
 31  0.00000  9.98997e+03 | 32  0.00000  9.86833e+03 | 33  0.00000  8.63733e+03
 34  0.00000  5.40027e+03 | 35  0.00000  1.66387e+03 | 36  0.00000 -4.68976e+02
 37  0.00000 -3.87763e+02 | 38  0.03090 -9.07095e-03 | 39 -0.12489  6.77269e-04
 40 -0.46909 -4.82405e-02 | 41 -0.09876 -6.44787e-02 | 42 -0.03744  4.66359e-02
 43 -0.03645  2.29481e-02 | 44 -0.02090  4.86513e-02 | 45 -0.04614  2.34345e-02
 46  0.30650  2.26414e-03 | 47  0.40930 -2.51197e-02 | 48 -0.08115  4.28208e-03
 49 -0.01165 -1.05407e-02 | 50 -0.19345  5.85577e-02 | 51 -0.32459  1.29232e-02
 52  0.25621 -3.90331e-05 | 53 -0.06577  9.38784e-02 | 54 -0.03655 -5.43259e-02
 55 -0.09124 -8.78153e-03 | 56  0.10112  6.62379e-02 | 57 -0.00643 -1.16652e-02
 58  0.16540  7.05546e-03 | 59 -0.00227  3.85329e-03 | 60 -0.00460 -7.87600e-03
 61 -0.17179  2.56023e-02 | 62 -0.01904  3.67953e-03 | 63  0.09685 -2.04556e-02
 64 -0.00554 -5.21605e-03 | 65 -0.01922 -7.57778e-04 | 66  0.05435 -1.15351e-02
 67  0.01836  1.90085e-03 | 68 -0.16048 -1.44301e-02 | 69 -0.01669  5.34756e-03
 70  0.10040  3.25288e-02 | 71 -0.00531  6.51881e-03 | 72 -0.01791  8.33578e-03

Intermediate statistics: 72 variables; iteration 20; function evaluation 32; phase 4
Function value 3.6560769e+03; maximum gradient component mag 3.0522e+03
Var    Value     Gradient |Var    Value     Gradient |Var    Value     Gradient
  1 -0.15338 -3.02476e+02 |  2  0.01395  9.58743e+01 |  3  0.03265  2.04464e+02
  4 -0.01090 -8.45851e+01 |  5 -0.01868 -1.86339e+02 |  6 -0.00460 -8.90101e+01
  7  0.00405 -2.09293e+01 |  8 -0.00575 -4.76120e+01 |  9  0.01097  4.48796e+01
 10  0.01100 -8.48422e+01 | 11 -0.00232 -2.87003e+02 | 12  0.01215 -3.68328e+02
 13 -0.01392 -4.12265e+02 | 14 -0.00370 -3.47613e+02 | 15 -0.01071 -2.57206e+02
 16 -0.00187  2.16260e+02 | 17  0.02556  9.58355e+02 | 18  0.00830 -2.26027e+02
 19 -0.06254 -7.25797e+02 | 20  0.04666  3.05224e+03 | 21 -0.00978  8.93862e+01
 22  0.01606 -3.91792e+02 | 23  0.02586 -7.48743e+02 | 24  0.01656 -9.42087e+02
 25 -0.07515 -6.17680e+02 | 26  0.01701  1.76644e+03 | 27  0.00328  1.93542e+03
 28  0.00555  2.17470e+03 | 29 -0.01295  1.05772e+03 | 30 -0.01610  5.97810e+02
 31  0.00451  8.43311e+02 | 32 -0.00465  2.08280e+02 | 33  0.00376 -1.80347e+03
 34 -0.04508 -1.75405e+03 | 35  0.02829 -1.81448e+03 | 36  0.00739 -1.39840e+03
 37  0.00336 -1.10520e+03 | 38  0.03055 -2.23209e+00 | 39 -0.13147 -4.65229e+01
 40 -0.47020 -6.93084e+00 | 41 -0.10856 -1.14055e+02 | 42 -0.04829 -1.54451e+02
 43 -0.04619 -2.59595e+02 | 44  0.00253  3.65864e+02 | 45  0.02408  2.55600e+02
 46  0.30611  1.35860e+00 | 47  0.40441  2.88241e+01 | 48 -0.08028 -3.10055e+00
 49 -0.00724  3.80011e+01 | 50 -0.17983 -1.45212e+02 | 51 -0.32515  3.17937e+00
 52  0.25578  2.82646e+01 | 53 -0.06971  5.65817e+01 | 54 -0.03464 -1.10906e+02
 55 -0.09272 -1.74074e+02 | 56  0.11948  9.00906e+01 | 57 -0.00641 -8.61628e-01
 58  0.15649 -1.60456e+02 | 59 -0.00227 -2.94829e-01 | 60 -0.00462 -6.79758e-01
 61 -0.15044  4.26082e+00 | 62 -0.01674 -5.55530e+00 | 63  0.08866 -1.83437e+01
 64 -0.00488 -1.69642e+00 | 65 -0.01731 -6.01704e+00 | 66  0.06212 -2.17678e+01
 67  0.01433  1.01572e+01 | 68 -0.12921 -1.58173e+01 | 69 -0.01419 -5.91112e+00
 70  0.08751 -1.49017e+01 | 71 -0.00461 -1.94773e+00 | 72 -0.01600 -6.89914e+00
72 variables; iteration 40; function evaluation 52; phase 4
Function value 3.6501123e+03; maximum gradient component mag 2.9525e+03
Var    Value     Gradient |Var    Value     Gradient |Var    Value     Gradient
  1 -0.15405 -4.33608e+02 |  2  0.01316  1.44170e+02 |  3  0.03322  2.93625e+02
  4 -0.00905 -2.81252e+00 |  5 -0.01754 -1.12485e+02 |  6 -0.00686 -6.35688e+01
  7  0.00046 -7.95822e+00 |  8 -0.00528  3.62207e+01 |  9  0.01160  2.15085e+02
 10  0.01188  1.56167e+02 | 11 -0.00236 -1.05257e+02 | 12  0.01149 -1.08142e+02
 13 -0.01136 -2.26402e+02 | 14 -0.00490 -3.13802e+02 | 15 -0.01060 -3.22071e+02
 16 -0.00293  1.22115e+02 | 17  0.02635  9.34346e+02 | 18  0.00698 -2.63741e+02
 19 -0.05803 -6.84949e+02 | 20  0.04674  2.95249e+03 | 21 -0.01147  3.79819e+01
 22  0.01633 -4.81172e+02 | 23  0.02587 -8.43962e+02 | 24  0.01667 -1.02864e+03
 25 -0.07197 -5.78168e+02 | 26  0.01646  1.59833e+03 | 27  0.00317  1.93922e+03
 28  0.00608  2.32358e+03 | 29 -0.01340  1.15089e+03 | 30 -0.01602  7.39017e+02
 31  0.00527  1.10783e+03 | 32 -0.00499  3.26342e+02 | 33  0.00364 -1.74321e+03
 34 -0.04388 -1.74279e+03 | 35  0.02788 -1.79963e+03 | 36  0.00876 -1.34053e+03
 37  0.00236 -1.09596e+03 | 38  0.03300 -1.76721e+00 | 39 -0.08356 -4.40379e+01
 40 -0.45994 -5.02654e+00 | 41 -0.10265 -9.77250e+01 | 42 -0.04064 -1.09001e+02
 43 -0.04002 -2.35584e+02 | 44  0.00748  3.69418e+02 | 45  0.03507  2.48528e+02
 46  0.30019  3.63264e+00 | 47  0.36619  2.05499e+01 | 48 -0.07658  1.28849e+02
 49 -0.00614  1.13969e+02 | 50 -0.18649 -1.24629e+02 | 51 -0.33615  2.03860e+00
 52  0.25071  3.04309e+01 | 53 -0.07015  8.30751e+00 | 54 -0.03216 -1.98898e+01
 55 -0.09467 -2.08094e+02 | 56  0.11871  1.24775e+02 | 57 -0.00425  1.32223e-01
 58  0.15249 -2.17474e+02 | 59 -0.00169 -4.10128e-02 | 60 -0.00325 -7.43740e-02
 61 -0.12136  2.34032e+01 | 62  0.00030  2.08197e+00 | 63  0.12156 -5.55872e+00
 64 -0.00015  4.79583e-01 | 65 -0.00219  6.45627e-01 | 66  0.10074 -7.32684e-02
 67  0.01072  5.56598e+00 | 68 -0.05116  5.10048e+01 | 69  0.00160  1.57590e+00
 70  0.14057 -2.24100e+01 | 71  0.00004  2.51331e-01 | 72 -0.00229 -5.63519e-01
72 variables; iteration 60; function evaluation 74; phase 4
Function value 3.5645665e+03; maximum gradient component mag -8.2246e+03
Var    Value     Gradient |Var    Value     Gradient |Var    Value     Gradient
  1 -0.15383 -8.22464e+03 |  2  0.02657  4.74849e+02 |  3  0.00350  1.84705e+02
  4  0.02218  7.57898e+02 |  5  0.00036  5.50932e+02 |  6 -0.01007  3.20813e+02
  7  0.00156  6.00978e+02 |  8 -0.01697  5.86906e+02 |  9  0.00839  1.71776e+03
 10  0.00392  1.75626e+03 | 11  0.00368  2.00801e+03 | 12 -0.00295  1.64453e+03
 13 -0.00149  1.82211e+03 | 14 -0.02153  3.98494e+02 | 15 -0.00692  9.91381e+01
 16 -0.01067 -3.00778e+02 | 17  0.01553 -3.53794e+02 | 18  0.00001  4.40988e+02
 19 -0.01444  4.52896e+02 | 20  0.03604  2.33464e+03 | 21 -0.01807 -2.96445e+02
 22  0.01633 -1.47633e+03 | 23  0.01397 -2.13300e+03 | 24  0.01344 -2.09102e+03
 25 -0.03581 -5.80572e+02 | 26  0.00439 -5.00382e+02 | 27  0.00058  5.60470e+02
 28  0.00105  1.18350e+03 | 29 -0.01233  8.96179e+02 | 30 -0.01675  1.48468e+02
 31  0.00240 -1.36103e+03 | 32 -0.01695 -1.75107e+03 | 33 -0.00094 -2.14311e+03
 34 -0.01618 -1.83485e+03 | 35  0.01766 -1.65276e+03 | 36  0.00873 -1.22847e+03
 37  0.00460 -3.71896e+02 | 38  0.07647  7.08616e+00 | 39  0.33687  4.79935e+00
 40 -0.40527  3.52091e+01 | 41 -0.11416 -4.13386e+01 | 42 -0.04101 -5.84193e+01
 43 -0.02615  2.45616e+00 | 44  0.01363  2.52974e+01 | 45  0.08606  1.06092e+02
 46  0.26136  1.40224e+00 | 47  0.27692 -1.42275e+01 | 48 -0.08141  1.10864e+02
 49 -0.01004 -3.63245e+01 | 50 -0.20336  2.80455e+01 | 51 -0.37515 -1.00579e+00
 52  0.19861  1.51873e+01 | 53 -0.07341 -4.98258e+00 | 54 -0.03725 -2.27831e+02
 55 -0.08519 -1.25534e+02 | 56  0.12689 -1.14545e+02 | 57 -0.00454 -6.99958e-01
 58  0.16601  9.25194e+01 | 59 -0.00183 -3.18930e-01 | 60 -0.00353 -6.48513e-01
 61 -0.11973 -1.94827e+01 | 62 -0.01492 -6.14888e+00 | 63  0.12321  2.01640e+01
 64 -0.00331 -1.29030e+00 | 65 -0.01553 -6.29633e+00 | 66  0.17037  3.48150e+01
 67 -0.01388 -1.30702e+01 | 68 -0.11040 -3.93927e+01 | 69 -0.00661 -3.53059e+00
 70  0.08534 -1.30575e+01 | 71 -0.00210 -1.08010e+00 | 72 -0.00800 -3.88689e+00
Maximum number of function evaluations exceeded

 - final statistics:
72 variables; iteration 79; function evaluation 100
Function value 3.4860e+03; maximum gradient component mag -3.1615e+03
Exit code = 3;  converg criter 1.0000e+00
Var    Value     Gradient |Var    Value     Gradient |Var    Value     Gradient
  1 -0.15918 -3.16154e+03 |  2 -0.00144  3.35594e+01 |  3  0.01459  6.89557e+01
  4 -0.01458  2.66567e+01 |  5 -0.01062  1.01079e+02 |  6 -0.00557  1.24313e+02
  7 -0.00473  9.49422e+01 |  8 -0.00537  1.97899e+02 |  9 -0.00292  1.28929e+02
 10  0.00236  1.34826e+02 | 11 -0.00331  1.98124e+02 | 12  0.00080  1.93653e+02
 13 -0.01162  2.68728e+02 | 14 -0.00978  3.83008e+02 | 15 -0.00919  3.34574e+02
 16 -0.00525  2.12672e+02 | 17  0.01655  1.73551e+02 | 18 -0.00351  2.14035e+02
 19 -0.00316  1.27588e+02 | 20  0.02169  3.64558e+02 | 21  0.00781 -8.10394e-01
 22  0.00469 -3.26745e+02 | 23  0.02411 -3.79530e+02 | 24  0.01213 -6.03747e+02
 25 -0.02589 -4.06094e+02 | 26  0.00501 -7.18723e+02 | 27  0.00154 -5.13563e+02
 28 -0.00034 -4.66203e+02 | 29 -0.01114 -3.14882e+01 | 30 -0.01300 -3.45061e+01
 31  0.00177 -2.86296e+02 | 32 -0.00350 -1.15933e+02 | 33 -0.00614  1.62822e+02
 34  0.00061  2.09558e+02 | 35  0.01292 -3.65272e+01 | 36  0.01523 -2.00394e+02
 37  0.00871  2.01022e+02 | 38 -0.05604  8.29230e-01 | 39  0.17145  1.60337e+01
 40 -0.46382  3.51182e+00 | 41 -0.10117  6.40353e+01 | 42 -0.04117  5.03289e+01
 43 -0.02737  5.46604e+01 | 44  0.01266 -1.39527e+02 | 45  0.07899 -1.06006e+02
 46  0.21345 -2.15545e+00 | 47  0.42692  1.68678e-01 | 48 -0.08365  2.37465e+01
 49 -0.00692 -7.82740e+01 | 50 -0.15658  9.06791e+00 | 51 -0.39080  9.31412e-01
 52  0.28604  1.04229e+00 | 53 -0.07038  6.97126e+01 | 54 -0.02555 -2.94219e+01
 55 -0.04954 -1.55885e+01 | 56  0.14560 -7.98662e+01 | 57 -0.00800 -2.64331e+00
 58  0.17206  8.77812e+01 | 59  0.01716  8.87902e+00 | 60 -0.01713 -7.55141e+00
 61 -0.13424 -1.15959e+01 | 62  0.00019  1.24065e+00 | 63  0.11163  6.78334e+00
 64  0.00201  1.28875e+00 | 65 -0.00181  1.93434e-01 | 66  0.11724 -8.31378e+00
 67 -0.00500  6.42530e+00 | 68 -0.09118 -2.03942e+01 | 69 -0.00867 -3.70542e+00
 70  0.12662  1.70706e+01 | 71 -0.01526 -7.30615e+00 | 72  0.00065  7.52251e-01

Initial statistics: 174 variables; iteration 0; function evaluation 0; phase 5
Function value 3.4860301e+03; maximum gradient component mag -3.1615e+03
Var    Value     Gradient |Var    Value     Gradient |Var    Value     Gradient
  1  0.00000 -1.50584e+02 |  2  0.00000  4.35815e+01 |  3  0.00000  1.75414e+02
  4 -0.15918 -3.16154e+03 |  5 -0.00143  3.81663e+01 |  6  0.01461  7.35614e+01
  7 -0.01456  3.12624e+01 |  8 -0.01061  1.05685e+02 |  9 -0.00556  1.28920e+02
 10 -0.00471  9.95490e+01 | 11 -0.00536  2.02506e+02 | 12 -0.00290  1.33535e+02
 13  0.00238  1.39432e+02 | 14 -0.00330  2.02730e+02 | 15  0.00081  1.98259e+02
 16 -0.01160  2.73334e+02 | 17 -0.00976  3.87615e+02 | 18 -0.00918  3.39180e+02
 19 -0.00523  2.17279e+02 | 20  0.01656  1.78156e+02 | 21 -0.00350  2.18641e+02
 22 -0.00315  1.32195e+02 | 23  0.02170  3.69162e+02 | 24  0.00783  3.79614e+00
 25  0.00471 -3.22138e+02 | 26  0.02413 -3.74926e+02 | 27  0.01214 -5.99141e+02
 28 -0.02588 -4.01491e+02 | 29  0.00502 -7.14116e+02 | 30  0.00155 -5.08956e+02
 31 -0.00033 -4.61597e+02 | 32 -0.01112 -2.68820e+01 | 33 -0.01298 -2.99002e+01
 34  0.00178 -2.81689e+02 | 35 -0.00349 -1.11326e+02 | 36 -0.00612  1.67429e+02
 37  0.00063  2.14164e+02 | 38  0.01294 -3.19212e+01 | 39  0.01525 -1.95788e+02
 40  0.00873  2.05629e+02 | 41 -0.05604  8.29230e-01 | 42  0.17145  1.60337e+01
 43 -0.46382  3.51182e+00 | 44 -0.10117  6.40353e+01 | 45 -0.04117  5.03289e+01
 46 -0.02737  5.46604e+01 | 47  0.01266 -1.39527e+02 | 48  0.07899 -1.06006e+02
 49  0.21345 -2.15545e+00 | 50  0.42692  1.68678e-01 | 51 -0.08365  2.37465e+01
 52 -0.00692 -7.82740e+01 | 53 -0.15658  9.06791e+00 | 54 -0.39080  9.31412e-01
 55  0.28604  1.04229e+00 | 56 -0.07038  6.97126e+01 | 57 -0.02555 -2.94219e+01
 58 -0.04954 -1.55885e+01 | 59  0.14560 -7.98662e+01 | 60 -0.00800 -2.64331e+00
 61  0.17206  8.77812e+01 | 62  0.01716  8.87902e+00 | 63 -0.01713 -7.55141e+00
 64 -0.13424 -1.15959e+01 | 65  0.00019  1.24065e+00 | 66  0.11163  6.78334e+00
 67  0.00201  1.28875e+00 | 68 -0.00181  1.93434e-01 | 69  0.11724 -8.31378e+00
 70 -0.00500  6.42530e+00 | 71 -0.09118 -2.03942e+01 | 72 -0.00867 -3.70542e+00
 73  0.12662  1.70706e+01 | 74 -0.01526 -7.30615e+00 | 75  0.00065  7.52251e-01
 76  0.00000  0.00000e+00 | 77  0.00000  0.00000e+00 | 78  0.00000  0.00000e+00
 79  0.00000  0.00000e+00 | 80  0.00000  0.00000e+00 | 81  0.00000  0.00000e+00
 82  0.00000  0.00000e+00 | 83  0.00000  0.00000e+00 | 84  0.00000  0.00000e+00
 85  0.00000  0.00000e+00 | 86  0.00000  0.00000e+00 | 87  0.00000  0.00000e+00
 88  0.00000  0.00000e+00 | 89  0.00000  0.00000e+00 | 90  0.00000  0.00000e+00
 91  0.00000  0.00000e+00 | 92  0.00000  0.00000e+00 | 93  0.00000  0.00000e+00
 94  0.00000  0.00000e+00 | 95  0.00000  0.00000e+00 | 96  0.00000  0.00000e+00
 97  0.00000  0.00000e+00 | 98  0.00000  0.00000e+00 | 99  0.00000  0.00000e+00
100  0.00000  0.00000e+00 |101  0.00000  0.00000e+00 |102  0.00000  0.00000e+00
103  0.00000  0.00000e+00 |104  0.00000  0.00000e+00 |105  0.00000  0.00000e+00
106  0.00000  0.00000e+00 |107  0.00000  0.00000e+00 |108  0.00000  0.00000e+00
109  0.00000  0.00000e+00 |110  0.00000  0.00000e+00 |111  0.00000  0.00000e+00
112  0.00000  0.00000e+00 |113  0.00000  0.00000e+00 |114  0.00000  0.00000e+00
115  0.00000  0.00000e+00 |116  0.00000  0.00000e+00 |117  0.00000  0.00000e+00
118  0.00000  0.00000e+00 |119  0.00000  0.00000e+00 |120  0.00000  0.00000e+00
121  0.00000  0.00000e+00 |122  0.00000  0.00000e+00 |123  0.00000  0.00000e+00
124  0.00000  0.00000e+00 |125  0.00000  0.00000e+00 |126  0.00000  0.00000e+00
127  0.00000  0.00000e+00 |128  0.00000  0.00000e+00 |129  0.00000  0.00000e+00
130  0.00000  0.00000e+00 |131  0.00000  0.00000e+00 |132  0.00000  0.00000e+00
133  0.00000  0.00000e+00 |134  0.00000  0.00000e+00 |135  0.00000  0.00000e+00
136  0.00000  0.00000e+00 |137  0.00000  0.00000e+00 |138  0.00000  0.00000e+00
139  0.00000  0.00000e+00 |140  0.00000  0.00000e+00 |141  0.00000  0.00000e+00
142  0.00000  0.00000e+00 |143  0.00000  0.00000e+00 |144  0.00000  0.00000e+00
145  0.00000  0.00000e+00 |146  0.00000  0.00000e+00 |147  0.00000  0.00000e+00
148  0.00000  0.00000e+00 |149  0.00000  0.00000e+00 |150  0.00000  0.00000e+00
151  0.00000  0.00000e+00 |152  0.00000  0.00000e+00 |153  0.00000  0.00000e+00
154  0.00000  0.00000e+00 |155  0.00000  0.00000e+00 |156  0.00000  0.00000e+00
157  0.00000  0.00000e+00 |158  0.00000  0.00000e+00 |159  0.00000  0.00000e+00
160  0.00000  0.00000e+00 |161  0.00000  0.00000e+00 |162  0.00000  0.00000e+00
163  0.00000  0.00000e+00 |164  0.00000  0.00000e+00 |165  0.00000  0.00000e+00
166  0.00000  0.00000e+00 |167  0.00000  0.00000e+00 |168  0.00000  0.00000e+00
169  0.00000  0.00000e+00 |170  0.00000  0.00000e+00 |171  0.00000  0.00000e+00
172  0.00000  0.00000e+00 |173  0.00000  0.00000e+00 |174  0.00000  0.00000e+00

Intermediate statistics: 174 variables; iteration 20; function evaluation 23; phase 5
Function value 3.4799105e+03; maximum gradient component mag -1.8629e+03
Var    Value     Gradient |Var    Value     Gradient |Var    Value     Gradient
  1  0.02264 -2.94402e+01 |  2 -0.00953  4.91874e+00 |  3 -0.02361  2.91357e+01
  4 -0.15904 -1.86288e+03 |  5  0.00039  1.58036e+01 |  6  0.01341  1.40193e+01
  7 -0.01181  9.03030e+00 |  8 -0.01074  4.31103e+01 |  9 -0.00648  4.58306e+01
 10 -0.00393  8.08627e+00 | 11 -0.00651  4.93378e+01 | 12 -0.00304 -5.99516e+01
 13  0.00247 -1.22508e+02 | 14 -0.00321 -1.14391e+02 | 15  0.00036 -2.94693e+02
 16 -0.01158 -2.07783e+02 | 17 -0.01067 -1.21495e+02 | 18 -0.00948 -5.02455e+00
 19 -0.00554  1.14673e+02 | 20  0.01636  4.69288e+02 | 21 -0.00273  5.99435e+02
 22 -0.00224  5.76016e+02 | 23  0.02067  9.66061e+02 | 24  0.00890  5.11995e+02
 25  0.00579  8.87718e+01 | 26  0.02279  5.62886e+00 | 27  0.01281 -2.88589e+02
 28 -0.02413 -2.84876e+02 | 29  0.00408 -7.17909e+02 | 30  0.00145 -7.44058e+02
 31 -0.00063 -7.65486e+02 | 32 -0.01127 -2.71445e+02 | 33 -0.01329 -1.60360e+02
 34  0.00192 -2.96312e+02 | 35 -0.00355 -1.57514e+02 | 36 -0.00680  7.04218e+01
 37 -0.00025  3.01038e+02 | 38  0.01354  4.66633e+02 | 39  0.01595  1.56926e+02
 40  0.00693  7.87059e+01 | 41 -0.05579 -1.52609e-01 | 42  0.16987  1.22089e+01
 43 -0.46335  4.16054e-01 | 44 -0.10265  3.00539e+01 | 45 -0.04116  3.36859e+01
 46 -0.02639  6.19042e+01 | 47  0.01446 -8.66804e+01 | 48  0.08040 -8.02387e+01
 49  0.21448 -2.35611e+00 | 50  0.42692 -9.83366e-01 | 51 -0.08380  9.92987e+00
 52 -0.00709 -3.90570e+01 | 53 -0.15781  1.07260e+01 | 54 -0.39066  4.07803e-01
 55  0.28636 -3.97524e+00 | 56 -0.07056  4.61712e+01 | 57 -0.02545 -6.75660e+00
 58 -0.04806  1.52904e+01 | 59  0.14722 -5.35610e+01 | 60 -0.00709 -2.19945e+00
 61  0.17262  6.00359e+01 | 62  0.01394  7.29751e+00 | 63 -0.01444 -6.24838e+00
 64 -0.13394 -8.08815e+00 | 65 -0.00049  9.58740e-01 | 66  0.11112  4.47476e+00
 67  0.00149  1.03645e+00 | 68 -0.00205  5.94050e-02 | 69  0.11972 -6.16859e+00
 70 -0.00686  4.34743e+00 | 71 -0.09071 -1.35599e+01 | 72 -0.00755 -3.23263e+00
 73  0.12474  1.05432e+01 | 74 -0.01270 -6.08030e+00 | 75  0.00021  4.03237e-01
 76 -0.00020  6.67092e-01 | 77  0.00021 -6.24625e-01 | 78  0.00008 -2.67854e-01
 79  0.00028 -8.72911e-01 | 80 -0.00010  3.34869e-01 | 81  0.00007 -2.02125e-01
 82  0.00009 -2.61425e-01 | 83  0.00007 -2.14084e-01 | 84  0.00031 -1.00045e+00
 85  0.00006 -1.37679e-01 | 86  0.00004 -9.79517e-02 | 87  0.00013 -4.02962e-01
 88  0.00009 -3.02737e-01 | 89  0.00001  6.73976e-03 | 90  0.00028 -8.64045e-01
 91  0.00028 -9.44254e-01 | 92  0.00013 -3.56158e-01 | 93  0.00024 -6.68380e-01
 94 -0.00016  5.59826e-01 | 95  0.00016 -3.88282e-01 | 96  0.00009 -2.53882e-01
 97 -0.00017  5.25086e-01 | 98 -0.00017  5.43478e-01 | 99  0.00010 -2.80936e-01
100  0.00040 -1.13110e+00 |101  0.00050 -1.42884e+00 |102  0.00019 -6.79735e-01
103  0.00014 -4.59062e-01 |104  0.00030 -8.31884e-01 |105  0.00030 -7.78153e-01
106  0.00003 -2.70656e-02 |107  0.00006 -1.48475e-01 |108  0.00025 -8.84305e-01
109  0.00006 -2.18943e-01 |110  0.00007 -2.50052e-01 |111  0.00003 -1.05049e-01
112  0.00004 -1.63880e-01 |113 -0.00006  2.28655e-01 |114 -0.00001  3.80731e-02
115  0.00001 -4.46990e-02 |116 -0.00003  1.33129e-01 |117  0.00002 -1.13353e-01
118 -0.00001  5.35100e-02 |119 -0.00002  1.00654e-01 |120  0.00005 -2.09136e-01
121  0.00001 -5.63451e-02 |122  0.00003 -1.16081e-01 |123  0.00003 -1.29973e-01
124 -0.00013  4.83666e-01 |125  0.00004 -1.72610e-01 |126  0.00002 -3.56105e-02
127 -0.00008  3.29331e-01 |128  0.00012 -4.39796e-01 |129 -0.00003  1.47594e-01
130 -0.00001  2.98593e-02 |131  0.00001 -6.31489e-02 |132  0.00009 -3.22588e-01
133  0.00002 -6.43548e-02 |134  0.00011 -3.95456e-01 |135 -0.00001  2.03040e-02
136  0.00011 -5.13313e-01 |137  0.00011 -4.16145e-01 |138 -0.00002  1.10934e-01
139 -0.00001  7.66895e-02 |140  0.00013 -5.00036e-01 |141  0.00000 -6.67169e-02
142 -0.00011  3.37753e-01 |143  0.00031 -8.04713e-01 |144  0.00011 -3.08659e-01
145  0.00041 -1.11365e+00 |146 -0.00033  9.26201e-01 |147  0.00022 -6.05332e-01
148  0.00008 -1.54178e-01 |149 -0.00003  1.08016e-01 |150  0.00040 -1.18105e+00
151  0.00005 -2.74225e-02 |152 -0.00004  2.05654e-01 |153  0.00029 -8.12576e-01
154  0.00012 -3.57677e-01 |155  0.00011 -3.17527e-01 |156  0.00057 -1.57006e+00
157  0.00025 -8.66083e-01 |158  0.00030 -8.41091e-01 |159  0.00024 -4.24746e-01
160 -0.00039  1.17517e+00 |161  0.00009 -3.36309e-02 |162 -0.00002  1.86520e-01
163 -0.00045  1.14553e+00 |164 -0.00032  8.88641e-01 |165  0.00006 -1.32138e-01
166  0.00033 -6.83441e-01 |167  0.00064 -1.46417e+00 |168  0.00018 -7.44141e-01
169  0.00032 -1.13011e+00 |170  0.00032 -6.64790e-01 |171  0.00058 -1.16714e+00
172 -0.00005  2.61201e-01 |173  0.00037 -1.05933e+00 |174  0.00042 -1.47603e+00
174 variables; iteration 40; function evaluation 43; phase 5
Function value 3.4795036e+03; maximum gradient component mag -1.8539e+03
Var    Value     Gradient |Var    Value     Gradient |Var    Value     Gradient
  1  0.02336 -2.80822e+01 |  2 -0.00830  1.14060e+01 |  3 -0.02452  2.77901e+01
  4 -0.15897 -1.85395e+03 |  5  0.00066  1.06554e+01 |  6  0.01324  5.08750e+00
  7 -0.01109  7.77768e+00 |  8 -0.01134  2.88602e+01 |  9 -0.00606  4.42055e+01
 10 -0.00428 -1.31621e+00 | 11 -0.00634  4.87942e+01 | 12 -0.00305 -5.42294e+01
 13  0.00287 -1.18344e+02 | 14 -0.00391 -1.45095e+02 | 15  0.00053 -2.93439e+02
 16 -0.01147 -1.85188e+02 | 17 -0.01052 -1.03500e+02 | 18 -0.00967 -1.89513e+01
 19 -0.00570  9.51819e+01 | 20  0.01644  4.74106e+02 | 21 -0.00268  5.93899e+02
 22 -0.00243  5.50358e+02 | 23  0.02076  9.46007e+02 | 24  0.00877  4.88370e+02
 25  0.00569  7.69928e+01 | 26  0.02308  1.37466e+01 | 27  0.01250 -3.10349e+02
 28 -0.02450 -2.94910e+02 | 29  0.00445 -6.94615e+02 | 30  0.00098 -7.63580e+02
 31 -0.00046 -7.66771e+02 | 32 -0.01129 -2.71359e+02 | 33 -0.01344 -1.76528e+02
 34  0.00186 -3.04435e+02 | 35 -0.00348 -1.61823e+02 | 36 -0.00710  5.10518e+01
 37 -0.00002  3.02442e+02 | 38  0.01328  4.34552e+02 | 39  0.01607  1.53368e+02
 40  0.00677  6.40906e+01 | 41 -0.05226  3.06116e-01 | 42  0.14738  1.03036e+01
 43 -0.45958  2.23571e+00 | 44 -0.10224  3.40520e+01 | 45 -0.04066  3.30015e+01
 46 -0.02674  4.60386e+01 | 47  0.01420 -8.10156e+01 | 48  0.07876 -6.98378e+01
 49  0.22866 -1.11009e+00 | 50  0.42384 -2.82865e-01 | 51 -0.08385  2.62911e+01
 52 -0.00756 -7.03084e+01 | 53 -0.15829  9.05122e+00 | 54 -0.38858  7.57374e-01
 55  0.29324 -1.37078e+00 | 56 -0.07033  5.98290e+01 | 57 -0.02570 -2.73447e+01
 58 -0.04759  8.36057e+00 | 59  0.14694 -5.93732e+01 | 60 -0.00239  1.08407e-02
 61  0.17299  6.88431e+01 | 62 -0.00143 -2.76401e-01 | 63 -0.00109  2.03130e-01
 64 -0.13423 -7.67826e+00 | 65 -0.00395 -6.77895e-01 | 66  0.11035  3.60839e+00
 67 -0.00108 -2.12164e-01 | 68 -0.00334 -5.18127e-01 | 69  0.12770 -9.40804e-01
 70 -0.00884  2.14919e+00 | 71 -0.09371 -1.44642e+01 | 72 -0.00215 -6.10409e-01
 73  0.12142  8.17792e+00 | 74 -0.00023  5.29184e-03 | 75 -0.00187 -6.45673e-01
 76 -0.00350 -1.29459e-01 | 77  0.00354  1.59523e-01 | 78  0.00145  6.20418e-02
 79  0.00484  2.08087e-01 | 80 -0.00179 -6.50506e-02 | 81  0.00116  5.68207e-02
 82  0.00154  8.12717e-02 | 83  0.00117  4.03099e-02 | 84  0.00542  2.49846e-01
 85  0.00100  6.56258e-02 | 86  0.00066  1.83770e-02 | 87  0.00222  8.93613e-02
 88  0.00158  8.88038e-02 | 89  0.00006  2.91783e-02 | 90  0.00483  1.91738e-01
 91  0.00494  1.68261e-01 | 92  0.00212  1.38563e-01 | 93  0.00402  2.22535e-01
 94 -0.00283 -8.40868e-02 | 95  0.00258  1.84458e-01 | 96  0.00156  7.35488e-02
 97 -0.00289 -9.98643e-02 | 98 -0.00295 -1.16870e-01 | 99  0.00158  3.60901e-02
100  0.00678  4.42071e-01 |101  0.00843  4.13081e-01 |102  0.00322  2.37295e-02
103  0.00232  8.08817e-02 |104  0.00511  2.98494e-01 |105  0.00490  3.18390e-01
106  0.00032  6.28227e-02 |107  0.00082  6.90014e-03 |108  0.00438  1.30345e-01
109  0.00120  8.85886e-02 |110  0.00134  9.69654e-02 |111  0.00054  3.33277e-02
112  0.00086  5.97491e-02 |113 -0.00119 -8.32306e-02 |114 -0.00021 -1.57304e-02
115  0.00024  1.31151e-02 |116 -0.00069 -5.13549e-02 |117  0.00051  2.49216e-02
118 -0.00028 -1.18483e-02 |119 -0.00044 -3.45854e-02 |120  0.00108  6.27879e-02
121  0.00028  2.33021e-02 |122  0.00058  4.51884e-02 |123  0.00066  3.71213e-02
124 -0.00270 -2.26123e-01 |125  0.00082  4.74941e-02 |126  0.00028  3.88410e-02
127 -0.00171 -1.23512e-01 |128  0.00238  1.77244e-01 |129 -0.00066 -3.66458e-02
130 -0.00015 -9.67382e-03 |131  0.00029  2.85211e-02 |132  0.00172  1.18337e-01
133  0.00042  3.80599e-02 |134  0.00222  1.97002e-01 |135 -0.00015 -3.84905e-02
136  0.00243  1.26194e-01 |137  0.00229  1.78446e-01 |138 -0.00039 -4.82945e-03
139 -0.00033 -1.52460e-02 |140  0.00264  1.87772e-01 |141  0.00016 -2.53260e-02
142 -0.00177 -5.54891e-02 |143  0.00474  2.36700e-01 |144  0.00167  7.20507e-02
145  0.00646  3.18024e-01 |146 -0.00512 -2.38559e-01 |147  0.00350  1.72336e-01
148  0.00110  7.83756e-02 |149 -0.00053 -4.00863e-02 |150  0.00636  3.25510e-01
151  0.00060  8.81910e-02 |152 -0.00069 -5.74776e-02 |153  0.00455  1.66644e-01
154  0.00180  1.24473e-01 |155  0.00168  1.06326e-01 |156  0.00903  3.57359e-01
157  0.00395 -7.06672e-03 |158  0.00479  2.67676e-01 |159  0.00343  3.44505e-01
160 -0.00615 -2.52858e-01 |161  0.00120  2.45940e-01 |162 -0.00041  3.12817e-02
163 -0.00676 -3.48315e-01 |164 -0.00515 -2.28138e-01 |165  0.00079 -3.31886e-02
166  0.00499  5.43761e-01 |167  0.00975  7.12054e-01 |168  0.00289 -1.87363e-01
169  0.00504  3.02633e-02 |170  0.00494  4.42064e-01 |171  0.00864  7.14800e-01
172 -0.00091  8.82000e-02 |173  0.00576  1.79485e-01 |174  0.00674  4.64606e-02
174 variables; iteration 60; function evaluation 64; phase 5
Function value 3.4791095e+03; maximum gradient component mag -1.6976e+03
Var    Value     Gradient |Var    Value     Gradient |Var    Value     Gradient
  1  0.02356 -2.70566e+01 |  2 -0.00828  1.17795e+01 |  3 -0.02497  2.60587e+01
  4 -0.15909 -1.69759e+03 |  5  0.00085  1.02073e+01 |  6  0.01281 -1.03679e+00
  7 -0.01088  7.02737e+00 |  8 -0.01169  2.06072e+01 |  9 -0.00676  3.27536e+01
 10 -0.00341  1.17948e+01 | 11 -0.00677  4.51978e+01 | 12 -0.00312 -5.58662e+01
 13  0.00268 -1.18601e+02 | 14 -0.00378 -1.30599e+02 | 15  0.00055 -2.76457e+02
 16 -0.01164 -1.79069e+02 | 17 -0.01031 -9.36270e+01 | 18 -0.00982 -2.75802e+01
 19 -0.00548  9.04845e+01 | 20  0.01634  4.47797e+02 | 21 -0.00279  5.61967e+02
 22 -0.00233  5.20277e+02 | 23  0.02065  8.95143e+02 | 24  0.00861  4.63772e+02
 25  0.00578  7.37796e+01 | 26  0.02300  2.48139e+01 | 27  0.01251 -2.78589e+02
 28 -0.02414 -2.71202e+02 | 29  0.00447 -6.49140e+02 | 30  0.00097 -7.19989e+02
 31 -0.00028 -7.24499e+02 | 32 -0.01145 -2.59569e+02 | 33 -0.01324 -1.68896e+02
 34  0.00190 -2.91863e+02 | 35 -0.00337 -1.55372e+02 | 36 -0.00702  4.32914e+01
 37  0.00004  2.80921e+02 | 38  0.01327  4.06439e+02 | 39  0.01616  1.44250e+02
 40  0.00685  6.01691e+01 | 41 -0.03237  3.25228e-01 | 42  0.05532  5.65597e+00
 43 -0.46067  2.27331e+00 | 44 -0.10282  2.61149e+01 | 45 -0.03988  3.06202e+01
 46 -0.02518  3.86251e+01 | 47  0.01362 -7.45955e+01 | 48  0.07185 -5.33470e+01
 49  0.25348 -3.24894e-01 | 50  0.41605 -4.40172e+00 | 51 -0.08520  5.29707e+00
 52 -0.00816 -7.57054e+01 | 53 -0.15675  3.03145e+01 | 54 -0.38384  4.72994e-01
 55  0.28759 -1.80502e+00 | 56 -0.07127  3.79385e+01 | 57 -0.02638 -4.26350e+01
 58 -0.04760  9.85316e+00 | 59  0.14838 -5.51082e+01 | 60 -0.00263 -1.10658e-01
 61  0.17366  6.74319e+01 | 62  0.00142  1.11536e+00 | 63 -0.00281 -6.48376e-01
 64 -0.13522 -1.20477e+01 | 65 -0.00375 -5.77720e-01 | 66  0.11141  7.25626e+00
 67 -0.00072 -3.21084e-02 | 68 -0.00348 -5.78539e-01 | 69  0.12539 -2.29461e+00
 70 -0.01520 -2.97848e+00 | 71 -0.09445 -1.80323e+01 | 72 -0.00297 -9.79267e-01
 73  0.12380  1.30050e+01 | 74 -0.00221 -9.51829e-01 | 75 -0.00137 -3.69170e-01
 76 -0.00351 -1.19593e-01 | 77  0.00339  1.15371e-01 | 78  0.00139  4.76161e-02
 79  0.00454  1.34344e-01 | 80 -0.00177 -7.65680e-02 | 81  0.00115  6.56991e-02
 82  0.00151  7.27142e-02 | 83  0.00115  3.76694e-02 | 84  0.00510  1.47524e-01
 85  0.00101  6.41471e-02 | 86  0.00064  2.56320e-02 | 87  0.00212  5.42408e-02
 88  0.00151  9.26251e-02 | 89  0.00004  1.84630e-02 | 90  0.00456  1.25610e-01
 91  0.00461  9.85468e-02 | 92  0.00203  1.17133e-01 | 93  0.00384  1.71922e-01
 94 -0.00280 -9.14158e-02 | 95  0.00257  1.60472e-01 | 96  0.00149  4.87009e-02
 97 -0.00285 -1.07965e-01 | 98 -0.00290 -1.25083e-01 | 99  0.00153  2.15403e-02
100  0.00633  3.22842e-01 |101  0.00779  2.48282e-01 |102  0.00301 -6.24201e-03
103  0.00227  7.73481e-02 |104  0.00483  2.27856e-01 |105  0.00473  2.69933e-01
106  0.00024  5.58473e-02 |107  0.00086  2.41101e-02 |108  0.00422  9.48471e-02
109  0.00114  7.40424e-02 |110  0.00127  7.94264e-02 |111  0.00051  2.48104e-02
112  0.00079  4.72712e-02 |113 -0.00114 -7.37662e-02 |114 -0.00020 -1.87996e-02
115  0.00023  1.40541e-02 |116 -0.00065 -4.10796e-02 |117  0.00048  1.77182e-02
118 -0.00027 -1.39714e-02 |119 -0.00039 -2.16084e-02 |120  0.00100  4.67498e-02
121  0.00024  1.47668e-02 |122  0.00054  4.26213e-02 |123  0.00060  2.07965e-02
124 -0.00264 -2.09293e-01 |125  0.00074  3.32141e-02 |126  0.00027  3.60657e-02
127 -0.00166 -1.15839e-01 |128  0.00225  1.43088e-01 |129 -0.00063 -3.29700e-02
130 -0.00016 -1.77473e-02 |131  0.00030  2.00341e-02 |132  0.00162  9.41122e-02
133  0.00042  3.94098e-02 |134  0.00207  1.59577e-01 |135 -0.00016 -4.13686e-02
136  0.00221  8.69769e-02 |137  0.00216  1.43997e-01 |138 -0.00034  1.66365e-03
139 -0.00035 -1.48727e-02 |140  0.00244  1.45840e-01 |141  0.00013 -2.65711e-02
142 -0.00171 -2.13891e-02 |143  0.00440  1.36313e-01 |144  0.00155  3.92652e-02
145  0.00586  1.69055e-01 |146 -0.00506 -2.48270e-01 |147  0.00327  1.05649e-01
148  0.00110  8.42032e-02 |149 -0.00047 -1.46336e-02 |150  0.00587  1.51426e-01
151  0.00068  8.40584e-02 |152 -0.00063 -1.16622e-02 |153  0.00409  3.11824e-02
154  0.00162  1.18637e-01 |155  0.00152  6.76624e-02 |156  0.00792  7.00104e-02
157  0.00351 -7.45701e-02 |158  0.00430  1.48536e-01 |159  0.00327  2.99484e-01
160 -0.00614 -2.77169e-01 |161  0.00140  2.39631e-01 |162 -0.00040  1.12062e-02
163 -0.00676 -3.85592e-01 |164 -0.00497 -2.31445e-01 |165  0.00077 -5.86620e-02
166  0.00476  4.82278e-01 |167  0.00889  4.70435e-01 |168  0.00247 -2.50491e-01
169  0.00449 -7.54897e-02 |170  0.00467  3.70459e-01 |171  0.00802  5.38140e-01
172 -0.00107  8.55796e-02 |173  0.00517  4.78487e-02 |174  0.00611 -1.01561e-01
174 variables; iteration 80; function evaluation 91; phase 5
Function value 3.4764574e+03; maximum gradient component mag -2.7381e+02
Var    Value     Gradient |Var    Value     Gradient |Var    Value     Gradient
  1  0.02837 -3.71264e+00 |  2 -0.01159  1.75861e+00 |  3 -0.03051  3.73977e+00
  4 -0.15897 -2.73813e+02 |  5  0.00262  2.69134e+00 |  6  0.01429  9.97700e-01
  7 -0.00929  2.21284e+00 |  8 -0.01109  3.84265e+00 |  9 -0.00739  5.38109e+00
 10 -0.00299  2.52523e+00 | 11 -0.00941  6.63827e+00 | 12 -0.00212 -6.66398e+00
 13  0.00286 -1.66402e+01 | 14 -0.00444 -1.93980e+01 | 15  0.00131 -3.82452e+01
 16 -0.01173 -2.62686e+01 | 17 -0.01067 -1.52877e+01 | 18 -0.00965 -5.93205e+00
 19 -0.00545  1.01901e+01 | 20  0.01633  5.83285e+01 | 21 -0.00452  8.19929e+01
 22 -0.00132  6.72200e+01 | 23  0.01932  1.27543e+02 | 24  0.00754  6.84911e+01
 25  0.00802  1.49421e+01 | 26  0.02137  1.24152e+01 | 27  0.01280 -2.90259e+01
 28 -0.02263 -3.06708e+01 | 29  0.00384 -8.77296e+01 | 30  0.00103 -9.99742e+01
 31  0.00089 -9.90985e+01 | 32 -0.01293 -3.89225e+01 | 33 -0.01337 -2.42720e+01
 34  0.00202 -4.30682e+01 | 35 -0.00347 -2.53422e+01 | 36 -0.00704  1.04484e+00
 37 -0.00029  3.16129e+01 | 38  0.01237  4.85634e+01 | 39  0.01647  1.45822e+01
 40  0.00663  8.63031e+00 | 41 -0.02057  8.17092e-03 | 42  0.06875  7.02142e-01
 43 -0.46308  1.11350e+00 | 44 -0.10498  2.95891e+00 | 45 -0.04166  3.97920e+00
 46 -0.02636  4.35198e+00 | 47  0.01763 -1.03044e+01 | 48  0.07341 -7.74094e+00
 49  0.25741 -6.49256e-03 | 50  0.42098 -2.21996e-01 | 51 -0.08491  7.71849e-01
 52 -0.00678 -1.08097e+01 | 53 -0.16042  4.17267e+00 | 54 -0.38901 -1.68181e-01
 55  0.29286 -4.71580e-01 | 56 -0.07162  5.09170e+00 | 57 -0.02554 -5.99033e+00
 58 -0.04780  1.25879e+00 | 59  0.14941 -7.87853e+00 | 60 -0.00171  3.93725e-01
 61  0.17277  9.80056e+00 | 62  0.00128  1.05829e+00 | 63 -0.00078  3.65102e-01
 64 -0.13423 -2.17520e+00 | 65 -0.00561 -1.03015e+00 | 66  0.11084  1.63119e+00
 67  0.00453  2.67169e+00 | 68  0.00109  2.03695e+00 | 69  0.12816 -2.78378e-01
 70 -0.01168 -4.16402e-01 | 71 -0.09580 -3.71888e+00 | 72 -0.00373 -7.46431e-01
 73  0.11931  8.60342e-01 | 74 -0.00022  1.99413e-01 | 75 -0.00447 -1.39121e+00
 76 -0.00041  8.49557e-01 | 77  0.00280 -1.65186e-01 | 78  0.00112 -7.21231e-02
 79  0.00486  3.07951e-02 | 80 -0.00023  3.61401e-01 | 81 -0.00005 -2.22575e-01
 82  0.00110 -1.30332e-01 | 83  0.00135 -3.36615e-02 | 84  0.00543  2.29350e-02
 85  0.00090 -1.01063e-01 | 86  0.00051 -2.06528e-02 | 87  0.00126 -1.33295e-01
 88  0.00023 -1.76830e-01 | 89 -0.00088 -9.88929e-02 | 90  0.00321 -2.46715e-01
 91  0.00288 -1.56453e-01 | 92  0.00123 -1.72556e-01 | 93  0.00331 -1.47364e-01
 94 -0.00089  2.82473e-01 | 95  0.00352 -1.43334e-01 | 96  0.00115 -8.98400e-02
 97 -0.00169  4.89597e-02 | 98  0.00088  6.25520e-01 | 99  0.00127 -1.48876e-01
100  0.00654  8.56935e-02 |101  0.01110  7.00638e-01 |102  0.00105 -1.94985e-01
103 -0.00013 -3.72461e-01 |104  0.00438 -3.88345e-02 |105  0.00192 -4.51806e-01
106 -0.00001  1.86517e-01 |107 -0.00170 -3.98955e-01 |108  0.00300 -2.60805e-01
109  0.00116 -3.34171e-03 |110  0.00132 -1.73882e-03 |111  0.00061  6.45384e-03
112  0.00100  3.65867e-02 |113 -0.00073  1.08151e-01 |114 -0.00011  8.76558e-03
115  0.00023 -3.49468e-03 |116 -0.00038  4.16379e-02 |117  0.00069  1.39072e-02
118  0.00003  4.92492e-02 |119 -0.00017  1.19260e-02 |120  0.00118  3.72011e-02
121  0.00022  3.41509e-02 |122  0.00040 -6.97395e-03 |123  0.00062  3.61986e-02
124 -0.00165  3.71056e-01 |125  0.00058  2.38006e-02 |126  0.00023 -1.84492e-02
127 -0.00158  3.34796e-02 |128  0.00321  5.91805e-02 |129 -0.00006  3.75323e-02
130 -0.00062 -1.43082e-01 |131  0.00136  8.36975e-02 |132  0.00220  2.74752e-02
133  0.00016 -7.75576e-02 |134  0.00260  7.03073e-02 |135  0.00010  5.29280e-02
136  0.00228  1.00194e-01 |137  0.00236  3.22183e-02 |138 -0.00053 -4.03862e-02
139 -0.00017  1.36375e-01 |140  0.00234  4.60129e-02 |141  0.00018  7.06257e-02
142 -0.00062  3.14412e-01 |143  0.00509  1.05650e-01 |144  0.00183  4.07408e-02
145  0.00813  5.05539e-01 |146  0.00147  1.55737e+00 |147  0.00301 -4.57973e-02
148  0.00080 -1.23991e-01 |149  0.00090  1.47034e-01 |150  0.00774  3.44967e-01
151  0.00113 -7.78411e-02 |152  0.00052  1.84550e-01 |153  0.00525  3.71793e-01
154 -0.00006 -9.04968e-02 |155  0.00041 -3.92282e-02 |156  0.01292  1.33851e+00
157 -0.00132 -3.25938e-01 |158  0.00455  2.16588e-01 |159  0.00173 -2.75389e-01
160 -0.00507 -1.36086e-01 |161  0.00502 -8.79675e-02 |162  0.00066  1.76812e-02
163 -0.00928 -1.30069e+00 |164  0.00346  1.05267e+00 |165  0.00202 -5.93097e-02
166  0.00232 -4.32400e-01 |167  0.01114  4.22874e-01 |168  0.00143  1.35653e-01
169  0.00374  2.22754e-01 |170  0.00364 -4.30152e-02 |171  0.00631  2.05961e-02
172  0.00100  1.16781e+00 |173  0.00465  2.96289e-01 |174  0.00861  6.57124e-01
174 variables; iteration 100; function evaluation 125; phase 5
Function value 3.4763455e+03; maximum gradient component mag -1.1733e+00
Var    Value     Gradient |Var    Value     Gradient |Var    Value     Gradient
  1  0.02918 -3.84728e-03 |  2 -0.01213  2.56447e-03 |  3 -0.03125  7.76478e-03
  4 -0.15891 -1.17327e+00 |  5  0.00292  2.72191e-02 |  6  0.01456  2.52220e-02
  7 -0.00901  2.64160e-02 |  8 -0.01096  2.89197e-02 |  9 -0.00743  3.01766e-02
 10 -0.00292  2.60176e-02 | 11 -0.00974  3.09775e-02 | 12 -0.00196  1.30796e-02
 13  0.00290 -3.09918e-03 | 14 -0.00447 -7.38277e-03 | 15  0.00140 -2.67617e-02
 16 -0.01172 -2.36130e-03 | 17 -0.01074  2.82657e-02 | 18 -0.00961  5.57114e-02
 19 -0.00549  8.87918e-02 | 20  0.01643  1.98090e-01 | 21 -0.00504  2.85144e-01
 22 -0.00093  1.83916e-01 | 23  0.01903  3.20488e-01 | 24  0.00741  1.31162e-01
 25  0.00838  3.50853e-02 | 26  0.02111  7.54971e-03 | 27  0.01287 -5.95791e-02
 28 -0.02261 -4.83558e-02 | 29  0.00378 -2.20777e-01 | 30  0.00107 -2.65007e-01
 31  0.00097 -2.85472e-01 | 32 -0.01310 -1.86734e-01 | 33 -0.01347 -1.55382e-01
 34  0.00203 -2.24852e-01 | 35 -0.00350 -1.59108e-01 | 36 -0.00709 -6.71715e-02
 37 -0.00035  3.99793e-03 | 38  0.01219  5.45369e-02 | 39  0.01652  2.90225e-02
 40  0.00656  3.38305e-02 | 41  0.02511  2.63898e-04 | 42  0.07388  1.08405e-03
 43 -0.47596  4.36311e-03 | 44 -0.10536  7.19201e-03 | 45 -0.04176  4.12711e-03
 46 -0.02646  3.92506e-03 | 47  0.01819 -1.63183e-02 | 48  0.07395 -1.09852e-02
 49  0.25819  1.80647e-04 | 50  0.41596  4.20558e-04 | 51 -0.08488  4.56298e-03
 52 -0.00669 -2.20221e-02 | 53 -0.16226  4.75102e-03 | 54 -0.38273 -2.65788e-04
 55  0.29495 -6.42043e-04 | 56 -0.07175  8.21734e-03 | 57 -0.02541 -9.08996e-03
 58 -0.04781  1.28820e-03 | 59  0.14940 -2.00589e-02 | 60 -0.00259  2.73617e-03
 61  0.17258  2.44435e-02 | 62 -0.00090  8.52808e-03 | 63 -0.00161 -5.65925e-03
 64 -0.13429 -7.10235e-03 | 65 -0.00384  2.57607e-03 | 66  0.11026  4.55866e-03
 67 -0.00101  2.57376e-04 | 68 -0.00333 -3.98522e-04 | 69  0.12834 -7.19587e-04
 70 -0.01100 -3.85860e-04 | 71 -0.09363 -1.36288e-02 | 72 -0.00236 -3.07500e-03
 73  0.12102  4.22582e-03 | 74 -0.00063  1.44657e-02 | 75 -0.00172 -5.60255e-03
 76 -0.00390  3.76820e-03 | 77  0.00358  8.75141e-04 | 78  0.00145 -4.92497e-04
 79  0.00484 -4.88522e-03 | 80 -0.00174 -4.99191e-03 | 81  0.00085  1.13544e-03
 82  0.00170 -6.46711e-04 | 83  0.00158 -2.93224e-04 | 84  0.00552  5.26744e-03
 85  0.00140  1.26038e-04 | 86  0.00061 -3.52155e-04 | 87  0.00177 -3.21784e-03
 88  0.00090  5.15864e-04 | 89 -0.00058  1.34318e-03 | 90  0.00428 -1.38181e-03
 91  0.00326  3.51705e-03 | 92  0.00207 -5.07495e-03 | 93  0.00399  1.96900e-03
 94 -0.00192 -2.55448e-04 | 95  0.00454  2.80384e-04 | 96  0.00153 -3.52696e-04
 97 -0.00183 -8.30716e-03 | 98 -0.00145  3.05003e-03 | 99  0.00197 -2.36516e-03
100  0.00642  7.53616e-03 |101  0.00833 -3.42515e-03 |102  0.00165 -1.75665e-03
103  0.00126 -1.71671e-03 |104  0.00462 -3.40992e-03 |105  0.00377 -1.73733e-03
106 -0.00089 -8.01026e-04 |107 -0.00024  2.40022e-03 |108  0.00411  4.94648e-03
109  0.00123 -8.14459e-04 |110  0.00138 -1.03082e-03 |111  0.00061 -3.54069e-04
112  0.00088 -8.51478e-04 |113 -0.00121  9.24967e-04 |114 -0.00015 -4.73575e-05
115  0.00025 -1.07298e-04 |116 -0.00055  1.36330e-04 |117  0.00067 -3.74573e-04
118 -0.00016  1.11733e-05 |119 -0.00019 -4.72028e-05 |120  0.00106 -7.48250e-04
121  0.00005 -1.85874e-04 |122  0.00043 -2.83399e-04 |123  0.00046 -6.43771e-04
124 -0.00343 -5.74765e-03 |125  0.00043 -6.14290e-04 |126  0.00037 -9.02451e-05
127 -0.00184  1.39970e-03 |128  0.00321 -4.38470e-03 |129 -0.00013  3.02817e-04
130 -0.00005 -8.08797e-04 |131  0.00119 -2.06330e-06 |132  0.00222 -1.57274e-03
133  0.00055  1.05153e-03 |134  0.00245 -3.05439e-03 |135 -0.00015  2.79309e-04
136  0.00185 -2.02443e-03 |137  0.00231 -1.20241e-03 |138 -0.00035  1.12721e-03
139 -0.00079 -5.72516e-04 |140  0.00216 -1.10256e-03 |141 -0.00018 -4.12755e-04
142 -0.00192 -4.34583e-03 |143  0.00477  3.73329e-03 |144  0.00170  8.76966e-05
145  0.00612 -3.53707e-03 |146 -0.00475  7.65544e-03 |147  0.00323 -8.73437e-04
148  0.00140  1.15013e-03 |149  0.00044 -1.98915e-04 |150  0.00651  3.30705e-03
151  0.00162  1.85234e-03 |152 -0.00014 -2.08463e-03 |153  0.00367  1.60190e-03
154  0.00014  7.53366e-04 |155  0.00040  1.14404e-03 |156  0.00727  9.32126e-03
157 -0.00100 -8.03309e-04 |158  0.00373 -4.08050e-04 |159  0.00293  1.26420e-04
160 -0.00444  1.07796e-02 |161  0.00635 -3.38435e-04 |162  0.00078  1.63062e-03
163 -0.00396 -1.07071e-02 |164 -0.00008  4.60345e-03 |165  0.00251 -1.33009e-03
166  0.00442  1.53339e-03 |167  0.00968  2.10667e-03 |168  0.00045  9.41524e-04
169  0.00246 -1.16690e-03 |170  0.00385 -7.14875e-04 |171  0.00622 -2.69979e-03
172 -0.00402 -8.51423e-03 |173  0.00307  9.79193e-04 |174  0.00564 -8.13479e-03

 - final statistics:
174 variables; iteration 118; function evaluation 157
Function value 3.4763e+03; maximum gradient component mag 7.5423e-05
Exit code = 1;  converg criter 1.0000e-04
Var    Value     Gradient |Var    Value     Gradient |Var    Value     Gradient
  1  0.02919  9.07442e-08 |  2 -0.01213 -8.74342e-08 |  3 -0.03125 -1.98517e-07
  4 -0.15891  7.54231e-05 |  5  0.00293 -2.15515e-06 |  6  0.01456 -2.22879e-06
  7 -0.00901 -1.94239e-06 |  8 -0.01096 -1.88694e-06 |  9 -0.00743 -2.12388e-06
 10 -0.00292 -1.69260e-06 | 11 -0.00974 -1.92470e-06 | 12 -0.00196 -2.21638e-06
 13  0.00290 -2.00548e-06 | 14 -0.00447 -1.68379e-06 | 15  0.00140 -3.06767e-06
 16 -0.01172 -1.03781e-06 | 17 -0.01074 -1.39941e-06 | 18 -0.00961 -2.70278e-06
 19 -0.00549 -4.22122e-06 | 20  0.01643 -9.10901e-06 | 21 -0.00504 -1.12621e-05
 22 -0.00093 -8.71908e-06 | 23  0.01903 -1.42249e-05 | 24  0.00741 -1.20118e-05
 25  0.00838 -1.20664e-05 | 26  0.02111 -5.56055e-06 | 27  0.01287 -2.06771e-07
 28 -0.02261  4.13248e-05 | 29  0.00378  7.53844e-06 | 30  0.00107  3.88069e-05
 31  0.00097 -8.07407e-06 | 32 -0.01310  4.18765e-06 | 33 -0.01347  1.66922e-06
 34  0.00203  7.89257e-06 | 35 -0.00350  8.91161e-06 | 36 -0.00709  7.16243e-06
 37 -0.00035  3.02964e-06 | 38  0.01219 -1.63892e-06 | 39  0.01652 -2.18139e-06
 40  0.00656 -2.50131e-06 | 41  0.02526  7.97698e-09 | 42  0.07389 -3.68420e-08
 43 -0.47600 -1.09979e-07 | 44 -0.10536 -1.83292e-07 | 45 -0.04176 -2.27812e-07
 46 -0.02646 -7.33104e-08 | 47  0.01819  1.77774e-07 | 48  0.07394  5.72212e-07
 49  0.25819 -3.04125e-08 | 50  0.41594 -1.58601e-08 | 51 -0.08488 -2.93283e-07
 52 -0.00669  4.67217e-07 | 53 -0.16227 -5.27527e-09 | 54 -0.38272  7.56859e-09
 55  0.29496  3.98266e-08 | 56 -0.07175 -1.20426e-07 | 57 -0.02541  7.86781e-08
 58 -0.04781 -1.36471e-07 | 59  0.14940  1.02626e-06 | 60 -0.00260 -9.26548e-08
 61  0.17258 -1.14476e-06 | 62 -0.00092 -2.57133e-07 | 63 -0.00160  1.71778e-07
 64 -0.13429  3.33266e-07 | 65 -0.00384 -7.58403e-08 | 66  0.11026 -1.98229e-07
 67 -0.00101 -2.46131e-08 | 68 -0.00333  3.37747e-08 | 69  0.12834  2.90180e-08
 70 -0.01100  7.53960e-09 | 71 -0.09363  6.59259e-07 | 72 -0.00235  1.17823e-07
 73  0.12103 -2.65400e-07 | 74 -0.00066 -4.45129e-07 | 75 -0.00171  1.83598e-07
 76 -0.00391  1.42028e-06 | 77  0.00357 -3.99806e-07 | 78  0.00145  1.75468e-08
 79  0.00486  1.44894e-06 | 80 -0.00172  1.67226e-06 | 81  0.00084 -2.33724e-07
 82  0.00171  1.83349e-08 | 83  0.00158 -1.68657e-07 | 84  0.00550  9.99404e-07
 85  0.00140 -3.78316e-07 | 86  0.00061 -3.11002e-07 | 87  0.00179 -5.89407e-07
 88  0.00090  5.42664e-07 | 89 -0.00058  2.78772e-07 | 90  0.00429  5.73143e-07
 91  0.00324 -2.42790e-07 | 92  0.00209  3.13950e-07 | 93  0.00398 -1.73868e-07
 94 -0.00192 -5.57627e-07 | 95  0.00454 -2.05234e-07 | 96  0.00153 -2.61549e-07
 97 -0.00180 -3.67901e-07 | 98 -0.00146 -5.57196e-07 | 99  0.00198  1.76839e-07
100  0.00639 -1.01048e-06 |101  0.00835  1.26762e-07 |102  0.00166 -5.09958e-07
103  0.00127  7.55806e-07 |104  0.00464 -2.17707e-07 |105  0.00378 -6.64729e-07
106 -0.00089  5.89595e-07 |107 -0.00025  1.68758e-06 |108  0.00409  5.08579e-08
109  0.00123  1.26973e-07 |110  0.00139 -2.05916e-07 |111  0.00061 -4.86004e-08
112  0.00089 -1.14108e-07 |113 -0.00121 -5.20363e-07 |114 -0.00015  3.90293e-07
115  0.00025 -1.73543e-07 |116 -0.00055  2.12468e-07 |117  0.00068 -2.95334e-07
118 -0.00016  1.13605e-07 |119 -0.00019  2.55711e-07 |120  0.00107 -8.49089e-08
121  0.00005  5.71211e-07 |122  0.00043  6.77736e-08 |123  0.00046 -3.33944e-08
124 -0.00341  6.55461e-07 |125  0.00044  8.33492e-07 |126  0.00037 -6.13346e-07
127 -0.00184  3.31874e-07 |128  0.00323 -1.37130e-06 |129 -0.00014  7.53639e-07
130 -0.00004 -4.85336e-07 |131  0.00119  2.84614e-07 |132  0.00223 -8.25811e-07
133  0.00055 -6.80550e-07 |134  0.00246 -4.80809e-07 |135 -0.00016  9.78567e-07
136  0.00186 -9.00960e-08 |137  0.00232 -9.56269e-07 |138 -0.00035 -2.65228e-07
139 -0.00079  1.00755e-07 |140  0.00217 -5.89130e-07 |141 -0.00017  3.80137e-07
142 -0.00191  1.08951e-06 |143  0.00475  1.41639e-07 |144  0.00169  2.76608e-07
145  0.00614  1.08480e-07 |146 -0.00478 -2.69192e-07 |147  0.00323  2.53073e-07
148  0.00139  8.56010e-07 |149  0.00044 -5.45778e-08 |150  0.00650  1.34749e-09
151  0.00162 -2.07102e-07 |152 -0.00013  1.20806e-07 |153  0.00367 -7.38322e-07
154  0.00014  7.45149e-07 |155  0.00039  2.27185e-07 |156  0.00724 -3.90850e-07
157 -0.00100  3.57299e-07 |158  0.00373  8.95721e-08 |159  0.00293 -8.92943e-07
160 -0.00448 -3.74113e-07 |161  0.00635  2.17742e-07 |162  0.00077 -3.37713e-07
163 -0.00392  7.56080e-07 |164 -0.00010 -8.29774e-07 |165  0.00251  3.51787e-07
166  0.00442  1.16609e-06 |167  0.00967 -1.33816e-07 |168  0.00044 -9.04309e-07
169  0.00247  8.78838e-07 |170  0.00386 -2.06625e-07 |171  0.00623 -1.79730e-08
172 -0.00398 -1.02665e-07 |173  0.00306  6.78179e-07 |174  0.00568  9.67581e-07
Estimating row 1 out of 174 for hessian
Estimating row 2 out of 174 for hessian
Estimating row 3 out of 174 for hessian
Estimating row 4 out of 174 for hessian
Estimating row 5 out of 174 for hessian
Estimating row 6 out of 174 for hessian
Estimating row 7 out of 174 for hessian
Estimating row 8 out of 174 for hessian
Estimating row 9 out of 174 for hessian
Estimating row 10 out of 174 for hessian
Estimating row 11 out of 174 for hessian
Estimating row 12 out of 174 for hessian
Estimating row 13 out of 174 for hessian
Estimating row 14 out of 174 for hessian
Estimating row 15 out of 174 for hessian
Estimating row 16 out of 174 for hessian
Estimating row 17 out of 174 for hessian
Estimating row 18 out of 174 for hessian
Estimating row 19 out of 174 for hessian
Estimating row 20 out of 174 for hessian
Estimating row 21 out of 174 for hessian
Estimating row 22 out of 174 for hessian
Estimating row 23 out of 174 for hessian
Estimating row 24 out of 174 for hessian
Estimating row 25 out of 174 for hessian
Estimating row 26 out of 174 for hessian
Estimating row 27 out of 174 for hessian
Estimating row 28 out of 174 for hessian
Estimating row 29 out of 174 for hessian
Estimating row 30 out of 174 for hessian
Estimating row 31 out of 174 for hessian
Estimating row 32 out of 174 for hessian
Estimating row 33 out of 174 for hessian
Estimating row 34 out of 174 for hessian
Estimating row 35 out of 174 for hessian
Estimating row 36 out of 174 for hessian
Estimating row 37 out of 174 for hessian
Estimating row 38 out of 174 for hessian
Estimating row 39 out of 174 for hessian
Estimating row 40 out of 174 for hessian
Estimating row 41 out of 174 for hessian
Estimating row 42 out of 174 for hessian
Estimating row 43 out of 174 for hessian
Estimating row 44 out of 174 for hessian
Estimating row 45 out of 174 for hessian
Estimating row 46 out of 174 for hessian
Estimating row 47 out of 174 for hessian
Estimating row 48 out of 174 for hessian
Estimating row 49 out of 174 for hessian
Estimating row 50 out of 174 for hessian
Estimating row 51 out of 174 for hessian
Estimating row 52 out of 174 for hessian
Estimating row 53 out of 174 for hessian
Estimating row 54 out of 174 for hessian
Estimating row 55 out of 174 for hessian
Estimating row 56 out of 174 for hessian
Estimating row 57 out of 174 for hessian
Estimating row 58 out of 174 for hessian
Estimating row 59 out of 174 for hessian
Estimating row 60 out of 174 for hessian
Estimating row 61 out of 174 for hessian
Estimating row 62 out of 174 for hessian
Estimating row 63 out of 174 for hessian
Estimating row 64 out of 174 for hessian
Estimating row 65 out of 174 for hessian
Estimating row 66 out of 174 for hessian
Estimating row 67 out of 174 for hessian
Estimating row 68 out of 174 for hessian
Estimating row 69 out of 174 for hessian
Estimating row 70 out of 174 for hessian
Estimating row 71 out of 174 for hessian
Estimating row 72 out of 174 for hessian
Estimating row 73 out of 174 for hessian
Estimating row 74 out of 174 for hessian
Estimating row 75 out of 174 for hessian
Estimating row 76 out of 174 for hessian
Estimating row 77 out of 174 for hessian
Estimating row 78 out of 174 for hessian
Estimating row 79 out of 174 for hessian
Estimating row 80 out of 174 for hessian
Estimating row 81 out of 174 for hessian
Estimating row 82 out of 174 for hessian
Estimating row 83 out of 174 for hessian
Estimating row 84 out of 174 for hessian
Estimating row 85 out of 174 for hessian
Estimating row 86 out of 174 for hessian
Estimating row 87 out of 174 for hessian
Estimating row 88 out of 174 for hessian
Estimating row 89 out of 174 for hessian
Estimating row 90 out of 174 for hessian
Estimating row 91 out of 174 for hessian
Estimating row 92 out of 174 for hessian
Estimating row 93 out of 174 for hessian
Estimating row 94 out of 174 for hessian
Estimating row 95 out of 174 for hessian
Estimating row 96 out of 174 for hessian
Estimating row 97 out of 174 for hessian
Estimating row 98 out of 174 for hessian
Estimating row 99 out of 174 for hessian
Estimating row 100 out of 174 for hessian
Estimating row 101 out of 174 for hessian
Estimating row 102 out of 174 for hessian
Estimating row 103 out of 174 for hessian
Estimating row 104 out of 174 for hessian
Estimating row 105 out of 174 for hessian
Estimating row 106 out of 174 for hessian
Estimating row 107 out of 174 for hessian
Estimating row 108 out of 174 for hessian
Estimating row 109 out of 174 for hessian
Estimating row 110 out of 174 for hessian
Estimating row 111 out of 174 for hessian
Estimating row 112 out of 174 for hessian
Estimating row 113 out of 174 for hessian
Estimating row 114 out of 174 for hessian
Estimating row 115 out of 174 for hessian
Estimating row 116 out of 174 for hessian
Estimating row 117 out of 174 for hessian
Estimating row 118 out of 174 for hessian
Estimating row 119 out of 174 for hessian
Estimating row 120 out of 174 for hessian
Estimating row 121 out of 174 for hessian
Estimating row 122 out of 174 for hessian
Estimating row 123 out of 174 for hessian
Estimating row 124 out of 174 for hessian
Estimating row 125 out of 174 for hessian
Estimating row 126 out of 174 for hessian
Estimating row 127 out of 174 for hessian
Estimating row 128 out of 174 for hessian
Estimating row 129 out of 174 for hessian
Estimating row 130 out of 174 for hessian
Estimating row 131 out of 174 for hessian
Estimating row 132 out of 174 for hessian
Estimating row 133 out of 174 for hessian
Estimating row 134 out of 174 for hessian
Estimating row 135 out of 174 for hessian
Estimating row 136 out of 174 for hessian
Estimating row 137 out of 174 for hessian
Estimating row 138 out of 174 for hessian
Estimating row 139 out of 174 for hessian
Estimating row 140 out of 174 for hessian
Estimating row 141 out of 174 for hessian
Estimating row 142 out of 174 for hessian
Estimating row 143 out of 174 for hessian
Estimating row 144 out of 174 for hessian
Estimating row 145 out of 174 for hessian
Estimating row 146 out of 174 for hessian
Estimating row 147 out of 174 for hessian
Estimating row 148 out of 174 for hessian
Estimating row 149 out of 174 for hessian
Estimating row 150 out of 174 for hessian
Estimating row 151 out of 174 for hessian
Estimating row 152 out of 174 for hessian
Estimating row 153 out of 174 for hessian
Estimating row 154 out of 174 for hessian
Estimating row 155 out of 174 for hessian
Estimating row 156 out of 174 for hessian
Estimating row 157 out of 174 for hessian
Estimating row 158 out of 174 for hessian
Estimating row 159 out of 174 for hessian
Estimating row 160 out of 174 for hessian
Estimating row 161 out of 174 for hessian
Estimating row 162 out of 174 for hessian
Estimating row 163 out of 174 for hessian
Estimating row 164 out of 174 for hessian
Estimating row 165 out of 174 for hessian
Estimating row 166 out of 174 for hessian
Estimating row 167 out of 174 for hessian
Estimating row 168 out of 174 for hessian
Estimating row 169 out of 174 for hessian
Estimating row 170 out of 174 for hessian
Estimating row 171 out of 174 for hessian
Estimating row 172 out of 174 for hessian
Estimating row 173 out of 174 for hessian
Estimating row 174 out of 174 for hessian
size of file gradfil1.tmp = 20640000
size of file gradfil2.tmp = 0
size of file varssave.tmp = 0
size of file cmpdiff.tmp = 600000024
