
Initial statistics: 1 variables; iteration 0; function evaluation 0; phase 1
Function value 1.0605433e+02; maximum gradient component mag -3.2911e+02
Var    Value     Gradient |Var    Value     Gradient |Var    Value     Gradient
  1 -0.03197 -3.29113e+02 |

 - final statistics:
1 variables; iteration 6; function evaluation 8
Function value 9.9170e+01; maximum gradient component mag -3.1121e+00
Exit code = 1;  converg criter 1.0000e+01
Var    Value     Gradient |Var    Value     Gradient |Var    Value     Gradient
  1  0.04106 -3.11211e+00 |

 - final statistics:
16 variables; iteration 0; function evaluation 0
Function value 9.9170e+01; maximum gradient component mag 8.4644e+00
Exit code = 0;  converg criter 1.0000e+01
Var    Value     Gradient |Var    Value     Gradient |Var    Value     Gradient
  1  0.04106 -3.11211e+00 |  2  0.53651  1.09462e+00 |  3  0.72245  3.23395e-01
  4  0.57111  1.06599e+00 |  5  0.69632  9.24541e-01 |  6  0.85292  4.57638e-01
  7  0.61741  7.65016e-01 |  8  0.57259  7.23472e-01 |  9  0.76211  3.04980e+00
 10  0.00438  5.60637e-01 | 11  0.10143  8.46439e+00 | 12  0.09645  4.50212e+00
 13 -0.35940  1.02301e-02 | 14  0.11240  2.12458e+00 | 15  0.10735  3.02548e+00
 16  0.11698  3.47163e+00 |

Initial statistics: 31 variables; iteration 0; function evaluation 0; phase 3
Function value 9.9170379e+01; maximum gradient component mag 8.4644e+00
Var    Value     Gradient |Var    Value     Gradient |Var    Value     Gradient
  1  0.04106 -3.11211e+00 |  2  0.53651  1.09462e+00 |  3  0.00000  2.26235e-09
  4  0.72245  3.23395e-01 |  5  0.00000 -1.12561e-14 |  6  0.57111  1.06599e+00
  7  0.00000 -5.88718e-11 |  8  0.69632  9.24541e-01 |  9  0.00000 -3.52535e-15
 10  0.85292  4.57638e-01 | 11  0.00000  1.84571e-15 | 12  0.61741  7.65016e-01
 13  0.00000 -1.62736e-12 | 14  0.57259  7.23472e-01 | 15  0.00000 -8.12765e-11
 16  0.76211  3.04980e+00 | 17  0.00000 -9.33701e-17 | 18  0.00438  5.60637e-01
 19 -0.12257 -1.91149e-03 | 20  0.10143  8.46439e+00 | 21 -0.13645  8.23387e-04
 22  0.09645  4.50212e+00 | 23 -0.14725  1.41735e-04 | 24 -0.35940  1.02301e-02
 25  0.20200  2.84059e-02 | 26  0.11240  2.12458e+00 | 27 -0.01910  1.11206e-03
 28  0.10735  3.02548e+00 | 29 -0.16015  2.53102e-04 | 30  0.11698  3.47163e+00
 31 -0.17465  2.19684e-04 |

 - final statistics:
31 variables; iteration 17; function evaluation 20
Function value 9.8127e+01; maximum gradient component mag -6.0518e-01
Exit code = 1;  converg criter 1.0000e+00
Var    Value     Gradient |Var    Value     Gradient |Var    Value     Gradient
  1  0.06307 -6.05184e-01 |  2  0.48137  3.36311e-01 |  3  0.00000 -1.33240e-07
  4  0.60791 -1.21501e-02 |  5  0.00000 -6.67872e-12 |  6  0.48060 -9.08755e-02
  7  0.00000 -1.25104e-07 |  8  0.58819  1.70076e-03 |  9 -0.00000 -3.54717e-11
 10  0.83608 -9.40853e-02 | 11 -0.00000  8.90873e-15 | 12  0.54957 -4.60882e-01
 13  0.00000 -2.97839e-10 | 14  0.52618 -1.02343e-01 | 15  0.00000 -2.74799e-09
 16  0.55154 -5.19603e-02 | 17  0.00000 -3.34510e-10 | 18  0.00182  2.78197e-01
 19 -0.11211 -2.29564e-03 | 20  0.06170 -1.10208e-02 | 21 -0.13057 -1.96528e-03
 22  0.07007 -3.57353e-02 | 23 -0.14506 -9.17493e-04 | 24 -0.43779 -1.01087e-02
 25  0.05958 -4.35576e-03 | 26  0.08564  7.24616e-03 | 27 -0.00303 -5.43128e-03
 28  0.08526 -6.86389e-02 | 29 -0.15724 -8.43396e-04 | 30  0.09157  2.58765e-02
 31 -0.17383 -3.75295e-04 |

 - final statistics:
46 variables; iteration 0; function evaluation 0
Function value 9.8127e+01; maximum gradient component mag -6.0518e-01
Exit code = 0;  converg criter 1.0000e+00
Var    Value     Gradient |Var    Value     Gradient |Var    Value     Gradient
  1  0.06307 -6.05184e-01 |  2  0.48137  3.36311e-01 |  3  0.00000 -1.33240e-07
  4  0.00000 -2.18791e-07 |  5  0.60791 -1.21501e-02 |  6  0.00000 -6.67872e-12
  7  0.00000 -2.21398e-11 |  8  0.48060 -9.08755e-02 |  9  0.00000 -1.25104e-07
 10  0.00000 -1.84749e-07 | 11  0.58819  1.70076e-03 | 12 -0.00000 -3.54717e-11
 13  0.00000 -5.02424e-11 | 14  0.83608 -9.40853e-02 | 15 -0.00000  8.90873e-15
 16  0.00000  7.42704e-13 | 17  0.54957 -4.60882e-01 | 18  0.00000 -2.97839e-10
 19  0.00000 -4.94903e-10 | 20  0.52618 -1.02343e-01 | 21  0.00000 -2.74799e-09
 22  0.00000 -3.85959e-09 | 23  0.55154 -5.19603e-02 | 24  0.00000 -3.34510e-10
 25  0.00000 -5.06497e-10 | 26  0.00182  2.78197e-01 | 27 -0.11211 -2.29564e-03
 28 -0.34854 -5.36610e-03 | 29  0.06170 -1.10208e-02 | 30 -0.13057 -1.96528e-03
 31 -0.40749 -4.37788e-03 | 32  0.07007 -3.57353e-02 | 33 -0.14506 -9.17493e-04
 34 -0.44478 -2.26224e-03 | 35 -0.43779 -1.01087e-02 | 36  0.05958 -4.35576e-03
 37 -0.21370 -2.80421e-03 | 38  0.08564  7.24616e-03 | 39 -0.00303 -5.43128e-03
 40 -0.30111 -4.93119e-03 | 41  0.08526 -6.86389e-02 | 42 -0.15724 -8.43396e-04
 43 -0.43858 -2.44838e-03 | 44  0.09157  2.58765e-02 | 45 -0.17383 -3.75295e-04
 46 -0.45270 -1.10919e-03 |

Initial statistics: 90 variables; iteration 0; function evaluation 0; phase 5
Function value 9.8126526e+01; maximum gradient component mag 9.8322e+01
Var    Value     Gradient |Var    Value     Gradient |Var    Value     Gradient
  1  0.06307 -6.05184e-01 |  2  0.00000  1.23368e+01 |  3  0.00000  2.18463e+01
  4  0.00000 -3.39928e+00 |  5  0.00000  1.19779e+01 |  6  0.00000  3.71468e+01
  7  0.00000  3.10960e+01 |  8  0.00000  1.13463e+01 |  9  0.00000 -9.30451e+00
 10  0.00000 -4.63230e+00 | 11  0.00000  7.29020e+00 | 12  0.00000  4.87446e+01
 13  0.00000  8.12401e+01 | 14  0.00000  8.51079e+01 | 15  0.00000  9.83216e+01
 16  0.00000  9.18002e+01 | 17  0.00000  5.16810e+01 | 18  0.00000  3.60740e+01
 19  0.00000  1.99193e+01 | 20  0.00000  1.50565e+01 | 21  0.00000  6.52442e+00
 22  0.00000  9.86635e-02 | 23  0.00000 -1.03244e+00 | 24  0.00000 -1.10697e+01
 25  0.00000 -3.56094e+01 | 26  0.00000 -4.85725e+01 | 27  0.00000 -5.74255e+01
 28  0.00000 -5.41266e+01 | 29  0.00000 -7.35075e+01 | 30  0.00000 -6.80457e+01
 31  0.00000 -7.54197e+01 | 32  0.00000 -7.39447e+01 | 33  0.00000 -7.74343e+01
 34  0.00000 -7.15453e+01 | 35  0.00000 -4.74944e+01 | 36  0.00000 -3.98609e+01
 37  0.00000 -3.60930e+01 | 38  0.00000 -1.93388e+01 | 39  0.00000  8.82862e+00
 40  0.00000  3.01224e+01 | 41  0.00000  3.00548e+01 | 42  0.00000  2.38695e+01
 43  0.00000  1.77976e+01 | 44  0.00000  1.29758e+01 | 45  0.00000  1.65996e+01
 46  0.48137  3.36311e-01 | 47  0.00000 -1.33240e-07 | 48  0.00000 -2.18791e-07
 49  0.60791 -1.21501e-02 | 50  0.00000 -6.67872e-12 | 51  0.00000 -2.21398e-11
 52  0.48060 -9.08755e-02 | 53  0.00000 -1.25104e-07 | 54  0.00000 -1.84749e-07
 55  0.58819  1.70076e-03 | 56 -0.00000 -3.54717e-11 | 57  0.00000 -5.02424e-11
 58  0.83608 -9.40853e-02 | 59 -0.00000  8.90873e-15 | 60  0.00000  7.42704e-13
 61  0.54957 -4.60882e-01 | 62  0.00000 -2.97839e-10 | 63  0.00000 -4.94903e-10
 64  0.52618 -1.02343e-01 | 65  0.00000 -2.74799e-09 | 66  0.00000 -3.85959e-09
 67  0.55154 -5.19603e-02 | 68  0.00000 -3.34510e-10 | 69  0.00000 -5.06497e-10
 70  0.00182  2.78197e-01 | 71 -0.11211 -2.29564e-03 | 72 -0.34854 -5.36610e-03
 73  0.06170 -1.10208e-02 | 74 -0.13057 -1.96528e-03 | 75 -0.40749 -4.37788e-03
 76  0.07007 -3.57353e-02 | 77 -0.14506 -9.17493e-04 | 78 -0.44478 -2.26224e-03
 79 -0.43779 -1.01087e-02 | 80  0.05958 -4.35576e-03 | 81 -0.21370 -2.80421e-03
 82  0.08564  7.24616e-03 | 83 -0.00303 -5.43128e-03 | 84 -0.30111 -4.93119e-03
 85  0.08526 -6.86389e-02 | 86 -0.15724 -8.43396e-04 | 87 -0.43858 -2.44838e-03
 88  0.09157  2.58765e-02 | 89 -0.17383 -3.75295e-04 | 90 -0.45270 -1.10919e-03

Intermediate statistics: 90 variables; iteration 20; function evaluation 29; phase 5
Function value 7.4363199e+01; maximum gradient component mag 3.3754e+01
Var    Value     Gradient |Var    Value     Gradient |Var    Value     Gradient
  1 -0.03508 -1.67734e+01 |  2 -0.02776  8.30850e+00 |  3 -0.06521  7.13064e+00
  4  0.06371  1.37469e+01 |  5 -0.00873  1.05133e+01 |  6 -0.07163  5.00767e+00
  7 -0.04769  9.03679e+00 |  8  0.00018  1.83910e+01 |  9  0.07164  3.37535e+01
 10  0.01697  2.80013e+01 | 11  0.01745  2.27417e+01 | 12 -0.03125  1.58289e+01
 13 -0.04394  1.90561e+01 | 14 -0.00190  2.85216e+01 | 15 -0.03385  2.19182e+01
 16 -0.05598  1.70567e+01 | 17  0.01153  2.43407e+01 | 18  0.00166  2.44232e+01
 19  0.02928  2.52054e+01 | 20  0.00457  1.69671e+01 | 21  0.01287  1.13502e+01
 22  0.01303  4.51700e+00 | 23 -0.01901 -1.26961e+00 | 24 -0.02530 -3.97266e+00
 25  0.03447 -5.38949e+00 | 26  0.04100 -5.73034e+00 | 27  0.04882 -7.46829e+00
 28 -0.07762 -1.29319e+01 | 29  0.10224 -1.35928e+01 | 30 -0.04669 -1.21806e+01
 31  0.04173 -1.41058e+01 | 32  0.00496 -1.18483e+01 | 33  0.04342 -1.34847e+01
 34  0.07808 -1.35879e+01 | 35 -0.04155 -1.09847e+01 | 36 -0.00440 -9.50041e+00
 37  0.05386 -9.79793e+00 | 38  0.02991 -9.38715e+00 | 39 -0.03713 -8.86643e+00
 40 -0.05748 -6.75468e+00 | 41 -0.02736 -4.71295e+00 | 42 -0.00093 -1.04760e+00
 43  0.01443  2.57984e+00 | 44  0.02207  3.32031e+00 | 45 -0.02507  3.24631e+00
 46  0.55247  1.74140e-01 | 47  0.00000  6.17479e-09 | 48  0.00000 -1.01004e-09
 49  0.67870 -1.86625e-01 | 50  0.00000  9.75719e-13 | 51  0.00000 -2.10860e-13
 52  0.61275  4.21314e-01 | 53  0.00000  1.26064e-09 | 54  0.00000  4.48799e-11
 55  0.71933  5.87986e-02 | 56 -0.00000 -5.61674e-14 | 57  0.00000  1.12963e-14
 58  0.85745  1.01599e-01 | 59 -0.00000 -3.08946e-15 | 60 -0.00000  1.43551e-12
 61  0.65265  4.50826e-01 | 62  0.00000  6.40756e-13 | 63  0.00000 -8.10741e-14
 64  0.58957  2.00374e-01 | 65  0.00000 -2.86244e-11 | 66  0.00000 -5.87633e-11
 67  0.64267  4.93983e-01 | 68  0.00000  5.00569e-12 | 69  0.00000 -2.56361e-13
 70  0.01170  1.16899e+00 | 71 -0.11189  3.21773e-04 | 72 -0.34813  4.73089e-04
 73  0.08763 -1.63785e+00 | 74 -0.13048 -1.53225e-03 | 75 -0.40726 -3.26891e-03
 76  0.09155 -2.02035e+00 | 77 -0.14495 -6.00109e-04 | 78 -0.44438 -1.71385e-03
 79 -0.43302 -2.81087e-02 | 80  0.06214 -1.58182e-02 | 81 -0.21247 -7.05180e-03
 82  0.09655 -1.35496e+00 | 83 -0.00278 -4.77024e-03 | 84 -0.30079 -3.84542e-03
 85  0.10320 -9.12287e-01 | 86 -0.15718 -1.76259e-04 | 87 -0.43843 -3.39605e-04
 88  0.11192 -1.02687e+00 | 89 -0.17380  7.31799e-05 | 90 -0.45269  1.32851e-04
90 variables; iteration 40; function evaluation 50; phase 5
Function value 7.2326507e+01; maximum gradient component mag -1.0807e+01
Var    Value     Gradient |Var    Value     Gradient |Var    Value     Gradient
  1 -0.03324 -1.08075e+01 |  2 -0.03498  3.82089e+00 |  3 -0.05641  4.54860e+00
  4  0.04776  1.95449e+00 |  5 -0.01384  2.65274e+00 |  6 -0.05352  5.51670e+00
  7 -0.04028  4.29339e+00 |  8 -0.00615  2.46510e+00 |  9  0.05438  6.08678e-01
 10  0.00348  2.16617e+00 | 11  0.01176  3.37672e-01 | 12 -0.02978  2.12462e+00
 13 -0.04500  5.08770e+00 | 14 -0.01368  5.04298e+00 | 15 -0.03610  5.50810e+00
 16 -0.05460  4.59568e+00 | 17  0.00555  1.06729e+00 | 18 -0.01277 -2.53194e-01
 19  0.01574 -1.02642e+00 | 20 -0.00239 -1.30028e+00 | 21  0.00390 -3.96202e+00
 22  0.00940 -4.72788e+00 | 23 -0.01312 -3.29613e+00 | 24 -0.01326 -3.05883e+00
 25  0.02916 -6.74069e+00 | 26  0.04015 -6.59788e+00 | 27  0.03135 -8.15999e+00
 28 -0.01185 -2.89788e+00 | 29  0.07139 -5.37843e+00 | 30 -0.00459 -3.54270e+00
 31  0.03572 -3.22774e+00 | 32  0.02416 -1.04648e+00 | 33  0.04909 -3.81398e+00
 34  0.04568 -5.65047e+00 | 35 -0.00079 -1.35838e+00 | 36  0.00169 -3.77657e+00
 37  0.03604 -4.65221e+00 | 38  0.01957 -3.88459e+00 | 39 -0.02017 -7.54261e-01
 40 -0.03972  1.58383e+00 | 41 -0.02324  5.33044e-01 | 42 -0.00843 -9.28473e-01
 43  0.00625 -7.24889e-01 | 44  0.01208 -1.39543e+00 | 45 -0.02052  9.83785e-01
 46  0.56012  3.68857e-01 | 47  0.00000  6.67285e-09 | 48  0.00000 -1.89295e-10
 49  0.82619  1.58124e-01 | 50  0.00000  1.17700e-12 | 51  0.00000  4.44046e-14
 52  0.62264  5.72314e-01 | 53  0.00000  1.30126e-09 | 54  0.00000  8.13962e-11
 55  0.64885 -6.68048e-01 | 56 -0.00000 -1.10269e-13 | 57  0.00000 -2.37182e-13
 58  0.86409  3.61500e-01 | 59 -0.00000 -1.42244e-14 | 60 -0.00000  1.77700e-12
 61  0.62761  1.51788e-01 | 62  0.00000 -1.79493e-13 | 63  0.00000 -1.40298e-12
 64  0.57253 -9.70392e-02 | 65  0.00000 -6.41988e-11 | 66  0.00000 -1.84291e-10
 67  0.63166  2.83409e-01 | 68  0.00000  4.47218e-12 | 69  0.00000 -1.13117e-12
 70  0.01448  1.93247e+00 | 71 -0.11011  2.34318e-04 | 72 -0.34553  3.12272e-04
 73  0.09707 -6.00074e-01 | 74 -0.13006 -1.70040e-04 | 75 -0.40611 -5.09094e-04
 76  0.09194 -5.13039e-01 | 77 -0.14453 -7.07975e-05 | 78 -0.44215 -7.19023e-04
 79 -0.37040 -1.82163e-02 | 80  0.10136 -1.46865e-02 | 81 -0.19902 -2.04726e-03
 82  0.11978  6.07821e-01 | 83 -0.00248  2.74724e-03 | 84 -0.29946  1.24356e-03
 85  0.10319 -1.03709e+00 | 86 -0.15706 -1.81913e-04 | 87 -0.43829 -3.62483e-04
 88  0.11466 -7.01964e-01 | 89 -0.17377  5.51918e-05 | 90 -0.45303 -5.68586e-05
90 variables; iteration 60; function evaluation 75; phase 5
Function value 7.2043459e+01; maximum gradient component mag -1.2164e+00
Var    Value     Gradient |Var    Value     Gradient |Var    Value     Gradient
  1 -0.03506 -1.21636e+00 |  2 -0.03937  2.01011e-01 |  3 -0.06712  1.92083e-01
  4  0.05563  3.41770e-01 |  5 -0.01229  2.36773e-01 |  6 -0.06305  1.54118e-01
  7 -0.04603  2.56838e-01 |  8 -0.00716  1.62526e-01 |  9  0.06098 -3.90329e-02
 10 -0.00120  8.52094e-02 | 11  0.01509  1.74664e-01 | 12 -0.02945  2.03194e-01
 13 -0.05060  1.60735e-01 | 14 -0.01251  4.91186e-02 | 15 -0.03831  2.00796e-01
 16 -0.05887  3.06395e-01 | 17  0.00735  2.03909e-01 | 18 -0.01176  2.97010e-01
 19  0.01676  8.21832e-02 | 20 -0.00375 -1.19896e-01 | 21  0.00926  2.95286e-01
 22  0.01275  4.56268e-02 | 23 -0.01307  2.17565e-02 | 24 -0.01556 -2.02332e-01
 25  0.03392 -1.85477e-01 | 26  0.03859 -3.33971e-01 | 27  0.04240 -3.70566e-01
 28 -0.01379 -1.81256e-01 | 29  0.06954 -5.93527e-01 | 30  0.00141 -1.29146e-01
 31  0.03843 -5.72520e-01 | 32  0.01618 -6.79493e-01 | 33  0.04725 -5.73505e-01
 34  0.05696 -3.50837e-01 | 35 -0.00771 -3.04237e-01 | 36  0.00611 -9.82798e-02
 37  0.03777 -2.23683e-01 | 38  0.02488 -1.32787e-01 | 39 -0.02126 -6.10041e-02
 40 -0.04601 -2.86379e-02 | 41 -0.02502  1.61442e-02 | 42 -0.00593  4.39340e-03
 43  0.00722  1.88862e-01 | 44  0.01636 -5.48112e-02 | 45 -0.02503 -2.08966e-02
 46  0.53909 -2.97060e-02 | 47  0.00000  5.46091e-09 | 48  0.00000 -2.84623e-09
 49  0.75439  5.94417e-02 | 50  0.00000  1.16196e-12 | 51  0.00000  4.71275e-14
 52  0.57533 -2.15075e-02 | 53  0.00000  1.12457e-09 | 54 -0.00000 -1.71949e-10
 55  0.70194 -2.48828e-03 | 56 -0.00000 -8.17217e-14 | 57 -0.00000 -4.45842e-14
 58  0.85333 -2.26136e-02 | 59 -0.00000  1.30861e-15 | 60 -0.00000  1.22468e-12
 61  0.62221  1.98894e-02 | 62  0.00000 -6.80435e-13 | 63 -0.00000 -2.49612e-12
 64  0.57531 -3.02649e-02 | 65  0.00000 -5.98313e-11 | 66  0.00000 -1.56941e-10
 67  0.62206 -3.64825e-02 | 68  0.00000  3.47891e-12 | 69 -0.00000 -3.17904e-12
 70  0.00271 -4.64903e-02 | 71 -0.10963  1.21723e-04 | 72 -0.34429  5.97651e-05
 73  0.10290  1.93552e-01 | 74 -0.13014  1.65220e-04 | 75 -0.40587  1.58956e-04
 76  0.09732  1.91974e-02 | 77 -0.14471  5.99643e-05 | 78 -0.44197  2.54237e-04
 79 -0.34804  1.60666e-03 | 80  0.11965 -6.14738e-04 | 81 -0.19237 -5.86831e-04
 82  0.11307 -6.24234e-02 | 83 -0.00534  1.00627e-03 | 84 -0.30165  2.68727e-04
 85  0.10889  1.45478e-02 | 86 -0.15739  8.50547e-05 | 87 -0.43880 -1.58029e-05
 88  0.11885  9.71281e-03 | 89 -0.17395 -7.14677e-05 | 90 -0.45399  3.69922e-05
90 variables; iteration 80; function evaluation 99; phase 5
Function value 7.2041095e+01; maximum gradient component mag -1.3874e-02
Var    Value     Gradient |Var    Value     Gradient |Var    Value     Gradient
  1 -0.03464  3.87574e-03 |  2 -0.03919  2.52019e-04 |  3 -0.06722 -2.39553e-03
  4  0.05582 -1.01482e-03 |  5 -0.01232 -3.08349e-04 |  6 -0.06298 -1.58482e-03
  7 -0.04628 -2.57993e-03 |  8 -0.00730 -6.21576e-04 |  9  0.06151  8.67292e-03
 10 -0.00120  1.47796e-03 | 11  0.01507  1.06081e-03 | 12 -0.02963 -4.49203e-04
 13 -0.05071  2.46939e-03 | 14 -0.01229  1.96647e-03 | 15 -0.03855 -2.32471e-03
 16 -0.05933 -2.36467e-03 | 17  0.00753  5.59475e-04 | 18 -0.01228  2.54466e-04
 19  0.01687  3.58452e-03 | 20 -0.00308  6.69037e-03 | 21  0.00843 -2.74860e-04
 22  0.01282  1.75453e-03 | 23 -0.01326  1.28052e-03 | 24 -0.01513  3.00061e-03
 25  0.03368  2.76086e-03 | 26  0.03875  1.19021e-03 | 27  0.04241 -8.99422e-04
 28 -0.01412  4.24682e-04 | 29  0.07010 -1.38735e-02 | 30  0.00049 -5.16694e-04
 31  0.03866 -6.50559e-03 | 32  0.01724  3.16355e-03 | 33  0.04762  3.48073e-03
 34  0.05643  2.02964e-03 | 35 -0.00712  3.75777e-03 | 36  0.00572  3.06257e-03
 37  0.03797  3.30191e-03 | 38  0.02483  2.34603e-03 | 39 -0.02126  4.13214e-03
 40 -0.04602 -8.36811e-04 | 41 -0.02513  3.11460e-03 | 42 -0.00579 -1.75585e-04
 43  0.00650  4.10622e-03 | 44  0.01669  1.68495e-03 | 45 -0.02492  2.17433e-03
 46  0.53998  6.05264e-04 | 47  0.00000 -1.20378e-09 | 48  0.00000  5.98330e-10
 49  0.72937 -5.20424e-04 | 50 -0.00000 -2.53161e-13 | 51  0.00000 -8.55434e-15
 52  0.57584 -3.70715e-04 | 53 -0.00000 -2.45150e-10 | 54  0.00000  3.95581e-11
 55  0.70085 -1.39114e-04 | 56  0.00000  1.84199e-14 | 57  0.00000  1.06449e-14
 58  0.85376  2.42714e-04 | 59 -0.00000 -2.09331e-16 | 60 -0.00000 -2.72362e-13
 61  0.62046 -3.31757e-04 | 62  0.00000  1.67813e-13 | 63  0.00000  6.10623e-13
 64  0.57577  4.48729e-04 | 65  0.00000  1.30071e-11 | 66  0.00000  3.37269e-11
 67  0.62255  3.68210e-04 | 68  0.00000 -7.63580e-13 | 69  0.00000  6.85145e-13
 70  0.00300 -1.01470e-03 | 71 -0.13893 -3.60847e-04 | 72 -0.35481 -2.42965e-04
 73  0.10216 -2.35702e-03 | 74 -0.15228 -2.16315e-04 | 75 -0.41268 -1.65445e-04
 76  0.09704 -2.28968e-03 | 77 -0.15244 -1.58545e-04 | 78 -0.46802 -6.19139e-04
 79 -0.34882  5.79322e-04 | 80  0.12361 -1.58635e-03 | 81 -0.02417 -8.65802e-04
 82  0.11395  9.84200e-04 | 83 -0.10909 -9.82609e-04 | 84 -0.31424 -1.00932e-03
 85  0.10854 -2.42792e-03 | 86 -0.17199 -1.51603e-04 | 87 -0.43664  3.13805e-05
 88  0.11849 -2.12512e-03 | 89 -0.16325  1.11880e-04 | 90 -0.45529 -2.29863e-05
90 variables; iteration 100; function evaluation 124; phase 5
Function value 7.2040763e+01; maximum gradient component mag -1.1416e-03
Var    Value     Gradient |Var    Value     Gradient |Var    Value     Gradient
  1 -0.03462  7.22630e-04 |  2 -0.03917 -1.90131e-06 |  3 -0.06725 -2.24801e-04
  4  0.05584  2.71207e-04 |  5 -0.01230  1.50149e-04 |  6 -0.06298 -2.93528e-04
  7 -0.04628 -2.30089e-04 |  8 -0.00730 -2.19212e-05 |  9  0.06151  1.02721e-03
 10 -0.00118  3.96463e-04 | 11  0.01507  4.54311e-04 | 12 -0.02961 -8.39517e-05
 13 -0.05069  1.72437e-04 | 14 -0.01232 -2.60542e-04 | 15 -0.03855 -4.28845e-04
 16 -0.05931 -4.04668e-04 | 17  0.00753  4.75979e-05 | 18 -0.01230  3.55835e-04
 19  0.01687  3.56080e-04 | 20 -0.00311  8.93688e-04 | 21  0.00846  3.67872e-04
 22  0.01285  4.95566e-04 | 23 -0.01327  3.42993e-04 | 24 -0.01515  7.74389e-04
 25  0.03367  7.58792e-04 | 26  0.03876  5.99330e-04 | 27  0.04241  6.02510e-04
 28 -0.01416  4.48910e-04 | 29  0.07014 -1.14162e-03 | 30  0.00046  6.52709e-05
 31  0.03868 -8.32738e-04 | 32  0.01720  2.08650e-04 | 33  0.04761  3.27101e-05
 34  0.05646 -4.06496e-04 | 35 -0.00713  1.44417e-04 | 36  0.00571  3.20816e-04
 37  0.03796  1.78257e-04 | 38  0.02486  6.96536e-05 | 39 -0.02124  3.30017e-04
 40 -0.04602 -4.93938e-04 | 41 -0.02515  3.26987e-04 | 42 -0.00579 -1.82481e-04
 43  0.00650  4.36710e-04 | 44  0.01669  2.05027e-04 | 45 -0.02495  2.23143e-04
 46  0.53993  1.33569e-04 | 47  0.00000  5.16176e-09 | 48  0.00000 -2.53786e-09
 49  0.72949 -7.21369e-05 | 50  0.00000  1.08387e-12 | 51  0.00000  3.63583e-14
 52  0.57584 -3.08346e-05 | 53  0.00000  1.04968e-09 | 54 -0.00000 -1.69797e-10
 55  0.70082  2.75641e-06 | 56 -0.00000 -7.89872e-14 | 57 -0.00000 -4.55674e-14
 58  0.85374  1.91709e-05 | 59 -0.00000  8.82398e-16 | 60 -0.00000  1.16676e-12
 61  0.62046 -3.13934e-05 | 62  0.00000 -7.21988e-13 | 63  0.00000 -2.62798e-12
 64  0.57574  2.42342e-05 | 65  0.00000 -5.56233e-11 | 66  0.00000 -1.44070e-10
 67  0.62251 -3.36623e-05 | 68  0.00000  3.27010e-12 | 69 -0.00000 -2.93356e-12
 70  0.00294 -1.80391e-04 | 71 -0.11129  1.22233e-04 | 72 -0.34581  3.27304e-05
 73  0.10214 -4.70059e-04 | 74 -0.13110  9.66812e-05 | 75 -0.40694  1.90301e-05
 76  0.09701 -3.55256e-04 | 77 -0.14591  1.83529e-05 | 78 -0.44639  5.25383e-05
 79 -0.35897  1.80837e-04 | 80  0.20238  2.66363e-04 | 81 -0.21112  1.72315e-05
 82  0.11372  1.64736e-04 | 83 -0.02763  4.36311e-05 | 84 -0.31021 -1.23718e-04
 85  0.10854 -2.92259e-04 | 86 -0.15798  6.63022e-05 | 87 -0.43870 -9.75127e-06
 88  0.11849 -3.08173e-04 | 89 -0.17366 -4.90199e-05 | 90 -0.45415  3.51099e-06

 - final statistics:
90 variables; iteration 104; function evaluation 128
Function value 7.2041e+01; maximum gradient component mag 6.3206e-05
Exit code = 1;  converg criter 1.0000e-04
Var    Value     Gradient |Var    Value     Gradient |Var    Value     Gradient
  1 -0.03463  3.70268e-05 |  2 -0.03918 -5.64653e-06 |  3 -0.06725 -3.27707e-07
  4  0.05584 -1.05993e-05 |  5 -0.01230 -1.62868e-05 |  6 -0.06298 -5.24221e-06
  7 -0.04628 -8.53104e-06 |  8 -0.00730  2.52660e-06 |  9  0.06151  1.03954e-05
 10 -0.00118  3.77933e-06 | 11  0.01507  3.66878e-07 | 12 -0.02961 -8.50284e-06
 13 -0.05069 -9.67764e-06 | 14 -0.01232  7.39885e-07 | 15 -0.03855 -7.49621e-06
 16 -0.05931 -1.31391e-05 | 17  0.00753 -5.22379e-06 | 18 -0.01230 -8.69573e-06
 19  0.01687 -5.11072e-07 | 20 -0.00311  1.35602e-05 | 21  0.00846 -9.37548e-06
 22  0.01285 -1.90139e-05 | 23 -0.01327 -1.25527e-05 | 24 -0.01515 -8.52386e-06
 25  0.03367  2.47825e-06 | 26  0.03876  4.20102e-06 | 27  0.04241  3.16383e-06
 28 -0.01416  1.10037e-05 | 29  0.07015  1.45787e-06 | 30  0.00045  1.84687e-05
 31  0.03868  1.66393e-05 | 32  0.01720  4.73613e-05 | 33  0.04761  3.75848e-05
 34  0.05646  2.56072e-05 | 35 -0.00713  2.06193e-05 | 36  0.00571  1.87228e-05
 37  0.03796  1.89256e-05 | 38  0.02486  6.42474e-06 | 39 -0.02125  4.35477e-06
 40 -0.04602 -8.46464e-07 | 41 -0.02515 -4.98010e-07 | 42 -0.00579 -4.88008e-06
 43  0.00650  8.38019e-07 | 44  0.01669 -7.46314e-06 | 45 -0.02495  1.86634e-06
 46  0.53993  2.46587e-07 | 47  0.00000  3.90444e-09 | 48  0.00000 -1.92063e-09
 49  0.72952 -7.22501e-07 | 50  0.00000  8.19912e-13 | 51  0.00000  2.75155e-14
 52  0.57584 -2.67236e-06 | 53  0.00000  7.94025e-10 | 54 -0.00000 -1.28462e-10
 55  0.70083 -1.65651e-06 | 56 -0.00000 -5.97579e-14 | 57 -0.00000 -3.44798e-14
 58  0.85374  1.44561e-06 | 59 -0.00000  6.67462e-16 | 60 -0.00000  8.82600e-13
 61  0.62046 -1.73922e-06 | 62  0.00000 -5.46114e-13 | 63  0.00000 -1.98768e-12
 64  0.57574  4.41807e-07 | 65  0.00000 -4.20766e-11 | 66  0.00000 -1.08979e-10
 67  0.62252  7.85300e-07 | 68  0.00000  2.47369e-12 | 69  0.00000 -2.21889e-12
 70  0.00295  1.40384e-05 | 71 -0.11784 -5.78004e-06 | 72 -0.34785 -3.29913e-05
 73  0.10214 -3.44302e-06 | 74 -0.13614  1.63444e-05 | 75 -0.40818 -2.34576e-05
 76  0.09702  1.35041e-06 | 77 -0.14706 -1.30819e-05 | 78 -0.44994 -5.85933e-05
 79 -0.35936 -1.31964e-05 | 80  0.20240 -1.83869e-05 | 81 -0.21049  5.68662e-06
 82  0.11372  6.32060e-05 | 83 -0.02981  4.47161e-05 | 84 -0.30418 -7.36811e-06
 85  0.10855 -3.73339e-06 | 86 -0.16143  1.03177e-05 | 87 -0.43818  8.66088e-07
 88  0.11849 -2.83590e-07 | 89 -0.17113 -1.09975e-05 | 90 -0.45436 -5.80277e-07

Initial statistics: 102 variables; iteration 0; function evaluation 0; phase 6
Function value 7.2040761e+01; maximum gradient component mag 3.0720e+00
Var    Value     Gradient |Var    Value     Gradient |Var    Value     Gradient
  1 -0.03463  3.70268e-05 |  2 -0.03918 -8.10090e-06 |  3 -0.06725 -2.77302e-06
  4  0.05584 -1.30489e-05 |  5 -0.01230 -1.87454e-05 |  6 -0.06298 -7.68921e-06
  7 -0.04628 -1.09836e-05 |  8 -0.00730  6.77381e-08 |  9  0.06151  7.94780e-06
 10 -0.00118  1.32031e-06 | 11  0.01507 -2.09146e-06 | 12 -0.02961 -1.09592e-05
 13 -0.05069 -1.21289e-05 | 14 -0.01232 -1.71868e-06 | 15 -0.03855 -9.95073e-06
 16 -0.05931 -1.55875e-05 | 17  0.00753 -7.68264e-06 | 18 -0.01230 -1.11543e-05
 19  0.01687 -2.96923e-06 | 20 -0.00311  1.11013e-05 | 21  0.00846 -1.18343e-05
 22  0.01285 -2.14724e-05 | 23 -0.01327 -1.50112e-05 | 24 -0.01515 -1.09822e-05
 25  0.03367  2.26622e-08 | 26  0.03876  1.74655e-06 | 27  0.04241  7.10260e-07
 28 -0.01416  8.54529e-06 | 29  0.07015 -9.86239e-07 | 30  0.00045  1.60096e-05
 31  0.03868  1.41848e-05 | 32  0.01720  4.49032e-05 | 33  0.04761  3.51326e-05
 34  0.05646  2.31578e-05 | 35 -0.00713  1.81604e-05 | 36  0.00571  1.62638e-05
 37  0.03796  1.64710e-05 | 38  0.02486  3.96759e-06 | 39 -0.02125  1.89711e-06
 40 -0.04602 -3.29907e-06 | 41 -0.02515 -2.95511e-06 | 42 -0.00579 -7.33900e-06
 43  0.00650 -1.62088e-06 | 44  0.01669 -9.92132e-06 | 45 -0.02495 -5.90796e-07
 46  0.00000  3.07199e+00 | 47  0.00000  0.00000e+00 | 48  0.00000  0.00000e+00
 49  0.00000  0.00000e+00 | 50  0.00000  0.00000e+00 | 51  0.00000  0.00000e+00
 52  0.00000  0.00000e+00 | 53  0.00000  0.00000e+00 | 54  0.00000  0.00000e+00
 55  0.00000  0.00000e+00 | 56  0.00000  0.00000e+00 | 57  0.00000  0.00000e+00
 58  0.53993  2.46587e-07 | 59  0.00000  3.90444e-09 | 60  0.00000 -1.92063e-09
 61  0.72952 -7.22501e-07 | 62  0.00000  8.19912e-13 | 63  0.00000  2.75155e-14
 64  0.57584 -2.67236e-06 | 65  0.00000  7.94025e-10 | 66 -0.00000 -1.28462e-10
 67  0.70083 -1.65651e-06 | 68 -0.00000 -5.97579e-14 | 69 -0.00000 -3.44798e-14
 70  0.85374  1.44561e-06 | 71 -0.00000  6.67462e-16 | 72 -0.00000  8.82600e-13
 73  0.62046 -1.73922e-06 | 74  0.00000 -5.46114e-13 | 75  0.00000 -1.98768e-12
 76  0.57574  4.41807e-07 | 77  0.00000 -4.20766e-11 | 78  0.00000 -1.08979e-10
 79  0.62252  7.85300e-07 | 80  0.00000  2.47369e-12 | 81  0.00000 -2.21889e-12
 82  0.00295  1.40384e-05 | 83 -0.11784 -5.78004e-06 | 84 -0.34785 -3.29913e-05
 85  0.10214 -3.44302e-06 | 86 -0.13614  1.63444e-05 | 87 -0.40818 -2.34576e-05
 88  0.09702  1.35041e-06 | 89 -0.14706 -1.30819e-05 | 90 -0.44994 -5.85933e-05
 91 -0.35936 -1.31964e-05 | 92  0.20240 -1.83869e-05 | 93 -0.21049  5.68662e-06
 94  0.11372  6.32060e-05 | 95 -0.02981  4.47161e-05 | 96 -0.30418 -7.36811e-06
 97  0.10855 -3.73339e-06 | 98 -0.16143  1.03177e-05 | 99 -0.43818  8.66088e-07
100  0.11849 -2.83590e-07 |101 -0.17113 -1.09975e-05 |102 -0.45436 -5.80277e-07

Intermediate statistics: 102 variables; iteration 20; function evaluation 22; phase 6
Function value 7.2023656e+01; maximum gradient component mag 4.1121e-01
Var    Value     Gradient |Var    Value     Gradient |Var    Value     Gradient
  1 -0.03423 -2.05279e-01 |  2 -0.03908  8.95835e-02 |  3 -0.06696  5.97798e-02
  4  0.05567 -2.90151e-02 |  5 -0.01264 -7.75739e-02 |  6 -0.06285  8.63863e-03
  7 -0.04625 -8.12207e-02 |  8 -0.00744 -1.73509e-01 |  9  0.06131 -1.45711e-01
 10 -0.00122  6.03518e-03 | 11  0.01518  1.55169e-01 | 12 -0.02967  1.32892e-01
 13 -0.05062  1.06807e-01 | 14 -0.01247 -3.99391e-02 | 15 -0.03880 -1.19905e-01
 16 -0.05946 -9.63896e-02 | 17  0.00753 -8.08485e-02 | 18 -0.01227 -3.33267e-02
 19  0.01683 -3.54915e-02 | 20 -0.00324 -8.52591e-02 | 21  0.00824 -1.83703e-01
 22  0.01263 -2.20263e-01 | 23 -0.01344 -1.71974e-01 | 24 -0.01523 -1.24323e-01
 25  0.03359 -1.18535e-01 | 26  0.03872 -8.96918e-02 | 27  0.04237 -9.44980e-02
 28 -0.01397 -8.16157e-02 | 29  0.06979 -3.57719e-01 | 30  0.00010 -3.01230e-01
 31  0.03828 -3.08067e-01 | 32  0.01747 -1.24781e-01 | 33  0.04718 -2.05224e-01
 34  0.05684  1.04962e-02 | 35 -0.00737 -1.07423e-01 | 36  0.00533 -1.79843e-01
 37  0.03743 -1.62309e-01 | 38  0.02500  8.45736e-02 | 39 -0.02082  1.97222e-01
 40 -0.04573  1.57010e-01 | 41 -0.02573 -5.31718e-02 | 42 -0.00605  8.47236e-02
 43  0.00738  3.64881e-01 | 44  0.01704  8.19908e-02 | 45 -0.02264  1.78438e-01
 46 -0.01055  4.11212e-01 | 47  0.00000  0.00000e+00 | 48  0.00000  0.00000e+00
 49  0.00000  0.00000e+00 | 50  0.00000  0.00000e+00 | 51  0.00000  0.00000e+00
 52  0.00000  0.00000e+00 | 53  0.00000  0.00000e+00 | 54  0.00000  0.00000e+00
 55  0.00000  0.00000e+00 | 56  0.00000  0.00000e+00 | 57  0.00000  0.00000e+00
 58  0.53853 -1.66910e-02 | 59  0.00000  3.82101e-09 | 60  0.00000 -2.17884e-09
 61  0.72844 -4.43960e-04 | 62  0.00000  8.16704e-13 | 63  0.00000  2.66411e-14
 64  0.57420 -1.55852e-02 | 65  0.00000  7.88993e-10 | 66 -0.00000 -1.37426e-10
 67  0.69881 -1.17852e-02 | 68 -0.00000 -5.92131e-14 | 69 -0.00000 -3.48764e-14
 70  0.85365  3.74049e-04 | 71 -0.00000  7.54895e-16 | 72 -0.00000  8.75592e-13
 73  0.61915 -1.73207e-02 | 74  0.00000 -5.99183e-13 | 75  0.00000 -2.20069e-12
 76  0.57470 -1.60393e-02 | 77  0.00000 -4.42304e-11 | 78  0.00000 -1.18364e-10
 79  0.62172 -1.25447e-02 | 80  0.00000  2.42481e-12 | 81  0.00000 -2.35602e-12
 82  0.00408  6.98295e-02 | 83 -0.11790  8.32540e-05 | 84 -0.34788  4.17690e-05
 85  0.10239  1.63029e-02 | 86 -0.13617  3.50144e-05 | 87 -0.40820  2.33144e-05
 88  0.09756  9.42318e-02 | 89 -0.14706  2.04233e-06 | 90 -0.44994  7.66658e-05
 91 -0.35956 -4.00070e-04 | 92  0.20191 -9.05652e-04 | 93 -0.21056 -2.29636e-05
 94  0.11387  3.54707e-02 | 95 -0.02979  1.05206e-04 | 96 -0.30415  2.80326e-05
 97  0.10779 -1.01713e-01 | 98 -0.16143 -1.75335e-05 | 99 -0.43818 -1.70834e-05
100  0.11732 -1.49954e-01 |101 -0.17114  3.86414e-05 |102 -0.45435 -7.82929e-05
102 variables; iteration 40; function evaluation 45; phase 6
Function value 7.2022647e+01; maximum gradient component mag -4.8158e-02
Var    Value     Gradient |Var    Value     Gradient |Var    Value     Gradient
  1 -0.03432 -1.38624e-02 |  2 -0.03947 -2.73377e-02 |  3 -0.06718  2.99109e-03
  4  0.05578 -3.44022e-03 |  5 -0.01252 -5.43038e-03 |  6 -0.06306 -7.37840e-03
  7 -0.04609  3.21617e-02 |  8 -0.00733 -4.81583e-02 |  9  0.06143 -2.05266e-02
 10 -0.00117  3.23784e-02 | 11  0.01506  2.00189e-02 | 12 -0.02992 -3.71597e-02
 13 -0.05073  3.09278e-02 | 14 -0.01240  1.70910e-02 | 15 -0.03872 -1.43002e-02
 16 -0.05944 -8.01616e-03 | 17  0.00762  1.28727e-02 | 18 -0.01235 -1.79395e-02
 19  0.01668 -1.41177e-02 | 20 -0.00317  2.90644e-02 | 21  0.00842  1.59035e-02
 22  0.01269 -3.21202e-02 | 23 -0.01334 -6.70508e-05 | 24 -0.01518  4.93895e-03
 25  0.03362  3.22646e-03 | 26  0.03863 -9.30640e-03 | 27  0.04232  1.79173e-02
 28 -0.01411  2.49178e-02 | 29  0.07003 -7.43377e-04 | 30  0.00029 -4.22373e-02
 31  0.03849 -1.71755e-02 | 32  0.01731  2.67666e-02 | 33  0.04771  1.22754e-02
 34  0.05616 -9.62414e-03 | 35 -0.00729 -2.33321e-02 | 36  0.00574  1.52684e-02
 37  0.03789  3.63978e-03 | 38  0.02473 -8.18734e-03 | 39 -0.02134 -9.27418e-03
 40 -0.04590  4.47997e-02 | 41 -0.02536 -3.57153e-02 | 42 -0.00575  2.65849e-02
 43  0.00647 -1.92745e-03 | 44  0.01771  1.07203e-02 | 45 -0.02293 -4.21200e-03
 46 -0.01193  7.63245e-03 | 47  0.00000  0.00000e+00 | 48  0.00000  0.00000e+00
 49  0.00000  0.00000e+00 | 50  0.00000  0.00000e+00 | 51  0.00000  0.00000e+00
 52  0.00000  0.00000e+00 | 53  0.00000  0.00000e+00 | 54  0.00000  0.00000e+00
 55  0.00000  0.00000e+00 | 56  0.00000  0.00000e+00 | 57  0.00000  0.00000e+00
 58  0.53970  1.27019e-03 | 59  0.00000  3.84860e-09 | 60  0.00000 -1.94077e-09
 61  0.72976  2.32114e-03 | 62  0.00000  8.10657e-13 | 63  0.00000  2.73732e-14
 64  0.57514 -5.23874e-03 | 65  0.00000  7.84035e-10 | 66 -0.00000 -1.30973e-10
 67  0.70067  2.80310e-03 | 68 -0.00000 -5.90699e-14 | 69 -0.00000 -3.41321e-14
 70  0.85341 -1.00608e-02 | 71 -0.00000  9.69578e-16 | 72 -0.00000  8.58908e-13
 73  0.62040  4.15981e-03 | 74  0.00000 -5.42775e-13 | 75  0.00000 -1.97588e-12
 76  0.57573  6.21125e-03 | 77  0.00000 -4.16559e-11 | 78  0.00000 -1.07906e-10
 79  0.62223 -2.44776e-03 | 80  0.00000  2.43115e-12 | 81  0.00000 -2.24488e-12
 82  0.00401 -6.13582e-03 | 83 -0.11803  8.10778e-05 | 84 -0.34795  3.77951e-05
 85  0.10262  1.27301e-02 | 86 -0.13624  4.43436e-05 | 87 -0.40825  4.33433e-05
 88  0.09741  2.12075e-02 | 89 -0.14705 -3.54450e-06 | 90 -0.44995  3.44019e-05
 91 -0.35926  6.26730e-04 | 92  0.20257  1.47977e-03 | 93 -0.21058  1.50695e-04
 94  0.11364  1.17546e-02 | 95 -0.02974  2.38905e-05 | 96 -0.30407 -1.49543e-05
 97  0.10831 -1.13156e-02 | 98 -0.16144  2.59841e-06 | 99 -0.43818 -1.20426e-06
100  0.11829  6.07625e-03 |101 -0.17114 -8.23027e-07 |102 -0.45432 -1.36196e-05
102 variables; iteration 60; function evaluation 71; phase 6
Function value 7.2022602e+01; maximum gradient component mag -4.2475e-03
Var    Value     Gradient |Var    Value     Gradient |Var    Value     Gradient
  1 -0.03429 -1.61695e-05 |  2 -0.03935  1.53330e-03 |  3 -0.06721 -2.80522e-03
  4  0.05578  9.41228e-04 |  5 -0.01251 -1.56049e-03 |  6 -0.06302  1.45669e-03
  7 -0.04621 -1.11431e-03 |  8 -0.00720  2.10801e-03 |  9  0.06146 -2.25640e-03
 10 -0.00125  1.74328e-03 | 11  0.01501  1.34781e-03 | 12 -0.02979 -2.58888e-03
 13 -0.05082  1.20948e-03 | 14 -0.01242  6.22647e-04 | 15 -0.03870 -1.07030e-03
 16 -0.05942  4.33764e-05 | 17  0.00757  5.19619e-04 | 18 -0.01230 -5.55209e-04
 19  0.01673 -7.45226e-05 | 20 -0.00326 -9.86121e-04 | 21  0.00837  1.87093e-03
 22  0.01278 -1.53872e-03 | 23 -0.01336 -8.97034e-04 | 24 -0.01520  2.99551e-03
 25  0.03359 -1.22986e-03 | 26  0.03868 -1.37176e-03 | 27  0.04228  1.90003e-03
 28 -0.01418  2.35953e-03 | 29  0.06999 -2.51243e-03 | 30  0.00044 -1.45836e-03
 31  0.03854  2.92423e-03 | 32  0.01719 -1.35955e-03 | 33  0.04768 -7.09700e-04
 34  0.05621  1.55621e-03 | 35 -0.00723 -4.24751e-03 | 36  0.00568  3.54702e-03
 37  0.03788 -8.29168e-04 | 38  0.02476 -8.11708e-04 | 39 -0.02130  4.83724e-04
 40 -0.04607  1.42721e-03 | 41 -0.02520 -1.35138e-03 | 42 -0.00586  9.50593e-04
 43  0.00650 -7.44471e-04 | 44  0.01767  3.07836e-04 | 45 -0.02289 -1.80640e-04
 46 -0.01196  1.44662e-04 | 47  0.00000  0.00000e+00 | 48  0.00000  0.00000e+00
 49  0.00000  0.00000e+00 | 50  0.00000  0.00000e+00 | 51  0.00000  0.00000e+00
 52  0.00000  0.00000e+00 | 53  0.00000  0.00000e+00 | 54  0.00000  0.00000e+00
 55  0.00000  0.00000e+00 | 56  0.00000  0.00000e+00 | 57  0.00000  0.00000e+00
 58  0.53958  5.31694e-05 | 59  0.00000  3.78234e-09 | 60  0.00000 -1.93373e-09
 61  0.72871 -4.25449e-04 | 62  0.00000  7.97696e-13 | 63  0.00000  2.62077e-14
 64  0.57543 -2.56608e-05 | 65  0.00000  7.72171e-10 | 66 -0.00000 -1.27345e-10
 67  0.70027  4.11479e-05 | 68 -0.00000 -5.81132e-14 | 69 -0.00000 -3.37034e-14
 70  0.85365 -2.83347e-04 | 71 -0.00000  7.38293e-16 | 72 -0.00000  8.55087e-13
 73  0.62013  8.79942e-05 | 74  0.00000 -5.45294e-13 | 75  0.00000 -1.98836e-12
 76  0.57542 -3.79288e-05 | 77  0.00000 -4.16554e-11 | 78  0.00000 -1.09001e-10
 79  0.62225  2.29232e-04 | 80  0.00000  2.39427e-12 | 81  0.00000 -2.20592e-12
 82  0.00402  1.16147e-03 | 83 -0.11830  7.96313e-05 | 84 -0.34808  4.12396e-05
 85  0.10256  1.53423e-03 | 86 -0.13636  3.80858e-05 | 87 -0.40835  3.06648e-05
 88  0.09729 -3.64661e-03 | 89 -0.14703 -6.95313e-06 | 90 -0.44998  2.76496e-06
 91 -0.35937  1.85695e-04 | 92  0.20229  4.37857e-04 | 93 -0.21074  7.49116e-05
 94  0.11350  3.40759e-04 | 95 -0.02967 -2.13595e-05 | 96 -0.30395 -3.72463e-05
 97  0.10835 -1.65860e-04 | 98 -0.16145  4.24348e-06 | 99 -0.43818  7.18710e-07
100  0.11824  7.15440e-04 |101 -0.17114  1.75727e-06 |102 -0.45427 -1.60659e-05
102 variables; iteration 80; function evaluation 96; phase 6
Function value 7.2022602e+01; maximum gradient component mag -1.8118e-04
Var    Value     Gradient |Var    Value     Gradient |Var    Value     Gradient
  1 -0.03429  6.28307e-07 |  2 -0.03936  5.83373e-05 |  3 -0.06720 -1.40157e-04
  4  0.05577  4.39379e-05 |  5 -0.01250 -4.38206e-05 |  6 -0.06303  3.25768e-05
  7 -0.04621 -5.02635e-05 |  8 -0.00720  1.07663e-04 |  9  0.06147 -1.13560e-04
 10 -0.00126  9.68063e-05 | 11  0.01501  3.43658e-05 | 12 -0.02978 -8.41807e-05
 13 -0.05082  3.74172e-05 | 14 -0.01242  3.41130e-05 | 15 -0.03869 -6.29819e-05
 16 -0.05942  4.08503e-05 | 17  0.00757 -2.70463e-05 | 18 -0.01229  6.85905e-05
 19  0.01673 -7.77839e-05 | 20 -0.00326  1.62026e-05 | 21  0.00837  5.62863e-05
 22  0.01278 -5.39047e-05 | 23 -0.01335 -5.01140e-05 | 24 -0.01521  1.25716e-04
 25  0.03360 -3.91385e-05 | 26  0.03869 -7.87695e-05 | 27  0.04228  8.38601e-05
 28 -0.01419  7.93310e-05 | 29  0.07000 -8.48211e-05 | 30  0.00044 -5.15147e-05
 31  0.03852  9.39812e-05 | 32  0.01719 -5.20041e-05 | 33  0.04768 -1.03674e-05
 34  0.05620  5.11165e-05 | 35 -0.00720 -1.81176e-04 | 36  0.00566  1.52385e-04
 37  0.03788 -1.63332e-05 | 38  0.02476 -7.50685e-05 | 39 -0.02130  7.37253e-05
 40 -0.04608  1.92256e-05 | 41 -0.02520 -5.50094e-05 | 42 -0.00586  4.61395e-05
 43  0.00651 -2.59360e-05 | 44  0.01767  6.38137e-06 | 45 -0.02289 -1.31970e-06
 46 -0.01196  5.72202e-06 | 47  0.00000  0.00000e+00 | 48  0.00000  0.00000e+00
 49  0.00000  0.00000e+00 | 50  0.00000  0.00000e+00 | 51  0.00000  0.00000e+00
 52  0.00000  0.00000e+00 | 53  0.00000  0.00000e+00 | 54  0.00000  0.00000e+00
 55  0.00000  0.00000e+00 | 56  0.00000  0.00000e+00 | 57  0.00000  0.00000e+00
 58  0.53958  1.84807e-06 | 59  0.00000  2.11072e-09 | 60  0.00000 -1.07914e-09
 61  0.72885 -1.66499e-05 | 62  0.00000  4.45175e-13 | 63  0.00000  1.46812e-14
 64  0.57543 -1.18116e-06 | 65  0.00000  4.30912e-10 | 66  0.00000 -7.10440e-11
 67  0.70027  1.51958e-06 | 68 -0.00000 -3.24299e-14 | 69 -0.00000 -1.88080e-14
 70  0.85365 -1.07759e-05 | 71 -0.00000  4.08257e-16 | 72 -0.00000  4.77342e-13
 73  0.62013  3.09957e-06 | 74  0.00000 -3.04360e-13 | 75  0.00000 -1.10980e-12
 76  0.57543 -1.22918e-06 | 77  0.00000 -2.32409e-11 | 78  0.00000 -6.08063e-11
 79  0.62225  8.57905e-06 | 80  0.00000  1.33600e-12 | 81  0.00000 -1.23143e-12
 82  0.00402  3.56528e-05 | 83 -0.12339  3.72756e-06 | 84 -0.34963 -7.90068e-06
 85  0.10256  2.79193e-06 | 86 -0.13866  3.62514e-07 | 87 -0.40951 -4.37516e-06
 88  0.09731 -6.55922e-05 | 89 -0.14655 -6.46299e-07 | 90 -0.45030 -2.76725e-07
 91 -0.35950 -7.08219e-06 | 92  0.20241  2.42780e-05 | 93 -0.21360  4.31796e-06
 94  0.11350  1.34946e-05 | 95 -0.02971 -6.46668e-06 | 96 -0.30260 -5.46870e-06
 97  0.10835 -6.18584e-06 | 98 -0.16172  4.49501e-09 | 99 -0.43822 -4.34163e-08
100  0.11823  2.49011e-05 |101 -0.17129  6.44428e-08 |102 -0.45374  5.97442e-07

 - final statistics:
102 variables; iteration 81; function evaluation 97
Function value 7.2023e+01; maximum gradient component mag -2.5826e-05
Exit code = 1;  converg criter 1.0000e-04
Var    Value     Gradient |Var    Value     Gradient |Var    Value     Gradient
  1 -0.03429  1.76708e-07 |  2 -0.03936  8.29640e-06 |  3 -0.06720 -2.00015e-05
  4  0.05577  6.32432e-06 |  5 -0.01250 -6.16572e-06 |  6 -0.06303  4.57839e-06
  7 -0.04621 -7.32524e-06 |  8 -0.00720  1.58181e-05 |  9  0.06147 -1.64117e-05
 10 -0.00126  1.41444e-05 | 11  0.01501  4.46643e-06 | 12 -0.02978 -1.16475e-05
 13 -0.05082  4.99398e-06 | 14 -0.01242  4.93927e-06 | 15 -0.03869 -9.21859e-06
 16 -0.05943  6.38104e-06 | 17  0.00757 -4.45044e-06 | 18 -0.01229  1.09761e-05
 19  0.01673 -1.19838e-05 | 20 -0.00326  2.84480e-06 | 21  0.00837  7.72811e-06
 22  0.01278 -7.33486e-06 | 23 -0.01335 -7.22107e-06 | 24 -0.01521  1.78891e-05
 25  0.03360 -5.65285e-06 | 26  0.03869 -1.09905e-05 | 27  0.04228  1.18196e-05
 28 -0.01419  1.09666e-05 | 29  0.07000 -1.19245e-05 | 30  0.00044 -6.97792e-06
 31  0.03852  1.35028e-05 | 32  0.01719 -7.71239e-06 | 33  0.04768 -1.45512e-06
 34  0.05620  7.48465e-06 | 35 -0.00720 -2.58256e-05 | 36  0.00566  2.16881e-05
 37  0.03788 -2.33462e-06 | 38  0.02476 -1.07040e-05 | 39 -0.02130  1.05546e-05
 40 -0.04608  2.53494e-06 | 41 -0.02520 -7.80773e-06 | 42 -0.00586  6.47519e-06
 43  0.00651 -3.71520e-06 | 44  0.01767  7.61114e-07 | 45 -0.02289 -1.73846e-07
 46 -0.01196  7.03636e-07 | 47  0.00000  0.00000e+00 | 48  0.00000  0.00000e+00
 49  0.00000  0.00000e+00 | 50  0.00000  0.00000e+00 | 51  0.00000  0.00000e+00
 52  0.00000  0.00000e+00 | 53  0.00000  0.00000e+00 | 54  0.00000  0.00000e+00
 55  0.00000  0.00000e+00 | 56  0.00000  0.00000e+00 | 57  0.00000  0.00000e+00
 58  0.53958  2.49477e-07 | 59  0.00000  2.04236e-09 | 60  0.00000 -1.04419e-09
 61  0.72885 -2.38271e-06 | 62  0.00000  4.30758e-13 | 63  0.00000  1.42084e-14
 64  0.57543 -1.78090e-07 | 65  0.00000  4.16956e-10 | 66  0.00000 -6.87417e-11
 67  0.70027  2.22153e-07 | 68 -0.00000 -3.13797e-14 | 69 -0.00000 -1.81982e-14
 70  0.85365 -1.47427e-06 | 71 -0.00000  3.94388e-16 | 72 -0.00000  4.61891e-13
 73  0.62013  4.32695e-07 | 74  0.00000 -2.94506e-13 | 75  0.00000 -1.07386e-12
 76  0.57543 -1.67998e-07 | 77  0.00000 -2.24879e-11 | 78  0.00000 -5.88356e-11
 79  0.62225  1.18524e-06 | 80  0.00000  1.29272e-12 | 81  0.00000 -1.19158e-12
 82  0.00402  4.92453e-06 | 83 -0.12352  1.94915e-06 | 84 -0.34963 -8.22255e-06
 85  0.10256  4.77732e-07 | 86 -0.13872 -4.31340e-07 | 87 -0.40951 -4.56541e-06
 88  0.09731 -9.33260e-06 | 89 -0.14653 -4.44965e-07 | 90 -0.45030 -2.55530e-07
 91 -0.35948 -1.04058e-05 | 92  0.20240  7.40286e-06 | 93 -0.21367  2.03764e-06
 94  0.11350  1.75508e-06 | 95 -0.02973 -7.04141e-06 | 96 -0.30258 -5.38208e-06
 97  0.10835 -8.29967e-07 | 98 -0.16173 -9.36815e-08 | 99 -0.43822 -5.77670e-08
100  0.11823  3.51815e-06 |101 -0.17130  1.98512e-09 |102 -0.45374  5.64631e-07
Estimating row 1 out of 102 for hessian
Estimating row 2 out of 102 for hessian
Estimating row 3 out of 102 for hessian
Estimating row 4 out of 102 for hessian
Estimating row 5 out of 102 for hessian
Estimating row 6 out of 102 for hessian
Estimating row 7 out of 102 for hessian
Estimating row 8 out of 102 for hessian
Estimating row 9 out of 102 for hessian
Estimating row 10 out of 102 for hessian
Estimating row 11 out of 102 for hessian
Estimating row 12 out of 102 for hessian
Estimating row 13 out of 102 for hessian
Estimating row 14 out of 102 for hessian
Estimating row 15 out of 102 for hessian
Estimating row 16 out of 102 for hessian
Estimating row 17 out of 102 for hessian
Estimating row 18 out of 102 for hessian
Estimating row 19 out of 102 for hessian
Estimating row 20 out of 102 for hessian
Estimating row 21 out of 102 for hessian
Estimating row 22 out of 102 for hessian
Estimating row 23 out of 102 for hessian
Estimating row 24 out of 102 for hessian
Estimating row 25 out of 102 for hessian
Estimating row 26 out of 102 for hessian
Estimating row 27 out of 102 for hessian
Estimating row 28 out of 102 for hessian
Estimating row 29 out of 102 for hessian
Estimating row 30 out of 102 for hessian
Estimating row 31 out of 102 for hessian
Estimating row 32 out of 102 for hessian
Estimating row 33 out of 102 for hessian
Estimating row 34 out of 102 for hessian
Estimating row 35 out of 102 for hessian
Estimating row 36 out of 102 for hessian
Estimating row 37 out of 102 for hessian
Estimating row 38 out of 102 for hessian
Estimating row 39 out of 102 for hessian
Estimating row 40 out of 102 for hessian
Estimating row 41 out of 102 for hessian
Estimating row 42 out of 102 for hessian
Estimating row 43 out of 102 for hessian
Estimating row 44 out of 102 for hessian
Estimating row 45 out of 102 for hessian
Estimating row 46 out of 102 for hessian
Estimating row 47 out of 102 for hessian
Estimating row 48 out of 102 for hessian
Estimating row 49 out of 102 for hessian
Estimating row 50 out of 102 for hessian
Estimating row 51 out of 102 for hessian
Estimating row 52 out of 102 for hessian
Estimating row 53 out of 102 for hessian
Estimating row 54 out of 102 for hessian
Estimating row 55 out of 102 for hessian
Estimating row 56 out of 102 for hessian
Estimating row 57 out of 102 for hessian
Estimating row 58 out of 102 for hessian
Estimating row 59 out of 102 for hessian
Estimating row 60 out of 102 for hessian
Estimating row 61 out of 102 for hessian
Estimating row 62 out of 102 for hessian
Estimating row 63 out of 102 for hessian
Estimating row 64 out of 102 for hessian
Estimating row 65 out of 102 for hessian
Estimating row 66 out of 102 for hessian
Estimating row 67 out of 102 for hessian
Estimating row 68 out of 102 for hessian
Estimating row 69 out of 102 for hessian
Estimating row 70 out of 102 for hessian
Estimating row 71 out of 102 for hessian
Estimating row 72 out of 102 for hessian
Estimating row 73 out of 102 for hessian
Estimating row 74 out of 102 for hessian
Estimating row 75 out of 102 for hessian
Estimating row 76 out of 102 for hessian
Estimating row 77 out of 102 for hessian
Estimating row 78 out of 102 for hessian
Estimating row 79 out of 102 for hessian
Estimating row 80 out of 102 for hessian
Estimating row 81 out of 102 for hessian
Estimating row 82 out of 102 for hessian
Estimating row 83 out of 102 for hessian
Estimating row 84 out of 102 for hessian
Estimating row 85 out of 102 for hessian
Estimating row 86 out of 102 for hessian
Estimating row 87 out of 102 for hessian
Estimating row 88 out of 102 for hessian
Estimating row 89 out of 102 for hessian
Estimating row 90 out of 102 for hessian
Estimating row 91 out of 102 for hessian
Estimating row 92 out of 102 for hessian
Estimating row 93 out of 102 for hessian
Estimating row 94 out of 102 for hessian
Estimating row 95 out of 102 for hessian
Estimating row 96 out of 102 for hessian
Estimating row 97 out of 102 for hessian
Estimating row 98 out of 102 for hessian
Estimating row 99 out of 102 for hessian
Estimating row 100 out of 102 for hessian
Estimating row 101 out of 102 for hessian
Estimating row 102 out of 102 for hessian
size of file gradfil1.tmp = 1417920000
size of file gradfil2.tmp = 0
size of file varssave.tmp = 0
size of file cmpdiff.tmp = 1800000072
