
Initial statistics: 2 variables; iteration 0; function evaluation 0; phase 1
Function value 5.4479776e+02; maximum gradient component mag -2.5391e+03
Var    Value     Gradient |Var    Value     Gradient |Var    Value     Gradient
  1 -0.39311 -2.53907e+03 |  2 -0.78855  2.10909e+01 |

 - final statistics:
2 variables; iteration 8; function evaluation 10
Function value 5.1739e+02; maximum gradient component mag -9.4424e+00
Exit code = 1;  converg criter 1.0000e+01
Var    Value     Gradient |Var    Value     Gradient |Var    Value     Gradient
  1 -0.35801 -9.44242e+00 |  2 -0.81794 -4.14333e+00 |

Initial statistics: 12 variables; iteration 0; function evaluation 0; phase 2
Function value 5.1745832e+02; maximum gradient component mag -1.1644e+02
Var    Value     Gradient |Var    Value     Gradient |Var    Value     Gradient
  1 -0.35801 -9.44242e+00 |  2 -0.81794 -4.14333e+00 |  3 -0.30499  7.13745e+01
  4 -0.20915 -1.16435e+02 |  5 -0.15253 -3.36687e+00 |  6 -0.30327 -8.03619e+00
  7 -0.05709  5.33141e+01 |  8 -0.41679 -4.52243e-01 |  9 -0.13227  2.55744e+01
 10 -0.25208  4.38764e+01 | 11 -0.07953  4.08864e+01 | 12 -0.00670 -7.89247e+00

 - final statistics:
12 variables; iteration 15; function evaluation 20
Function value 5.1511e+02; maximum gradient component mag 9.5835e-01
Exit code = 1;  converg criter 1.0000e+01
Var    Value     Gradient |Var    Value     Gradient |Var    Value     Gradient
  1 -0.35377 -9.56339e-01 |  2 -0.82002 -3.69313e-01 |  3 -0.30897 -3.41632e-01
  4 -0.20159  9.58347e-01 |  5 -0.15323 -8.17906e-03 |  6 -0.30098 -1.27122e-02
  7 -0.06915 -1.13952e-01 |  8 -0.39332  6.68710e-02 |  9 -0.15963 -3.64256e-02
 10 -0.26487  9.16639e-02 | 11 -0.11930  1.14194e-02 | 12  0.00409  2.60825e-02

Initial statistics: 66 variables; iteration 0; function evaluation 0; phase 3
Function value 5.1575914e+02; maximum gradient component mag -4.5217e+02
Var    Value     Gradient |Var    Value     Gradient |Var    Value     Gradient
  1 -0.35377 -9.56339e-01 |  2  0.00000  8.16601e+01 |  3  0.00000  7.03555e+01
  4  0.00000  9.64564e+01 |  5  0.00000  1.27606e+02 |  6  0.00000  1.35729e+02
  7  0.00000  1.62816e+02 |  8  0.00000  2.86186e+02 |  9  0.00000  2.75599e+02
 10  0.00000  1.57599e+02 | 11  0.00000  1.73368e+01 | 12  0.00000 -8.48427e+01
 13  0.00000 -1.42829e+02 | 14  0.00000 -1.42047e+02 | 15  0.00000 -2.95272e+02
 16  0.00000 -4.52172e+02 | 17  0.00000 -3.96616e+02 | 18  0.00000 -1.48451e+02
 19  0.00000 -1.18076e+02 | 20  0.00000 -2.26834e+01 | 21  0.00000  2.76009e+01
 22  0.00000  5.69314e+01 | 23  0.00000 -8.95848e+00 | 24  0.00000  1.93566e+01
 25  0.00000 -2.86005e+01 | 26  0.00000 -1.68146e+01 | 27  0.00000  1.07261e+02
 28  0.00000  3.74575e+01 | 29  0.00000 -1.45183e+01 | 30  0.00000 -6.78044e+00
 31  0.00000  1.14515e+02 | 32  0.00000  1.04195e+02 | 33 -0.82002 -3.69313e-01
 34 -0.30897 -3.41632e-01 | 35 -0.47542 -3.02045e-02 | 36  0.27457 -1.01425e+01
 37  0.53038 -2.21085e+01 | 38 -0.20159  9.58347e-01 | 39 -0.48233 -1.45380e-01
 40  0.35980 -3.24856e+01 | 41  0.45062 -3.45635e+01 | 42 -0.15323 -8.17906e-03
 43 -0.41696  1.17974e-02 | 44  0.45752  2.75546e+00 | 45  0.56192  3.44621e+00
 46 -0.30098 -1.27122e-02 | 47 -0.13423  9.27864e+00 | 48 -0.05371  7.44135e-01
 49  0.54847  8.58395e+00 | 50 -0.06915 -1.13952e-01 | 51 -0.40948 -6.32934e-02
 52  0.14964 -2.03368e+00 | 53  0.46982 -4.88378e+00 | 54 -0.39332  6.68710e-02
 55 -0.15963 -3.64256e-02 | 56 -0.26487  9.16639e-02 | 57 -0.32933  2.60616e-01
 58  0.44423  4.50580e+00 | 59  0.53336  6.31550e+00 | 60 -0.11930  1.14194e-02
 61 -0.27495 -5.23732e-02 | 62  0.54760 -1.99596e-01 | 63  0.00409  2.60825e-02
 64 -0.74071 -3.35236e-01 | 65  0.52478  3.36506e-01 | 66  0.47396  8.54610e-01

Intermediate statistics: 66 variables; iteration 20; function evaluation 29; phase 3
Function value 4.9309904e+02; maximum gradient component mag -3.2580e+02
Var    Value     Gradient |Var    Value     Gradient |Var    Value     Gradient
  1 -0.36472 -2.43240e+02 |  2 -0.00434  4.07794e+01 |  3  0.00145  4.51656e+01
  4 -0.00082  5.65791e+01 |  5 -0.00258  7.10664e+01 |  6 -0.00165  7.79297e+01
  7 -0.00166  9.36390e+01 |  8 -0.01134  1.41840e+02 |  9 -0.00999  1.41025e+02
 10 -0.00516  8.10400e+01 | 11  0.00182  1.65009e+01 | 12  0.00493 -4.36809e+01
 13  0.00675 -8.54808e+01 | 14 -0.00622 -1.07191e+02 | 15  0.00199 -1.75017e+02
 16  0.02221 -2.23284e+02 | 17  0.02049 -1.93528e+02 | 18 -0.00979 -1.02044e+02
 19  0.00643 -6.32965e+01 | 20 -0.00079 -1.04320e+01 | 21  0.00117  2.79883e+01
 22 -0.00212  3.92074e+01 | 23  0.00607  1.78963e+01 | 24 -0.00068  3.97070e+00
 25  0.00241 -2.95183e+01 | 26  0.00265 -1.97694e+01 | 27 -0.00436  4.63818e+01
 28  0.00101  1.60187e+01 | 29 -0.00046 -2.66069e+01 | 30  0.00300 -8.50015e+00
 31 -0.01058  3.09839e+01 | 32 -0.01057  2.83843e+01 | 33 -0.81634 -3.25797e+02
 34 -0.29998 -6.27095e+01 | 35 -0.47582 -5.35443e-01 | 36  0.29068 -1.62765e+01
 37  0.53476 -9.42501e+01 | 38 -0.20083  1.91742e+01 | 39 -0.48194 -1.22110e-02
 40  0.37007 -1.46053e+01 | 41  0.46459 -3.37844e+00 | 42 -0.15730 -1.53106e+00
 43 -0.41682 -1.31371e-02 | 44  0.44868 -1.42957e-01 | 45  0.56090  4.10615e-01
 46 -0.29016  1.85264e+00 | 47 -0.14509 -6.24910e-01 | 48 -0.04054 -1.27599e+00
 49  0.51510  6.69589e-01 | 50 -0.06881  1.17178e+01 | 51 -0.40857  1.58187e-02
 52  0.14523 -6.84256e+00 | 53  0.48320  5.25372e+00 | 54 -0.39798 -2.47541e-02
 55 -0.15999  2.14822e+00 | 56 -0.24882  1.07648e+01 | 57 -0.33166  2.23547e-01
 58  0.45280 -8.44563e-01 | 59  0.51979  3.42259e+00 | 60 -0.10832  2.83076e+00
 61 -0.27378 -5.01778e-02 | 62  0.54622 -1.63026e+00 | 63 -0.00444 -2.46514e+00
 64 -0.73347 -3.50136e-01 | 65  0.51062 -1.94284e-01 | 66  0.46346 -1.27859e+00
66 variables; iteration 40; function evaluation 50; phase 3
Function value 4.8727503e+02; maximum gradient component mag -7.7148e+01
Var    Value     Gradient |Var    Value     Gradient |Var    Value     Gradient
  1 -0.36605 -4.43251e+01 |  2 -0.00865  3.19156e+00 |  3 -0.00011  8.27169e+00
  4 -0.00181  1.80447e+01 |  5 -0.00398  2.42133e+01 |  6 -0.00517  1.06480e+01
  7 -0.00548  1.40092e+01 |  8 -0.01470  6.49040e+01 |  9 -0.02189  2.56720e+01
 10 -0.00598  3.53272e+01 | 11  0.00138  4.28982e+00 | 12  0.00584 -2.18122e+01
 13  0.00974 -2.40301e+01 | 14 -0.00228 -2.86419e+01 | 15  0.01034 -5.24541e+01
 16  0.02695 -6.94762e+01 | 17  0.02997 -3.29805e+01 | 18 -0.00343 -1.90090e+01
 19  0.01049 -2.98621e+00 | 20 -0.00053 -4.15613e+00 | 21 -0.00277 -7.57156e+00
 22 -0.00569  3.43773e+00 | 23  0.01078  2.91285e+01 | 24 -0.00347 -1.63646e+01
 25  0.00791  3.88618e+00 | 26  0.00426 -7.98039e+00 | 27 -0.00571  2.11475e+01
 28  0.00017 -7.76627e-01 | 29  0.00296  4.76086e+00 | 30  0.00524  9.98217e+00
 31 -0.01633 -7.33337e+00 | 32 -0.01822 -1.38147e+01 | 33 -0.81580 -7.71485e+01
 34 -0.31040 -1.94668e+01 | 35 -0.49171 -1.11132e-01 | 36  0.27138 -7.44192e+00
 37  0.54906 -1.49777e+01 | 38 -0.20121  8.94300e-01 | 39 -0.47176  1.30840e-05
 40  0.37615 -2.50711e-01 | 41  0.46336 -3.02303e+00 | 42 -0.15727  8.41719e-01
 43 -0.41120  6.02939e-02 | 44  0.45702  6.46070e+00 | 45  0.57506  7.87714e+00
 46 -0.27971 -1.38505e+00 | 47 -0.14142 -4.65650e+00 | 48  0.01382  1.21704e+00
 49  0.48516 -3.75297e+00 | 50 -0.07354 -1.01525e+00 | 51 -0.38207 -4.20491e-03
 52  0.14594  6.78135e-02 | 53  0.48980  2.07385e+00 | 54 -0.49077 -4.44495e-01
 55 -0.16232  1.80484e-01 | 56 -0.25361  2.46368e-01 | 57 -0.39738 -1.09510e-02
 58  0.44307 -2.82167e-02 | 59  0.52323 -3.09827e-01 | 60 -0.12040 -1.55863e+00
 61 -0.23799 -1.02153e-02 | 62  0.52927 -1.04838e+00 | 63 -0.03291 -1.13443e+01
 64 -0.50528 -2.81473e-01 | 65  0.51580  4.97900e+00 | 66  0.48306 -2.35435e+00
66 variables; iteration 60; function evaluation 73; phase 3
Function value 4.8624206e+02; maximum gradient component mag -4.8029e+01
Var    Value     Gradient |Var    Value     Gradient |Var    Value     Gradient
  1 -0.36821 -3.65125e+01 |  2 -0.01019 -4.72600e+00 |  3  0.00042  3.82681e+00
  4 -0.00137  1.05848e+01 |  5 -0.00648  3.31335e+00 |  6 -0.00579 -3.31852e+00
  7 -0.00385  4.92592e+00 |  8 -0.02026  2.02188e+01 |  9 -0.02258  4.34587e+00
 10 -0.00825  9.78627e+00 | 11  0.00087 -9.61406e-01 | 12  0.00772 -3.32942e+00
 13  0.01028 -4.27179e+00 | 14 -0.00207 -9.00192e+00 | 15  0.01283 -1.11425e+01
 16  0.03037 -1.66370e+01 | 17  0.02925 -9.41091e+00 | 18 -0.00095 -5.39745e-02
 19  0.00972 -2.11434e+00 | 20 -0.00090 -5.35944e+00 | 21 -0.00134 -1.93706e+00
 22 -0.00519  5.61240e-01 | 23  0.00858  6.74399e+00 | 24 -0.00048 -4.17662e+00
 25  0.00685 -3.20835e-01 | 26  0.00586  5.89826e-02 | 27 -0.00807  4.83032e+00
 28  0.00080  2.40251e+00 | 29  0.00223  4.08381e-01 | 30  0.00428  3.60980e+00
 31 -0.01556 -2.84772e-01 | 32 -0.01674 -4.81206e+00 | 33 -0.81431 -4.80289e+01
 34 -0.30457 -1.33381e+01 | 35 -0.49763 -9.17524e-02 | 36  0.28200 -2.87731e+00
 37  0.54340 -1.39573e+01 | 38 -0.20113 -4.69745e-01 | 39 -0.47701 -7.43065e-03
 40  0.37644  8.16557e-01 | 41  0.46448 -1.84070e+00 | 42 -0.15510  1.93035e+00
 43 -0.41272  1.76742e-02 | 44  0.45288  7.53128e-01 | 45  0.56250  2.23060e+00
 46 -0.28251  9.31107e-01 | 47 -0.15128 -7.41034e-01 | 48  0.00338  7.29364e-01
 49  0.52102  1.25987e-01 | 50 -0.06428  4.51229e-01 | 51 -0.38441 -3.87751e-03
 52  0.15025  1.26606e+00 | 53  0.47543 -5.45424e-01 | 54 -0.41750 -1.24709e-01
 55 -0.15614  2.01769e-01 | 56 -0.25407 -1.07418e+00 | 57 -0.36984  2.42779e-02
 58  0.44200  5.18591e-02 | 59  0.52593 -2.63706e-01 | 60 -0.10545 -6.49723e-01
 61 -0.23158 -2.55953e-03 | 62  0.54825  1.05691e+00 | 63 -0.03362 -3.76953e-01
 64 -0.37079  3.59987e-01 | 65  0.48744 -9.49522e-01 | 66  0.48261  8.01103e-01

 - final statistics:
66 variables; iteration 65; function evaluation 79
Function value 4.8608e+02; maximum gradient component mag -1.8544e-01
Exit code = 1;  converg criter 1.0000e+00
Var    Value     Gradient |Var    Value     Gradient |Var    Value     Gradient
  1 -0.36853 -1.30621e-01 |  2 -0.00864 -1.83476e-02 |  3  0.00002  3.52567e-02
  4 -0.00321  2.42972e-02 |  5 -0.00659  1.59451e-02 |  6 -0.00432 -8.78444e-03
  7 -0.00384  7.81287e-03 |  8 -0.02336 -6.06723e-02 |  9 -0.02198  4.05373e-02
 10 -0.00943  2.80061e-02 | 11  0.00134  9.37030e-03 | 12  0.00794  1.56014e-02
 13  0.01016  7.19426e-02 | 14 -0.00136 -6.28263e-02 | 15  0.01330 -2.86449e-03
 16  0.03120 -4.24130e-02 | 17  0.02966  2.19349e-02 | 18 -0.00155 -4.77493e-03
 19  0.00961  6.56125e-03 | 20 -0.00018 -2.96959e-02 | 21 -0.00111 -4.79416e-03
 22 -0.00502  7.32997e-03 | 23  0.00776  1.28857e-02 | 24  0.00024 -4.98865e-02
 25  0.00680 -3.54775e-02 | 26  0.00600 -1.50169e-02 | 27 -0.00863 -2.37396e-02
 28  0.00065  2.23558e-02 | 29  0.00221  2.48571e-03 | 30  0.00377  2.18970e-02
 31 -0.01565 -6.97724e-03 | 32 -0.01579 -4.09277e-02 | 33 -0.81407 -1.85438e-01
 34 -0.30328 -7.43923e-02 | 35 -0.48711  9.30827e-04 | 36  0.28454 -6.20516e-03
 37  0.54214 -8.14925e-02 | 38 -0.20246  7.71834e-03 | 39 -0.47332  3.44170e-03
 40  0.37447  1.66815e-02 | 41  0.46687 -9.98644e-03 | 42 -0.15489  4.86024e-02
 43 -0.41166  6.25336e-04 | 44  0.45214 -1.99560e-02 | 45  0.55888  1.71398e-02
 46 -0.28967  1.05913e-02 | 47 -0.13474  3.17255e-02 | 48 -0.02296  2.79885e-02
 49  0.50759  1.97015e-02 | 50 -0.06707  2.46307e-02 | 51 -0.37849  1.04979e-03
 52  0.14751  7.24017e-03 | 53  0.47989  1.68362e-02 | 54 -0.40618  3.84261e-03
 55 -0.15795 -4.05356e-03 | 56 -0.25287  2.88076e-02 | 57 -0.38999 -2.86164e-03
 58  0.44366 -1.20794e-02 | 59  0.52569  2.03174e-02 | 60 -0.10793 -1.61599e-02
 61 -0.22880  9.10933e-06 | 62  0.54277  1.38936e-02 | 63 -0.01116  2.32897e-02
 64 -0.50862 -2.31452e-03 | 65  0.51382 -2.39348e-02 | 66  0.46587  1.31527e-02

Initial statistics: 93 variables; iteration 0; function evaluation 0; phase 4
Function value 4.8609439e+02; maximum gradient component mag 2.9209e+01
Var    Value     Gradient |Var    Value     Gradient |Var    Value     Gradient
  1 -0.36853 -1.30621e-01 |  2  0.00000  1.32394e+01 |  3  0.00000  1.47705e+01
  4  0.00000  1.63992e+01 |  5  0.00000  1.80067e+01 |  6  0.00000  1.91845e+01
  7  0.00000  2.00032e+01 |  8  0.00000  2.05186e+01 |  9  0.00000  2.05150e+01
 10  0.00000  2.05723e+01 | 11  0.00000  2.12101e+01 | 12  0.00000  2.26403e+01
 13  0.00000  2.52182e+01 | 14  0.00000  2.92088e+01 | 15  0.00000  2.77603e+01
 16  0.00000  9.24126e+00 | 17 -0.00864 -1.63146e-02 | 18  0.00002  3.72898e-02
 19 -0.00321  2.63304e-02 | 20 -0.00659  1.79781e-02 | 21 -0.00432 -6.75133e-03
 22 -0.00384  9.84598e-03 | 23 -0.02336 -5.86405e-02 | 24 -0.02198  4.25693e-02
 25 -0.00943  3.00390e-02 | 26  0.00134  1.14034e-02 | 27  0.00794  1.76344e-02
 28  0.01016  7.39755e-02 | 29 -0.00136 -6.07931e-02 | 30  0.01330 -8.31785e-04
 31  0.03120 -4.03823e-02 | 32  0.02966  2.39658e-02 | 33 -0.00155 -2.74179e-03
 34  0.00961  8.59416e-03 | 35 -0.00018 -2.76628e-02 | 36 -0.00111 -2.76101e-03
 37 -0.00502  9.36306e-03 | 38  0.00776  1.49187e-02 | 39  0.00024 -4.78533e-02
 40  0.00680 -3.34445e-02 | 41  0.00600 -1.29839e-02 | 42 -0.00863 -2.17066e-02
 43  0.00065  2.43890e-02 | 44  0.00221  4.51885e-03 | 45  0.00377  2.39301e-02
 46 -0.01565 -4.94471e-03 | 47 -0.01579 -3.88952e-02 | 48 -0.81407 -1.85438e-01
 49 -0.30328 -7.43923e-02 | 50 -0.48711  9.30827e-04 | 51  0.28454 -6.20516e-03
 52  0.54214 -8.14925e-02 | 53 -0.20246  7.71834e-03 | 54 -0.47332  3.44170e-03
 55  0.37447  1.66815e-02 | 56  0.46687 -9.98644e-03 | 57 -0.15489  4.86024e-02
 58 -0.41166  6.25336e-04 | 59  0.45214 -1.99560e-02 | 60  0.55888  1.71398e-02
 61 -0.01605 -1.36179e+00 | 62 -0.00268  1.06700e+01 | 63 -0.02240  3.60496e+00
 64 -0.28967  1.05913e-02 | 65 -0.13474  3.17255e-02 | 66 -0.02296  2.79885e-02
 67  0.50759  1.97015e-02 | 68  0.01355 -5.83591e-02 | 69  0.05513  8.69981e-01
 70 -0.01543 -2.05130e+00 | 71 -0.06707  2.46307e-02 | 72 -0.37849  1.04979e-03
 73  0.14751  7.24017e-03 | 74  0.47989  1.68362e-02 | 75 -0.40618  3.84261e-03
 76 -0.15795 -4.05356e-03 | 77 -0.25531 -1.66729e+00 | 78  0.00454  1.47491e+00
 79  0.01092 -9.14671e+00 | 80 -0.10386 -1.05072e-01 | 81 -0.25287  2.88076e-02
 82 -0.38999 -2.86164e-03 | 83  0.44366 -1.20794e-02 | 84  0.52569  2.03174e-02
 85 -0.10793 -1.61599e-02 | 86 -0.22880  9.10933e-06 | 87  0.54277  1.38936e-02
 88  0.15217  1.36851e+00 | 89  0.01939 -5.35999e+00 | 90 -0.01116  2.32897e-02
 91 -0.50862 -2.31452e-03 | 92  0.51382 -2.39348e-02 | 93  0.46587  1.31527e-02

Intermediate statistics: 93 variables; iteration 20; function evaluation 25; phase 4
Function value 4.8576327e+02; maximum gradient component mag -4.7953e+01
Var    Value     Gradient |Var    Value     Gradient |Var    Value     Gradient
  1 -0.36542 -1.63080e+01 |  2 -0.00183  6.83276e+00 |  3 -0.00198  7.79806e+00
  4 -0.00213  8.86565e+00 |  5 -0.00226  9.99630e+00 |  6 -0.00232  1.09824e+01
  7 -0.00233  1.18353e+01 |  8 -0.00230  1.25550e+01 |  9 -0.00220  1.30271e+01
 10 -0.00209  1.35491e+01 | 11 -0.00199  1.45548e+01 | 12 -0.00189  1.63624e+01
 13 -0.00174  1.94327e+01 | 14 -0.00144  2.44999e+01 | 15 -0.00028  2.82916e+01
 16  0.00216  2.16094e+01 | 17 -0.00656  1.42720e+01 | 18  0.00081  1.09736e+01
 19 -0.00356  4.59207e+00 | 20 -0.00685  1.94624e+00 | 21 -0.00463  5.35318e-01
 22 -0.00456 -2.35941e+00 | 23 -0.02367 -5.27570e-01 | 24 -0.02224 -5.07716e-01
 25 -0.00965 -1.24072e+00 | 26  0.00104 -2.09460e+00 | 27  0.00772 -1.91792e+00
 28  0.00992 -1.77564e+00 | 29 -0.00144  1.38362e-01 | 30  0.01308  6.10205e-01
 31  0.03119  2.52501e+00 | 32  0.02975  4.90243e+00 | 33 -0.00124  5.55120e+00
 34  0.00986  7.23421e+00 | 35  0.00004  6.14134e+00 | 36 -0.00094  4.73228e+00
 37 -0.00506  1.76324e+00 | 38  0.00746 -1.07438e+00 | 39  0.00001 -2.09431e+00
 40  0.00656 -2.85423e+00 | 41  0.00574 -3.10273e+00 | 42 -0.00858 -2.20934e-01
 43  0.00074  1.45990e+00 | 44  0.00234  3.54585e+00 | 45  0.00398  5.04870e+00
 46 -0.01536  3.61511e+00 | 47 -0.01549  2.60394e+00 | 48 -0.81607 -4.79525e+01
 49 -0.30438 -2.75078e+01 | 50 -0.48720 -8.61618e-02 | 51  0.28434  4.97422e+00
 52  0.54162 -1.53268e+01 | 53 -0.20350 -4.59730e+00 | 54 -0.47340 -5.70795e-03
 55  0.37387  1.31266e+00 | 56  0.46586 -1.41207e+00 | 57 -0.15577 -4.67076e+00
 58 -0.41164  2.29297e-03 | 59  0.45698  4.69844e+00 | 60  0.56212  8.03447e-01
 61 -0.01497 -2.94871e+00 | 62 -0.00287  1.88424e+01 | 63 -0.02328  1.21399e+00
 64 -0.28863  6.54258e-01 | 65 -0.13715  4.46754e-02 | 66 -0.02126 -2.86406e-01
 67  0.50501  1.18674e-01 | 68  0.00407  1.07508e-01 | 69  0.05004  4.50505e-01
 70 -0.01159  6.94286e-01 | 71 -0.06586  2.39656e+00 | 72 -0.37851 -3.96311e-03
 73  0.14803 -3.09061e+00 | 74  0.47130 -1.87302e+00 | 75 -0.40615 -4.02000e-02
 76 -0.14926  1.32395e+00 | 77 -0.24409 -1.38913e+00 | 78  0.00469 -2.78787e+00
 79  0.01038 -1.99926e+01 | 80 -0.10857 -9.94819e-01 | 81 -0.25271  4.64295e+00
 82 -0.38992  2.19491e-02 | 83  0.44349 -1.43574e+00 | 84  0.52651  1.76611e+00
 85 -0.10581  3.57546e+00 | 86 -0.22878  3.27531e-04 | 87  0.54029 -2.86820e+00
 88  0.14001  1.77481e+00 | 89  0.01833 -9.90892e+00 | 90 -0.01121  4.91348e-01
 91 -0.50853  7.82933e-03 | 92  0.51445 -2.44968e-01 | 93  0.46623  1.12792e-01
93 variables; iteration 40; function evaluation 45; phase 4
Function value 4.8565338e+02; maximum gradient component mag -4.1348e+01
Var    Value     Gradient |Var    Value     Gradient |Var    Value     Gradient
  1 -0.36545 -1.53128e+01 |  2 -0.00223  5.28773e+00 |  3 -0.00237  6.19073e+00
  4 -0.00250  7.20771e+00 |  5 -0.00261  8.29051e+00 |  6 -0.00264  9.23459e+00
  7 -0.00264  1.00065e+01 |  8 -0.00262  1.05749e+01 |  9 -0.00256  1.08176e+01
 10 -0.00249  1.10900e+01 | 11 -0.00245  1.17398e+01 | 12 -0.00246  1.28733e+01
 13 -0.00253  1.47635e+01 | 14 -0.00253  1.80077e+01 | 15 -0.00134  2.11139e+01
 16  0.00189  1.74370e+01 | 17 -0.00623  1.24401e+01 | 18  0.00079  8.11692e+00
 19 -0.00391  1.50072e+00 | 20 -0.00680  1.31029e+00 | 21 -0.00451  5.99957e-01
 22 -0.00487 -3.19809e+00 | 23 -0.02339  1.01373e+00 | 24 -0.02178  1.30907e+00
 25 -0.01023 -4.48723e+00 | 26  0.00091 -2.98634e+00 | 27  0.00816  5.66745e-01
 28  0.00978 -2.42063e+00 | 29 -0.00173 -1.29126e+00 | 30  0.01329  2.56271e+00
 31  0.03163  3.68999e+00 | 32  0.02910  4.32154e-01 | 33 -0.00146  3.39479e+00
 34  0.01004  7.27004e+00 | 35 -0.00006  5.10169e+00 | 36 -0.00102  3.36504e+00
 37 -0.00511  1.30947e+00 | 38  0.00776  1.47776e+00 | 39 -0.00003 -2.20691e+00
 40  0.00643 -2.79367e+00 | 41  0.00600 -5.53802e-01 | 42 -0.00890 -2.54337e+00
 43  0.00085  1.84250e+00 | 44  0.00276  6.64488e+00 | 45  0.00377  2.74869e+00
 46 -0.01554  2.05096e+00 | 47 -0.01541  2.34424e+00 | 48 -0.81639 -4.13478e+01
 49 -0.30398 -2.22694e+01 | 50 -0.48808 -6.41001e-02 | 51  0.28534  5.41561e+00
 52  0.54227 -1.07089e+01 | 53 -0.20319 -3.43352e+00 | 54 -0.47417  2.94498e-03
 55  0.37507  2.76474e+00 | 56  0.46706  6.76154e-01 | 57 -0.15704 -5.32890e+00
 58 -0.41167 -1.32454e-02 | 59  0.45319  2.47839e+00 | 60  0.56003 -7.90051e-01
 61 -0.01509 -2.57584e+00 | 62 -0.00307  1.26922e+01 | 63 -0.02280  7.23446e-02
 64 -0.27811  1.01144e+00 | 65 -0.14147 -2.06490e+00 | 66  0.02468 -5.29964e-01
 67  0.48828 -1.60792e+00 | 68 -0.02182 -4.95790e-01 | 69  0.02917 -2.20842e-01
 70 -0.00635 -1.32327e+00 | 71 -0.07324  1.36754e+00 | 72 -0.37823  3.11940e-03
 73  0.14540 -7.31374e-01 | 74  0.48985 -6.69346e-01 | 75 -0.40646 -1.75766e-02
 76 -0.15939  1.23884e-01 | 77 -0.21176 -7.16436e-01 | 78  0.00840 -1.46240e+00
 79  0.00572 -1.40745e+01 | 80 -0.10219 -8.89508e-01 | 81 -0.25285  3.70652e+00
 82 -0.38926  1.55898e-02 | 83  0.44312 -1.39969e+00 | 84  0.52616  1.16335e+00
 85 -0.09051  4.91764e+00 | 86 -0.22853 -9.72690e-04 | 87  0.55917 -2.89805e+00
 88  0.05936  7.54986e-01 | 89  0.00776 -8.47709e+00 | 90 -0.01164 -6.03181e-02
 91 -0.50792 -6.78445e-03 | 92  0.51458 -2.67682e-02 | 93  0.46570 -8.27663e-02
93 variables; iteration 60; function evaluation 67; phase 4
Function value 4.8545421e+02; maximum gradient component mag -1.4660e+01
Var    Value     Gradient |Var    Value     Gradient |Var    Value     Gradient
  1 -0.36563 -4.84382e+00 |  2 -0.00329  1.13705e+00 |  3 -0.00353  1.50328e+00
  4 -0.00365  2.28486e+00 |  5 -0.00367  3.37130e+00 |  6 -0.00359  4.40856e+00
  7 -0.00359  4.88422e+00 |  8 -0.00365  4.97288e+00 |  9 -0.00369  4.67020e+00
 10 -0.00370  4.44016e+00 | 11 -0.00377  4.37613e+00 | 12 -0.00400  4.23077e+00
 13 -0.00437  4.19295e+00 | 14 -0.00456  5.32060e+00 | 15 -0.00287  8.37955e+00
 16  0.00063  5.59477e+00 | 17 -0.00680  4.15955e+00 | 18  0.00089  4.17908e+00
 19 -0.00348  9.53826e-01 | 20 -0.00737 -1.53359e+00 | 21 -0.00427  1.85675e+00
 22 -0.00426  3.12798e-01 | 23 -0.02441 -3.30500e+00 | 24 -0.02152  2.90197e+00
 25 -0.00999 -2.01109e+00 | 26  0.00093 -1.96531e+00 | 27  0.00794  5.96017e-01
 28  0.00981 -1.30799e+00 | 29 -0.00157 -1.18475e+00 | 30  0.01318  2.08552e-01
 31  0.03148  1.48322e+00 | 32  0.02923 -1.10674e+00 | 33 -0.00101  2.56863e+00
 34  0.00955  4.95574e-01 | 35 -0.00038  4.70756e-01 | 36 -0.00005  5.98213e+00
 37 -0.00566 -2.59784e+00 | 38  0.00766  2.22949e-01 | 39  0.00064  1.70171e+00
 40  0.00632 -2.76817e+00 | 41  0.00615  8.06639e-01 | 42 -0.00895 -2.16507e+00
 43  0.00074  9.83253e-01 | 44  0.00243  2.34346e+00 | 45  0.00362  1.59353e-01
 46 -0.01513  3.16596e+00 | 47 -0.01560  6.02021e-01 | 48 -0.81627 -1.46599e+01
 49 -0.30242 -6.82119e+00 | 50 -0.49006 -2.25381e-02 | 51  0.28703  3.02569e+00
 52  0.54079 -4.01538e+00 | 53 -0.20269 -1.18673e+00 | 54 -0.47577  1.91798e-03
 55  0.37528  1.77822e+00 | 56  0.46685  6.83510e-01 | 57 -0.15569 -1.92440e+00
 58 -0.41168 -4.79138e-03 | 59  0.45585  1.15410e+00 | 60  0.56106 -3.12811e-01
 61 -0.01494 -8.67966e-01 | 62 -0.00397  4.10219e+00 | 63 -0.02362 -8.91967e-01
 64 -0.27675 -2.06392e+00 | 65 -0.15270 -1.08434e+00 | 66  0.04396  5.40499e-01
 67  0.51194 -6.35399e-02 | 68 -0.02141 -6.62580e-01 | 69  0.02496  1.40714e-01
 70 -0.00806 -1.01983e+00 | 71 -0.06743  1.77962e+00 | 72 -0.37782  5.63205e-03
 73  0.14771 -1.47843e+00 | 74  0.47652 -6.93370e-01 | 75 -0.40553 -1.93875e-02
 76 -0.15404 -1.02741e+00 | 77 -0.23768 -9.93592e-02 | 78  0.00483 -2.64766e+00
 79  0.01048 -5.84408e+00 | 80 -0.10872 -1.10723e+00 | 81 -0.25509 -2.87002e+00
 82 -0.38785 -1.18513e-03 | 83  0.44316  1.51808e+00 | 84  0.52949  4.64866e-01
 85 -0.09498  2.23989e+00 | 86 -0.22756 -1.80624e-04 | 87  0.55389 -1.36997e+00
 88  0.08883  4.88461e-01 | 89  0.01193 -4.53284e+00 | 90 -0.01102  2.50362e-01
 91 -0.50646  1.78051e-02 | 92  0.51623  1.34085e-01 | 93  0.46785  2.97806e-01
93 variables; iteration 80; function evaluation 95; phase 4
Function value 4.8538649e+02; maximum gradient component mag -1.4892e+00
Var    Value     Gradient |Var    Value     Gradient |Var    Value     Gradient
  1 -0.36562 -8.34372e-01 |  2 -0.00349  1.04813e-01 |  3 -0.00382  8.42196e-02
  4 -0.00397  6.58504e-01 |  5 -0.00448 -3.76273e-02 |  6 -0.00445  6.81891e-01
  7 -0.00476  4.74201e-02 |  8 -0.00481  3.12559e-02 |  9 -0.00457  5.53001e-01
 10 -0.00442  7.57766e-01 | 11 -0.00441  7.80660e-01 | 12 -0.00452  7.32577e-01
 13 -0.00496  4.70787e-02 | 14 -0.00514  4.43848e-01 | 15 -0.00400  9.25289e-01
 16  0.00026  6.44612e-01 | 17 -0.00692  3.17247e-01 | 18  0.00058  3.92796e-01
 19 -0.00337  2.05475e-01 | 20 -0.00692 -1.51749e-01 | 21 -0.00463  1.56011e-01
 22 -0.00433  1.34935e-01 | 23 -0.02373 -3.25866e-01 | 24 -0.02222  2.59177e-01
 25 -0.00979 -2.99301e-01 | 26  0.00109 -1.23027e-01 | 27  0.00768 -2.97496e-01
 28  0.01004  2.26619e-01 | 29 -0.00156 -7.65426e-01 | 30  0.01330  2.59701e-01
 31  0.03124 -2.13004e-02 | 32  0.02959 -2.60239e-01 | 33 -0.00129  4.64658e-01
 34  0.00967 -6.14058e-02 | 35 -0.00007  1.77559e-02 | 36 -0.00083  9.24808e-01
 37 -0.00505 -5.65530e-01 | 38  0.00776  1.94811e-01 | 39  0.00032  1.45096e-01
 40  0.00675 -1.66850e-01 | 41  0.00593  6.71425e-02 | 42 -0.00865 -1.59834e-01
 43  0.00062  1.36962e-01 | 44  0.00223  2.67328e-01 | 45  0.00373  1.77250e-02
 46 -0.01550  4.54523e-01 | 47 -0.01566 -8.38906e-02 | 48 -0.81621 -1.48924e+00
 49 -0.30354 -7.19886e-01 | 50 -0.48836 -8.82970e-04 | 51  0.28412  1.40160e-01
 52  0.54194 -4.02488e-01 | 53 -0.20280 -1.91092e-01 | 54 -0.47462  1.40617e-03
 55  0.37441  2.13317e-01 | 56  0.46664  3.52925e-02 | 57 -0.15462 -1.52934e-01
 58 -0.41158 -5.28747e-04 | 59  0.45695  1.32931e-01 | 60  0.56069  4.29420e-02
 61 -0.01787 -3.08112e-01 | 62 -0.00471  3.57476e-01 | 63 -0.02333 -1.68424e-01
 64 -0.28405 -4.88303e-01 | 65 -0.13700 -1.44655e-01 | 66  0.00668  6.27193e-02
 67  0.49893 -1.73876e-01 | 68 -0.00696 -1.21256e-01 | 69  0.03871  1.85136e-01
 70 -0.01000 -2.71471e-01 | 71 -0.06663  2.55150e-01 | 72 -0.37764  1.18931e-03
 73  0.14837  2.13123e-02 | 74  0.47297 -4.60865e-02 | 75 -0.40454  2.41664e-02
 76 -0.15003 -4.99255e-02 | 77 -0.24236 -1.00860e-01 | 78  0.00525 -2.97149e-01
 79  0.01190 -5.07269e-01 | 80 -0.10755 -2.49403e-02 | 81 -0.25307 -3.02613e-01
 82 -0.38808  7.49651e-05 | 83  0.44408  2.64306e-01 | 84  0.52661  8.58046e-02
 85 -0.09744  3.09224e-01 | 86 -0.22722 -2.28999e-04 | 87  0.55121 -1.49271e-01
 88  0.09569 -3.35365e-02 | 89  0.01330 -4.66693e-01 | 90 -0.01137 -4.95720e-02
 91 -0.50721  9.85571e-04 | 92  0.51489  8.78893e-02 | 93  0.46642  4.62045e-02
Maximum number of function evaluations exceeded

 - final statistics:
93 variables; iteration 83; function evaluation 100
Function value 4.8538e+02; maximum gradient component mag -1.0289e+00
Exit code = 3;  converg criter 1.0000e+00
Var    Value     Gradient |Var    Value     Gradient |Var    Value     Gradient
  1 -0.36562 -6.26063e-01 |  2 -0.00351  5.54338e-02 |  3 -0.00382  5.95265e-02
  4 -0.00405  3.62919e-01 |  5 -0.00441  1.79603e-01 |  6 -0.00464  5.26657e-02
  7 -0.00469  2.43653e-01 |  8 -0.00478  9.11125e-02 |  9 -0.00464  2.84132e-01
 10 -0.00451  4.15393e-01 | 11 -0.00447  5.23316e-01 | 12 -0.00455  5.71756e-01
 13 -0.00487  2.64714e-01 | 14 -0.00522  9.63681e-02 | 15 -0.00403  7.05502e-01
 16  0.00023  4.00849e-01 | 17 -0.00692  2.17494e-01 | 18  0.00057  2.75626e-01
 19 -0.00338  1.46497e-01 | 20 -0.00689 -6.68995e-02 | 21 -0.00465  9.84524e-02
 22 -0.00434  9.12389e-02 | 23 -0.02370 -1.74139e-01 | 24 -0.02225  1.48615e-01
 25 -0.00977 -1.84788e-01 | 26  0.00108 -7.38809e-02 | 27  0.00769 -2.24788e-01
 28  0.01001  1.12975e-01 | 29 -0.00151 -5.19555e-01 | 30  0.01328  1.74039e-01
 31  0.03125 -4.42583e-02 | 32  0.02961 -1.65449e-01 | 33 -0.00132  3.03144e-01
 34  0.00969 -5.64890e-02 | 35 -0.00005  1.33331e-02 | 36 -0.00089  6.00011e-01
 37 -0.00500 -3.79496e-01 | 38  0.00775  1.39674e-01 | 39  0.00031  5.26440e-02
 40  0.00676 -8.92131e-02 | 41  0.00593  6.19661e-02 | 42 -0.00864 -7.83411e-02
 43  0.00062  9.60784e-02 | 44  0.00222  1.72808e-01 | 45  0.00373  2.63376e-02
 46 -0.01553  2.76563e-01 | 47 -0.01565 -5.97800e-02 | 48 -0.81621 -1.02890e+00
 49 -0.30355 -5.01490e-01 | 50 -0.48835 -1.53375e-04 | 51  0.28407  7.77340e-02
 52  0.54194 -2.84322e-01 | 53 -0.20281 -1.18179e-01 | 54 -0.47463  1.33968e-03
 55  0.37437  1.32521e-01 | 56  0.46663  1.75038e-02 | 57 -0.15488 -1.05594e-01
 58 -0.41157 -3.91569e-04 | 59  0.45657  8.49784e-02 | 60  0.56091  2.33683e-02
 61 -0.01693 -2.07951e-01 | 62 -0.00456  2.21336e-01 | 63 -0.02344 -8.17535e-02
 64 -0.28325 -2.92952e-01 | 65 -0.13776 -8.78924e-02 | 66  0.01056  6.24268e-02
 67  0.49930 -1.11762e-01 | 68 -0.00858 -9.62007e-02 | 69  0.03720  1.16096e-01
 70 -0.00975 -1.81737e-01 | 71 -0.06784  1.80864e-01 | 72 -0.37761  8.76087e-04
 73  0.14763 -3.79952e-02 | 74  0.47522 -2.10453e-02 | 75 -0.40621 -9.94037e-04
 76 -0.15072 -3.65515e-04 | 77 -0.23604 -1.81255e-02 | 78  0.00605 -1.74629e-01
 79  0.01113 -3.12900e-01 | 80 -0.10675  2.60097e-02 | 81 -0.25301 -1.80321e-01
 82 -0.38809  2.77901e-05 | 83  0.44404  1.77300e-01 | 84  0.52649  6.17151e-02
 85 -0.09857  2.10450e-01 | 86 -0.22720 -1.03794e-04 | 87  0.54964 -1.17649e-01
 88  0.10216  8.82298e-03 | 89  0.01421 -2.94750e-01 | 90 -0.01156 -4.24867e-02
 91 -0.50722  5.69000e-04 | 92  0.51448  5.33810e-02 | 93  0.46659  4.51178e-02

Initial statistics: 96 variables; iteration 0; function evaluation 0; phase 5
Function value 4.8543489e+02; maximum gradient component mag -1.0289e+00
Var    Value     Gradient |Var    Value     Gradient |Var    Value     Gradient
  1 -0.36562 -6.26063e-01 |  2 -0.00351  5.54338e-02 |  3 -0.00382  5.95265e-02
  4 -0.00405  3.62919e-01 |  5 -0.00441  1.79603e-01 |  6 -0.00464  5.26657e-02
  7 -0.00469  2.43653e-01 |  8 -0.00478  9.11125e-02 |  9 -0.00464  2.84132e-01
 10 -0.00451  4.15393e-01 | 11 -0.00447  5.23316e-01 | 12 -0.00455  5.71756e-01
 13 -0.00487  2.64714e-01 | 14 -0.00522  9.63681e-02 | 15 -0.00403  7.05502e-01
 16  0.00023  4.00849e-01 | 17 -0.00692  1.88779e-01 | 18  0.00057  2.46908e-01
 19 -0.00338  1.17780e-01 | 20 -0.00689 -9.56150e-02 | 21 -0.00465  6.97360e-02
 22 -0.00434  6.25224e-02 | 23 -0.02370 -2.02836e-01 | 24 -0.02225  1.19915e-01
 25 -0.00977 -2.13502e-01 | 26  0.00108 -1.02598e-01 | 27  0.00769 -2.53503e-01
 28  0.01001  8.42609e-02 | 29 -0.00151 -5.48272e-01 | 30  0.01328  1.45328e-01
 31  0.03125 -7.29409e-02 | 32  0.02961 -1.94136e-01 | 33 -0.00132  2.74427e-01
 34  0.00969 -8.52029e-02 | 35 -0.00005 -1.53841e-02 | 36 -0.00089  5.71294e-01
 37 -0.00500 -4.08213e-01 | 38  0.00775  1.10959e-01 | 39  0.00031  2.39267e-02
 40  0.00676 -1.17929e-01 | 41  0.00593  3.32501e-02 | 42 -0.00864 -1.07056e-01
 43  0.00062  6.73612e-02 | 44  0.00222  1.44091e-01 | 45  0.00373 -2.37915e-03
 46 -0.01553  2.47855e-01 | 47 -0.01565 -8.84886e-02 | 48 -0.81621 -1.02890e+00
 49 -0.30355 -5.01490e-01 | 50 -0.48835 -1.53375e-04 | 51  0.28407  7.77340e-02
 52  0.54194 -2.84322e-01 | 53 -0.20281 -1.18179e-01 | 54 -0.47463  1.33968e-03
 55  0.37437  1.32521e-01 | 56  0.46663  1.75038e-02 | 57 -0.15488 -1.05594e-01
 58 -0.41157 -3.91569e-04 | 59  0.45657  8.49784e-02 | 60  0.56091  2.33683e-02
 61 -0.01693 -2.07951e-01 | 62 -0.00456  2.21336e-01 | 63 -0.02344 -8.17535e-02
 64  0.51929  6.10972e-01 | 65 -0.28325 -2.92952e-01 | 66 -0.13776 -8.78924e-02
 67  0.01056  6.24268e-02 | 68  0.49930 -1.11762e-01 | 69 -0.00858 -9.62007e-02
 70  0.03720  1.16096e-01 | 71 -0.00975 -1.81737e-01 | 72 -0.29611 -2.42814e-01
 73 -0.06784  1.80864e-01 | 74 -0.37761  8.76087e-04 | 75  0.14763 -3.79952e-02
 76  0.47522 -2.10453e-02 | 77 -0.40621 -9.94037e-04 | 78 -0.15072 -3.65515e-04
 79 -0.23604 -1.81255e-02 | 80  0.00605 -1.74629e-01 | 81  0.01113 -3.12900e-01
 82 -0.10675  2.60097e-02 | 83 -0.10648 -3.54628e-01 | 84 -0.25301 -1.80321e-01
 85 -0.38809  2.77901e-05 | 86  0.44404  1.77300e-01 | 87  0.52649  6.17151e-02
 88 -0.09857  2.10450e-01 | 89 -0.22720 -1.03794e-04 | 90  0.54964 -1.17649e-01
 91  0.10216  8.82298e-03 | 92  0.01421 -2.94750e-01 | 93 -0.01156 -4.24867e-02
 94 -0.50722  5.69000e-04 | 95  0.51448  5.33810e-02 | 96  0.46659  4.51178e-02

Intermediate statistics: 96 variables; iteration 20; function evaluation 25; phase 5
Function value 4.8540927e+02; maximum gradient component mag 2.6255e+00
Var    Value     Gradient |Var    Value     Gradient |Var    Value     Gradient
  1 -0.36550  2.62555e+00 |  2 -0.00355 -5.32657e-02 |  3 -0.00388 -8.44213e-02
  4 -0.00400  5.84664e-01 |  5 -0.00444  1.19493e-01 |  6 -0.00473 -1.94490e-01
  7 -0.00472  1.93636e-01 |  8 -0.00487 -1.61621e-01 |  9 -0.00467  2.28470e-01
 10 -0.00450  4.88767e-01 | 11 -0.00443  6.91191e-01 | 12 -0.00451  7.53172e-01
 13 -0.00494  4.88961e-02 | 14 -0.00535 -3.64666e-01 | 15 -0.00394  9.58363e-01
 16  0.00035  7.61156e-01 | 17 -0.00689  1.24645e-01 | 18  0.00052 -1.03008e-01
 19 -0.00351 -6.15576e-01 | 20 -0.00692 -3.27852e-01 | 21 -0.00463  7.16698e-02
 22 -0.00435  4.14865e-02 | 23 -0.02365  2.04855e-01 | 24 -0.02233  1.81488e-01
 25 -0.00962  1.12730e+00 | 26  0.00110  6.79439e-01 | 27  0.00782  7.46178e-01
 28  0.00984 -6.06562e-01 | 29 -0.00141 -3.40074e-01 | 30  0.01315 -7.56053e-01
 31  0.03128 -2.77529e-01 | 32  0.02963 -2.54627e-01 | 33 -0.00142 -2.04474e-01
 34  0.00976  4.37983e-01 | 35  0.00006  7.72680e-01 | 36 -0.00103  2.74811e-01
 37 -0.00485  3.67829e-01 | 38  0.00770  4.59655e-02 | 39  0.00036  1.64219e-01
 40  0.00670 -7.33659e-01 | 41  0.00594 -3.46647e-01 | 42 -0.00868 -7.21396e-01
 43  0.00061 -7.82134e-03 | 44  0.00226  6.94935e-01 | 45  0.00372  1.85221e-01
 46 -0.01557  1.08591e-01 | 47 -0.01561  6.16452e-02 | 48 -0.81627  1.61476e+00
 49 -0.30366 -1.37340e+00 | 50 -0.48849  2.58215e-03 | 51  0.28403  8.02057e-01
 52  0.54196  3.45020e-01 | 53 -0.20287 -1.59498e+00 | 54 -0.47474 -4.03909e-03
 55  0.37420  1.76178e-01 | 56  0.46603 -1.02769e+00 | 57 -0.15705 -4.00199e-01
 58 -0.41156 -1.10768e-03 | 59  0.45207  1.21013e-01 | 60  0.56128  4.27245e-02
 61 -0.01122  1.51149e-01 | 62 -0.00275  7.92256e-01 | 63 -0.02326  3.69876e-01
 64  0.46699  4.10152e-01 | 65 -0.28337  3.44806e-01 | 66 -0.13874  1.89486e-01
 67  0.00998 -4.16157e-02 | 68  0.50332  1.67026e-01 | 69 -0.00867 -3.32480e-02
 70  0.03686  5.52782e-02 | 71 -0.01040  4.13136e-01 | 72 -0.27592 -8.85796e-02
 73 -0.06766  1.99372e+00 | 74 -0.37759  1.66994e-02 | 75  0.14933 -2.04425e-01
 76  0.47800  8.13342e-01 | 77 -0.40614 -8.42183e-03 | 78 -0.15077  2.41311e-01
 79 -0.23391  2.42324e-01 | 80  0.00426 -1.13445e-02 | 81  0.01002  1.20008e+00
 82 -0.10810 -3.19577e-01 | 83 -0.08365  3.78530e-01 | 84 -0.25281  8.36803e-01
 85 -0.38805  1.13306e-02 | 86  0.44501  4.22608e-01 | 87  0.52777  1.06079e+00
 88 -0.09901  5.94290e-01 | 89 -0.22718  1.27207e-05 | 90  0.54820 -4.28397e-01
 91  0.10491  5.77283e-02 | 92  0.01474 -4.68481e-01 | 93 -0.01127 -1.41900e-01
 94 -0.50725 -1.32282e-02 | 95  0.51362 -1.04802e-01 | 96  0.46422 -2.25818e-01
96 variables; iteration 40; function evaluation 46; phase 5
Function value 4.8539008e+02; maximum gradient component mag 2.4605e+00
Var    Value     Gradient |Var    Value     Gradient |Var    Value     Gradient
  1 -0.36567  2.46047e+00 |  2 -0.00350  7.86588e-02 |  3 -0.00382  8.98816e-02
  4 -0.00407  3.45047e-01 |  5 -0.00440  2.49542e-01 |  6 -0.00459  2.28735e-01
  7 -0.00468  3.03793e-01 |  8 -0.00474  2.74312e-01 |  9 -0.00465  3.06676e-01
 10 -0.00455  3.49960e-01 | 11 -0.00452  4.24514e-01 | 12 -0.00459  5.35075e-01
 13 -0.00477  6.81008e-01 | 14 -0.00499  9.99783e-01 | 15 -0.00397  1.06381e+00
 16  0.00031  7.41255e-01 | 17 -0.00708 -2.53533e-01 | 18  0.00050  2.38469e-01
 19 -0.00341  2.10946e-01 | 20 -0.00693 -7.24935e-02 | 21 -0.00455  5.70839e-01
 22 -0.00413  1.09421e+00 | 23 -0.02387 -8.66571e-01 | 24 -0.02223  2.59220e-01
 25 -0.00984 -3.88507e-02 | 26  0.00129  1.95760e+00 | 27  0.00784  1.34309e+00
 28  0.00998 -3.11670e-01 | 29 -0.00167 -1.95796e+00 | 30  0.01313 -1.22474e+00
 31  0.03125  2.72272e-01 | 32  0.02990  1.29171e+00 | 33 -0.00165 -1.52304e+00
 34  0.00976 -2.92389e-01 | 35 -0.00006 -3.63476e-01 | 36 -0.00115 -7.50462e-01
 37 -0.00474  1.09838e+00 | 38  0.00777  5.43415e-01 | 39  0.00029 -3.90196e-01
 40  0.00665 -1.32644e+00 | 41  0.00603 -4.18436e-02 | 42 -0.00878 -1.30670e+00
 43  0.00074  6.32593e-01 | 44  0.00217  9.26333e-02 | 45  0.00381  7.75828e-01
 46 -0.01554  4.08159e-01 | 47 -0.01545  7.92598e-01 | 48 -0.81618  1.42673e+00
 49 -0.30359 -1.13569e+00 | 50 -0.48869  2.24026e-03 | 51  0.28415  7.62030e-01
 52  0.54203  4.24086e-01 | 53 -0.20269 -7.52485e-01 | 54 -0.47489 -5.34563e-04
 55  0.37460  4.50848e-01 | 56  0.46635 -3.13311e-01 | 57 -0.15553 -1.22314e+00
 58 -0.41147 -5.78010e-03 | 59  0.45266  2.56110e-01 | 60  0.55703  9.53126e-02
 61 -0.01970 -2.85102e-01 | 62 -0.00343  1.82353e-02 | 63 -0.02071  9.20046e-01
 64  0.40456  1.01561e-01 | 65 -0.28396 -4.03645e-01 | 66 -0.13824  2.55265e-01
 67  0.01040  2.13930e-01 | 68  0.50445  1.70582e-01 | 69 -0.00606 -1.38181e-01
 70  0.03782  5.02162e-01 | 71 -0.01130  6.89059e-01 | 72 -0.25651  5.53285e-02
 73 -0.06914  1.16400e+00 | 74 -0.37766  9.66347e-03 | 75  0.14769 -4.28000e-01
 76  0.48058  6.74187e-01 | 77 -0.40564 -2.86529e-03 | 78 -0.15270  2.11356e-01
 79 -0.23226  1.24979e-01 | 80  0.00504 -4.33703e-01 | 81  0.00971  9.27060e-01
 82 -0.10541  9.98561e-02 | 83 -0.09332  5.55218e-02 | 84 -0.25268  1.31199e+00
 85 -0.38802  5.95388e-03 | 86  0.44383 -4.60079e-01 | 87  0.52655  4.55302e-01
 88 -0.09869  5.86034e-01 | 89 -0.22717  6.41535e-05 | 90  0.54823 -3.01026e-01
 91  0.10718 -3.44794e-02 | 92  0.01524  5.44662e-01 | 93 -0.01163 -2.56834e-01
 94 -0.50712 -9.71575e-03 | 95  0.51397  4.91975e-02 | 96  0.46542 -1.28125e-01
96 variables; iteration 60; function evaluation 67; phase 5
Function value 4.8538823e+02; maximum gradient component mag 2.1490e+00
Var    Value     Gradient |Var    Value     Gradient |Var    Value     Gradient
  1 -0.36570  2.14897e+00 |  2 -0.00349  1.28438e-01 |  3 -0.00380  1.44663e-01
  4 -0.00413  1.38220e-01 |  5 -0.00442  1.66480e-01 |  6 -0.00459  2.05851e-01
  7 -0.00471  1.99851e-01 |  8 -0.00473  2.57631e-01 |  9 -0.00465  2.77858e-01
 10 -0.00455  2.97406e-01 | 11 -0.00454  3.22144e-01 | 12 -0.00462  3.75517e-01
 13 -0.00480  4.89817e-01 | 14 -0.00507  5.77702e-01 | 15 -0.00408  5.16151e-01
 16  0.00034  7.08860e-01 | 17 -0.00708 -3.09910e-01 | 18  0.00045  8.70010e-02
 19 -0.00333  5.53016e-01 | 20 -0.00695 -6.13523e-02 | 21 -0.00453  6.06099e-01
 22 -0.00420  6.97389e-01 | 23 -0.02387 -8.68276e-01 | 24 -0.02217  4.95339e-01
 25 -0.00989 -3.25897e-01 | 26  0.00127  1.80591e+00 | 27  0.00788  1.45001e+00
 28  0.00991 -6.42119e-01 | 29 -0.00167 -1.89495e+00 | 30  0.01324 -5.20552e-01
 31  0.03118 -7.59824e-02 | 32  0.02991  1.28953e+00 | 33 -0.00161 -1.28829e+00
 34  0.00972 -4.70508e-01 | 35 -0.00006 -2.99662e-01 | 36 -0.00109 -3.85706e-01
 37 -0.00471  1.16957e+00 | 38  0.00768 -7.42055e-03 | 39  0.00038  1.62634e-01
 40  0.00662 -1.40571e+00 | 41  0.00603  4.74173e-02 | 42 -0.00876 -1.15699e+00
 43  0.00070  4.05460e-01 | 44  0.00220  2.36528e-01 | 45  0.00374  2.65628e-01
 46 -0.01549  5.90828e-01 | 47 -0.01549  5.91119e-01 | 48 -0.81616  1.23975e+00
 49 -0.30358 -9.57799e-01 | 50 -0.48879  1.54807e-03 | 51  0.28410  5.95866e-01
 52  0.54201  2.86894e-01 | 53 -0.20295 -7.63991e-01 | 54 -0.47499 -1.32562e-03
 55  0.37410  7.36612e-02 | 56  0.46668 -2.63210e-01 | 57 -0.15643 -1.09210e+00
 58 -0.41105 -4.27264e-03 | 59  0.45120  2.10817e-01 | 60  0.55811  1.79004e-01
 61 -0.01677 -9.81791e-02 | 62 -0.00280 -2.03006e-01 | 63 -0.02109  5.29291e-01
 64  0.39551  2.72278e-02 | 65 -0.28395 -1.24662e-01 | 66 -0.13823  2.18758e-01
 67  0.00922  1.02073e-01 | 68  0.50414  1.58511e-01 | 69 -0.00689 -1.18520e-01
 70  0.03764  3.32179e-01 | 71 -0.01106  5.42366e-01 | 72 -0.26155  1.49585e-02
 73 -0.06821  1.00759e+00 | 74 -0.37774  7.85284e-03 | 75  0.14808 -2.35646e-01
 76  0.47754  5.59632e-01 | 77 -0.40607 -5.01955e-03 | 78 -0.15088  4.41517e-01
 79 -0.23442  1.48225e-01 | 80  0.00506 -5.84288e-01 | 81  0.01041  8.46817e-01
 82 -0.10597  2.32319e-01 | 83 -0.09709 -6.08416e-02 | 84 -0.25271  1.11251e+00
 85 -0.38797  6.06230e-03 | 86  0.44403 -2.91615e-01 | 87  0.52675  5.00420e-01
 88 -0.09896  3.45639e-01 | 89 -0.22716 -1.82074e-06 | 90  0.54857 -2.14043e-01
 91  0.10565  1.87199e-02 | 92  0.01480 -1.03270e-01 | 93 -0.01131 -1.33122e-01
 94 -0.50704 -5.84447e-03 | 95  0.51422  2.02694e-02 | 96  0.46531 -8.63373e-02
96 variables; iteration 80; function evaluation 90; phase 5
Function value 4.8538566e+02; maximum gradient component mag -1.0078e+00
Var    Value     Gradient |Var    Value     Gradient |Var    Value     Gradient
  1 -0.36575  7.83354e-01 |  2 -0.00345  2.26167e-01 |  3 -0.00376  2.45471e-01
  4 -0.00424 -2.72577e-01 |  5 -0.00444  4.79759e-02 |  6 -0.00469 -1.63029e-01
  7 -0.00480 -1.66715e-01 |  8 -0.00470  2.99394e-01 |  9 -0.00462  2.87153e-01
 10 -0.00453  2.84461e-01 | 11 -0.00453  2.60024e-01 | 12 -0.00463  2.45541e-01
 13 -0.00478  4.48358e-01 | 14 -0.00516  1.45553e-01 | 15 -0.00413  1.68251e-01
 16  0.00022  1.59792e-01 | 17 -0.00693  4.62370e-02 | 18  0.00045  1.32514e-02
 19 -0.00349 -3.72260e-02 | 20 -0.00682  3.59925e-01 | 21 -0.00464  3.19477e-02
 22 -0.00426  2.35145e-01 | 23 -0.02367 -6.23636e-02 | 24 -0.02231 -7.06151e-02
 25 -0.00978 -4.49543e-02 | 26  0.00115  7.53787e-01 | 27  0.00775  4.52988e-01
 28  0.00999 -7.35430e-02 | 29 -0.00156 -1.00783e+00 | 30  0.01327 -3.35140e-02
 31  0.03118 -1.35267e-01 | 32  0.02979  6.34891e-01 | 33 -0.00150 -7.26892e-01
 34  0.00976 -4.45113e-02 | 35 -0.00006 -1.64819e-01 | 36 -0.00104 -1.75326e-01
 37 -0.00480  5.25933e-01 | 38  0.00770 -4.80817e-02 | 39  0.00034  9.85688e-02
 40  0.00672 -5.67278e-01 | 41  0.00597  2.62467e-02 | 42 -0.00867 -4.57085e-01
 43  0.00065  1.59696e-01 | 44  0.00221  9.44987e-02 | 45  0.00372  9.12440e-02
 46 -0.01551  3.35921e-01 | 47 -0.01559  8.14081e-02 | 48 -0.81613  5.32399e-01
 49 -0.30357 -3.85825e-01 | 50 -0.48901  4.35750e-04 | 51  0.28401  1.86704e-01
 52  0.54204  1.31151e-01 | 53 -0.20274 -2.38222e-01 | 54 -0.47524 -6.48334e-04
 55  0.37440  8.35528e-02 | 56  0.46651 -1.83551e-01 | 57 -0.15530 -4.40605e-01
 58 -0.40975 -2.32728e-04 | 59  0.45252  2.62666e-01 | 60  0.55676  1.77841e-01
 61 -0.01791 -1.86767e-02 | 62 -0.00295 -1.42141e-01 | 63 -0.02098  1.86611e-01
 64  0.39171 -4.30907e-03 | 65 -0.28392  3.11116e-02 | 66 -0.13809  1.00037e-01
 67  0.00908  1.68715e-02 | 68  0.50372  6.24977e-02 | 69 -0.00690 -4.66663e-02
 70  0.03746  1.12875e-01 | 71 -0.01117  2.44457e-01 | 72 -0.26139  8.49050e-03
 73 -0.06813  4.48817e-01 | 74 -0.37791  3.25407e-03 | 75  0.14804 -1.18927e-01
 76  0.47711  2.20373e-01 | 77 -0.40616 -4.51422e-03 | 78 -0.15084  1.98445e-01
 79 -0.23498  5.56429e-02 | 80  0.00511 -2.52029e-01 | 81  0.01052  3.25285e-01
 82 -0.10653  7.58252e-02 | 83 -0.09683 -1.02476e-02 | 84 -0.25283  4.32225e-01
 85 -0.38784  2.36255e-03 | 86  0.44393 -1.15776e-01 | 87  0.52652  1.93009e-01
 88 -0.09831  1.79227e-01 | 89 -0.22712  1.66334e-05 | 90  0.55008  1.70865e-02
 91  0.10594  3.36131e-02 | 92  0.01467 -5.61319e-02 | 93 -0.01191 -1.18631e-01
 94 -0.50684 -2.99263e-03 | 95  0.51361  5.14304e-03 | 96  0.46655 -9.10194e-03

 - final statistics:
96 variables; iteration 97; function evaluation 112
Function value 4.8538e+02; maximum gradient component mag -5.3005e-05
Exit code = 1;  converg criter 1.0000e-04
Var    Value     Gradient |Var    Value     Gradient |Var    Value     Gradient
  1 -0.36574 -4.01663e-05 |  2 -0.00351 -8.70164e-07 |  3 -0.00382 -9.75795e-07
  4 -0.00414  2.33995e-06 |  5 -0.00444  2.92818e-06 |  6 -0.00463  2.80519e-06
  7 -0.00473  3.98153e-07 |  8 -0.00477 -1.26598e-06 |  9 -0.00469 -7.81066e-06
 10 -0.00459  5.02884e-06 | 11 -0.00458 -6.09132e-06 | 12 -0.00467  3.04871e-06
 13 -0.00488  6.45231e-07 | 14 -0.00516 -1.20097e-07 | 15 -0.00414 -1.58341e-07
 16  0.00021  1.05728e-06 | 17 -0.00692 -4.00059e-07 | 18  0.00046  3.37126e-07
 19 -0.00347  1.75341e-06 | 20 -0.00690 -1.99191e-06 | 21 -0.00463  6.60713e-07
 22 -0.00429 -1.57716e-08 | 23 -0.02365 -2.15393e-06 | 24 -0.02230  2.25396e-06
 25 -0.00974 -3.86170e-07 | 26  0.00106 -5.20020e-07 | 27  0.00771  3.94180e-07
 28  0.00996 -1.22203e-06 | 29 -0.00139  2.44879e-06 | 30  0.01322 -8.08569e-07
 31  0.03122  7.39377e-07 | 32  0.02966 -7.65652e-07 | 33 -0.00135  2.00567e-06
 34  0.00973 -1.35785e-06 | 35 -0.00004  8.44223e-07 | 36 -0.00100 -1.41130e-07
 37 -0.00489 -7.11555e-07 | 38  0.00774  1.50749e-08 | 39  0.00030 -6.11838e-07
 40  0.00679  3.23436e-07 | 41  0.00593 -9.63778e-07 | 42 -0.00862  3.14703e-08
 43  0.00062 -3.24923e-07 | 44  0.00221 -5.41978e-07 | 45  0.00373  5.64437e-07
 46 -0.01557 -2.69327e-07 | 47 -0.01560  6.57121e-07 | 48 -0.81614 -5.30051e-05
 49 -0.30350 -1.71015e-05 | 50 -0.48904  4.88158e-06 | 51  0.28410  2.08785e-08
 52  0.54198 -1.73783e-05 | 53 -0.20280  5.95888e-08 | 54 -0.47527 -6.09170e-07
 55  0.37431 -7.56051e-07 | 56  0.46669  9.12713e-07 | 57 -0.15485  5.07611e-06
 58 -0.40948  8.93284e-06 | 59  0.45248 -2.87714e-06 | 60  0.55569  6.32934e-07
 61 -0.01825  1.21883e-06 | 62 -0.00286 -3.35268e-06 | 63 -0.02088  2.59043e-06
 64  0.39007 -8.84635e-08 | 65 -0.28388 -4.82702e-07 | 66 -0.13826 -2.38568e-07
 67  0.00947  3.24526e-07 | 68  0.50385  1.57317e-07 | 69 -0.00647 -2.37618e-07
 70  0.03747  3.51217e-07 | 71 -0.01134 -6.42364e-07 | 72 -0.26139  4.46323e-07
 73 -0.06853 -2.31011e-06 | 74 -0.37797 -3.94048e-07 | 75  0.14777  2.60876e-06
 76  0.47782 -5.92147e-07 | 77 -0.40594  4.27443e-06 | 78 -0.15138 -2.53350e-07
 79 -0.23369 -2.12769e-07 | 80  0.00538  1.70827e-06 | 81  0.01034 -8.17144e-07
 82 -0.10642 -8.57805e-08 | 83 -0.09716  2.87594e-07 | 84 -0.25293  5.75782e-07
 85 -0.38780  5.18448e-07 | 86  0.44386 -1.86174e-07 | 87  0.52638  1.36730e-07
 88 -0.09928  2.57383e-07 | 89 -0.22708 -4.87846e-10 | 90  0.54871 -4.59458e-07
 91  0.10597 -3.69033e-07 | 92  0.01474 -1.02834e-06 | 93 -0.01127  1.93209e-07
 94 -0.50680  2.61928e-06 | 95  0.51432  2.73267e-07 | 96  0.46587 -3.21099e-07

Initial statistics: 100 variables; iteration 0; function evaluation 0; phase 6
Function value 4.8538475e+02; maximum gradient component mag -2.2314e+01
Var    Value     Gradient |Var    Value     Gradient |Var    Value     Gradient
  1 -0.36574 -4.01660e-05 |  2 -0.00351 -8.70164e-07 |  3 -0.00382 -9.75795e-07
  4 -0.00414  2.33995e-06 |  5 -0.00444  2.92818e-06 |  6 -0.00463  2.80519e-06
  7 -0.00473  3.98152e-07 |  8 -0.00477 -1.26598e-06 |  9 -0.00469 -7.81066e-06
 10 -0.00459  5.02884e-06 | 11 -0.00458 -6.09132e-06 | 12 -0.00467  3.04871e-06
 13 -0.00488  6.45231e-07 | 14 -0.00516 -1.20097e-07 | 15 -0.00414 -1.58341e-07
 16  0.00021  1.05728e-06 | 17 -0.00692 -3.94964e-07 | 18  0.00046  3.42221e-07
 19 -0.00347  1.75850e-06 | 20 -0.00690 -1.98682e-06 | 21 -0.00463  6.65809e-07
 22 -0.00429 -1.06763e-08 | 23 -0.02365 -2.14884e-06 | 24 -0.02230  2.25906e-06
 25 -0.00974 -3.81075e-07 | 26  0.00106 -5.14925e-07 | 27  0.00771  3.99275e-07
 28  0.00996 -1.21694e-06 | 29 -0.00139  2.45388e-06 | 30  0.01322 -8.03474e-07
 31  0.03122  7.44466e-07 | 32  0.02966 -7.60563e-07 | 33 -0.00135  2.01077e-06
 34  0.00973 -1.35275e-06 | 35 -0.00004  8.49318e-07 | 36 -0.00100 -1.36034e-07
 37 -0.00489 -7.06460e-07 | 38  0.00774  2.01698e-08 | 39  0.00030 -6.06743e-07
 40  0.00679  3.28532e-07 | 41  0.00593 -9.58681e-07 | 42 -0.00862  3.65665e-08
 43  0.00062 -3.19827e-07 | 44  0.00221 -5.36882e-07 | 45  0.00373  5.69533e-07
 46 -0.01557 -2.64232e-07 | 47 -0.01560  6.62215e-07 | 48  0.00000 -1.39523e+01
 49  0.00000 -2.23139e+01 | 50  0.00000 -2.02715e+00 | 51  0.00000  0.00000e+00
 52 -0.81614 -5.30048e-05 | 53 -0.30350 -1.71014e-05 | 54 -0.48904  4.88158e-06
 55  0.28410  2.08853e-08 | 56  0.54198 -1.73782e-05 | 57 -0.20280  5.95872e-08
 58 -0.47527 -6.09170e-07 | 59  0.37431 -7.56050e-07 | 60  0.46669  9.12712e-07
 61 -0.15485  5.07611e-06 | 62 -0.40948  8.93284e-06 | 63  0.45248 -2.87714e-06
 64  0.55569  6.32934e-07 | 65 -0.01825  1.21883e-06 | 66 -0.00286 -3.35268e-06
 67 -0.02088  2.59043e-06 | 68  0.39007 -8.84635e-08 | 69 -0.28388 -4.82702e-07
 70 -0.13826 -2.38568e-07 | 71  0.00947  3.24526e-07 | 72  0.50385  1.57317e-07
 73 -0.00647 -2.37618e-07 | 74  0.03747  3.51217e-07 | 75 -0.01134 -6.42365e-07
 76 -0.26139  4.46323e-07 | 77 -0.06853 -2.31011e-06 | 78 -0.37797 -3.94048e-07
 79  0.14777  2.60876e-06 | 80  0.47782 -5.92147e-07 | 81 -0.40594  4.27443e-06
 82 -0.15138 -2.53350e-07 | 83 -0.23369 -2.12769e-07 | 84  0.00538  1.70827e-06
 85  0.01034 -8.17144e-07 | 86 -0.10642 -8.57805e-08 | 87 -0.09716  2.87594e-07
 88 -0.25293  5.75782e-07 | 89 -0.38780  5.18448e-07 | 90  0.44386 -1.86174e-07
 91  0.52638  1.36730e-07 | 92 -0.09928  2.57383e-07 | 93 -0.22708 -4.87846e-10
 94  0.54871 -4.59459e-07 | 95  0.10597 -3.69033e-07 | 96  0.01474 -1.02834e-06
 97 -0.01127  1.93209e-07 | 98 -0.50680  2.61928e-06 | 99  0.51432  2.73267e-07
100  0.46587 -3.21099e-07 |

Intermediate statistics: 100 variables; iteration 20; function evaluation 23; phase 6
Function value 4.8533308e+02; maximum gradient component mag -1.2067e+01
Var    Value     Gradient |Var    Value     Gradient |Var    Value     Gradient
  1 -0.36571  8.84861e+00 |  2 -0.00351  7.32450e-02 |  3 -0.00382  7.65690e-02
  4 -0.00414  8.00804e-02 |  5 -0.00443  8.27102e-02 |  6 -0.00462  8.02274e-02
  7 -0.00472  7.33289e-02 |  8 -0.00476  6.51825e-02 |  9 -0.00468  5.43424e-02
 10 -0.00458  4.31761e-02 | 11 -0.00457  2.96156e-02 | 12 -0.00466  8.59077e-03
 13 -0.00486 -2.18492e-02 | 14 -0.00513 -6.70685e-02 | 15 -0.00411 -2.45594e-01
 16  0.00012 -8.55708e-01 | 17 -0.00698 -1.10349e+00 | 18  0.00041 -1.26651e+00
 19 -0.00352 -1.11425e+00 | 20 -0.00699 -1.07798e+00 | 21 -0.00480 -1.28409e+00
 22 -0.00437 -6.07135e-01 | 23 -0.02354  3.36959e-01 | 24 -0.02214  5.07879e-01
 25 -0.00983 -8.31978e-01 | 26  0.00090 -1.50894e+00 | 27  0.00769 -3.79970e-01
 28  0.01010  8.31609e-01 | 29 -0.00143 -4.58760e-01 | 30  0.01304 -1.89369e+00
 31  0.03110 -1.33251e+00 | 32  0.02978  1.01657e+00 | 33 -0.00121  1.27621e+00
 34  0.00988  1.29549e+00 | 35 -0.00008 -4.22715e-01 | 36 -0.00120 -1.32042e+00
 37 -0.00500 -3.61921e-01 | 38  0.00791  2.16392e+00 | 39  0.00060  2.96045e+00
 40  0.00672 -1.25564e-01 | 41  0.00582 -1.30606e+00 | 42 -0.00841  1.61831e-01
 43  0.00022 -3.33478e+00 | 44  0.00294  5.66939e+00 | 45  0.00362 -4.82237e-03
 46 -0.01536  9.34553e-01 | 47 -0.01589 -6.31909e-01 | 48  0.00092 -8.85231e+00
 49  0.00295 -1.20670e+01 | 50  0.00022 -1.26567e+00 | 51  0.00000  0.00000e+00
 52 -0.81623  9.86616e+00 | 53 -0.30366  4.52348e+00 | 54 -0.48901  2.08336e-02
 55  0.28365 -2.53664e-01 | 56  0.54243  4.11415e+00 | 57 -0.20265  5.16020e-01
 58 -0.47528  5.80500e-04 | 59  0.37437 -1.63054e-01 | 60  0.46647 -3.84455e-02
 61 -0.15539  8.71963e-01 | 62 -0.40956 -4.78062e-03 | 63  0.44930 -1.68200e+00
 64  0.55475 -6.08431e-01 | 65 -0.01757  3.50031e-02 | 66 -0.00241 -1.63406e+00
 67 -0.02084 -7.51532e-01 | 68  0.38951  4.00563e-02 | 69 -0.28404 -3.44296e-02
 70 -0.13779  1.29079e-01 | 71  0.00965  2.82905e-02 | 72  0.50409  6.20411e-02
 73 -0.00629  2.45148e-02 | 74  0.03740 -3.31767e-02 | 75 -0.01152 -2.98030e-02
 76 -0.26138 -9.86000e-03 | 77 -0.06853 -1.27630e+00 | 78 -0.37804 -7.97603e-03
 79  0.14834  1.10175e+00 | 80  0.47725 -4.92044e-01 | 81 -0.40705  2.32026e-04
 82 -0.15029  2.64476e-01 | 83 -0.23270 -2.00835e-01 | 84  0.00543  1.02521e-01
 85  0.01024 -2.37260e+00 | 86 -0.10665 -2.62330e-02 | 87 -0.09898 -1.62450e-01
 88 -0.25292  9.54041e-02 | 89 -0.38778  9.50032e-04 | 90  0.44389  1.48038e-02
 91  0.52638  6.03311e-02 | 92 -0.10253 -8.47728e-01 | 93 -0.22708 -2.10663e-04
 94  0.54560  8.08358e-02 | 95  0.10481  5.51393e-02 | 96  0.01429 -1.18977e+00
 97 -0.01159 -2.88656e-01 | 98 -0.50682 -9.70915e-03 | 99  0.51427  9.99047e-02
100  0.46533 -1.42155e-01 |
100 variables; iteration 40; function evaluation 47; phase 6
Function value 4.8530127e+02; maximum gradient component mag -4.3728e+00
Var    Value     Gradient |Var    Value     Gradient |Var    Value     Gradient
  1 -0.36580  1.60485e+00 |  2 -0.00350  1.09732e-01 |  3 -0.00381  1.12348e-01
  4 -0.00413  1.13301e-01 |  5 -0.00442  1.11745e-01 |  6 -0.00461  1.05707e-01
  7 -0.00471  9.51035e-02 |  8 -0.00475  8.34838e-02 |  9 -0.00467  7.01769e-02
 10 -0.00457  5.64600e-02 | 11 -0.00456  3.90490e-02 | 12 -0.00465  9.90133e-03
 13 -0.00485 -4.59702e-02 | 14 -0.00514 -1.55682e-01 | 15 -0.00413 -4.08984e-01
 16  0.00019 -7.60760e-01 | 17 -0.00708 -1.29536e+00 | 18  0.00033 -1.41015e+00
 19 -0.00355 -1.03396e+00 | 20 -0.00690 -3.77453e-01 | 21 -0.00454  4.61118e-01
 22 -0.00412  1.14064e+00 | 23 -0.02365  2.08564e-01 | 24 -0.02230  1.59896e-01
 25 -0.00967  3.65066e-01 | 26  0.00110  1.34895e-02 | 27  0.00765 -7.55394e-01
 28  0.00990 -9.17294e-01 | 29 -0.00139 -3.11993e-01 | 30  0.01325 -4.18617e-02
 31  0.03114 -5.36121e-01 | 32  0.02976  8.30845e-01 | 33 -0.00118  1.18560e+00
 34  0.00985  5.21738e-01 | 35 -0.00018 -1.52507e+00 | 36 -0.00118 -1.90783e+00
 37 -0.00487 -2.22088e-01 | 38  0.00796  1.63059e+00 | 39  0.00023  2.36357e-02
 40  0.00692  1.20650e+00 | 41  0.00610  4.43221e-01 | 42 -0.00912 -4.37281e+00
 43  0.00092  2.20554e+00 | 44  0.00261  4.31389e+00 | 45  0.00384  1.19824e+00
 46 -0.01583 -1.21896e+00 | 47 -0.01600 -2.26262e-01 | 48  0.00248 -6.03182e-01
 49  0.00611 -6.88250e-01 | 50  0.00060 -2.07792e-02 | 51  0.00000  0.00000e+00
 52 -0.81606  2.50797e-01 | 53 -0.30323  4.41128e-01 | 54 -0.48897 -1.28817e-03
 55  0.28427 -2.78147e-01 | 56  0.54160 -5.18510e-01 | 57 -0.20272  3.29776e-01
 58 -0.47529  8.90536e-04 | 59  0.37426 -7.24423e-02 | 60  0.46682  1.97689e-01
 61 -0.15481 -1.36693e-01 | 62 -0.40964  1.44751e-03 | 63  0.45298  3.52588e-01
 64  0.55642  2.24407e-01 | 65 -0.01766  1.87633e-01 | 66 -0.00299 -7.91369e-01
 67 -0.02106 -2.43312e-02 | 68  0.38845 -4.35021e-02 | 69 -0.28372  6.58605e-01
 70 -0.13827 -5.51485e-03 | 71  0.00946 -1.51763e-01 | 72  0.50388 -2.77993e-02
 73 -0.00645  1.38815e-01 | 74  0.03737 -2.74109e-01 | 75 -0.01155 -2.83763e-01
 76 -0.26127 -9.46585e-03 | 77 -0.06845 -3.83793e-01 | 78 -0.37813 -4.65123e-03
 79  0.14710 -2.66728e-01 | 80  0.47760 -5.38891e-01 | 81 -0.40797 -2.45774e-02
 82 -0.15210 -4.78854e-01 | 83 -0.23322 -1.47843e-01 | 84  0.00587  5.00714e-01
 85  0.01027 -1.26306e+00 | 86 -0.10657 -2.28539e-01 | 87 -0.09888  1.64159e-02
 88 -0.25289  2.54235e-01 | 89 -0.38775  6.62894e-04 | 90  0.44370 -1.37660e-01
 91  0.52624 -3.65774e-03 | 92 -0.09749  7.06517e-01 | 93 -0.22707  9.29210e-05
 94  0.54937 -2.20448e-01 | 95  0.10613 -9.08477e-02 | 96  0.01516  1.08316e+00
 97 -0.01084  3.20958e-01 | 98 -0.50677  1.12934e-02 | 99  0.51442 -6.97502e-02
100  0.46608  1.34877e-01 |
100 variables; iteration 60; function evaluation 69; phase 6
Function value 4.8529810e+02; maximum gradient component mag -2.6262e+00
Var    Value     Gradient |Var    Value     Gradient |Var    Value     Gradient
  1 -0.36582  9.10270e-01 |  2 -0.00350  8.86445e-02 |  3 -0.00380  1.25398e-01
  4 -0.00411  1.58010e-01 |  5 -0.00440  1.78848e-01 |  6 -0.00458  1.84117e-01
  7 -0.00468  1.83785e-01 |  8 -0.00472  1.62551e-01 |  9 -0.00465  1.24846e-01
 10 -0.00456  9.32453e-02 | 11 -0.00455  5.86433e-02 | 12 -0.00465 -5.18773e-03
 13 -0.00488 -1.16219e-01 | 14 -0.00518 -2.62550e-01 | 15 -0.00407 -1.26231e-01
 16  0.00020 -5.69850e-01 | 17 -0.00700 -7.56978e-01 | 18  0.00046 -5.98990e-01
 19 -0.00354 -7.17593e-01 | 20 -0.00694 -4.12767e-01 | 21 -0.00448  5.84428e-01
 22 -0.00425  4.40936e-01 | 23 -0.02358  3.62211e-01 | 24 -0.02232 -8.87657e-03
 25 -0.00968  2.48660e-01 | 26  0.00111  5.87918e-02 | 27  0.00766 -5.61101e-01
 28  0.00997 -3.44266e-01 | 29 -0.00144 -4.19743e-01 | 30  0.01326 -2.54863e-03
 31  0.03117 -3.05679e-01 | 32  0.02975  6.14006e-01 | 33 -0.00131  3.73949e-01
 34  0.00979  2.12279e-01 | 35  0.00000 -3.16248e-01 | 36 -0.00112 -1.32783e+00
 37 -0.00496 -6.12519e-01 | 38  0.00796  1.42250e+00 | 39  0.00020 -3.35904e-01
 40  0.00691  8.99118e-01 | 41  0.00602  2.15291e-01 | 42 -0.00892 -2.62620e+00
 43  0.00080  1.33821e+00 | 44  0.00245  2.56640e+00 | 45  0.00379  7.06967e-01
 46 -0.01574 -7.00196e-01 | 47 -0.01601 -1.23555e-01 | 48  0.00253 -2.98797e-01
 49  0.00621 -3.08816e-01 | 50  0.00053 -2.25341e-01 | 51  0.00000  0.00000e+00
 52 -0.81606  2.00595e-01 | 53 -0.30322  3.05682e-01 | 54 -0.48899 -8.88640e-04
 55  0.28433 -1.06865e-01 | 56  0.54161 -4.21335e-01 | 57 -0.20273  2.11241e-01
 58 -0.47528  6.26710e-04 | 59  0.37426 -3.23618e-02 | 60  0.46676  1.30108e-01
 61 -0.15518 -1.14429e-01 | 62 -0.40959  1.00519e-03 | 63  0.45215  1.59573e-01
 64  0.55675  1.69247e-01 | 65 -0.01701  1.22132e-01 | 66 -0.00281 -4.95957e-01
 67 -0.02117 -5.13561e-02 | 68  0.39116 -1.56625e-02 | 69 -0.28383  5.52720e-01
 70 -0.13827  2.87210e-02 | 71  0.00940 -1.33151e-01 | 72  0.50375  5.42478e-04
 73 -0.00620  2.08458e-01 | 74  0.03737 -3.09332e-01 | 75 -0.01138  5.53133e-03
 76 -0.26147 -4.17348e-03 | 77 -0.06839 -3.73156e-01 | 78 -0.37810 -3.79375e-03
 79  0.14748 -1.60418e-01 | 80  0.47776 -3.53543e-01 | 81 -0.40173  6.49139e-02
 82 -0.15177 -2.79604e-01 | 83 -0.23484 -1.38238e-01 | 84  0.00516  4.25580e-01
 85  0.01032 -6.67805e-01 | 86 -0.10646 -1.00211e-01 | 87 -0.09447  1.42622e-01
 88 -0.25289  1.77267e-01 | 89 -0.38776  5.20518e-04 | 90  0.44376 -9.16312e-02
 91  0.52628  1.86512e-03 | 92 -0.09861  2.97724e-01 | 93 -0.22707  4.60128e-05
 94  0.54874 -9.33424e-02 | 95  0.10613 -4.35016e-02 | 96  0.01495  5.12512e-01
 97 -0.01071  4.37446e-01 | 98 -0.50675  1.59441e-02 | 99  0.51464 -8.47727e-02
100  0.46647  2.08026e-01 |
100 variables; iteration 80; function evaluation 97; phase 6
Function value 4.8529573e+02; maximum gradient component mag -5.2693e-01
Var    Value     Gradient |Var    Value     Gradient |Var    Value     Gradient
  1 -0.36588  2.10149e-01 |  2 -0.00350  2.72808e-02 |  3 -0.00393 -3.54176e-01
  4 -0.00409  1.64900e-01 |  5 -0.00440  1.28654e-01 |  6 -0.00463 -4.15338e-02
  7 -0.00471  4.57974e-02 |  8 -0.00471  1.77441e-01 |  9 -0.00462  1.93561e-01
 10 -0.00454  1.34318e-01 | 11 -0.00455  6.01400e-02 | 12 -0.00466 -4.19875e-02
 13 -0.00491 -2.19582e-01 | 14 -0.00514 -8.03493e-02 | 15 -0.00412 -1.66940e-01
 16  0.00027 -8.51653e-02 | 17 -0.00692 -9.12652e-02 | 18  0.00049 -5.17449e-02
 19 -0.00348 -1.73777e-01 | 20 -0.00691 -1.76967e-01 | 21 -0.00457  1.38716e-01
 22 -0.00424  1.75725e-01 | 23 -0.02366 -1.19750e-01 | 24 -0.02226  1.29178e-01
 25 -0.00971  2.74485e-02 | 26  0.00109 -2.47727e-02 | 27  0.00773 -6.47875e-02
 28  0.00997 -1.18180e-01 | 29 -0.00138 -5.01963e-02 | 30  0.01324 -2.15735e-02
 31  0.03123 -5.69825e-02 | 32  0.02970  1.08636e-01 | 33 -0.00132  1.05708e-01
 34  0.00974 -4.09964e-02 | 35  0.00003  1.20395e-01 | 36 -0.00105 -4.62264e-01
 37 -0.00487  5.83471e-03 | 38  0.00778  2.36634e-01 | 39  0.00030 -5.47327e-02
 40  0.00683  1.68090e-01 | 41  0.00596  4.49005e-02 | 42 -0.00867 -5.26932e-01
 43  0.00066  2.67964e-01 | 44  0.00226  5.11375e-01 | 45  0.00372  1.33042e-01
 46 -0.01565 -1.23149e-01 | 47 -0.01603 -4.22468e-02 | 48  0.00258 -5.91597e-02
 49  0.00629 -5.27271e-02 | 50  0.00056 -1.34788e-01 | 51  0.00000  0.00000e+00
 52 -0.81604  7.36719e-02 | 53 -0.30337  7.28958e-02 | 54 -0.48899 -1.67182e-04
 55  0.28407 -1.58247e-02 | 56  0.54189 -8.83666e-02 | 57 -0.20269  5.81763e-02
 58 -0.47528  1.45349e-04 | 59  0.37432  1.47701e-02 | 60  0.46664  7.16544e-03
 61 -0.15458 -1.95583e-02 | 62 -0.40963 -9.71555e-05 | 63  0.45236  4.72810e-02
 64  0.55531  1.92524e-02 | 65 -0.01870 -1.53915e-03 | 66 -0.00289 -1.02363e-01
 67 -0.02073 -5.07838e-04 | 68  0.38486 -3.47124e-02 | 69 -0.28381  1.37128e-01
 70 -0.13831  1.49105e-02 | 71  0.00959 -3.06640e-02 | 72  0.50401  1.30321e-02
 73 -0.00667  2.08746e-02 | 74  0.03732 -5.06096e-02 | 75 -0.01133 -5.89850e-04
 76 -0.26097  1.91479e-03 | 77 -0.06852 -7.51104e-02 | 78 -0.37809 -9.12576e-04
 79  0.14746 -5.72637e-02 | 80  0.47767 -7.33246e-02 | 81 -0.40465  2.19433e-02
 82 -0.15118 -2.19650e-02 | 83 -0.23319 -9.66979e-03 | 84  0.00540  7.53627e-02
 85  0.01032 -1.32308e-01 | 86 -0.10666 -4.96176e-02 | 87 -0.09723  1.95352e-02
 88 -0.25289  3.92464e-02 | 89 -0.38776 -1.07418e-04 | 90  0.44386 -3.37854e-02
 91  0.52634 -2.14508e-02 | 92 -0.09912  5.52818e-02 | 93 -0.22707  2.85332e-06
 94  0.54857 -1.42987e-02 | 95  0.10571 -1.09110e-02 | 96  0.01473  9.90849e-02
 97 -0.01088  1.02681e-01 | 98 -0.50678  3.81272e-03 | 99  0.51475  3.23422e-03
100  0.46569  3.96796e-02 |

 - final statistics:
100 variables; iteration 99; function evaluation 128
Function value 4.8530e+02; maximum gradient component mag 1.0584e-05
Exit code = 1;  converg criter 1.0000e-04
Var    Value     Gradient |Var    Value     Gradient |Var    Value     Gradient
  1 -0.36588  6.44857e-06 |  2 -0.00351 -2.62706e-07 |  3 -0.00382  1.61829e-06
  4 -0.00414 -1.19085e-06 |  5 -0.00443 -1.38080e-06 |  6 -0.00462  1.74836e-06
  7 -0.00472  7.88174e-07 |  8 -0.00476 -2.24412e-06 |  9 -0.00467 -7.92324e-07
 10 -0.00458 -9.44379e-07 | 11 -0.00457  2.67164e-07 | 12 -0.00465  6.02407e-08
 13 -0.00486  1.33935e-06 | 14 -0.00513  1.46921e-07 | 15 -0.00409  8.70235e-07
 16  0.00027  5.21766e-07 | 17 -0.00691  4.70883e-07 | 18  0.00048  3.56466e-07
 19 -0.00345  9.38465e-07 | 20 -0.00688  7.83724e-07 | 21 -0.00461 -6.21894e-07
 22 -0.00427 -8.67709e-07 | 23 -0.02362  5.48340e-07 | 24 -0.02228 -5.48348e-07
 25 -0.00971 -1.56685e-07 | 26  0.00109  1.19922e-07 | 27  0.00774  3.72763e-07
 28  0.00998  6.23797e-07 | 29 -0.00138  2.48301e-07 | 30  0.01324  1.57949e-07
 31  0.03124  2.88352e-07 | 32  0.02969 -4.88896e-07 | 33 -0.00134 -6.71101e-07
 34  0.00976  1.89694e-07 | 35 -0.00001 -3.35307e-07 | 36 -0.00098  2.22730e-06
 37 -0.00488 -6.63532e-08 | 38  0.00775 -1.18382e-06 | 39  0.00032  2.27338e-07
 40  0.00681 -8.36622e-07 | 41  0.00595 -2.86504e-07 | 42 -0.00861  2.71793e-06
 43  0.00062 -1.51827e-06 | 44  0.00221 -2.75112e-06 | 45  0.00371 -7.35699e-07
 46 -0.01563  7.07550e-07 | 47 -0.01603  1.94961e-07 | 48  0.00259  1.94059e-07
 49  0.00630  8.06736e-08 | 50  0.00061  4.90851e-07 | 51  0.00000  0.00000e+00
 52 -0.81605  8.70921e-06 | 53 -0.30342  2.84557e-06 | 54 -0.48899  1.05845e-05
 55  0.28399  2.11972e-07 | 56  0.54197  3.40398e-06 | 57 -0.20272 -2.74741e-07
 58 -0.47528 -2.56204e-06 | 59  0.37427 -3.55911e-08 | 60  0.46667 -1.67754e-08
 61 -0.15474  1.88444e-07 | 62 -0.40959 -2.09846e-06 | 63  0.45220 -2.43618e-07
 64  0.55565 -5.82102e-08 | 65 -0.01818  4.13400e-08 | 66 -0.00285  4.13458e-07
 67 -0.02089  1.41369e-08 | 68  0.38976  9.55970e-08 | 69 -0.28387 -5.08022e-07
 70 -0.13824  4.29447e-08 | 71  0.00949  1.16988e-07 | 72  0.50386 -1.17693e-07
 73 -0.00646 -1.90293e-07 | 74  0.03747  1.25005e-07 | 75 -0.01134  2.01687e-07
 76 -0.26136 -5.18620e-07 | 77 -0.06847  4.01781e-07 | 78 -0.37809 -4.28885e-07
 79  0.14758  3.61002e-07 | 80  0.47777  2.70961e-07 | 81 -0.40618 -6.96080e-08
 82 -0.15132  2.53783e-07 | 83 -0.23358 -7.89286e-08 | 84  0.00532 -4.19394e-07
 85  0.01033  7.85298e-07 | 86 -0.10642  1.82831e-07 | 87 -0.09737 -1.07137e-07
 88 -0.25291 -3.00756e-07 | 89 -0.38776  1.54150e-07 | 90  0.44388  1.04899e-07
 91  0.52641  8.06460e-08 | 92 -0.09930 -2.10250e-07 | 93 -0.22707 -2.07035e-10
 94  0.54845  9.45140e-08 | 95  0.10590  4.92729e-08 | 96  0.01473 -6.47828e-07
 97 -0.01124 -5.33578e-07 | 98 -0.50679 -5.63928e-07 | 99  0.51431 -1.23720e-07
100  0.46585  5.50477e-09 |
Estimating row 1 out of 100 for hessian
Estimating row 2 out of 100 for hessian
Estimating row 3 out of 100 for hessian
Estimating row 4 out of 100 for hessian
Estimating row 5 out of 100 for hessian
Estimating row 6 out of 100 for hessian
Estimating row 7 out of 100 for hessian
Estimating row 8 out of 100 for hessian
Estimating row 9 out of 100 for hessian
Estimating row 10 out of 100 for hessian
Estimating row 11 out of 100 for hessian
Estimating row 12 out of 100 for hessian
Estimating row 13 out of 100 for hessian
Estimating row 14 out of 100 for hessian
Estimating row 15 out of 100 for hessian
Estimating row 16 out of 100 for hessian
Estimating row 17 out of 100 for hessian
Estimating row 18 out of 100 for hessian
Estimating row 19 out of 100 for hessian
Estimating row 20 out of 100 for hessian
Estimating row 21 out of 100 for hessian
Estimating row 22 out of 100 for hessian
Estimating row 23 out of 100 for hessian
Estimating row 24 out of 100 for hessian
Estimating row 25 out of 100 for hessian
Estimating row 26 out of 100 for hessian
Estimating row 27 out of 100 for hessian
Estimating row 28 out of 100 for hessian
Estimating row 29 out of 100 for hessian
Estimating row 30 out of 100 for hessian
Estimating row 31 out of 100 for hessian
Estimating row 32 out of 100 for hessian
Estimating row 33 out of 100 for hessian
Estimating row 34 out of 100 for hessian
Estimating row 35 out of 100 for hessian
Estimating row 36 out of 100 for hessian
Estimating row 37 out of 100 for hessian
Estimating row 38 out of 100 for hessian
Estimating row 39 out of 100 for hessian
Estimating row 40 out of 100 for hessian
Estimating row 41 out of 100 for hessian
Estimating row 42 out of 100 for hessian
Estimating row 43 out of 100 for hessian
Estimating row 44 out of 100 for hessian
Estimating row 45 out of 100 for hessian
Estimating row 46 out of 100 for hessian
Estimating row 47 out of 100 for hessian
Estimating row 48 out of 100 for hessian
Estimating row 49 out of 100 for hessian
Estimating row 50 out of 100 for hessian
Estimating row 51 out of 100 for hessian
Estimating row 52 out of 100 for hessian
Estimating row 53 out of 100 for hessian
Estimating row 54 out of 100 for hessian
Estimating row 55 out of 100 for hessian
Estimating row 56 out of 100 for hessian
Estimating row 57 out of 100 for hessian
Estimating row 58 out of 100 for hessian
Estimating row 59 out of 100 for hessian
Estimating row 60 out of 100 for hessian
Estimating row 61 out of 100 for hessian
Estimating row 62 out of 100 for hessian
Estimating row 63 out of 100 for hessian
Estimating row 64 out of 100 for hessian
Estimating row 65 out of 100 for hessian
Estimating row 66 out of 100 for hessian
Estimating row 67 out of 100 for hessian
Estimating row 68 out of 100 for hessian
Estimating row 69 out of 100 for hessian
Estimating row 70 out of 100 for hessian
Estimating row 71 out of 100 for hessian
Estimating row 72 out of 100 for hessian
Estimating row 73 out of 100 for hessian
Estimating row 74 out of 100 for hessian
Estimating row 75 out of 100 for hessian
Estimating row 76 out of 100 for hessian
Estimating row 77 out of 100 for hessian
Estimating row 78 out of 100 for hessian
Estimating row 79 out of 100 for hessian
Estimating row 80 out of 100 for hessian
Estimating row 81 out of 100 for hessian
Estimating row 82 out of 100 for hessian
Estimating row 83 out of 100 for hessian
Estimating row 84 out of 100 for hessian
Estimating row 85 out of 100 for hessian
Estimating row 86 out of 100 for hessian
Estimating row 87 out of 100 for hessian
Estimating row 88 out of 100 for hessian
Estimating row 89 out of 100 for hessian
Estimating row 90 out of 100 for hessian
Estimating row 91 out of 100 for hessian
Estimating row 92 out of 100 for hessian
Estimating row 93 out of 100 for hessian
Estimating row 94 out of 100 for hessian
Estimating row 95 out of 100 for hessian
Estimating row 96 out of 100 for hessian
Estimating row 97 out of 100 for hessian
Estimating row 98 out of 100 for hessian
Estimating row 99 out of 100 for hessian
Estimating row 100 out of 100 for hessian
size of file gradfil1.tmp = 11520000
size of file gradfil2.tmp = 0
size of file varssave.tmp = 0
size of file cmpdiff.tmp = 400000016
