
Initial statistics: 1 variables; iteration 0; function evaluation 0; phase 1
Function value 5.4419387e+02; maximum gradient component mag -1.4341e+02
Var    Value     Gradient |Var    Value     Gradient |Var    Value     Gradient
  1 -0.28974 -1.43408e+02 |

 - final statistics:
1 variables; iteration 4; function evaluation 5
Function value 5.4354e+02; maximum gradient component mag -1.5599e+00
Exit code = 1;  converg criter 1.0000e+01
Var    Value     Gradient |Var    Value     Gradient |Var    Value     Gradient
  1 -0.27980 -1.55991e+00 |

Initial statistics: 12 variables; iteration 0; function evaluation 0; phase 2
Function value 5.4359716e+02; maximum gradient component mag 7.7567e+01
Var    Value     Gradient |Var    Value     Gradient |Var    Value     Gradient
  1 -0.27980 -1.55991e+00 |  2 -0.31776  4.76930e+01 |  3 -0.21171 -3.36365e+01
  4 -0.16378 -4.65967e+00 |  5 -0.29621 -5.14191e+00 |  6 -0.25580  4.57604e+01
  7 -0.00127 -4.25369e+01 |  8 -0.16043  1.20324e+01 |  9 -0.25647  1.80443e+01
 10  0.05395  7.75668e+01 | 11 -0.16817  4.09019e+00 | 12 -0.01410 -2.15524e+01

 - final statistics:
12 variables; iteration 18; function evaluation 27
Function value 5.4217e+02; maximum gradient component mag -3.1034e+00
Exit code = 1;  converg criter 1.0000e+01
Var    Value     Gradient |Var    Value     Gradient |Var    Value     Gradient
  1 -0.26795  1.77458e-01 |  2 -0.32504  1.62790e-01 |  3 -0.21138  6.83052e-03
  4 -0.16592  7.67920e-03 |  5 -0.29155  3.12861e-02 |  6 -0.25702 -3.10343e+00
  7  0.00750 -1.04409e-01 |  8 -0.17751  1.22190e-02 |  9 -0.27011 -1.76627e-02
 10  0.03351 -9.52102e-04 | 11 -0.16001  1.11892e-02 | 12 -0.00968  2.70837e-02

Initial statistics: 67 variables; iteration 0; function evaluation 0; phase 3
Function value 5.4284879e+02; maximum gradient component mag -3.8845e+02
Var    Value     Gradient |Var    Value     Gradient |Var    Value     Gradient
  1 -0.26795  1.77458e-01 |  2  0.00000  1.07982e+02 |  3  0.00000  8.86364e+01
  4  0.00000  4.79397e+01 |  5  0.00000  7.28261e+01 |  6  0.00000  1.14453e+02
  7  0.00000  1.24542e+02 |  8  0.00000  2.17868e+02 |  9  0.00000  2.91301e+02
 10  0.00000  2.56931e+02 | 11  0.00000  1.16154e+02 | 12  0.00000  1.37588e+01
 13  0.00000 -8.52258e+01 | 14  0.00000 -1.91200e+02 | 15  0.00000 -1.96519e+02
 16  0.00000 -3.28037e+02 | 17  0.00000 -3.88454e+02 | 18  0.00000 -3.23378e+02
 19  0.00000 -1.12875e+02 | 20  0.00000 -3.33265e+01 | 21  0.00000 -3.46257e+01
 22  0.00000  6.17512e+01 | 23  0.00000  1.33942e+01 | 24  0.00000  2.13070e+01
 25  0.00000  2.59028e+01 | 26  0.00000 -6.28047e+01 | 27  0.00000 -2.65863e+01
 28  0.00000  7.96851e+01 | 29  0.00000  3.99617e+01 | 30  0.00000 -1.55808e+01
 31  0.00000  4.51795e+01 | 32  0.00000  5.90420e+01 | 33 -0.32504  1.62790e-01
 34 -0.12511  2.28450e+00 | 35  0.27647  7.29770e+00 | 36  0.56449  1.07426e+01
 37 -0.21138  6.83052e-03 | 38 -0.48130 -1.25784e-02 | 39  0.36153 -1.90240e+00
 40  0.43838 -5.38184e+00 | 41 -0.16592  7.67920e-03 | 42 -0.41995  7.38212e-03
 43  0.43737  4.33650e-01 | 44  0.46366  3.15632e+00 | 45 -0.29155  3.12861e-02
 46 -0.15311  2.30332e+00 | 47 -0.03073  3.71236e-01 | 48  0.55625  2.41028e+00
 49 -0.25702 -3.10343e+00 | 50  0.05816  3.21439e+01 | 51 -0.17248 -1.34413e+00
 52  0.54236  1.70189e+01 | 53  0.00750 -1.04409e-01 | 54 -0.17751  1.22190e-02
 55 -0.27011 -1.76627e-02 | 56 -0.33856  4.03504e-02 | 57  0.44433  1.31134e+00
 58  0.51713  1.34696e+00 | 59  0.03351 -9.52102e-04 | 60 -0.72614 -1.50309e-01
 61  0.47223 -9.10696e+00 | 62  0.52933 -3.61039e+00 | 63 -0.16001  1.11892e-02
 64 -0.00968  2.70837e-02 | 65 -0.66066 -2.14920e-02 | 66  0.52253 -2.11175e+00
 67  0.48188  7.51326e-01 |

Intermediate statistics: 67 variables; iteration 20; function evaluation 27; phase 3
Function value 5.2205100e+02; maximum gradient component mag -1.7985e+02
Var    Value     Gradient |Var    Value     Gradient |Var    Value     Gradient
  1 -0.28996 -9.64433e+01 |  2 -0.01213  1.92860e+01 |  3 -0.00658  2.41463e+01
  4  0.00540  3.65982e+01 |  5  0.00359  6.13577e+01 |  6 -0.00150  6.44572e+01
  7  0.00249  7.93104e+01 |  8 -0.00828  8.57374e+01 |  9 -0.01455  9.23930e+01
 10 -0.01568  7.03834e+01 | 11 -0.00179  4.27275e+01 | 12  0.00181 -2.64497e+00
 13  0.00030 -7.66018e+01 | 14  0.01065 -1.36495e+02 | 15 -0.01101 -1.60868e+02
 16  0.01102 -1.79846e+02 | 17  0.02423 -1.75333e+02 | 18  0.02098 -1.57213e+02
 19 -0.01064 -1.24396e+02 | 20 -0.00539 -8.00072e+01 | 21  0.00774 -3.97266e+01
 22 -0.00621 -2.06740e+00 | 23  0.00500  1.26082e+01 | 24  0.00227  1.25863e+01
 25 -0.00264  4.73548e+00 | 26  0.01095  6.72407e+00 | 27  0.00615  2.10708e+01
 28 -0.00656  2.03425e+01 | 29 -0.00076  2.10369e+01 | 30  0.00553  9.31317e+00
 31 -0.00728 -9.03057e+00 | 32 -0.01005 -1.04436e+01 | 33 -0.30921 -1.21459e+00
 34 -0.12314 -1.41513e+00 | 35  0.29050 -1.27339e+00 | 36  0.54684 -1.19938e+01
 37 -0.21318 -5.73447e+01 | 38 -0.48126 -1.33913e-01 | 39  0.36272  1.51346e+01
 40  0.43280 -2.43778e+01 | 41 -0.16680 -2.38699e+01 | 42 -0.41997 -8.67429e-02
 43  0.43778  7.80852e+00 | 44  0.45884 -9.10615e+00 | 45 -0.29453 -4.70589e-01
 46 -0.16321 -2.60044e-01 | 47 -0.03329  6.01832e-02 | 48  0.54885 -4.68084e-03
 49 -0.25650 -2.06738e+01 | 50  0.05615 -1.54804e+01 | 51 -0.18263 -1.39675e+00
 52  0.53769 -9.96048e+00 | 53  0.00158  2.37064e+01 | 54 -0.16009 -1.10622e+00
 55 -0.25491  5.10372e-01 | 56 -0.33862 -1.15889e-02 | 57  0.44568 -7.02646e-01
 58  0.50914 -1.08784e+00 | 59  0.05237  1.77022e+01 | 60 -0.72559  7.53374e-02
 61  0.47285 -1.24502e+01 | 62  0.52493  3.36338e+00 | 63 -0.16383  4.27331e+00
 64 -0.02148 -3.08489e+01 | 65 -0.66067 -2.75114e-01 | 66  0.52048  1.21963e+01
 67  0.48528 -6.88238e+00 |
67 variables; iteration 40; function evaluation 50; phase 3
Function value 5.1705778e+02; maximum gradient component mag -3.7507e+01
Var    Value     Gradient |Var    Value     Gradient |Var    Value     Gradient
  1 -0.29160 -1.65630e+01 |  2 -0.01441  8.09039e+00 |  3 -0.00830  7.59440e+00
  4  0.00386  6.90146e+00 |  5  0.00069  1.17683e+01 |  6 -0.00594  1.99225e+00
  7 -0.00142  5.06098e+00 |  8 -0.01431  4.94223e+00 |  9 -0.02120  9.78791e+00
 10 -0.01963  1.31456e+01 | 11 -0.00642 -6.28377e+00 | 12 -0.00037 -1.83104e-03
 13  0.00670  1.84010e+00 | 14  0.01122 -3.47927e+01 | 15  0.00103 -2.96335e+01
 16  0.01546 -3.75067e+01 | 17  0.02959 -9.40759e+00 | 18  0.02389 -1.63673e+01
 19  0.00166 -5.07829e-01 | 20 -0.00205 -1.01817e+01 | 21  0.00433 -3.36827e+01
 22 -0.00743 -4.59671e+00 | 23  0.00772  2.19196e+01 | 24  0.00189  4.48754e+00
 25 -0.00259 -3.68998e-01 | 26  0.01076 -1.53912e+00 | 27  0.00779  1.86378e+01
 28 -0.01021 -1.28834e+01 | 29 -0.00251 -1.56746e+00 | 30  0.00644  1.28924e+01
 31 -0.00754 -4.00205e+00 | 32 -0.00913 -2.21307e-01 | 33 -0.31847 -2.76245e-02
 34 -0.09132 -3.46631e-01 | 35  0.27556 -9.27957e-01 | 36  0.55442 -3.31998e+00
 37 -0.21248 -1.17500e+01 | 38 -0.48017 -2.95394e-02 | 39  0.36051  1.89641e+00
 40  0.43698 -5.47025e+00 | 41 -0.16301 -1.95245e+00 | 42 -0.41988 -1.08584e-02
 43  0.43880  6.51455e-01 | 44  0.46094 -1.46650e+00 | 45 -0.30776 -4.81813e+00
 46 -0.14777  4.89887e-01 | 47 -0.04239  9.62421e-01 | 48  0.57154  5.11674e-01
 49 -0.25609 -1.03165e+00 | 50  0.04692 -6.07378e+00 | 51 -0.18288 -2.56082e+00
 52  0.55380 -3.56964e+00 | 53 -0.00368 -1.01782e+01 | 54 -0.17124 -3.38562e+00
 55 -0.24295 -3.16297e+00 | 56 -0.34031 -5.03391e-02 | 57  0.46806  2.09152e+00
 58  0.49130 -3.57464e+00 | 59  0.05474  8.52159e+00 | 60 -0.71459  4.20368e-03
 61  0.47253 -8.30901e+00 | 62  0.51881 -3.00205e+00 | 63 -0.16455 -1.17462e+00
 64 -0.00983  1.60697e+00 | 65 -0.65854  4.78548e-02 | 66  0.52608  1.56895e+00
 67  0.47766  8.54845e-01 |
67 variables; iteration 60; function evaluation 75; phase 3
Function value 5.1667380e+02; maximum gradient component mag -1.6703e+01
Var    Value     Gradient |Var    Value     Gradient |Var    Value     Gradient
  1 -0.29221 -1.67034e+01 |  2 -0.01431  7.92036e+00 |  3 -0.00902  3.46726e+00
  4  0.00400  3.39255e+00 |  5 -0.00064  3.71232e+00 |  6 -0.00497  4.16905e+00
  7 -0.00157  4.42085e-01 |  8 -0.01522 -3.61827e+00 |  9 -0.02146  3.92100e+00
 10 -0.02077  4.40816e+00 | 11 -0.00567 -5.26273e+00 | 12 -0.00121 -4.09210e+00
 13  0.00534  1.99166e+00 | 14  0.01396 -7.77771e+00 | 15  0.00221 -8.34548e+00
 16  0.01746 -1.63354e+01 | 17  0.02740 -9.42841e+00 | 18  0.02586  4.49959e-01
 19  0.00022 -2.24266e+00 | 20 -0.00188 -3.71547e+00 | 21  0.00642 -1.52545e+01
 22 -0.00677  8.50238e-01 | 23  0.00574  7.44845e+00 | 24  0.00170  8.01641e-01
 25 -0.00145  5.98380e+00 | 26  0.01060 -2.61179e+00 | 27  0.00672  1.13881e+01
 28 -0.00863 -2.43098e+00 | 29 -0.00209  2.90201e+00 | 30  0.00596  8.99739e+00
 31 -0.00770 -5.91091e+00 | 32 -0.01038 -5.37247e+00 | 33 -0.31522  1.68660e+00
 34 -0.15683  3.74900e-02 | 35  0.28070 -2.24917e-01 | 36  0.56740  8.59419e-01
 37 -0.21077 -5.08842e+00 | 38 -0.48097 -1.24889e-02 | 39  0.36325  1.70919e+00
 40  0.43601 -3.38600e+00 | 41 -0.16151  9.45378e-01 | 42 -0.41946  2.31524e-03
 43  0.44102  5.47246e-01 | 44  0.46056 -4.12342e-01 | 45 -0.29239 -4.36258e-01
 46 -0.14660  2.97803e-02 | 47 -0.00663  3.33142e-01 | 48  0.53960 -2.29525e-01
 49 -0.25625 -1.45814e+01 | 50  0.05264 -6.38294e+00 | 51 -0.17424  2.76546e-01
 52  0.54640 -3.79554e+00 | 53 -0.00225 -1.32582e+00 | 54 -0.16498 -1.90776e+00
 55 -0.25952 -2.55084e+00 | 56 -0.34147 -4.78635e-02 | 57  0.43587 -7.51019e-01
 58  0.51169 -2.36728e+00 | 59  0.05195  2.33354e+00 | 60 -0.73715 -2.41986e-02
 61  0.47194 -9.73945e-01 | 62  0.52836  1.46258e+00 | 63 -0.16655  1.46394e+00
 64 -0.01465  4.69627e+00 | 65 -0.66003  7.52007e-02 | 66  0.51982 -1.21282e+00
 67  0.48722  3.31085e+00 |

 - final statistics:
67 variables; iteration 73; function evaluation 89
Function value 5.1654e+02; maximum gradient component mag -6.1306e-01
Exit code = 1;  converg criter 1.0000e+00
Var    Value     Gradient |Var    Value     Gradient |Var    Value     Gradient
  1 -0.29004 -1.11309e-01 |  2 -0.01563 -3.51628e-03 |  3 -0.00886 -1.58816e-02
  4  0.00424 -1.59371e-02 |  5 -0.00067 -1.66059e-02 |  6 -0.00542 -6.98529e-03
  7 -0.00147 -1.82422e-02 |  8 -0.01438 -6.62103e-03 |  9 -0.02198  6.41818e-03
 10 -0.02155  1.27076e-02 | 11 -0.00483  5.22988e-02 | 12 -0.00067  1.90686e-02
 13  0.00443  2.22949e-03 | 14  0.01453 -1.93999e-02 | 15  0.00240  1.59739e-02
 16  0.01888  2.04269e-02 | 17  0.02785  1.76304e-02 | 18  0.02496  3.45648e-02
 19  0.00031 -3.68234e-03 | 20 -0.00217 -8.32247e-03 | 21  0.00812 -1.72677e-04
 22 -0.00751 -2.13000e-02 | 23  0.00456 -2.96639e-02 | 24  0.00183 -1.45269e-02
 25 -0.00244 -1.59595e-02 | 26  0.01168  6.03575e-04 | 27  0.00505 -3.39778e-02
 28 -0.00776 -2.06208e-02 | 29 -0.00234  2.50105e-03 | 30  0.00465  2.31248e-02
 31 -0.00648  4.22723e-02 | 32 -0.00934  2.10829e-02 | 33 -0.31791 -1.43211e-01
 34 -0.12600  5.27351e-03 | 35  0.27710  8.04502e-02 | 36  0.56279  7.92812e-03
 37 -0.21212 -6.94797e-03 | 38 -0.48109 -1.38218e-04 | 39  0.36133 -6.60323e-03
 40  0.43815 -8.68313e-04 | 41 -0.16423 -3.49442e-02 | 42 -0.41927 -1.12795e-04
 43  0.43788  6.43131e-03 | 44  0.46281 -2.02504e-02 | 45 -0.29638  1.37888e-04
 46 -0.15393 -8.60976e-03 | 47 -0.03084 -1.62980e-03 | 48  0.55600 -4.01463e-03
 49 -0.25591 -6.13059e-01 | 50  0.05578  3.97561e-03 | 51 -0.17248  3.82330e-03
 52  0.54249  1.48033e-02 | 53 -0.00077  7.60737e-03 | 54 -0.16238  6.61203e-04
 55 -0.25752  4.28218e-03 | 56 -0.34014  8.99391e-05 | 57  0.44351  3.22438e-03
 58  0.51586  5.55237e-03 | 59  0.05094  2.76618e-03 | 60 -0.72507  2.42874e-04
 61  0.47234 -9.63478e-03 | 62  0.52798  6.20697e-03 | 63 -0.16638  2.63870e-03
 64 -0.01508 -1.30869e-02 | 65 -0.66010  1.83002e-03 | 66  0.52241  5.75641e-03
 67  0.48216 -6.19387e-04 |

Initial statistics: 84 variables; iteration 0; function evaluation 0; phase 4
Function value 5.1656325e+02; maximum gradient component mag 5.5465e+01
Var    Value     Gradient |Var    Value     Gradient |Var    Value     Gradient
  1 -0.29004 -1.11309e-01 |  2  0.00000  4.04896e+01 |  3  0.00000  4.53537e+01
  4  0.00000  5.08704e+01 |  5  0.00000  5.54654e+01 |  6  0.00000  5.18710e+01
  7 -0.01563 -4.14651e-03 |  8 -0.00886 -1.65119e-02 |  9  0.00424 -1.65675e-02
 10 -0.00067 -1.72363e-02 | 11 -0.00542 -7.61568e-03 | 12 -0.00147 -1.88726e-02
 13 -0.01438 -7.25128e-03 | 14 -0.02198  5.78814e-03 | 15 -0.02155  1.20775e-02
 16 -0.00483  5.16684e-02 | 17 -0.00067  1.84381e-02 | 18  0.00443  1.59910e-03
 19  0.01453 -2.00301e-02 | 20  0.00240  1.53435e-02 | 21  0.01888  1.97968e-02
 22  0.02785  1.70005e-02 | 23  0.02496  3.39348e-02 | 24  0.00031 -4.31276e-03
 25 -0.00217 -8.95287e-03 | 26  0.00812 -8.03039e-04 | 27 -0.00751 -2.19303e-02
 28  0.00456 -3.02943e-02 | 29  0.00183 -1.51573e-02 | 30 -0.00244 -1.65900e-02
 31  0.01168 -2.67315e-05 | 32  0.00505 -3.46082e-02 | 33 -0.00776 -2.12512e-02
 34 -0.00234  1.87064e-03 | 35  0.00465  2.24944e-02 | 36 -0.00648  4.16419e-02
 37 -0.00934  2.04525e-02 | 38 -0.31791 -1.43211e-01 | 39 -0.12600  5.27351e-03
 40  0.27710  8.04502e-02 | 41  0.56279  7.92812e-03 | 42 -0.21212 -6.94797e-03
 43 -0.48109 -1.38218e-04 | 44  0.36133 -6.60323e-03 | 45  0.43815 -8.68313e-04
 46 -0.16423 -3.49442e-02 | 47 -0.41927 -1.12795e-04 | 48  0.43788  6.43131e-03
 49  0.46281 -2.02504e-02 | 50 -0.01917  4.61964e-01 | 51  0.00269 -1.58029e-01
 52  0.02142  2.55236e+00 | 53 -0.29638  1.37888e-04 | 54 -0.15393 -8.60976e-03
 55 -0.03084 -1.62980e-03 | 56  0.55600 -4.01463e-03 | 57  0.00076  2.64109e-02
 58  0.06044 -2.01236e-02 | 59 -0.02086  7.99822e-02 | 60 -0.25591 -6.13059e-01
 61  0.05578  3.97561e-03 | 62 -0.17248  3.82330e-03 | 63  0.54249  1.48033e-02
 64 -0.00077  7.60737e-03 | 65 -0.16238  6.61203e-04 | 66 -0.17653 -7.23569e-01
 67 -0.33898  2.35107e-02 | 68  0.00494 -3.88374e+00 | 69 -0.10186 -3.21676e-01
 70 -0.25752  4.28218e-03 | 71 -0.34014  8.99391e-05 | 72  0.44351  3.22438e-03
 73  0.51586  5.55237e-03 | 74  0.05094  2.76618e-03 | 75 -0.72507  2.42874e-04
 76  0.47234 -9.63478e-03 | 77  0.52798  6.20697e-03 | 78 -0.16638  2.63870e-03
 79 -0.21922 -3.69951e-01 | 80 -0.01561  1.99122e+00 | 81 -0.01508 -1.30869e-02
 82 -0.66010  1.83002e-03 | 83  0.52241  5.75641e-03 | 84  0.48216 -6.19387e-04

Intermediate statistics: 84 variables; iteration 20; function evaluation 25; phase 4
Function value 5.1612171e+02; maximum gradient component mag 5.3626e+01
Var    Value     Gradient |Var    Value     Gradient |Var    Value     Gradient
  1 -0.29008  1.42048e+01 |  2 -0.00351  2.86049e+01 |  3 -0.00381  3.23584e+01
  4 -0.00367  3.84136e+01 |  5 -0.00261  4.75475e+01 |  6 -0.00060  5.36261e+01
  7 -0.01188  1.99826e+01 |  8 -0.00650  1.77419e+01 |  9  0.00404  1.04134e+01
 10 -0.00120  4.78162e+00 | 11 -0.00507  6.09729e+00 | 12 -0.00248 -2.11476e+00
 13 -0.01512 -2.32392e+00 | 14 -0.02198  5.91457e-01 | 15 -0.02176 -1.89423e+00
 16 -0.00569 -8.71643e+00 | 17 -0.00168 -1.13396e+01 | 18  0.00379 -8.98133e+00
 19  0.01409 -7.22302e+00 | 20  0.00215 -4.73025e+00 | 21  0.01831 -7.27643e+00
 22  0.02722 -6.61960e+00 | 23  0.02473 -1.94098e+00 | 24  0.00036  2.33802e+00
 25 -0.00180  5.07823e+00 | 26  0.00854  7.05580e+00 | 27 -0.00708  5.03298e+00
 28  0.00464  1.98163e+00 | 29  0.00168 -6.38945e-01 | 30 -0.00258 -1.96871e+00
 31  0.01147 -3.53857e+00 | 32  0.00494 -3.24758e+00 | 33 -0.00784 -2.08854e+00
 34 -0.00237 -1.00453e+00 | 35  0.00473  1.31775e-01 | 36 -0.00636  4.73657e-01
 37 -0.00924  4.27874e-01 | 38 -0.31785  5.94687e+00 | 39 -0.12571  5.41912e-01
 40  0.27621 -1.83011e+00 | 41  0.56385  3.02071e+00 | 42 -0.21195  4.45691e+00
 43 -0.48108  7.78654e-03 | 44  0.36065 -1.92617e+00 | 45  0.43859  1.38180e+00
 46 -0.16445  6.51547e+00 | 47 -0.41931  2.70341e-02 | 48  0.43662 -2.44229e+00
 49  0.46735  3.54125e+00 | 50 -0.02089  1.92941e+00 | 51  0.00212 -5.59861e+00
 52  0.02122  8.77031e+00 | 53 -0.29632 -3.33506e-01 | 54 -0.15206  4.50856e-02
 55 -0.03043  1.02368e-01 | 56  0.55702  6.30242e-02 | 57  0.00041 -1.40070e-01
 58  0.06105  2.31172e-01 | 59 -0.02143  5.22690e-03 | 60 -0.25573  8.76372e+00
 61  0.05867  6.14100e+00 | 62 -0.17263 -7.64563e-01 | 63  0.54123  2.87008e+00
 64 -0.00164 -9.62316e+00 | 65 -0.15982  2.32631e+00 | 66 -0.17555  2.84103e-01
 67 -0.33881 -7.26882e-02 | 68  0.00414 -8.30537e+00 | 69 -0.10177 -2.74860e-01
 70 -0.25583  2.67583e+00 | 71 -0.33991  4.49571e-02 | 72  0.44894  3.84786e-01
 73  0.52257  2.40792e+00 | 74  0.05355  1.45100e+01 | 75 -0.72525  1.26067e-01
 76  0.47194 -9.61323e+00 | 77  0.53367  5.37802e+00 | 78 -0.16940  2.18294e+00
 79 -0.22165  1.81545e+00 | 80 -0.01577 -1.25407e+01 | 81 -0.01263  2.15934e+00
 82 -0.66018  1.65999e-02 | 83  0.52381 -8.76208e-01 | 84  0.48068  3.13542e-01
84 variables; iteration 40; function evaluation 47; phase 4
Function value 5.1546509e+02; maximum gradient component mag 8.9410e+00
Var    Value     Gradient |Var    Value     Gradient |Var    Value     Gradient
  1 -0.28797  8.31210e-01 |  2 -0.00933  1.28782e+00 |  3 -0.00994  1.36528e+00
  4 -0.01026  1.74563e+00 |  5 -0.00976  2.89677e+00 |  6 -0.00780  3.70623e+00
  7 -0.01105  2.31572e+00 |  8 -0.00678  1.77528e+00 |  9  0.00467  4.02578e+00
 10  0.00001  8.94101e+00 | 11 -0.00626  1.04538e+00 | 12 -0.00177  3.39797e+00
 13 -0.01420  3.76177e+00 | 14 -0.02366 -6.76030e+00 | 15 -0.02246 -1.68409e+00
 16 -0.00444  6.55656e+00 | 17 -0.00131 -4.59719e-01 | 18  0.00304 -5.51317e+00
 19  0.01399  5.35417e-02 | 20  0.00296  5.33219e+00 | 21  0.01885  2.54752e+00
 22  0.02695 -3.47913e+00 | 23  0.02459 -2.85312e+00 | 24  0.00041 -5.45658e-01
 25 -0.00208 -1.28290e+00 | 26  0.00742 -5.28734e+00 | 27 -0.00776 -2.01303e+00
 28  0.00488  2.16080e+00 | 29  0.00185  8.85557e-01 | 30 -0.00240  3.59372e-01
 31  0.01146 -2.46311e+00 | 32  0.00427 -7.41685e+00 | 33 -0.00818 -4.15451e+00
 34 -0.00212  1.59455e+00 | 35  0.00486  1.87370e+00 | 36 -0.00647 -2.82709e-01
 37 -0.00927 -2.41927e-01 | 38 -0.31734 -1.22002e+00 | 39 -0.12285 -6.97431e-01
 40  0.27642 -1.47775e+00 | 41  0.55898 -4.21787e+00 | 42 -0.21223  6.67305e+00
 43 -0.48093  8.24281e-03 | 44  0.35954 -3.81675e+00 | 45  0.43861  1.31821e+00
 46 -0.16191  3.83693e+00 | 47 -0.42001  1.00856e-02 | 48  0.44111 -3.67523e-01
 49  0.46381 -3.23610e-01 | 50 -0.01534  5.56819e-01 | 51  0.00297 -2.65856e+00
 52  0.01931 -7.58651e+00 | 53 -0.29819 -5.06408e-01 | 54 -0.15274 -3.08946e-02
 55 -0.03067  6.96151e-02 | 56  0.55472 -3.25519e-02 | 57  0.00179  1.46015e-01
 58  0.05863 -2.09712e-01 | 59 -0.02060  1.67142e-01 | 60 -0.25696 -1.36825e+00
 61  0.05497 -1.47967e+00 | 62 -0.17380  6.17925e-01 | 63  0.54657 -2.54225e-01
 64 -0.00122 -1.54752e+00 | 65 -0.16217  1.66762e-01 | 66 -0.17213  5.65352e-01
 67 -0.33675 -6.08027e-02 | 68  0.00462  4.30888e-01 | 69 -0.10069  2.22683e-01
 70 -0.25757 -1.26936e+00 | 71 -0.33834 -1.53860e-02 | 72  0.44342  1.47661e-01
 73  0.51476 -8.37555e-01 | 74  0.05519  3.59689e+00 | 75 -0.72943  7.02664e-02
 76  0.47619  3.20275e+00 | 77  0.53337  4.38664e+00 | 78 -0.16799  3.08196e+00
 79 -0.22013  8.92787e-01 | 80 -0.01599 -1.47561e+00 | 81 -0.01803  2.06917e+00
 82 -0.66139  2.43026e-02 | 83  0.51689 -1.64264e+00 | 84  0.48800  1.69086e+00
84 variables; iteration 60; function evaluation 68; phase 4
Function value 5.1541270e+02; maximum gradient component mag 5.1360e+00
Var    Value     Gradient |Var    Value     Gradient |Var    Value     Gradient
  1 -0.28858  8.25907e-01 |  2 -0.00968 -1.39280e-01 |  3 -0.00968  2.03917e+00
  4 -0.01060  2.06901e-01 |  5 -0.01018  9.56765e-01 |  6 -0.00800  2.40974e+00
  7 -0.01131  7.97897e-01 |  8 -0.00693  4.59553e-01 |  9  0.00463  2.37461e+00
 10 -0.00052  5.13598e+00 | 11 -0.00605  7.84694e-01 | 12 -0.00208  9.06088e-01
 13 -0.01447  2.58767e+00 | 14 -0.02314 -3.35441e+00 | 15 -0.02257 -2.01031e+00
 16 -0.00478  4.43007e+00 | 17 -0.00170 -1.83523e+00 | 18  0.00387 -9.57973e-01
 19  0.01371 -1.25441e+00 | 20  0.00250  2.41725e+00 | 21  0.01895  2.75915e+00
 22  0.02710 -2.69238e+00 | 23  0.02443 -2.63331e+00 | 24  0.00102  2.49613e+00
 25 -0.00249 -2.50052e+00 | 26  0.00762 -3.83641e+00 | 27 -0.00719  4.85586e-01
 28  0.00456  3.15581e-01 | 29  0.00200  1.29624e+00 | 30 -0.00250 -4.55970e-01
 31  0.01148 -1.65144e+00 | 32  0.00479 -3.33666e+00 | 33 -0.00819 -3.53648e+00
 34 -0.00197  2.03278e+00 | 35  0.00455 -1.04801e-01 | 36 -0.00647 -1.01415e-01
 37 -0.00883  1.92922e+00 | 38 -0.31773 -7.25790e-01 | 39 -0.13044 -3.86715e-01
 40  0.27600 -1.06669e+00 | 41  0.56298 -2.04463e+00 | 42 -0.21217  3.86217e+00
 43 -0.48100  4.41238e-03 | 44  0.36023 -2.29336e+00 | 45  0.43862  7.47877e-01
 46 -0.16129  1.70267e+00 | 47 -0.41970  8.49761e-03 | 48  0.44232  2.60170e-01
 49  0.46270  1.26811e-01 | 50 -0.02481 -2.64238e-01 | 51  0.00135 -1.63790e+00
 52  0.02121 -4.28943e+00 | 53 -0.29611  2.79895e-01 | 54 -0.15471  1.20362e-01
 55 -0.03074 -2.97210e-02 | 56  0.55530  9.27137e-02 | 57  0.00048  1.32836e-01
 58  0.06075 -1.32823e-02 | 59 -0.01952  7.68629e-01 | 60 -0.25291 -6.65609e-01
 61  0.05494 -1.31437e+00 | 62 -0.16328  4.15600e-01 | 63  0.54152 -4.14492e-01
 64 -0.00125 -5.47882e-02 | 65 -0.15989  1.61467e-01 | 66 -0.18310  2.07299e-01
 67 -0.33279 -2.26710e-02 | 68  0.00577  7.18030e-02 | 69 -0.10218  2.10058e-01
 70 -0.25778 -5.89472e-01 | 71 -0.33862 -1.09382e-02 | 72  0.44177 -2.28155e-01
 73  0.51586 -5.84609e-01 | 74  0.05322  1.90477e+00 | 75 -0.72203  6.34087e-02
 76  0.47328  1.56791e+00 | 77  0.53252  2.42031e+00 | 78 -0.16812  1.77711e+00
 79 -0.21492  7.25688e-01 | 80 -0.01521 -4.43869e-01 | 81 -0.01582  1.71462e+00
 82 -0.65984  2.29726e-02 | 83  0.51985 -1.03837e+00 | 84  0.48484  1.06933e+00

 - final statistics:
84 variables; iteration 77; function evaluation 88
Function value 5.1538e+02; maximum gradient component mag 5.9677e-01
Exit code = 1;  converg criter 1.0000e+00
Var    Value     Gradient |Var    Value     Gradient |Var    Value     Gradient
  1 -0.28957 -6.23680e-02 |  2 -0.00957  6.63507e-02 |  3 -0.01019 -1.15154e-02
  4 -0.01056  9.70425e-02 |  5 -0.01036  3.35716e-03 |  6 -0.00857  6.35739e-02
  7 -0.01144  6.19996e-02 |  8 -0.00686  4.93514e-02 |  9  0.00445  6.48962e-02
 10 -0.00121  1.59899e-01 | 11 -0.00593  6.45703e-03 | 12 -0.00210  3.93984e-02
 13 -0.01501  4.20621e-02 | 14 -0.02267 -6.87047e-02 | 15 -0.02220 -5.21835e-02
 16 -0.00564  9.99472e-02 | 17 -0.00134 -1.94799e-02 | 18  0.00387 -4.77790e-02
 19  0.01395  5.17923e-02 | 20  0.00212  6.19591e-02 | 21  0.01853 -8.65462e-03
 22  0.02759  6.46915e-03 | 23  0.02476 -8.34594e-02 | 24  0.00036 -4.14972e-02
 25 -0.00204  2.99517e-02 | 26  0.00810 -3.87322e-01 | 27 -0.00727  1.76213e-01
 28  0.00463 -5.03591e-02 | 29  0.00188  9.23624e-02 | 30 -0.00234 -3.30399e-02
 31  0.01165 -1.68937e-01 | 32  0.00509 -6.18999e-02 | 33 -0.00768 -7.95759e-02
 34 -0.00227  1.17951e-01 | 35  0.00464 -7.10234e-02 | 36 -0.00639  5.34607e-03
 37 -0.00924  1.59196e-02 | 38 -0.31734 -2.18728e-01 | 39 -0.12890 -4.85895e-02
 40  0.27730 -3.11739e-02 | 41  0.56471 -1.00946e-01 | 42 -0.21194  1.17715e-01
 43 -0.48102  2.13720e-04 | 44  0.36139 -6.36507e-02 | 45  0.43857  3.96379e-02
 46 -0.16389  9.86940e-02 | 47 -0.41983  1.34623e-04 | 48  0.43780 -8.95714e-04
 49  0.46382  2.97904e-03 | 50 -0.01922  2.81905e-02 | 51  0.00268 -6.03761e-02
 52  0.02139 -1.03142e-01 | 53 -0.29593  3.95425e-02 | 54 -0.15462 -1.96354e-02
 55 -0.02851  3.07789e-02 | 56  0.55672 -2.39432e-02 | 57  0.00633  9.83995e-02
 58  0.06305  3.78612e-02 | 59 -0.02151  2.16163e-02 | 60 -0.25616  5.96772e-01
 61  0.05797 -9.80670e-03 | 62 -0.17386 -9.63046e-02 | 63  0.54308  4.93245e-02
 64 -0.00112  4.89254e-02 | 65 -0.16072  1.06701e-02 | 66 -0.17531  1.39498e-01
 67 -0.33752 -1.07891e-02 | 68  0.00481  5.69913e-02 | 69 -0.10180 -2.76094e-02
 70 -0.25440  1.08837e-01 | 71 -0.33854 -2.54106e-04 | 72  0.44789  2.40253e-01
 73  0.51427 -1.88075e-01 | 74  0.05325 -1.39194e-02 | 75 -0.71600  4.64039e-02
 76  0.47184  2.29249e-02 | 77  0.52984  8.79563e-02 | 78 -0.16825  2.50966e-02
 79 -0.21657  1.47955e-01 | 80 -0.01528  8.33397e-02 | 81 -0.01419  3.59790e-02
 82 -0.66109 -1.49784e-03 | 83  0.52240 -7.08044e-02 | 84  0.48190 -2.00267e-02

Initial statistics: 88 variables; iteration 0; function evaluation 0; phase 5
Function value 5.1538936e+02; maximum gradient component mag 5.9677e-01
Var    Value     Gradient |Var    Value     Gradient |Var    Value     Gradient
  1 -0.28957 -6.23680e-02 |  2 -0.00957  6.63507e-02 |  3 -0.01019 -1.15154e-02
  4 -0.01056  9.70425e-02 |  5 -0.01036  3.35716e-03 |  6 -0.00857  6.35739e-02
  7 -0.01144  6.49697e-02 |  8 -0.00686  5.23219e-02 |  9  0.00445  6.78668e-02
 10 -0.00121  1.62869e-01 | 11 -0.00593  9.42756e-03 | 12 -0.00210  4.23690e-02
 13 -0.01501  4.50320e-02 | 14 -0.02267 -6.57359e-02 | 15 -0.02220 -4.92147e-02
 16 -0.00564  1.02918e-01 | 17 -0.00134 -1.65093e-02 | 18  0.00387 -4.48084e-02
 19  0.01395  5.47622e-02 | 20  0.00212  6.49297e-02 | 21  0.01853 -5.68522e-03
 22  0.02759  9.43702e-03 | 23  0.02476 -8.04910e-02 | 24  0.00036 -3.85266e-02
 25 -0.00204  3.29223e-02 | 26  0.00810 -3.84352e-01 | 27 -0.00727  1.79183e-01
 28  0.00463 -4.73886e-02 | 29  0.00188  9.53331e-02 | 30 -0.00234 -3.00693e-02
 31  0.01165 -1.65967e-01 | 32  0.00509 -5.89293e-02 | 33 -0.00768 -7.66055e-02
 34 -0.00227  1.20922e-01 | 35  0.00464 -6.80528e-02 | 36 -0.00639  8.31658e-03
 37 -0.00924  1.88900e-02 | 38 -0.31734 -2.18728e-01 | 39 -0.12890 -4.85895e-02
 40  0.27730 -3.11739e-02 | 41  0.56471 -1.00946e-01 | 42 -0.21194  1.17715e-01
 43 -0.48102  2.13720e-04 | 44  0.36139 -6.36507e-02 | 45  0.43857  3.96379e-02
 46 -0.16389  9.86940e-02 | 47 -0.41983  1.34623e-04 | 48  0.43780 -8.95714e-04
 49  0.46382  2.97904e-03 | 50 -0.01922  2.81905e-02 | 51  0.00268 -6.03761e-02
 52  0.02139 -1.03142e-01 | 53 -0.22323 -1.14139e-02 | 54 -0.29593  3.95425e-02
 55 -0.15462 -1.96354e-02 | 56 -0.02851  3.07789e-02 | 57  0.55672 -2.39432e-02
 58  0.00633  9.83995e-02 | 59  0.06305  3.78612e-02 | 60 -0.02151  2.16163e-02
 61 -0.12154  2.29419e-03 | 62 -0.25616  5.96772e-01 | 63  0.05797 -9.80670e-03
 64 -0.17386 -9.63046e-02 | 65  0.54308  4.93245e-02 | 66 -0.00112  4.89254e-02
 67 -0.16072  1.06701e-02 | 68 -0.17531  1.39498e-01 | 69 -0.33752 -1.07891e-02
 70  0.00481  5.69913e-02 | 71 -0.10180 -2.76094e-02 | 72 -0.05369  2.00114e-03
 73 -0.25440  1.08837e-01 | 74 -0.33854 -2.54106e-04 | 75  0.44789  2.40253e-01
 76  0.51427 -1.88075e-01 | 77  0.05325 -1.39194e-02 | 78 -0.71600  4.64039e-02
 79  0.47184  2.29249e-02 | 80  0.52984  8.79563e-02 | 81 -0.16825  2.50966e-02
 82 -0.21657  1.47955e-01 | 83 -0.01528  8.33397e-02 | 84 -0.11633 -5.58702e-02
 85 -0.01419  3.59790e-02 | 86 -0.66109 -1.49784e-03 | 87  0.52240 -7.08044e-02
 88  0.48190 -2.00267e-02 |

Intermediate statistics: 88 variables; iteration 20; function evaluation 22; phase 5
Function value 5.1538841e+02; maximum gradient component mag 1.1186e+00
Var    Value     Gradient |Var    Value     Gradient |Var    Value     Gradient
  1 -0.28948  9.80244e-01 |  2 -0.00959  9.08027e-03 |  3 -0.01019  2.64706e-02
  4 -0.01060 -2.27740e-02 |  5 -0.01036 -9.92543e-03 |  6 -0.00858 -4.96461e-02
  7 -0.01144  3.30634e-01 |  8 -0.00686  3.45478e-01 |  9  0.00446  3.29095e-01
 10 -0.00125  3.06403e-01 | 11 -0.00592  3.58137e-01 | 12 -0.00210  3.94143e-01
 13 -0.01501  4.96837e-01 | 14 -0.02264  5.90915e-01 | 15 -0.02217  6.09881e-01
 16 -0.00564  7.85426e-01 | 17 -0.00129  1.07197e+00 | 18  0.00393  1.11859e+00
 19  0.01397  8.56735e-01 | 20  0.00211  3.99100e-01 | 21  0.01852  2.20752e-01
 22  0.02757  6.34763e-02 | 23  0.02476 -9.93435e-02 | 24  0.00033 -8.58846e-02
 25 -0.00211 -1.31300e-01 | 26  0.00815  2.02862e-01 | 27 -0.00733  3.67443e-01
 28  0.00466  7.04153e-01 | 29  0.00190  8.37770e-01 | 30 -0.00232  7.74113e-01
 31  0.01167  6.47454e-01 | 32  0.00509  4.98506e-01 | 33 -0.00766  4.44326e-01
 34 -0.00229  2.89579e-01 | 35  0.00465  2.40195e-01 | 36 -0.00640  2.74979e-01
 37 -0.00924  3.38243e-01 | 38 -0.31727  3.60863e-01 | 39 -0.12855 -2.46639e-02
 40  0.27733 -2.64581e-01 | 41  0.56446 -5.02954e-02 | 42 -0.21197  3.04916e-01
 43 -0.48102  4.88927e-04 | 44  0.36134 -1.50979e-01 | 45  0.43859  9.44075e-02
 46 -0.16383  3.35717e-01 | 47 -0.41983  1.26465e-03 | 48  0.43793 -2.49252e-02
 49  0.46392  1.18123e-01 | 50 -0.01925  9.01798e-02 | 51  0.00265 -2.08693e-01
 52  0.02136  5.68029e-02 | 53 -0.22313 -1.47218e-02 | 54 -0.29602  9.20520e-02
 55 -0.15422  2.61392e-02 | 56 -0.02914  1.39777e-02 | 57  0.55712  1.47853e-02
 58  0.00483  8.68357e-02 | 59  0.06232  7.71600e-03 | 60 -0.02142  5.54529e-02
 61 -0.12156  3.20102e-04 | 62 -0.25606  1.03071e+00 | 63  0.05797  1.15893e-01
 64 -0.17377 -1.84054e-01 | 65  0.54275  8.09490e-02 | 66 -0.00118 -5.78249e-01
 67 -0.16055  6.41456e-02 | 68 -0.17557  1.86388e-01 | 69 -0.33754 -1.39321e-02
 70  0.00486  1.03689e-01 | 71 -0.10176  1.00631e-02 | 72 -0.05374  2.48514e-02
 73 -0.25608 -6.00377e-03 | 74 -0.33854 -1.72870e-04 | 75  0.44514  6.76288e-02
 76  0.51644 -5.03563e-02 | 77  0.05378  1.27872e-01 | 78 -0.71684  4.43790e-02
 79  0.47239  7.03943e-02 | 80  0.52947  1.03698e-01 | 81 -0.16814  4.04335e-02
 82 -0.21832  8.73564e-02 | 83 -0.01551 -1.30819e-01 | 84 -0.11597 -1.51243e-02
 85 -0.01418  2.77460e-02 | 86 -0.66107 -3.09584e-03 | 87  0.52226 -1.56547e-01
 88  0.48165 -1.20724e-01 |
88 variables; iteration 40; function evaluation 42; phase 5
Function value 5.1538810e+02; maximum gradient component mag 1.0483e+00
Var    Value     Gradient |Var    Value     Gradient |Var    Value     Gradient
  1 -0.28950  8.67283e-01 |  2 -0.00959  1.60429e-02 |  3 -0.01018  6.17148e-02
  4 -0.01059  1.28244e-03 |  5 -0.01035  3.85656e-02 |  6 -0.00858 -1.03786e-02
  7 -0.01143  3.28676e-01 |  8 -0.00686  2.96198e-01 |  9  0.00445  2.62628e-01
 10 -0.00124  3.30386e-01 | 11 -0.00590  4.26293e-01 | 12 -0.00210  3.25057e-01
 13 -0.01503  3.31990e-01 | 14 -0.02264  5.33515e-01 | 15 -0.02217  5.98180e-01
 16 -0.00563  8.07626e-01 | 17 -0.00129  1.04833e+00 | 18  0.00393  9.76816e-01
 19  0.01395  6.71325e-01 | 20  0.00211  3.64404e-01 | 21  0.01852  2.60328e-01
 22  0.02759  1.91855e-01 | 23  0.02477 -7.19332e-02 | 24  0.00031 -2.38812e-01
 25 -0.00210 -1.42291e-01 | 26  0.00816  2.48181e-01 | 27 -0.00731  4.72791e-01
 28  0.00467  7.46138e-01 | 29  0.00188  6.23590e-01 | 30 -0.00233  6.07028e-01
 31  0.01169  7.02626e-01 | 32  0.00510  5.96691e-01 | 33 -0.00765  4.37297e-01
 34 -0.00231  1.95854e-02 | 35  0.00463  6.44451e-02 | 36 -0.00640  2.48922e-01
 37 -0.00924  2.86689e-01 | 38 -0.31734  2.84908e-01 | 39 -0.12709 -3.06910e-02
 40  0.27721 -2.58338e-01 | 41  0.56422 -1.29679e-01 | 42 -0.21199  2.01064e-01
 43 -0.48103  2.90678e-04 | 44  0.36132 -1.22656e-01 | 45  0.43861  8.27968e-02
 46 -0.16381  4.02091e-01 | 47 -0.41981  1.31405e-03 | 48  0.43789 -6.88722e-02
 49  0.46389  1.06876e-01 | 50 -0.01924  8.26386e-02 | 51  0.00267 -1.57062e-01
 52  0.02135  3.11951e-02 | 53 -0.22284 -4.58235e-03 | 54 -0.29608  1.58891e-01
 55 -0.15385  5.04312e-02 | 56 -0.03084 -2.51355e-02 | 57  0.55703  4.48066e-02
 58  0.00113  4.69690e-02 | 59  0.06063 -3.21702e-02 | 60 -0.02077  1.54052e-01
 61 -0.12148  2.37375e-03 | 62 -0.25584  1.00009e+00 | 63  0.05793  1.01102e-01
 64 -0.17312 -1.72936e-01 | 65  0.54256  6.86577e-02 | 66 -0.00117 -4.21868e-01
 67 -0.16050  4.49190e-02 | 68 -0.17618  1.67812e-01 | 69 -0.33768 -1.27394e-02
 70  0.00492  9.60967e-02 | 71 -0.10183  4.12665e-03 | 72 -0.05379  1.38284e-02
 73 -0.25591  4.35045e-02 | 74 -0.33855  5.73281e-05 | 75  0.44536  6.47489e-02
 76  0.51627 -5.16779e-02 | 77  0.05382  1.48567e-01 | 78 -0.72041  2.71374e-02
 79  0.47227 -8.24582e-02 | 80  0.52938  2.01774e-02 | 81 -0.16822 -8.24790e-02
 82 -0.21848  7.01327e-02 | 83 -0.01549 -9.52939e-02 | 84 -0.11664 -2.95158e-02
 85 -0.01419 -2.69150e-02 | 86 -0.66097 -2.37139e-03 | 87  0.52238 -7.75701e-02
 88  0.48177 -7.99056e-02 |
88 variables; iteration 60; function evaluation 64; phase 5
Function value 5.1538790e+02; maximum gradient component mag 8.6612e-01
Var    Value     Gradient |Var    Value     Gradient |Var    Value     Gradient
  1 -0.28953  7.46726e-01 |  2 -0.00959  5.05872e-03 |  3 -0.01015  1.42155e-01
  4 -0.01061 -7.46211e-02 |  5 -0.01038 -9.63010e-02 |  6 -0.00859 -4.50175e-02
  7 -0.01143  2.91833e-01 |  8 -0.00686  2.72631e-01 |  9  0.00445  2.05146e-01
 10 -0.00126  1.60847e-01 | 11 -0.00588  4.57607e-01 | 12 -0.00210  2.68784e-01
 13 -0.01506  1.23700e-01 | 14 -0.02265  4.32236e-01 | 15 -0.02213  6.80572e-01
 16 -0.00567  4.59826e-01 | 17 -0.00128  8.66121e-01 | 18  0.00389  6.58121e-01
 19  0.01398  6.45917e-01 | 20  0.00208  1.92866e-01 | 21  0.01855  2.84400e-01
 22  0.02755 -4.06042e-02 | 23  0.02480  6.74983e-02 | 24  0.00032 -1.39186e-01
 25 -0.00209 -1.06887e-01 | 26  0.00814  9.44290e-02 | 27 -0.00728  4.76350e-01
 28  0.00465  5.33196e-01 | 29  0.00190  5.67553e-01 | 30 -0.00235  4.28777e-01
 31  0.01169  5.95248e-01 | 32  0.00508  3.75919e-01 | 33 -0.00765  4.17944e-01
 34 -0.00229  1.08513e-01 | 35  0.00459 -2.56292e-01 | 36 -0.00640  1.61199e-01
 37 -0.00921  3.61449e-01 | 38 -0.31751  2.07284e-01 | 39 -0.12501 -1.08452e-02
 40  0.27701 -1.83155e-01 | 41  0.56410 -6.55925e-02 | 42 -0.21196  1.12185e-01
 43 -0.48103  1.15755e-04 | 44  0.36138 -6.84674e-02 | 45  0.43855  2.39047e-02
 46 -0.16385  2.99637e-01 | 47 -0.41978  1.02012e-03 | 48  0.43784 -4.67139e-02
 49  0.46389  8.70438e-02 | 50 -0.01926  5.96208e-02 | 51  0.00267 -8.29489e-02
 52  0.02137  5.34143e-02 | 53 -0.22290 -4.09234e-03 | 54 -0.29610  1.45388e-01
 55 -0.15297  4.68316e-02 | 56 -0.03060 -2.11993e-02 | 57  0.55569  1.92959e-02
 58  0.00150  5.16339e-02 | 59  0.06076 -3.37914e-02 | 60 -0.02086  1.05117e-01
 61 -0.12137  2.65883e-03 | 62 -0.25583  7.53794e-01 | 63  0.05798  1.13389e-01
 64 -0.17286 -1.02324e-01 | 65  0.54254  5.31950e-02 | 66 -0.00118 -4.08767e-01
 67 -0.16053 -7.46730e-03 | 68 -0.17624  1.51605e-01 | 69 -0.33809 -1.13112e-02
 70  0.00492  6.70315e-02 | 71 -0.10196 -4.55560e-02 | 72 -0.05365  1.67911e-02
 73 -0.25607  1.46597e-02 | 74 -0.33856 -5.02222e-05 | 75  0.44511  5.78493e-02
 76  0.51648 -4.22079e-02 | 77  0.05389  6.67553e-02 | 78 -0.72559  1.96540e-03
 79  0.47235 -1.85314e-02 | 80  0.52939 -2.90364e-02 | 81 -0.16819 -7.91172e-02
 82 -0.21856  7.04355e-02 | 83 -0.01552 -1.17953e-01 | 84 -0.11636 -3.88284e-03
 85 -0.01411  3.51127e-02 | 86 -0.66079 -1.55333e-03 | 87  0.52242 -1.05673e-01
 88  0.48166 -8.74021e-02 |
88 variables; iteration 80; function evaluation 87; phase 5
Function value 5.1538762e+02; maximum gradient component mag 7.4480e-02
Var    Value     Gradient |Var    Value     Gradient |Var    Value     Gradient
  1 -0.28960  5.58454e-02 |  2 -0.00959 -4.12728e-03 |  3 -0.01019  1.30700e-02
  4 -0.01059  3.25099e-03 |  5 -0.01036 -2.46495e-03 |  6 -0.00859 -5.03410e-03
  7 -0.01145  1.97420e-02 |  8 -0.00687  1.32820e-02 |  9  0.00445  8.39518e-03
 10 -0.00125  2.88966e-02 | 11 -0.00592  3.21504e-02 | 12 -0.00210  2.89385e-02
 13 -0.01503  7.06190e-03 | 14 -0.02266  3.53390e-02 | 15 -0.02218  6.20592e-02
 16 -0.00565  3.54909e-02 | 17 -0.00134  7.44802e-02 | 18  0.00388  5.57381e-02
 19  0.01395  5.51291e-02 | 20  0.00211  1.15024e-02 | 21  0.01853  3.61519e-02
 22  0.02757 -1.73781e-02 | 23  0.02480  2.09334e-02 | 24  0.00036 -1.93420e-02
 25 -0.00205 -3.03836e-03 | 26  0.00816  7.68510e-03 | 27 -0.00731  4.70033e-02
 28  0.00464  4.18592e-02 | 29  0.00188  5.24423e-02 | 30 -0.00235  3.41292e-02
 31  0.01168  5.66586e-02 | 32  0.00509  2.74800e-02 | 33 -0.00767  3.85325e-02
 34 -0.00227  4.79365e-03 | 35  0.00465 -2.06822e-02 | 36 -0.00639 -8.45313e-03
 37 -0.00923  5.39041e-02 | 38 -0.31746  3.33201e-02 | 39 -0.12479  1.20081e-03
 40  0.27719 -1.93311e-02 | 41  0.56419 -5.76944e-03 | 42 -0.21193  1.42684e-02
 43 -0.48104  1.41181e-05 | 44  0.36142 -1.14018e-02 | 45  0.43856  5.37323e-03
 46 -0.16396  2.10799e-02 | 47 -0.41973  8.52078e-05 | 48  0.43770 -2.67962e-03
 49  0.46392  1.51636e-02 | 50 -0.01923  1.04319e-02 | 51  0.00268 -1.04950e-02
 52  0.02139  8.98937e-03 | 53 -0.22291 -2.63102e-03 | 54 -0.29622  1.92265e-02
 55 -0.15268  2.68720e-02 | 56 -0.03060  2.64323e-03 | 57  0.55609  1.16614e-02
 58  0.00080  2.24644e-03 | 59  0.06047  4.20183e-03 | 60 -0.02096  2.80121e-03
 61 -0.12146 -5.30410e-04 | 62 -0.25599  5.40455e-02 | 63  0.05816  8.90412e-03
 64 -0.17310 -1.19297e-02 | 65  0.54252  6.41353e-03 | 66 -0.00115 -5.59014e-02
 67 -0.16053 -5.54898e-03 | 68 -0.17601  1.08350e-02 | 69 -0.33887 -1.08209e-03
 70  0.00490  7.48322e-03 | 71 -0.10181 -7.11959e-03 | 72 -0.05394 -6.07894e-03
 73 -0.25645  1.09585e-03 | 74 -0.33860 -8.81325e-05 | 75  0.44442  5.82237e-03
 76  0.51700 -1.07783e-02 | 77  0.05402  2.41222e-02 | 78 -0.72572  2.21483e-03
 79  0.47242 -9.68628e-03 | 80  0.52929  6.75983e-03 | 81 -0.16813 -1.18762e-03
 82 -0.21911  3.62663e-03 | 83 -0.01558 -6.65563e-03 | 84 -0.11628  7.90290e-04
 85 -0.01415 -1.37577e-02 | 86 -0.66076 -5.08665e-04 | 87  0.52255  1.31240e-03
 88  0.48190 -1.18172e-02 |

 - final statistics:
88 variables; iteration 89; function evaluation 98
Function value 5.1539e+02; maximum gradient component mag 3.4184e-05
Exit code = 1;  converg criter 1.0000e-04
Var    Value     Gradient |Var    Value     Gradient |Var    Value     Gradient
  1 -0.28960 -9.74215e-06 |  2 -0.00959  1.55719e-06 |  3 -0.01019 -2.52005e-06
  4 -0.01059  4.99973e-07 |  5 -0.01036 -6.00634e-08 |  6 -0.00859  7.03353e-07
  7 -0.01145 -5.68842e-06 |  8 -0.00687 -4.98787e-06 |  9  0.00445 -4.31690e-06
 10 -0.00125 -6.48801e-06 | 11 -0.00592 -8.97022e-06 | 12 -0.00210 -6.79595e-06
 13 -0.01503 -4.45177e-06 | 14 -0.02266 -9.75595e-06 | 15 -0.02218 -1.48306e-05
 16 -0.00565 -1.00543e-05 | 17 -0.00134 -1.82393e-05 | 18  0.00388 -1.37105e-05
 19  0.01395 -1.29062e-05 | 20  0.00212 -2.79102e-06 | 21  0.01853 -6.08070e-06
 22  0.02758  9.60953e-07 | 23  0.02479 -2.70845e-06 | 24  0.00036  4.66558e-06
 25 -0.00205  3.00889e-06 | 26  0.00816  4.87209e-07 | 27 -0.00731 -1.00454e-05
 28  0.00464 -1.05346e-05 | 29  0.00188 -1.24733e-05 | 30 -0.00234 -8.30845e-06
 31  0.01168 -1.13174e-05 | 32  0.00509 -6.35178e-06 | 33 -0.00768 -9.66729e-06
 34 -0.00227 -3.14661e-06 | 35  0.00466  3.67244e-06 | 36 -0.00639 -1.85551e-06
 37 -0.00924 -9.91136e-06 | 38 -0.31744  1.78291e-06 | 39 -0.12506  9.51050e-07
 40  0.27722  2.85995e-06 | 41  0.56424  2.66113e-06 | 42 -0.21192 -4.89228e-06
 43 -0.48104  8.40996e-08 | 44  0.36143  2.17681e-06 | 45  0.43855 -1.95883e-07
 46 -0.16394 -5.08828e-06 | 47 -0.41972 -3.77777e-07 | 48  0.43773  2.48816e-07
 49  0.46386 -1.88382e-06 | 50 -0.01934  3.68841e-08 | 51  0.00266  3.17469e-06
 52  0.02141 -1.46900e-06 | 53 -0.22285  2.41589e-07 | 54 -0.29623 -1.75549e-06
 55 -0.15315 -1.66549e-06 | 56 -0.03079  8.52192e-07 | 57  0.55626 -1.41893e-06
 58  0.00076  1.81737e-06 | 59  0.06045  6.72104e-07 | 60 -0.02086  1.25879e-06
 61 -0.12151 -2.57497e-06 | 62 -0.25593  3.41841e-05 | 63  0.05815 -2.44028e-06
 64 -0.17287  1.69923e-07 | 65  0.54247 -3.12415e-06 | 66 -0.00114  1.01852e-05
 67 -0.16049 -2.72845e-06 | 68 -0.17619  1.38024e-05 | 69 -0.33891  1.95995e-06
 70  0.00491 -8.90457e-07 | 71 -0.10181  1.92063e-07 | 72 -0.05371  6.59899e-07
 73 -0.25652  1.43283e-06 | 74 -0.33860  2.70534e-08 | 75  0.44431 -1.07694e-06
 76  0.51711  1.61925e-06 | 77  0.05401 -3.34479e-06 | 78 -0.72617  1.41653e-07
 79  0.47242  5.49635e-07 | 80  0.52929  1.22784e-07 | 81 -0.16812  2.84724e-07
 82 -0.21913 -1.35115e-06 | 83 -0.01558  5.35989e-07 | 84 -0.11631  1.84799e-06
 85 -0.01416  9.10417e-07 | 86 -0.66066 -4.50313e-07 | 87  0.52255  2.10199e-06
 88  0.48192  2.15747e-06 |

Initial statistics: 92 variables; iteration 0; function evaluation 0; phase 6
Function value 5.1538761e+02; maximum gradient component mag -2.6302e+01
Var    Value     Gradient |Var    Value     Gradient |Var    Value     Gradient
  1 -0.28960 -9.74215e-06 |  2 -0.00959  1.55719e-06 |  3 -0.01019 -2.52005e-06
  4 -0.01059  4.99973e-07 |  5 -0.01036 -6.00634e-08 |  6 -0.00859  7.03353e-07
  7 -0.01145  8.79013e-07 |  8 -0.00687  1.58025e-06 |  9  0.00445  2.25143e-06
 10 -0.00125  8.04764e-08 | 11 -0.00592 -2.40201e-06 | 12 -0.00210 -2.27487e-07
 13 -0.01503  2.11490e-06 | 14 -0.02266 -3.19162e-06 | 15 -0.02218 -8.26611e-06
 16 -0.00565 -3.48608e-06 | 17 -0.00134 -1.16708e-05 | 18  0.00388 -7.14208e-06
 19  0.01395 -6.33924e-06 | 20  0.00212  3.77744e-06 | 21  0.01853  4.85011e-07
 22  0.02758  7.52329e-06 | 23  0.02479  3.85507e-06 | 24  0.00036  1.12341e-05
 25 -0.00205  9.57735e-06 | 26  0.00816  7.05517e-06 | 27 -0.00731 -3.47732e-06
 28  0.00464 -3.96629e-06 | 29  0.00188 -5.90483e-06 | 30 -0.00234 -1.74000e-06
 31  0.01168 -4.75004e-06 | 32  0.00509  2.16510e-07 | 33 -0.00768 -3.09927e-06
 34 -0.00227  3.42184e-06 | 35  0.00466  1.02408e-05 | 36 -0.00639  4.71265e-06
 37 -0.00924 -3.34356e-06 | 38  0.00000  8.66618e+00 | 39  0.00000 -2.63020e+01
 40  0.00000 -1.44303e+01 | 41  0.00000  0.00000e+00 | 42 -0.31744  1.78291e-06
 43 -0.12506  9.51050e-07 | 44  0.27722  2.85995e-06 | 45  0.56424  2.66113e-06
 46 -0.21192 -4.89228e-06 | 47 -0.48104  8.40996e-08 | 48  0.36143  2.17681e-06
 49  0.43855 -1.95883e-07 | 50 -0.16394 -5.08828e-06 | 51 -0.41972 -3.77777e-07
 52  0.43773  2.48816e-07 | 53  0.46386 -1.88382e-06 | 54 -0.01934  3.68841e-08
 55  0.00266  3.17469e-06 | 56  0.02141 -1.46900e-06 | 57 -0.22285  2.41589e-07
 58 -0.29623 -1.75549e-06 | 59 -0.15315 -1.66549e-06 | 60 -0.03079  8.52192e-07
 61  0.55626 -1.41893e-06 | 62  0.00076  1.81737e-06 | 63  0.06045  6.72104e-07
 64 -0.02086  1.25879e-06 | 65 -0.12151 -2.57497e-06 | 66 -0.25593  3.41841e-05
 67  0.05815 -2.44028e-06 | 68 -0.17287  1.69923e-07 | 69  0.54247 -3.12416e-06
 70 -0.00114  1.01852e-05 | 71 -0.16049 -2.72845e-06 | 72 -0.17619  1.38024e-05
 73 -0.33891  1.95995e-06 | 74  0.00491 -8.90457e-07 | 75 -0.10181  1.92063e-07
 76 -0.05371  6.59899e-07 | 77 -0.25652  1.43283e-06 | 78 -0.33860  2.70534e-08
 79  0.44431 -1.07694e-06 | 80  0.51711  1.61925e-06 | 81  0.05401 -3.34479e-06
 82 -0.72617  1.41653e-07 | 83  0.47242  5.49635e-07 | 84  0.52929  1.22784e-07
 85 -0.16812  2.84724e-07 | 86 -0.21913 -1.35115e-06 | 87 -0.01558  5.35989e-07
 88 -0.11631  1.84799e-06 | 89 -0.01416  9.10417e-07 | 90 -0.66066 -4.50313e-07
 91  0.52255  2.10199e-06 | 92  0.48192  2.15747e-06 |

Intermediate statistics: 92 variables; iteration 20; function evaluation 24; phase 6
Function value 5.1525796e+02; maximum gradient component mag -4.7929e+00
Var    Value     Gradient |Var    Value     Gradient |Var    Value     Gradient
  1 -0.28980 -1.43593e+00 |  2 -0.00958 -7.89360e-02 |  3 -0.01018 -7.67029e-02
  4 -0.01057 -6.60878e-02 |  5 -0.01034 -4.14901e-02 |  6 -0.00856 -1.51705e-02
  7 -0.01147 -9.45455e-02 |  8 -0.00688 -1.33819e-01 |  9  0.00444 -1.97886e-01
 10 -0.00127 -2.79311e-01 | 11 -0.00595 -2.90278e-01 | 12 -0.00210 -1.92409e-01
 13 -0.01503 -1.09413e-01 | 14 -0.02265 -3.27565e-02 | 15 -0.02219  4.54418e-03
 16 -0.00564  1.16197e-01 | 17 -0.00133  1.87432e-01 | 18  0.00389  1.95267e-01
 19  0.01396  1.57636e-01 | 20  0.00212  2.71512e-03 | 21  0.01855 -9.21730e-02
 22  0.02757 -2.17017e-01 | 23  0.02478 -2.85051e-01 | 24  0.00035 -2.13164e-01
 25 -0.00205 -1.74047e-01 | 26  0.00818 -9.88383e-02 | 27 -0.00731 -4.13476e-02
 28  0.00466 -6.44110e-04 | 29  0.00189 -6.81869e-02 | 30 -0.00235 -1.30685e-01
 31  0.01168 -1.25792e-01 | 32  0.00509 -3.92405e-02 | 33 -0.00768  1.04643e-02
 34 -0.00226  2.00873e-01 | 35  0.00466  4.85605e-02 | 36 -0.00646 -3.82698e-01
 37 -0.00919 -2.43564e-01 | 38 -0.00262  1.42813e-01 | 39  0.00570 -4.79286e+00
 40  0.00354 -2.17244e+00 | 41  0.00000  0.00000e+00 | 42 -0.31792 -5.28136e-01
 43 -0.12515 -5.25814e-02 | 44  0.27624  5.92044e-02 | 45  0.56469 -1.92055e-01
 46 -0.21169 -1.55688e-03 | 47 -0.48105  2.76027e-04 | 48  0.36154 -2.71867e-02
 49  0.43835 -7.61779e-02 | 50 -0.16376  7.67818e-02 | 51 -0.41973  1.91428e-04
 52  0.43745 -7.58088e-02 | 53  0.46365 -4.65020e-02 | 54 -0.01916  4.19425e-02
 55  0.00264 -3.63165e-01 | 56  0.02140 -2.11233e-01 | 57 -0.22294 -5.90491e-03
 58 -0.29624 -2.60081e-02 | 59 -0.15312 -1.00895e-02 | 60 -0.03078  4.01970e-03
 61  0.55627 -6.13834e-03 | 62  0.00076 -8.56315e-03 | 63  0.06045  6.71824e-03
 64 -0.02088 -2.53666e-02 | 65 -0.12152 -3.31148e-04 | 66 -0.25593 -6.49291e-01
 67  0.05816 -3.36519e-01 | 68 -0.17278  4.35066e-02 | 69  0.54244 -2.17772e-01
 70 -0.00129  8.46434e-02 | 71 -0.16046 -5.46774e-02 | 72 -0.17625 -1.36480e-01
 73 -0.33891  8.19902e-03 | 74  0.00491 -5.51904e-01 | 75 -0.10182 -1.37766e-02
 76 -0.05373 -4.96998e-03 | 77 -0.25650 -8.50163e-02 | 78 -0.33860 -7.50845e-04
 79  0.44434  2.87505e-02 | 80  0.51714 -2.75569e-02 | 81  0.05396 -6.15486e-01
 82 -0.72617 -5.76706e-04 | 83  0.47231  6.38948e-01 | 84  0.52939 -8.81359e-03
 85 -0.16821 -2.40290e-02 | 86 -0.21922 -2.27732e-01 | 87 -0.01556  1.73005e+00
 88 -0.11633 -1.09742e-03 | 89 -0.01412 -1.55368e-01 | 90 -0.66066 -1.20481e-03
 91  0.52256  7.81476e-02 | 92  0.48188 -3.55037e-02 |
92 variables; iteration 40; function evaluation 44; phase 6
Function value 5.1525503e+02; maximum gradient component mag -7.9005e-01
Var    Value     Gradient |Var    Value     Gradient |Var    Value     Gradient
  1 -0.28976 -4.14208e-01 |  2 -0.00956  6.22941e-02 |  3 -0.01016  1.01049e-01
  4 -0.01054  1.65175e-01 |  5 -0.01030  2.51939e-01 |  6 -0.00853  2.62356e-01
  7 -0.01142  3.11889e-01 |  8 -0.00686  1.54907e-01 |  9  0.00442 -6.48385e-02
 10 -0.00127 -9.54024e-02 | 11 -0.00588  1.52259e-01 | 12 -0.00216 -4.59402e-01
 13 -0.01507 -3.01532e-01 | 14 -0.02262  2.53369e-01 | 15 -0.02217  2.42422e-01
 16 -0.00563  2.86173e-01 | 17 -0.00131  2.35896e-01 | 18  0.00386 -1.27266e-01
 19  0.01390 -3.86910e-01 | 20  0.00211 -3.69994e-02 | 21  0.01859  3.33834e-01
 22  0.02758  1.74824e-01 | 23  0.02478 -1.04221e-01 | 24  0.00033 -2.94375e-01
 25 -0.00206 -2.90759e-01 | 26  0.00815 -3.27841e-01 | 27 -0.00731  4.34312e-02
 28  0.00470  3.10049e-01 | 29  0.00185 -2.53635e-01 | 30 -0.00240 -3.27686e-01
 31  0.01176  3.79770e-01 | 32  0.00501 -5.11667e-01 | 33 -0.00765  2.85651e-02
 34 -0.00230 -6.98432e-02 | 35  0.00471  3.50142e-01 | 36 -0.00646 -2.11396e-01
 37 -0.00916  1.06833e-01 | 38 -0.00279 -2.10341e-02 | 39  0.00670 -7.90054e-01
 40  0.00396 -5.94005e-01 | 41  0.00000  0.00000e+00 | 42 -0.31761  1.62834e-01
 43 -0.12514 -9.63648e-03 | 44  0.27665 -8.32530e-02 | 45  0.56428 -1.11543e-01
 46 -0.21145  3.10831e-01 | 47 -0.48147  1.14321e-03 | 48  0.36199  2.18760e-01
 49  0.43814  7.04987e-02 | 50 -0.16383  1.48869e-01 | 51 -0.42002  9.87086e-04
 52  0.43720  1.33256e-01 | 53  0.46369  9.61035e-02 | 54 -0.01806  9.62714e-02
 55  0.00299  2.75585e-01 | 56  0.02135  5.47001e-02 | 57 -0.22666 -7.18321e-02
 58 -0.29620  5.38971e-02 | 59 -0.15293  2.85194e-02 | 60 -0.03069 -6.23023e-03
 61  0.55621  1.50417e-02 | 62  0.00087  1.69137e-02 | 63  0.06044 -1.28037e-02
 64 -0.02089  3.35076e-02 | 65 -0.12156 -1.51236e-06 | 66 -0.25497 -1.57477e-01
 67  0.05790 -1.72354e-01 | 68 -0.17003  4.17441e-02 | 69  0.54147 -1.33580e-01
 70 -0.00131  1.13179e-01 | 71 -0.16009 -5.06073e-02 | 72 -0.17872 -4.04179e-02
 73 -0.33876  3.68190e-03 | 74  0.00520 -6.53113e-02 | 75 -0.10214  3.14967e-05
 76 -0.05366 -1.08235e-02 | 77 -0.25644 -6.65742e-03 | 78 -0.33855  5.04909e-04
 79  0.44453  3.58653e-02 | 80  0.51724  3.16023e-02 | 81  0.05387 -9.58815e-02
 82 -0.72607  3.96671e-03 | 83  0.47217  9.73472e-02 | 84  0.52969  1.70870e-01
 85 -0.16836  3.78129e-03 | 86 -0.21951 -1.02782e-01 | 87 -0.01563  3.87531e-01
 88 -0.11663 -3.23720e-02 | 89 -0.01416 -4.04882e-02 | 90 -0.66069  3.07070e-04
 91  0.52251  3.29911e-02 | 92  0.48201  3.71776e-02 |
92 variables; iteration 60; function evaluation 70; phase 6
Function value 5.1525452e+02; maximum gradient component mag -3.5799e-01
Var    Value     Gradient |Var    Value     Gradient |Var    Value     Gradient
  1 -0.28975 -2.09823e-01 |  2 -0.00955  9.19783e-02 |  3 -0.01015  1.07520e-01
  4 -0.01055  1.25571e-01 |  5 -0.01033  1.11408e-01 |  6 -0.00850  3.46991e-01
  7 -0.01147  1.04292e-01 |  8 -0.00687  1.18046e-01 |  9  0.00443 -2.36602e-02
 10 -0.00127 -5.75622e-02 | 11 -0.00587  2.72654e-01 | 12 -0.00214 -3.19925e-01
 13 -0.01508 -3.38566e-01 | 14 -0.02263  1.43553e-01 | 15 -0.02218  1.72817e-01
 16 -0.00562  3.19688e-01 | 17 -0.00130  2.45040e-01 | 18  0.00383 -3.14308e-01
 19  0.01391 -3.05786e-01 | 20  0.00214  1.29688e-01 | 21  0.01858  3.04117e-01
 22  0.02756  3.01815e-02 | 23  0.02478 -6.02537e-02 | 24  0.00036 -9.79951e-02
 25 -0.00206 -2.06318e-01 | 26  0.00814 -3.19886e-01 | 27 -0.00730  8.86509e-02
 28  0.00470  3.16424e-01 | 29  0.00183 -3.00049e-01 | 30 -0.00236 -8.96115e-02
 31  0.01172  2.08806e-01 | 32  0.00504 -3.57991e-01 | 33 -0.00767 -7.34948e-02
 34 -0.00227  9.66325e-02 | 35  0.00468  1.99133e-01 | 36 -0.00645 -1.80595e-01
 37 -0.00917  1.10321e-01 | 38 -0.00281 -3.61449e-02 | 39  0.00684 -2.02089e-01
 40  0.00405 -2.88536e-01 | 41  0.00000  0.00000e+00 | 42 -0.31770  1.55367e-01
 43 -0.12514 -1.99344e-03 | 44  0.27652 -8.26966e-02 | 45  0.56441 -4.01618e-02
 46 -0.21152  2.32185e-01 | 47 -0.48150  3.00916e-04 | 48  0.36181  5.84390e-02
 49  0.43811 -5.26971e-02 | 50 -0.16369  7.34509e-02 | 51 -0.42005  7.67436e-04
 52  0.43756  1.15332e-01 | 53  0.46372  9.78068e-02 | 54 -0.01913 -3.37137e-03
 55  0.00272  2.60795e-01 | 56  0.02140  1.04253e-01 | 57 -0.22355 -8.32210e-03
 58 -0.29613  1.14969e-01 | 59 -0.15303  4.60651e-02 | 60 -0.03073 -1.73097e-02
 61  0.55625  2.83942e-02 | 62  0.00081  3.45679e-02 | 63  0.06042 -2.61630e-02
 64 -0.02079  1.00853e-01 | 65 -0.12157  1.39958e-03 | 66 -0.25557 -7.89913e-02
 67  0.05801 -1.23086e-01 | 68 -0.17179  1.30026e-02 | 69  0.54219 -6.46142e-02
 70 -0.00129  5.56882e-03 | 71 -0.16034 -4.40707e-03 | 72 -0.17712 -1.99819e-03
 73 -0.33896  8.71619e-05 | 74  0.00501 -6.98578e-03 | 75 -0.10189  1.93345e-02
 76 -0.05348  7.94572e-03 | 77 -0.25641  1.33072e-01 | 78 -0.33855  1.06002e-03
 79  0.44434 -4.44959e-02 | 80  0.51716  4.26425e-02 | 81  0.05390 -1.28540e-01
 82 -0.72609  1.61023e-03 | 83  0.47227  1.94652e-01 | 84  0.52945  8.68426e-02
 85 -0.16817  7.46976e-02 | 86 -0.21924 -1.89623e-02 | 87 -0.01562  8.13044e-02
 88 -0.11636 -2.56654e-02 | 89 -0.01411  9.49694e-02 | 90 -0.66069  1.62678e-03
 91  0.52251 -2.01090e-02 | 92  0.48201  7.97023e-02 |
92 variables; iteration 80; function evaluation 97; phase 6
Function value 5.1525429e+02; maximum gradient component mag 9.3259e-02
Var    Value     Gradient |Var    Value     Gradient |Var    Value     Gradient
  1 -0.28974 -2.68338e-02 |  2 -0.00958 -2.86962e-02 |  3 -0.01018 -1.50616e-02
  4 -0.01055  9.32586e-02 |  5 -0.01035 -8.02115e-03 |  6 -0.00855  6.10689e-02
  7 -0.01147  2.23044e-02 |  8 -0.00688  1.17480e-03 |  9  0.00444 -1.65739e-02
 10 -0.00125  1.40036e-02 | 11 -0.00592  3.84137e-02 | 12 -0.00211 -7.43816e-02
 13 -0.01503  1.00775e-03 | 14 -0.02266 -2.71607e-02 | 15 -0.02218  7.67364e-02
 16 -0.00565  4.83828e-03 | 17 -0.00133  5.28219e-02 | 18  0.00387 -4.01159e-02
 19  0.01394 -5.61569e-02 | 20  0.00213  4.08597e-02 | 21  0.01855  3.91227e-02
 22  0.02757 -1.69014e-02 | 23  0.02479  1.86500e-02 | 24  0.00036 -2.96812e-02
 25 -0.00205 -3.62317e-02 | 26  0.00818 -1.01803e-02 | 27 -0.00732 -3.64111e-02
 28  0.00467  6.85911e-02 | 29  0.00188 -5.39930e-02 | 30 -0.00235  2.34802e-04
 31  0.01169  1.85238e-02 | 32  0.00508 -3.90937e-02 | 33 -0.00768 -1.35516e-02
 34 -0.00228  1.52371e-02 | 35  0.00465  2.39673e-02 | 36 -0.00642 -2.64611e-02
 37 -0.00919  1.71252e-02 | 38 -0.00281 -4.12864e-03 | 39  0.00688 -2.57250e-02
 40  0.00413 -3.61344e-02 | 41  0.00000  0.00000e+00 | 42 -0.31774  1.95386e-02
 43 -0.12511 -2.81556e-04 | 44  0.27649 -9.60434e-03 | 45  0.56448 -6.01561e-03
 46 -0.21169  2.85692e-02 | 47 -0.48126  1.92259e-04 | 48  0.36156  5.67364e-03
 49  0.43835 -8.10156e-03 | 50 -0.16377  8.50992e-03 | 51 -0.41993  1.37512e-04
 52  0.43739  1.70278e-02 | 53  0.46365  7.14189e-03 | 54 -0.01911  5.52869e-03
 55  0.00270  3.41223e-02 | 56  0.02142  1.44017e-02 | 57 -0.22330 -1.76252e-03
 58 -0.29608  3.88824e-02 | 59 -0.15308  1.08987e-02 | 60 -0.03071  3.89236e-05
 61  0.55627  6.53020e-03 | 62  0.00062 -1.72725e-02 | 63  0.06069  3.56564e-02
 64 -0.02087  2.88541e-03 | 65 -0.12153  8.45301e-04 | 66 -0.25576 -1.05925e-02
 67  0.05810 -1.81736e-02 | 68 -0.17237  3.66348e-03 | 69  0.54241 -2.05915e-03
 70 -0.00128  2.46181e-03 | 71 -0.16047 -4.62606e-03 | 72 -0.17662 -1.36413e-03
 73 -0.33898 -1.79915e-04 | 74  0.00495 -2.39347e-03 | 75 -0.10184  3.26594e-03
 76 -0.05372 -2.68220e-03 | 77 -0.25642  2.27499e-02 | 78 -0.33856 -9.07204e-05
 79  0.44436 -1.41941e-02 | 80  0.51702 -1.26200e-02 | 81  0.05396 -1.63981e-02
 82 -0.72616 -5.13153e-05 | 83  0.47227  2.89764e-02 | 84  0.52937  1.23033e-02
 85 -0.16817  8.00273e-03 | 86 -0.21930 -1.09269e-02 | 87 -0.01563  7.90876e-03
 88 -0.11608  1.32323e-02 | 89 -0.01409  1.74663e-02 | 90 -0.66067  2.89987e-04
 91  0.52255 -4.78362e-04 | 92  0.48188  9.32323e-03 |

 - final statistics:
92 variables; iteration 90; function evaluation 111
Function value 5.1525e+02; maximum gradient component mag 4.9876e-05
Exit code = 1;  converg criter 1.0000e-04
Var    Value     Gradient |Var    Value     Gradient |Var    Value     Gradient
  1 -0.28974 -1.23307e-05 |  2 -0.00957 -7.51399e-07 |  3 -0.01018  4.43641e-07
  4 -0.01057  1.77645e-05 |  5 -0.01034  3.42671e-06 |  6 -0.00857  2.22893e-05
  7 -0.01147  9.01979e-06 |  8 -0.00688  3.45951e-06 |  9  0.00445 -2.37310e-06
 10 -0.00125  3.93826e-07 | 11 -0.00593  1.68157e-05 | 12 -0.00210 -2.26647e-05
 13 -0.01503 -1.33595e-05 | 14 -0.02266  1.58228e-06 | 15 -0.02219  2.07925e-05
 16 -0.00565  1.19388e-05 | 17 -0.00134  1.88023e-05 | 18  0.00388 -1.90443e-05
 19  0.01395 -1.89353e-05 | 20  0.00212  1.03409e-05 | 21  0.01854  1.83672e-05
 22  0.02757 -9.85210e-07 | 23  0.02479  9.34139e-07 | 24  0.00036 -7.83757e-06
 25 -0.00205 -1.35705e-05 | 26  0.00818 -1.59074e-05 | 27 -0.00731 -2.08049e-06
 28  0.00466  2.15513e-05 | 29  0.00189 -1.93630e-05 | 30 -0.00235 -2.77484e-06
 31  0.01168  1.13347e-05 | 32  0.00509 -2.21137e-05 | 33 -0.00768 -4.14362e-06
 34 -0.00228  5.63226e-06 | 35  0.00464  1.25539e-05 | 36 -0.00641 -9.40504e-06
 37 -0.00919  8.43752e-06 | 38 -0.00281 -3.02775e-06 | 39  0.00688  5.95684e-06
 40  0.00414 -9.33371e-06 | 41  0.00000  0.00000e+00 | 42 -0.31776  7.73657e-06
 43 -0.12511  1.70870e-05 | 44  0.27647 -6.30428e-06 | 45  0.56449 -3.94595e-06
 46 -0.21171  1.06606e-05 | 47 -0.48130  4.44323e-05 | 48  0.36153  3.35585e-06
 49  0.43838 -3.90089e-06 | 50 -0.16378  3.55142e-06 | 51 -0.41995  5.20170e-06
 52  0.43737  7.98047e-06 | 53  0.46366  5.13334e-06 | 54 -0.01917 -7.91645e-07
 55  0.00269  1.75235e-05 | 56  0.02142  7.18887e-06 | 57 -0.22323 -2.04901e-07
 58 -0.29621  1.35735e-05 | 59 -0.15311  6.46702e-06 | 60 -0.03073  5.66200e-06
 61  0.55625  3.64529e-07 | 62  0.00076  1.44392e-05 | 63  0.06044  8.79993e-06
 64 -0.02086  1.09383e-06 | 65 -0.12154  1.91242e-05 | 66 -0.25580 -6.21295e-06
 67  0.05816 -9.80573e-06 | 68 -0.17248  2.36678e-06 | 69  0.54236 -8.34189e-07
 70 -0.00127  3.13676e-06 | 71 -0.16043 -3.18370e-06 | 72 -0.17653 -2.64276e-07
 73 -0.33898  6.13822e-07 | 74  0.00494 -5.69824e-07 | 75 -0.10186  2.16758e-06
 76 -0.05369 -2.62001e-06 | 77 -0.25647  7.89138e-06 | 78 -0.33856  2.04291e-08
 79  0.44433 -3.25897e-06 | 80  0.51713  5.19974e-07 | 81  0.05394 -4.57733e-06
 82 -0.72614  1.09530e-05 | 83  0.47223  1.06716e-05 | 84  0.52933  3.09283e-06
 85 -0.16817  4.88910e-06 | 86 -0.21922 -6.26229e-06 | 87 -0.01561 -3.43510e-07
 88 -0.11632 -2.58766e-06 | 89 -0.01410  7.03246e-06 | 90 -0.66066  4.98763e-05
 91  0.52253 -1.39612e-06 | 92  0.48188  4.49891e-06 |
Estimating row 1 out of 92 for hessian
Estimating row 2 out of 92 for hessian
Estimating row 3 out of 92 for hessian
Estimating row 4 out of 92 for hessian
Estimating row 5 out of 92 for hessian
Estimating row 6 out of 92 for hessian
Estimating row 7 out of 92 for hessian
Estimating row 8 out of 92 for hessian
Estimating row 9 out of 92 for hessian
Estimating row 10 out of 92 for hessian
Estimating row 11 out of 92 for hessian
Estimating row 12 out of 92 for hessian
Estimating row 13 out of 92 for hessian
Estimating row 14 out of 92 for hessian
Estimating row 15 out of 92 for hessian
Estimating row 16 out of 92 for hessian
Estimating row 17 out of 92 for hessian
Estimating row 18 out of 92 for hessian
Estimating row 19 out of 92 for hessian
Estimating row 20 out of 92 for hessian
Estimating row 21 out of 92 for hessian
Estimating row 22 out of 92 for hessian
Estimating row 23 out of 92 for hessian
Estimating row 24 out of 92 for hessian
Estimating row 25 out of 92 for hessian
Estimating row 26 out of 92 for hessian
Estimating row 27 out of 92 for hessian
Estimating row 28 out of 92 for hessian
Estimating row 29 out of 92 for hessian
Estimating row 30 out of 92 for hessian
Estimating row 31 out of 92 for hessian
Estimating row 32 out of 92 for hessian
Estimating row 33 out of 92 for hessian
Estimating row 34 out of 92 for hessian
Estimating row 35 out of 92 for hessian
Estimating row 36 out of 92 for hessian
Estimating row 37 out of 92 for hessian
Estimating row 38 out of 92 for hessian
Estimating row 39 out of 92 for hessian
Estimating row 40 out of 92 for hessian
Estimating row 41 out of 92 for hessian
Estimating row 42 out of 92 for hessian
Estimating row 43 out of 92 for hessian
Estimating row 44 out of 92 for hessian
Estimating row 45 out of 92 for hessian
Estimating row 46 out of 92 for hessian
Estimating row 47 out of 92 for hessian
Estimating row 48 out of 92 for hessian
Estimating row 49 out of 92 for hessian
Estimating row 50 out of 92 for hessian
Estimating row 51 out of 92 for hessian
Estimating row 52 out of 92 for hessian
Estimating row 53 out of 92 for hessian
Estimating row 54 out of 92 for hessian
Estimating row 55 out of 92 for hessian
Estimating row 56 out of 92 for hessian
Estimating row 57 out of 92 for hessian
Estimating row 58 out of 92 for hessian
Estimating row 59 out of 92 for hessian
Estimating row 60 out of 92 for hessian
Estimating row 61 out of 92 for hessian
Estimating row 62 out of 92 for hessian
Estimating row 63 out of 92 for hessian
Estimating row 64 out of 92 for hessian
Estimating row 65 out of 92 for hessian
Estimating row 66 out of 92 for hessian
Estimating row 67 out of 92 for hessian
Estimating row 68 out of 92 for hessian
Estimating row 69 out of 92 for hessian
Estimating row 70 out of 92 for hessian
Estimating row 71 out of 92 for hessian
Estimating row 72 out of 92 for hessian
Estimating row 73 out of 92 for hessian
Estimating row 74 out of 92 for hessian
Estimating row 75 out of 92 for hessian
Estimating row 76 out of 92 for hessian
Estimating row 77 out of 92 for hessian
Estimating row 78 out of 92 for hessian
Estimating row 79 out of 92 for hessian
Estimating row 80 out of 92 for hessian
Estimating row 81 out of 92 for hessian
Estimating row 82 out of 92 for hessian
Estimating row 83 out of 92 for hessian
Estimating row 84 out of 92 for hessian
Estimating row 85 out of 92 for hessian
Estimating row 86 out of 92 for hessian
Estimating row 87 out of 92 for hessian
Estimating row 88 out of 92 for hessian
Estimating row 89 out of 92 for hessian
Estimating row 90 out of 92 for hessian
Estimating row 91 out of 92 for hessian
Estimating row 92 out of 92 for hessian
size of file gradfil1.tmp = 189600000
size of file gradfil2.tmp = 0
size of file varssave.tmp = 0
size of file cmpdiff.tmp = 400000016
