
Initial statistics: 2 variables; iteration 0; function evaluation 0; phase 1
Function value 2.6708400e+03; maximum gradient component mag 9.2523e+03
Var    Value     Gradient |Var    Value     Gradient |Var    Value     Gradient
  1 -0.41506  9.25227e+03 |  2  0.27750  9.07928e+02 |

Intermediate statistics: 2 variables; iteration 20; function evaluation 45; phase 1
Function value 1.6823321e+03; maximum gradient component mag -5.5972e+03
Var    Value     Gradient |Var    Value     Gradient |Var    Value     Gradient
  1 -0.42107 -5.59718e+03 |  2  0.05299 -9.92284e+02 |

 - final statistics:
2 variables; iteration 24; function evaluation 49
Function value 1.6821e+03; maximum gradient component mag -2.0889e+00
Exit code = 1;  converg criter 1.0000e+01
Var    Value     Gradient |Var    Value     Gradient |Var    Value     Gradient
  1 -0.42025 -2.08891e+00 |  2  0.04881 -3.90702e-01 |

Initial statistics: 51 variables; iteration 0; function evaluation 0; phase 2
Function value 1.6821374e+03; maximum gradient component mag -1.8907e+03
Var    Value     Gradient |Var    Value     Gradient |Var    Value     Gradient
  1 -0.42025 -2.08891e+00 |  2  0.04881 -3.90702e-01 |  3  0.00000 -1.06889e+01
  4  0.00000 -3.30769e+02 |  5  0.00000 -7.90581e+01 |  6  0.00000 -1.73154e+02
  7  0.00000 -7.97726e+01 |  8  0.00000 -3.06541e+02 |  9  0.00000 -6.32180e+02
 10  0.00000 -3.67599e+02 | 11  0.00000 -1.99688e+02 | 12  0.00000 -3.63969e+02
 13  0.00000 -2.37761e+02 | 14  0.00000  2.10554e+02 | 15  0.00000 -2.38592e+02
 16  0.00000  3.65160e+02 | 17  0.00000  3.25625e+02 | 18  0.00000  2.74207e+02
 19  0.00000  5.01188e+02 | 20  0.00000  2.71280e+02 | 21  0.00000  2.36838e+02
 22  0.00000  4.20160e+02 | 23  0.00000  2.50280e+02 | 24  0.00000  2.15629e+02
 25  0.00000  4.99459e+02 | 26  0.00000  1.24792e+02 | 27  0.00000  5.55562e+02
 28  0.00000 -3.72307e+02 | 29  0.00000  2.11715e+02 | 30  0.00000  1.07934e+02
 31  0.00000 -6.55655e+02 | 32  0.00000  1.11384e+02 | 33  0.00000  4.01620e+02
 34  0.00000 -1.81911e+02 | 35  0.00000  6.77096e+01 | 36  0.00000 -7.84157e+02
 37  0.00000 -2.59015e+02 | 38  0.00000  9.94895e+01 | 39  0.00000  4.50625e+02
 40  0.00000 -4.80225e+02 | 41  0.00000 -2.88300e+02 | 42  0.00000  1.58945e+02
 43  0.00000 -1.89072e+03 | 44  0.00000  3.27739e+02 | 45  0.00000  3.45666e+02
 46  0.00000  3.29138e+02 | 47  0.00000  8.76220e+02 | 48  0.00000 -3.15512e+02
 49  0.00000  4.27753e+02 | 50  0.00000  2.86185e+02 | 51  0.00000 -2.05284e+02

Intermediate statistics: 51 variables; iteration 20; function evaluation 33; phase 2
Function value 1.1084615e+03; maximum gradient component mag 5.9048e+04
Var    Value     Gradient |Var    Value     Gradient |Var    Value     Gradient
  1 -0.47143  5.90484e+04 |  2  0.12962  1.09715e+04 |  3  0.04608  1.71372e+03
  4  0.05137  1.67317e+03 |  5  0.03984  2.21631e+03 |  6  0.07291  2.06138e+03
  7  0.08349  1.10205e+03 |  8  0.11609  1.70258e+03 |  9  0.07458  1.61245e+03
 10  0.09875  2.27420e+03 | 11  0.07491  2.46519e+03 | 12  0.05607  1.97068e+03
 13  0.04182  3.22209e+03 | 14 -0.00799  2.77114e+03 | 15 -0.00383  1.17551e+03
 16 -0.01152  2.63297e+03 | 17 -0.02004  2.49367e+03 | 18 -0.03017  1.94892e+03
 19 -0.03536  2.31348e+03 | 20 -0.03471  1.24122e+03 | 21 -0.06588 -3.85539e+01
 22 -0.04814  4.13188e+02 | 23 -0.02598  5.75424e+02 | 24 -0.03610  1.09710e+01
 25 -0.09170 -7.81484e+02 | 26 -0.03352 -5.03685e+02 | 27 -0.09547 -1.01128e+03
 28  0.02888 -5.70104e+02 | 29 -0.04400 -1.22082e+03 | 30 -0.02653 -1.35213e+03
 31  0.08469 -8.68895e+02 | 32 -0.00899 -1.34674e+03 | 33 -0.05833 -1.52630e+03
 34  0.01729 -1.33250e+03 | 35 -0.01169 -1.44878e+03 | 36  0.09206 -7.05560e+02
 37  0.03023 -1.31078e+03 | 38 -0.02376 -1.62049e+03 | 39 -0.08833 -1.69003e+03
 40  0.05695 -1.05962e+03 | 41  0.04614 -1.22951e+03 | 42 -0.01427 -1.54615e+03
 43  0.13045 -1.08117e+03 | 44 -0.03093 -1.62061e+03 | 45 -0.01510 -1.54505e+03
 46 -0.04268 -1.91867e+03 | 47 -0.12295 -2.05224e+03 | 48 -0.00514 -2.06357e+03
 49 -0.13445 -2.11444e+03 | 50 -0.15776 -2.04231e+03 | 51  0.07788 -1.96353e+03
51 variables; iteration 40; function evaluation 64; phase 2
Function value 1.0722647e+03; maximum gradient component mag 1.3695e+04
Var    Value     Gradient |Var    Value     Gradient |Var    Value     Gradient
  1 -0.47875  1.36948e+04 |  2  0.14753  2.24714e+03 |  3  0.05184  5.29107e+02
  4  0.05554  2.69145e+02 |  5  0.03609  4.51336e+02 |  6  0.08592  5.81456e+02
  7  0.10232  4.40901e+02 |  8  0.13213  4.55183e+02 |  9  0.08972  1.27300e+02
 10  0.11379  5.24453e+02 | 11  0.08432  6.06743e+02 | 12  0.05974  2.72695e+02
 13  0.04676  6.71939e+02 | 14 -0.01377  6.20046e+02 | 15 -0.00928 -4.21250e+01
 16 -0.01445  7.00949e+02 | 17 -0.02567  4.99941e+02 | 18 -0.02916  3.58830e+02
 19 -0.04178  5.22132e+02 | 20 -0.03324  1.98964e+02 | 21 -0.07448 -1.94922e+02
 22 -0.06079  8.97176e+00 | 23 -0.02638  6.44701e+01 | 24 -0.03945 -9.60997e+01
 25 -0.08928 -1.66002e+02 | 26 -0.02982 -1.65787e+02 | 27 -0.10335 -2.34556e+02
 28  0.03456 -1.94415e+02 | 29 -0.04456 -3.10128e+02 | 30 -0.01930 -3.08007e+02
 31  0.08312 -1.78845e+02 | 32 -0.00987 -2.58423e+02 | 33 -0.06457 -3.22592e+02
 34  0.01610 -2.63009e+02 | 35 -0.01605 -2.80744e+02 | 36  0.07486 -1.19703e+02
 37  0.01969 -2.42310e+02 | 38 -0.01743 -2.72717e+02 | 39 -0.07765 -2.78199e+02
 40  0.04533 -1.09378e+02 | 41  0.03838 -1.43137e+02 | 42 -0.02791 -3.21398e+02
 43  0.13036 -8.25024e+01 | 44 -0.03397 -2.71661e+02 | 45 -0.02833 -2.93296e+02
 46 -0.04001 -4.16803e+02 | 47 -0.11088 -4.56600e+02 | 48 -0.00921 -5.09791e+02
 49 -0.11234 -4.91881e+02 | 50 -0.15881 -5.22892e+02 | 51  0.05709 -4.60924e+02
51 variables; iteration 60; function evaluation 98; phase 2
Function value 1.0148844e+03; maximum gradient component mag 3.5244e+03
Var    Value     Gradient |Var    Value     Gradient |Var    Value     Gradient
  1 -0.49477  3.52444e+03 |  2  0.22584  3.67548e+02 |  3  0.03810  1.99274e+02
  4  0.05542 -7.10437e-01 |  5  0.02086  8.24029e+01 |  6  0.06933  1.35812e+02
  7  0.10809  2.81457e+02 |  8  0.15326  2.74957e+02 |  9  0.11512 -8.86289e+01
 10  0.13160  1.97935e+02 | 11  0.09488  2.45806e+02 | 12  0.08260  5.76625e+01
 13  0.05096  1.30614e+02 | 14 -0.02945  1.55408e+02 | 15  0.02733 -3.86584e+01
 16 -0.04429  1.78670e+02 | 17 -0.02728  1.26109e+02 | 18 -0.02608  4.72247e+01
 19 -0.07491  2.20212e+01 | 20 -0.02240  5.01211e+01 | 21 -0.03816 -1.41557e+01
 22 -0.07664 -6.30312e+01 | 23 -0.02652 -1.62696e+01 | 24 -0.03364 -2.98252e+01
 25 -0.09962 -3.67735e+01 | 26 -0.02257  2.51147e+01 | 27 -0.10726 -7.17408e+00
 28  0.04474  7.76308e+01 | 29 -0.04075 -2.63207e+01 | 30 -0.01164  1.73165e+01
 31  0.06994 -3.40971e+01 | 32 -0.02276 -3.79057e+01 | 33 -0.07113 -3.91090e+01
 34  0.00718 -6.60919e+01 | 35 -0.02720 -8.09224e+01 | 36  0.05610 -1.71496e+02
 37  0.00597 -1.18531e+02 | 38 -0.02076 -6.46460e+01 | 39 -0.10531 -1.51618e+02
 40  0.02224 -1.99420e+02 | 41  0.00335 -2.59655e+02 | 42 -0.02344 -3.48151e+01
 43  0.12246 -1.17131e+02 | 44 -0.05201 -1.20441e+02 | 45 -0.04300 -1.45644e+02
 46 -0.03444 -5.67978e+01 | 47 -0.09924 -5.86773e+01 | 48  0.00248 -5.62977e+01
 49 -0.08859 -6.34022e+01 | 50 -0.07558 -1.50523e+00 | 51  0.06541 -1.11866e+02
Maximum number of function evaluations exceeded

 - final statistics:
51 variables; iteration 63; function evaluation 100
Function value 1.0009e+03; maximum gradient component mag 5.2300e+03
Exit code = 3;  converg criter 1.0000e+01
Var    Value     Gradient |Var    Value     Gradient |Var    Value     Gradient
  1 -0.50600  5.23005e+03 |  2  0.27220  7.08850e+02 |  3  0.02947  1.10370e+02
  4  0.06189  2.79593e+01 |  5  0.01427  2.50600e+01 |  6  0.06117  7.13761e+01
  7  0.09984  2.20480e+02 |  8  0.16117  3.39616e+02 |  9  0.13448  7.12388e+01
 10  0.14111  2.89819e+02 | 11  0.09779  2.86978e+02 | 12  0.09798  2.10861e+02
 13  0.05790  2.46317e+02 | 14 -0.03280  1.66494e+02 | 15  0.04546  1.69044e+02
 16 -0.06176  1.28315e+02 | 17 -0.02618  2.05970e+02 | 18 -0.02006  1.82664e+02
 19 -0.08749  9.34435e+00 | 20 -0.01487  1.94750e+02 | 21 -0.02519  1.17668e+02
 22 -0.07728 -5.00688e+01 | 23 -0.02780  3.22597e+01 | 24 -0.02868  5.06814e+01
 25 -0.10872 -7.72613e+01 | 26 -0.02262  7.37972e+01 | 27 -0.11380 -4.82121e+01
 28  0.04171  1.21893e+02 | 29 -0.04356 -4.52247e+01 | 30 -0.01306  1.17189e+01
 31  0.06328 -6.14114e+01 | 32 -0.02836 -8.60138e+01 | 33 -0.07657 -9.81608e+01
 34  0.00326 -1.11779e+02 | 35 -0.03055 -1.35761e+02 | 36  0.05187 -2.24206e+02
 37  0.00810 -1.24748e+02 | 38 -0.02235 -1.24647e+02 | 39 -0.10937 -2.26651e+02
 40  0.02018 -2.51339e+02 | 41 -0.00617 -3.76304e+02 | 42 -0.02807 -1.16180e+02
 43  0.12304 -1.10528e+02 | 44 -0.05507 -1.94854e+02 | 45 -0.04527 -2.29180e+02
 46 -0.03261 -1.09594e+02 | 47 -0.09682 -1.24371e+02 | 48  0.00689 -9.05474e+01
 49 -0.08174 -1.14132e+02 | 50 -0.07646 -8.85123e+01 | 51  0.07524 -1.67823e+02

Initial statistics: 59 variables; iteration 0; function evaluation 0; phase 3
Function value 1.0008726e+03; maximum gradient component mag 5.2300e+03
Var    Value     Gradient |Var    Value     Gradient |Var    Value     Gradient
  1 -0.50600  5.23005e+03 |  2  0.27220  7.08850e+02 |  3  0.00000  1.86380e+02
  4  0.00000  2.02962e+02 |  5  0.00000  2.18520e+02 |  6  0.00000  2.08653e+02
  7  0.00000  1.32418e+02 |  8  0.00000  1.82243e+02 |  9  0.00000  8.48260e+01
 10  0.00000  3.91753e+01 | 11  0.02947  1.10497e+02 | 12  0.06189  2.80859e+01
 13  0.01427  2.51872e+01 | 14  0.06117  7.15027e+01 | 15  0.09985  2.20605e+02
 16  0.16118  3.39738e+02 | 17  0.13448  7.13632e+01 | 18  0.14111  2.89943e+02
 19  0.09780  2.87104e+02 | 20  0.09798  2.10986e+02 | 21  0.05790  2.46443e+02
 22 -0.03280  1.66621e+02 | 23  0.04547  1.69171e+02 | 24 -0.06176  1.28442e+02
 25 -0.02618  2.06097e+02 | 26 -0.02006  1.82792e+02 | 27 -0.08748  9.47043e+00
 28 -0.01486  1.94878e+02 | 29 -0.02519  1.17795e+02 | 30 -0.07727 -4.99425e+01
 31 -0.02780  3.23869e+01 | 32 -0.02868  5.08085e+01 | 33 -0.10872 -7.71359e+01
 34 -0.02261  7.39244e+01 | 35 -0.11379 -4.80869e+01 | 36  0.04172  1.22020e+02
 37 -0.04356 -4.50978e+01 | 38 -0.01306  1.18461e+01 | 39  0.06329 -6.12847e+01
 40 -0.02835 -8.58867e+01 | 41 -0.07657 -9.80346e+01 | 42  0.00326 -1.11652e+02
 43 -0.03054 -1.35634e+02 | 44  0.05188 -2.24079e+02 | 45  0.00811 -1.24621e+02
 46 -0.02235 -1.24520e+02 | 47 -0.10936 -2.26526e+02 | 48  0.02019 -2.51211e+02
 49 -0.00616 -3.76176e+02 | 50 -0.02807 -1.16053e+02 | 51  0.12304 -1.10403e+02
 52 -0.05506 -1.94727e+02 | 53 -0.04526 -2.29054e+02 | 54 -0.03260 -1.09467e+02
 55 -0.09681 -1.24245e+02 | 56  0.00689 -9.04202e+01 | 57 -0.08173 -1.14006e+02
 58 -0.07646 -8.83860e+01 | 59  0.07524 -1.67696e+02 |

Intermediate statistics: 59 variables; iteration 20; function evaluation 29; phase 3
Function value 9.7362836e+02; maximum gradient component mag 4.7775e+03
Var    Value     Gradient |Var    Value     Gradient |Var    Value     Gradient
  1 -0.52255  4.77746e+03 |  2  0.31817  5.95782e+02 |  3 -0.04891  6.88029e+01
  4 -0.00554  1.24710e+02 |  5  0.00907  1.56658e+02 |  6  0.00900  1.53448e+02
  7  0.03413  1.45209e+02 |  8  0.00782  1.40610e+02 |  9  0.03204  1.53656e+02
 10  0.02913  1.17742e+02 | 11  0.03379  6.09563e+01 | 12  0.07904  6.59365e+01
 13  0.02849  4.00210e+01 | 14  0.06971  5.29482e+01 | 15  0.08293  8.53437e+01
 16  0.15703  2.34602e+02 | 17  0.15862  1.78874e+02 | 18  0.14108  2.14078e+02
 19  0.09563  2.03409e+02 | 20  0.10654  2.08597e+02 | 21  0.06660  2.51631e+02
 22 -0.03180  1.34443e+02 | 23  0.05579  2.07600e+02 | 24 -0.06497  9.03131e+01
 25 -0.02357  1.88248e+02 | 26 -0.01220  2.20077e+02 | 27 -0.07387  7.38940e+01
 28 -0.01383  1.94317e+02 | 29 -0.02520  1.14758e+02 | 30 -0.06393  1.30307e+01
 31 -0.02322  6.40247e+01 | 32 -0.02835  6.06058e+01 | 33 -0.10302 -4.41531e+01
 34 -0.02566  6.38467e+01 | 35 -0.12061 -7.22758e+01 | 36  0.02883  5.66352e+00
 37 -0.04722 -5.91733e+01 | 38 -0.02307 -3.57163e+01 | 39  0.06005 -7.14808e+01
 40 -0.03192 -9.69564e+01 | 41 -0.08096 -1.09654e+02 | 42  0.00011 -1.25933e+02
 43 -0.03150 -1.27933e+02 | 44  0.05840 -1.09754e+02 | 45  0.00419 -1.41706e+02
 46 -0.02613 -1.37979e+02 | 47 -0.09461 -1.43056e+02 | 48  0.02377 -1.58422e+02
 49  0.00752 -2.24624e+02 | 50 -0.03119 -1.16069e+02 | 51  0.12249 -1.01173e+02
 52 -0.05243 -1.61304e+02 | 53 -0.03984 -1.62562e+02 | 54 -0.03878 -1.65128e+02
 55 -0.10578 -1.66783e+02 | 56  0.00074 -8.65847e+01 | 57 -0.10492 -1.77203e+02
 58 -0.11960 -1.72094e+02 | 59  0.05503 -1.92000e+02 |
59 variables; iteration 40; function evaluation 56; phase 3
Function value 9.6805852e+02; maximum gradient component mag 1.4822e+03
Var    Value     Gradient |Var    Value     Gradient |Var    Value     Gradient
  1 -0.53051  1.48220e+03 |  2  0.35209  1.90180e+02 |  3 -0.01428  2.20528e+01
  4 -0.03142  1.49479e+01 |  5 -0.01592  2.67035e+01 |  6  0.01329  4.37913e+01
  7  0.04879  4.66970e+01 |  8  0.02312  6.92314e+01 |  9  0.03898  3.58465e+01
 10  0.03842  2.28753e+01 | 11  0.02939  5.75341e+00 | 12  0.08713  1.77354e+01
 13  0.02817 -1.94807e+01 | 14  0.07699  2.12351e+01 | 15  0.07406  3.39981e+01
 16  0.14189  5.63041e+01 | 17  0.17039  4.82881e+01 | 18  0.14240  7.35767e+01
 19  0.09292  6.48461e+01 | 20  0.11383  7.61056e+01 | 21  0.07035  6.91695e+01
 22 -0.03778  2.71951e+01 | 23  0.06656  9.37606e+01 | 24 -0.07056  2.08495e+01
 25 -0.01760  7.91326e+01 | 26 -0.00850  7.44642e+01 | 27 -0.07374 -1.06331e+01
 28 -0.01437  5.11056e+01 | 29 -0.02699  2.56453e+01 | 30 -0.05695  1.22392e+01
 31 -0.01580  3.72755e+01 | 32 -0.02761  1.96437e+01 | 33 -0.10343 -2.02989e+01
 34 -0.03908 -5.62044e+01 | 35 -0.12812 -5.04260e+01 | 36  0.02711 -1.01811e+01
 37 -0.05112 -2.97508e+01 | 38 -0.03229 -3.09265e+01 | 39  0.05777 -5.11493e+01
 40 -0.03053 -1.20855e+01 | 41 -0.08370 -3.33382e+01 | 42  0.00201 -2.01910e+01
 43 -0.02964 -2.07973e+01 | 44  0.06068  7.84967e+00 | 45  0.00091 -6.86596e+01
 46 -0.02402 -1.32110e+01 | 47 -0.09408 -2.90500e+01 | 48  0.02905  3.20237e+01
 49  0.01491 -3.49149e+01 | 50 -0.03917 -5.74152e+01 | 51  0.12006 -5.17243e+01
 52 -0.04765 -2.05546e+01 | 53 -0.04101 -6.10763e+01 | 54 -0.03822 -4.72469e+01
 55 -0.10262 -3.54817e+01 | 56 -0.00850 -9.51215e+01 | 57 -0.10315 -5.13414e+01
 58 -0.12657 -7.75400e+01 | 59  0.06503 -4.50998e+01 |
59 variables; iteration 60; function evaluation 93; phase 3
Function value 9.6561154e+02; maximum gradient component mag 4.5908e+02
Var    Value     Gradient |Var    Value     Gradient |Var    Value     Gradient
  1 -0.53234  4.59082e+02 |  2  0.36170  7.09144e+01 |  3 -0.00946  7.74300e+00
  4 -0.01016  8.65039e+00 |  5 -0.01075  1.08829e+01 |  6  0.00492  1.26624e+01
  7  0.04982  1.22577e+01 |  8  0.01096  1.36124e+01 |  9  0.04375  1.53432e+01
 10  0.04415  1.33356e+01 | 11  0.02792  1.44869e+00 | 12  0.08914  8.29633e+00
 13  0.03592  3.81083e+00 | 14  0.07690  5.42180e+00 | 15  0.06179  6.76665e-01
 16  0.13629  1.29902e+01 | 17  0.17630  1.84538e+01 | 18  0.13910  1.71264e+01
 19  0.08904  1.48789e+01 | 20  0.11372  1.90131e+01 | 21  0.07284  2.15491e+01
 22 -0.03715  8.75818e+00 | 23  0.06527  2.04392e+01 | 24 -0.07178  5.67577e+00
 25 -0.02139  1.58121e+01 | 26 -0.00934  1.94051e+01 | 27 -0.06352  9.56273e+00
 28 -0.01426  1.82805e+01 | 29 -0.02619  1.06219e+01 | 30 -0.05798  2.88169e+00
 31 -0.01727  9.75472e+00 | 32 -0.02886  3.44394e+00 | 33 -0.10381 -6.23004e+00
 34 -0.03253  2.30311e+00 | 35 -0.12321 -7.59242e+00 | 36  0.02717  2.91097e+00
 37 -0.05184 -7.39531e+00 | 38 -0.03287 -6.75709e+00 | 39  0.05999 -3.21119e+00
 40 -0.03383 -8.21517e+00 | 41 -0.08483 -1.05431e+01 | 42  0.00091 -8.26671e+00
 43 -0.03127 -9.72974e+00 | 44  0.05899 -3.60924e+00 | 45  0.00477 -8.04431e+00
 46 -0.02665 -1.07178e+01 | 47 -0.09574 -1.19387e+01 | 48  0.02436 -8.39742e+00
 49  0.01537 -9.18706e+00 | 50 -0.03611 -9.79652e+00 | 51  0.12185 -3.43990e+00
 52 -0.05088 -1.19387e+01 | 53 -0.03894 -1.20417e+01 | 54 -0.03792 -1.40079e+01
 55 -0.10458 -1.63996e+01 | 56 -0.00526 -1.70031e+01 | 57 -0.10353 -1.78620e+01
 58 -0.11619 -1.60667e+01 | 59  0.06319 -1.67184e+01 |
Maximum number of function evaluations exceeded

 - final statistics:
59 variables; iteration 64; function evaluation 100
Function value 9.6561e+02; maximum gradient component mag 4.6001e+02
Exit code = 3;  converg criter 1.0000e+00
Var    Value     Gradient |Var    Value     Gradient |Var    Value     Gradient
  1 -0.53235  4.60015e+02 |  2  0.36171  7.10326e+01 |  3 -0.00938  7.80248e+00
  4 -0.01003  8.72462e+00 |  5 -0.01076  1.09322e+01 |  6  0.00487  1.27084e+01
  7  0.04984  1.23538e+01 |  8  0.01094  1.36417e+01 |  9  0.04374  1.53336e+01
 10  0.04415  1.33421e+01 | 11  0.02796  1.59387e+00 | 12  0.08914  8.23430e+00
 13  0.03584  3.42565e+00 | 14  0.07697  5.71501e+00 | 15  0.06180  6.93489e-01
 16  0.13625  1.28728e+01 | 17  0.17631  1.84768e+01 | 18  0.13910  1.71277e+01
 19  0.08901  1.47109e+01 | 20  0.11362  1.83788e+01 | 21  0.07292  2.19624e+01
 22 -0.03715  8.78966e+00 | 23  0.06528  2.05592e+01 | 24 -0.07178  5.71365e+00
 25 -0.02130  1.62404e+01 | 26 -0.00937  1.92996e+01 | 27 -0.06342  1.00250e+01
 28 -0.01430  1.81350e+01 | 29 -0.02624  1.03764e+01 | 30 -0.05802  2.73692e+00
 31 -0.01732  9.48164e+00 | 32 -0.02878  3.85544e+00 | 33 -0.10388 -6.50219e+00
 34 -0.03252  2.32448e+00 | 35 -0.12319 -7.54492e+00 | 36  0.02717  2.95055e+00
 37 -0.05172 -6.97125e+00 | 38 -0.03298 -7.21796e+00 | 39  0.05999 -3.18989e+00
 40 -0.03384 -8.26521e+00 | 41 -0.08483 -1.05660e+01 | 42  0.00092 -8.26295e+00
 43 -0.03127 -9.72217e+00 | 44  0.05899 -3.56822e+00 | 45  0.00477 -7.99612e+00
 46 -0.02665 -1.07436e+01 | 47 -0.09570 -1.16680e+01 | 48  0.02436 -8.36682e+00
 49  0.01538 -9.14570e+00 | 50 -0.03614 -9.92046e+00 | 51  0.12185 -3.33447e+00
 52 -0.05088 -1.19510e+01 | 53 -0.03894 -1.20883e+01 | 54 -0.03791 -1.39975e+01
 55 -0.10459 -1.65410e+01 | 56 -0.00525 -1.70384e+01 | 57 -0.10352 -1.78812e+01
 58 -0.11619 -1.60904e+01 | 59  0.06320 -1.67117e+01 |

Initial statistics: 67 variables; iteration 0; function evaluation 0; phase 4
Function value 9.6561065e+02; maximum gradient component mag -2.1390e+03
Var    Value     Gradient |Var    Value     Gradient |Var    Value     Gradient
  1 -0.53235  4.56959e+02 |  2  0.36171  7.06263e+01 |  3 -0.00938  7.77835e+00
  4 -0.01003  8.70866e+00 |  5 -0.01076  1.08791e+01 |  6  0.00487  1.26240e+01
  7  0.04984  1.22573e+01 |  8  0.01094  1.35321e+01 |  9  0.04374  1.52375e+01
 10  0.04415  1.32700e+01 | 11  0.02796  1.60182e+00 | 12  0.08914  8.20387e+00
 13  0.03584  3.45313e+00 | 14  0.07697  5.66600e+00 | 15  0.06180  7.21086e-01
 16  0.13625  1.28014e+01 | 17  0.17631  1.83744e+01 | 18  0.13910  1.70469e+01
 19  0.08901  1.46442e+01 | 20  0.11362  1.82929e+01 | 21  0.07292  2.18560e+01
 22 -0.03715  8.76806e+00 | 23  0.06529  2.04357e+01 | 24 -0.07178  5.69227e+00
 25 -0.02130  1.61635e+01 | 26 -0.00936  1.91821e+01 | 27 -0.06342  9.93510e+00
 28 -0.01430  1.80018e+01 | 29 -0.02624  1.02917e+01 | 30 -0.05802  2.69762e+00
 31 -0.01732  9.39099e+00 | 32 -0.02878  3.86063e+00 | 33 -0.10388 -6.41676e+00
 34 -0.03252  2.31694e+00 | 35 -0.12319 -7.48611e+00 | 36  0.02717  2.95463e+00
 37 -0.05172 -6.89830e+00 | 38 -0.03298 -7.19177e+00 | 39  0.05999 -3.16798e+00
 40 -0.03384 -8.22175e+00 | 41 -0.08483 -1.04686e+01 | 42  0.00092 -8.19288e+00
 43 -0.03127 -9.63615e+00 | 44  0.05899 -3.55218e+00 | 45  0.00477 -7.92053e+00
 46 -0.02665 -1.06478e+01 | 47 -0.09570 -1.16036e+01 | 48  0.02436 -8.29610e+00
 49  0.01538 -9.06469e+00 | 50 -0.03614 -9.86998e+00 | 51  0.12185 -3.28721e+00
 52 -0.05088 -1.18530e+01 | 53 -0.03894 -1.19991e+01 | 54 -0.03791 -1.38681e+01
 55 -0.10459 -1.64105e+01 | 56 -0.00525 -1.68994e+01 | 57 -0.10352 -1.77459e+01
 58 -0.11619 -1.59709e+01 | 59  0.06320 -1.65662e+01 | 60 -0.11011 -6.84377e+02
 61 -0.15000 -1.34807e+03 | 62 -0.16671 -1.62875e+03 | 63 -0.17620 -2.13896e+03
 64 -0.11992  9.02235e+02 | 65 -0.13710  7.66609e+02 | 66 -0.16155  5.38280e+02
 67 -0.18446  2.12525e+02 |

Intermediate statistics: 67 variables; iteration 20; function evaluation 30; phase 4
Function value 9.3122951e+02; maximum gradient component mag -1.1842e+03
Var    Value     Gradient |Var    Value     Gradient |Var    Value     Gradient
  1 -0.52966  2.07293e+02 |  2  0.34558  5.01248e+01 |  3 -0.00584 -1.19626e+01
  4 -0.01874 -1.45340e+01 |  5 -0.04366 -2.36422e+01 |  6 -0.05720 -3.96681e+01
  7  0.04531 -2.08021e+01 |  8 -0.00202 -1.34571e+01 |  9  0.03660 -1.15372e+01
 10  0.04074  3.08193e+00 | 11  0.02235 -1.21867e+01 | 12  0.08678  1.17526e+01
 13  0.03360  4.02730e+00 | 14  0.07550  9.23918e+00 | 15  0.05816 -2.90921e+00
 16  0.13483  1.44248e+01 | 17  0.17852  4.56178e+01 | 18  0.13891  2.38739e+01
 19  0.08808  1.76042e+01 | 20  0.11344  2.82025e+01 | 21  0.07328  3.28064e+01
 22 -0.03832  1.08526e+01 | 23  0.06612  3.02811e+01 | 24 -0.07343  5.81073e+00
 25 -0.02111  2.21450e+01 | 26 -0.00981  2.20150e+01 | 27 -0.06205  1.49728e+01
 28 -0.01360  1.88432e+01 | 29 -0.02383  1.58881e+01 | 30 -0.05525  8.46124e+00
 31 -0.01654  9.75785e+00 | 32 -0.02832  1.99977e+00 | 33 -0.10117 -4.45189e+00
 34 -0.03055  1.18220e+01 | 35 -0.12212 -1.33520e+01 | 36  0.02121 -6.12704e+01
 37 -0.05202 -1.75077e+01 | 38 -0.03400 -2.02873e+01 | 39  0.06255 -1.95490e+01
 40 -0.02763  1.09849e+01 | 41 -0.08025 -3.43458e+00 | 42 -0.00094 -4.47104e+01
 43 -0.03419 -3.34195e+01 | 44  0.06035 -6.55441e+00 | 45  0.00453 -1.58821e+01
 46 -0.02582 -8.02121e+00 | 47 -0.09368 -8.93740e+00 | 48  0.02688 -5.38612e+00
 49  0.01662 -1.73918e+01 | 50 -0.03669 -1.82220e+01 | 51  0.12079 -1.40590e+01
 52 -0.05447 -2.59905e+01 | 53 -0.04061 -1.41668e+01 | 54 -0.03953 -4.70848e+00
 55 -0.10340 -2.12437e+00 | 56 -0.00090  1.95928e+01 | 57 -0.09993 -1.18915e+01
 58 -0.11673 -2.70389e+01 | 59  0.05507 -4.41884e+01 | 60 -0.10708 -5.21481e+01
 61 -0.14278 -2.59624e+02 | 62 -0.17304 -7.79585e+02 | 63 -0.15728 -1.18423e+03
 64 -0.12970  6.81129e+02 | 65 -0.13217  6.44328e+02 | 66 -0.17000  2.97398e+02
 67 -0.16809  1.28994e+02 |
67 variables; iteration 40; function evaluation 54; phase 4
Function value 9.1617762e+02; maximum gradient component mag 1.8994e+03
Var    Value     Gradient |Var    Value     Gradient |Var    Value     Gradient
  1 -0.53442  1.89943e+03 |  2  0.36301  2.66784e+02 |  3  0.00675  4.31992e+01
  4 -0.03043  2.53563e+01 |  5 -0.03506  2.68804e+01 |  6 -0.03996  1.79156e+01
  7  0.04092  5.72490e+01 |  8  0.00615  6.09690e+01 |  9  0.04204  8.55555e+01
 10  0.03787  5.27782e+01 | 11  0.02193 -1.21818e+01 | 12  0.08228  1.23576e+01
 13  0.03367  2.05190e+01 | 14  0.07929  4.01484e+01 | 15  0.04740 -4.56285e+01
 16  0.13504  2.35330e+01 | 17  0.17709  1.14403e+02 | 18  0.14755  1.10068e+02
 19  0.08616  3.82100e+01 | 20  0.11509  9.26662e+01 | 21  0.07043  8.32684e+01
 22 -0.03051  5.74968e+01 | 23  0.06796  1.13776e+02 | 24 -0.07149  1.97112e+01
 25 -0.01826  8.34700e+01 | 26 -0.00804  9.21054e+01 | 27 -0.06231  4.58160e+01
 28 -0.01335  6.55139e+01 | 29 -0.02019  5.75674e+01 | 30 -0.05647  8.86038e+00
 31 -0.01535  3.88433e+01 | 32 -0.02880  1.58914e+01 | 33 -0.09625  1.57105e-01
 34 -0.03327 -9.34617e+00 | 35 -0.11873 -2.33535e+01 | 36  0.02035 -1.50820e+01
 37 -0.05436 -4.12865e+01 | 38 -0.03644 -4.72337e+01 | 39  0.06340 -1.80072e+01
 40 -0.02160  1.70138e+01 | 41 -0.08280 -5.26153e+01 | 42  0.00253 -5.85906e+00
 43 -0.03455 -4.59115e+01 | 44  0.06202 -8.49730e+00 | 45  0.00543 -3.39975e+01
 46 -0.02969 -8.31101e+01 | 47 -0.09580 -6.47912e+01 | 48  0.02645 -4.66852e+01
 49  0.01511 -5.91898e+01 | 50 -0.03770 -5.63300e+01 | 51  0.12089 -1.00675e+01
 52 -0.05691 -6.69422e+01 | 53 -0.03989 -3.58844e+01 | 54 -0.03761 -2.40428e+01
 55 -0.10766 -8.39109e+01 | 56  0.00191 -2.28223e+01 | 57 -0.10733 -9.89654e+01
 58 -0.10600 -3.98545e+01 | 59  0.04280 -1.06724e+02 | 60 -0.10833  6.97471e+01
 61 -0.14469  9.35401e+01 | 62 -0.17490 -3.42509e+01 | 63 -0.14247 -1.53703e+02
 64 -0.14335  1.77856e+02 | 65 -0.13623  2.01737e+02 | 66 -0.17145  1.17085e+02
 67 -0.15967  7.18343e+01 |
67 variables; iteration 60; function evaluation 86; phase 4
Function value 9.1316144e+02; maximum gradient component mag -8.7942e+02
Var    Value     Gradient |Var    Value     Gradient |Var    Value     Gradient
  1 -0.53263 -8.79421e+02 |  2  0.35405 -1.16687e+02 |  3  0.00177 -8.71125e+00
  4 -0.03223 -1.61994e+01 |  5 -0.04098 -1.62276e+01 |  6 -0.02939 -1.72976e+01
  7  0.03603 -2.41638e+01 |  8 -0.00175 -1.92690e+01 |  9  0.03871 -2.50538e+01
 10  0.04057 -2.54074e+01 | 11  0.02274  6.42077e+00 | 12  0.08488 -1.48068e+01
 13  0.03298 -6.07310e+00 | 14  0.07505 -7.84025e+00 | 15  0.05888  7.21280e+00
 16  0.13486 -8.13884e+00 | 17  0.17750 -5.07381e+01 | 18  0.13857 -2.40788e+01
 19  0.08758 -1.84247e+01 | 20  0.11419 -3.66098e+01 | 21  0.07414 -4.42373e+01
 22 -0.03800 -1.33563e+01 | 23  0.06693 -4.99308e+01 | 24 -0.07344 -8.05839e+00
 25 -0.02021 -3.26013e+01 | 26 -0.00795 -3.97954e+01 | 27 -0.06111 -2.24785e+01
 28 -0.01229 -3.28399e+01 | 29 -0.02264 -1.58106e+01 | 30 -0.05457 -8.67409e+00
 31 -0.01582 -2.52477e+01 | 32 -0.02805 -1.71174e+01 | 33 -0.10000  9.94645e+00
 34 -0.03038 -4.64443e+00 | 35 -0.12104  1.51558e+01 | 36  0.02186 -6.79997e+00
 37 -0.05143  1.18391e+01 | 38 -0.03296  1.31810e+01 | 39  0.06510  4.85031e+00
 40 -0.02716  1.67520e+01 | 41 -0.08039  1.79720e+01 | 42 -0.00094  1.15862e+01
 43 -0.03400  1.54637e+01 | 44  0.06225  6.23806e+00 | 45  0.00466  1.60516e+01
 46 -0.02596  1.97518e+01 | 47 -0.09357  2.51579e+01 | 48  0.02734  1.58350e+01
 49  0.01673  1.61390e+01 | 50 -0.03777  1.77962e+01 | 51  0.12011  1.19208e+01
 52 -0.05585  2.11328e+01 | 53 -0.04246  2.24077e+01 | 54 -0.04130  2.38375e+01
 55 -0.10493  3.13431e+01 | 56 -0.00144  3.09627e+01 | 57 -0.10069  3.36172e+01
 58 -0.11815  3.11573e+01 | 59  0.05116  3.24244e+01 | 60 -0.10895 -4.00077e+01
 61 -0.14568 -7.43599e+01 | 62 -0.17570 -7.57984e+01 | 63 -0.13742 -7.00111e+01
 64 -0.14612 -2.18092e+01 | 65 -0.13876 -2.74554e+01 | 66 -0.17139 -3.31566e+01
 67 -0.15738 -2.63063e+01 |
Maximum number of function evaluations exceeded

 - final statistics:
67 variables; iteration 70; function evaluation 100
Function value 9.1303e+02; maximum gradient component mag 5.1524e+02
Exit code = 3;  converg criter 1.0000e+00
Var    Value     Gradient |Var    Value     Gradient |Var    Value     Gradient
  1 -0.53170  5.15245e+02 |  2  0.35063  7.38969e+01 |  3 -0.01364  1.35220e+01
  4 -0.02706  1.05946e+01 |  5 -0.03790  9.73133e+00 |  6 -0.02606  1.38163e+01
  7  0.03564  1.90961e+01 |  8 -0.00225  1.41297e+01 |  9  0.03683  2.21801e+01
 10  0.03926  2.04523e+01 | 11  0.02163  1.95352e+00 | 12  0.08572  2.31624e+01
 13  0.03311  1.23484e+01 | 14  0.07469  1.07120e+01 | 15  0.05935  1.13903e+00
 16  0.13502  1.36000e+01 | 17  0.17691  3.58737e+01 | 18  0.13762  1.89972e+01
 19  0.08687  1.31523e+01 | 20  0.11318  2.42863e+01 | 21  0.07390  3.25955e+01
 22 -0.03842  8.81976e+00 | 23  0.06750  3.22283e+01 | 24 -0.07116  9.37021e+00
 25 -0.01986  2.13038e+01 | 26 -0.00884  1.95885e+01 | 27 -0.06156  1.10651e+01
 28 -0.01276  1.38229e+01 | 29 -0.02432  2.86816e+00 | 30 -0.05389  4.56413e+00
 31 -0.01481  1.09517e+01 | 32 -0.02678  6.15588e+00 | 33 -0.10239 -1.19548e+01
 34 -0.03039 -1.25728e+00 | 35 -0.12090 -7.59308e+00 | 36  0.02205 -3.41691e+00
 37 -0.05093 -7.43193e+00 | 38 -0.03198 -5.15734e+00 | 39  0.06498 -6.98850e+00
 40 -0.02815 -1.61856e+01 | 41 -0.07864 -7.55748e+00 | 42 -0.00101 -1.42262e+01
 43 -0.03344 -1.12759e+01 | 44  0.06209 -8.40744e+00 | 45  0.00465 -1.38807e+01
 46 -0.02607 -1.48285e+01 | 47 -0.09311 -1.06803e+01 | 48  0.02719 -1.25174e+01
 49  0.01664 -1.33095e+01 | 50 -0.03721 -1.42654e+01 | 51  0.11977 -8.73499e+00
 52 -0.05581 -1.71223e+01 | 53 -0.04236 -1.63391e+01 | 54 -0.04125 -1.81536e+01
 55 -0.10529 -1.84350e+01 | 56 -0.00122 -1.83384e+01 | 57 -0.10068 -1.71831e+01
 58 -0.11879 -2.03282e+01 | 59  0.05226 -1.52819e+01 | 60 -0.10884  1.19532e+01
 61 -0.14559  2.84081e+01 | 62 -0.17577  3.22856e+01 | 63 -0.13733  3.87475e+01
 64 -0.14589  1.11499e+00 | 65 -0.13878  4.46498e+00 | 66 -0.17115  4.49153e+00
 67 -0.15753  6.31076e+00 |

Initial statistics: 69 variables; iteration 0; function evaluation 0; phase 5
Function value 9.1303354e+02; maximum gradient component mag 5.1524e+02
Var    Value     Gradient |Var    Value     Gradient |Var    Value     Gradient
  1 -0.53170  5.15245e+02 |  2  0.35063  7.38969e+01 |  3 -0.01364  1.35220e+01
  4 -0.02706  1.05946e+01 |  5 -0.03790  9.73133e+00 |  6 -0.02606  1.38163e+01
  7  0.03564  1.90961e+01 |  8 -0.00225  1.41297e+01 |  9  0.03683  2.21801e+01
 10  0.03926  2.04523e+01 | 11  0.02163  1.96470e+00 | 12  0.08572  2.31735e+01
 13  0.03311  1.23596e+01 | 14  0.07469  1.07231e+01 | 15  0.05935  1.15017e+00
 16  0.13502  1.36109e+01 | 17  0.17691  3.58845e+01 | 18  0.13762  1.90081e+01
 19  0.08687  1.31633e+01 | 20  0.11318  2.42973e+01 | 21  0.07390  3.26066e+01
 22 -0.03842  8.83093e+00 | 23  0.06750  3.22394e+01 | 24 -0.07116  9.38133e+00
 25 -0.01986  2.13150e+01 | 26 -0.00884  1.95997e+01 | 27 -0.06156  1.10762e+01
 28 -0.01276  1.38340e+01 | 29 -0.02432  2.87933e+00 | 30 -0.05389  4.57527e+00
 31 -0.01481  1.09629e+01 | 32 -0.02678  6.16706e+00 | 33 -0.10238 -1.19437e+01
 34 -0.03039 -1.24611e+00 | 35 -0.12090 -7.58210e+00 | 36  0.02205 -3.40573e+00
 37 -0.05093 -7.42078e+00 | 38 -0.03198 -5.14617e+00 | 39  0.06498 -6.97737e+00
 40 -0.02815 -1.61744e+01 | 41 -0.07864 -7.54638e+00 | 42 -0.00101 -1.42151e+01
 43 -0.03344 -1.12647e+01 | 44  0.06209 -8.39630e+00 | 45  0.00465 -1.38695e+01
 46 -0.02607 -1.48173e+01 | 47 -0.09311 -1.06692e+01 | 48  0.02719 -1.25062e+01
 49  0.01664 -1.32983e+01 | 50 -0.03721 -1.42543e+01 | 51  0.11977 -8.72400e+00
 52 -0.05581 -1.71112e+01 | 53 -0.04236 -1.63279e+01 | 54 -0.04125 -1.81425e+01
 55 -0.10528 -1.84239e+01 | 56 -0.00122 -1.83272e+01 | 57 -0.10068 -1.71721e+01
 58 -0.11879 -2.03172e+01 | 59  0.05226 -1.52708e+01 | 60 -0.10884  1.19532e+01
 61 -0.14559  2.84081e+01 | 62 -0.17577  3.22856e+01 | 63 -0.13733  3.87475e+01
 64 -0.14589  1.11499e+00 | 65 -0.13878  4.46498e+00 | 66 -0.17115  4.49153e+00
 67 -0.15753  6.31076e+00 | 68  1.00000  4.33158e-08 | 69  1.00000  4.33158e-08

Intermediate statistics: 69 variables; iteration 20; function evaluation 23; phase 5
Function value 9.1288255e+02; maximum gradient component mag -1.3967e+03
Var    Value     Gradient |Var    Value     Gradient |Var    Value     Gradient
  1 -0.52867 -1.39673e+03 |  2  0.33617 -1.98994e+02 |  3 -0.02884 -2.42617e+01
  4 -0.03026 -2.47750e+01 |  5 -0.03668 -2.43473e+01 |  6 -0.02999 -2.71878e+01
  7  0.03530 -3.95198e+01 |  8 -0.00282 -3.26364e+01 |  9  0.03618 -5.11133e+01
 10  0.03883 -4.86831e+01 | 11  0.02113  4.59518e+00 | 12  0.08384 -2.65152e+01
 13  0.03222 -1.19028e+01 | 14  0.07410 -1.43952e+01 | 15  0.05798  1.10019e+01
 16  0.13362 -1.51980e+01 | 17  0.17668 -8.16344e+01 | 18  0.13710 -4.21819e+01
 19  0.08641 -3.04534e+01 | 20  0.11272 -6.15760e+01 | 21  0.07277 -7.37835e+01
 22 -0.03874 -2.06499e+01 | 23  0.06621 -7.70315e+01 | 24 -0.07331 -9.68639e+00
 25 -0.02082 -4.99959e+01 | 26 -0.00894 -6.46819e+01 | 27 -0.06151 -3.54987e+01
 28 -0.01248 -5.03334e+01 | 29 -0.02344 -2.80492e+01 | 30 -0.05445 -1.09242e+01
 31 -0.01550 -3.13001e+01 | 32 -0.02715 -1.81389e+01 | 33 -0.10071  1.17739e+01
 34 -0.02963 -6.27038e+00 | 35 -0.12062  2.32318e+01 | 36  0.02325 -6.23153e+00
 37 -0.05039  2.04193e+01 | 38 -0.03179  2.22524e+01 | 39  0.06611  6.26798e+00
 40 -0.02632  2.48256e+01 | 41 -0.07864  3.39756e+01 | 42 -0.00014  2.21375e+01
 43 -0.03323  2.84053e+01 | 44  0.06270  1.07322e+01 | 45  0.00514  2.65985e+01
 46 -0.02575  3.27753e+01 | 47 -0.09338  3.87701e+01 | 48  0.02781  2.44044e+01
 49  0.01719  2.61510e+01 | 50 -0.03706  3.42529e+01 | 51  0.11983  1.16095e+01
 52 -0.05525  3.86966e+01 | 53 -0.04229  3.96048e+01 | 54 -0.04123  4.23982e+01
 55 -0.10496  4.93502e+01 | 56 -0.00087  5.24925e+01 | 57 -0.09992  5.16237e+01
 58 -0.11685  5.02160e+01 | 59  0.05254  5.29526e+01 | 60 -0.10868 -3.67002e+01
 61 -0.14574 -9.14262e+01 | 62 -0.17568 -9.31226e+01 | 63 -0.13722 -8.63792e+01
 64 -0.14611 -2.86673e+01 | 65 -0.13897 -3.73188e+01 | 66 -0.17104 -3.41823e+01
 67 -0.15719 -2.87641e+01 | 68  1.00353 -2.62033e-01 | 69  1.00365 -2.96818e-01
69 variables; iteration 40; function evaluation 44; phase 5
Function value 9.1283722e+02; maximum gradient component mag -1.0575e+03
Var    Value     Gradient |Var    Value     Gradient |Var    Value     Gradient
  1 -0.52782 -1.05752e+03 |  2  0.33247 -1.48504e+02 |  3 -0.03455 -2.01806e+01
  4 -0.02624 -1.80743e+01 |  5 -0.03933 -1.96292e+01 |  6 -0.02925 -2.10782e+01
  7  0.03315 -3.31725e+01 |  8 -0.00305 -2.56290e+01 |  9  0.03595 -3.96726e+01
 10  0.03833 -3.87703e+01 | 11  0.02088  1.84079e+00 | 12  0.08324 -2.44098e+01
 13  0.03171 -1.18216e+01 | 14  0.07391 -1.23712e+01 | 15  0.05704  5.67517e+00
 16  0.13280 -1.46526e+01 | 17  0.17607 -6.56283e+01 | 18  0.13667 -3.42429e+01
 19  0.08616 -2.41625e+01 | 20  0.11272 -4.61039e+01 | 21  0.07238 -5.72598e+01
 22 -0.03853 -1.48781e+01 | 23  0.06650 -5.61373e+01 | 24 -0.07430 -8.76728e+00
 25 -0.02042 -3.46056e+01 | 26 -0.00890 -4.66676e+01 | 27 -0.06150 -2.57002e+01
 28 -0.01263 -3.69502e+01 | 29 -0.02326 -1.95134e+01 | 30 -0.05474 -8.09195e+00
 31 -0.01554 -2.25555e+01 | 32 -0.02712 -1.25477e+01 | 33 -0.09969  1.21466e+01
 34 -0.02890  1.20678e+00 | 35 -0.12042  1.83585e+01 | 36  0.02349 -4.32965e+00
 37 -0.04993  1.69817e+01 | 38 -0.03090  2.01290e+01 | 39  0.06597  8.29946e-01
 40 -0.02678  1.43364e+01 | 41 -0.07889  2.37209e+01 | 42  0.00040  1.95555e+01
 43 -0.03262  2.41536e+01 | 44  0.06263  6.15561e+00 | 45  0.00523  1.90521e+01
 46 -0.02574  2.37783e+01 | 47 -0.09391  2.60606e+01 | 48  0.02775  1.58456e+01
 49  0.01759  2.20058e+01 | 50 -0.03686  2.62413e+01 | 51  0.11976  7.07310e+00
 52 -0.05519  2.88760e+01 | 53 -0.04243  2.78539e+01 | 54 -0.04122  3.20296e+01
 55 -0.10444  4.08813e+01 | 56 -0.00085  3.89277e+01 | 57 -0.09998  3.75583e+01
 58 -0.11637  3.79812e+01 | 59  0.05232  3.82038e+01 | 60 -0.10881 -2.94677e+01
 61 -0.14561 -6.39819e+01 | 62 -0.17560 -6.76860e+01 | 63 -0.13738 -6.77755e+01
 64 -0.14589 -1.67736e+01 | 65 -0.13884 -2.51107e+01 | 66 -0.17119 -2.89390e+01
 67 -0.15731 -2.43268e+01 | 68  0.98456  1.89585e-01 | 69  1.02384 -4.05366e-01
69 variables; iteration 60; function evaluation 72; phase 5
Function value 9.1279089e+02; maximum gradient component mag -1.1184e+03
Var    Value     Gradient |Var    Value     Gradient |Var    Value     Gradient
  1 -0.52698 -1.11843e+03 |  2  0.32869 -1.52495e+02 |  3 -0.03390 -2.27494e+01
  4 -0.02924 -2.18936e+01 |  5 -0.03926 -2.28256e+01 |  6 -0.03213 -2.62475e+01
  7  0.03255 -3.94102e+01 |  8 -0.00365 -3.05207e+01 |  9  0.03469 -4.92162e+01
 10  0.03813 -4.39558e+01 | 11  0.02096 -8.32813e-01 | 12  0.08310 -2.97084e+01
 13  0.03157 -1.64849e+01 | 14  0.07284 -2.00112e+01 | 15  0.05679  3.32492e+00
 16  0.13243 -1.87176e+01 | 17  0.17600 -7.29073e+01 | 18  0.13636 -3.95046e+01
 19  0.08620 -2.73220e+01 | 20  0.11209 -5.30973e+01 | 21  0.07237 -6.19855e+01
 22 -0.03929 -1.85468e+01 | 23  0.06667 -5.84606e+01 | 24 -0.07512 -1.13000e+01
 25 -0.02098 -3.80172e+01 | 26 -0.00898 -4.74569e+01 | 27 -0.06124 -2.45569e+01
 28 -0.01215 -3.32827e+01 | 29 -0.02245 -1.49868e+01 | 30 -0.05485 -7.01734e+00
 31 -0.01542 -1.99869e+01 | 32 -0.02661 -8.29753e+00 | 33 -0.09926  1.45636e+01
 34 -0.02902  9.91344e-01 | 35 -0.12039  1.91531e+01 | 36  0.02386 -1.67511e+00
 37 -0.04984  1.74309e+01 | 38 -0.03134  1.78825e+01 | 39  0.06666  6.74553e+00
 40 -0.02611  1.87858e+01 | 41 -0.07864  2.51946e+01 | 42  0.00058  2.10682e+01
 43 -0.03243  2.58140e+01 | 44  0.06254  6.13949e+00 | 45  0.00557  2.29028e+01
 46 -0.02563  2.61742e+01 | 47 -0.09336  2.95712e+01 | 48  0.02788  1.81808e+01
 49  0.01748  2.15182e+01 | 50 -0.03678  2.77794e+01 | 51  0.11967  7.59532e+00
 52 -0.05527  2.94501e+01 | 53 -0.04222  3.13766e+01 | 54 -0.04114  3.47168e+01
 55 -0.10491  3.87708e+01 | 56 -0.00086  3.98435e+01 | 57 -0.10020  3.69141e+01
 58 -0.11643  3.82310e+01 | 59  0.05187  3.70775e+01 | 60 -0.10890 -3.37683e+01
 61 -0.14550 -6.30225e+01 | 62 -0.17552 -7.09656e+01 | 63 -0.13750 -7.86962e+01
 64 -0.14569 -1.01215e+01 | 65 -0.13888 -2.26598e+01 | 66 -0.17123 -3.10884e+01
 67 -0.15749 -2.90944e+01 | 68  0.97592  1.86051e-01 | 69  1.03463 -5.26057e-01
69 variables; iteration 80; function evaluation 106; phase 5
Function value 9.1210108e+02; maximum gradient component mag -3.0640e+02
Var    Value     Gradient |Var    Value     Gradient |Var    Value     Gradient
  1 -0.52135 -3.06396e+02 |  2  0.30473 -4.50383e+01 |  3 -0.03972 -6.24674e+00
  4 -0.04505 -6.98114e+00 |  5 -0.04660 -6.74733e+00 |  6 -0.03676 -8.74399e+00
  7  0.02941 -1.19683e+01 |  8 -0.00703 -9.94574e+00 |  9  0.03411 -1.03840e+01
 10  0.03575 -1.47183e+01 | 11  0.01770 -4.26633e+00 | 12  0.08174 -7.42134e+00
 13  0.02966 -5.87913e+00 | 14  0.07121 -6.54200e+00 | 15  0.05498  6.49402e-01
 16  0.13019 -6.61084e+00 | 17  0.17430 -1.88604e+01 | 18  0.13485 -1.06912e+01
 19  0.08480 -5.16046e+00 | 20  0.11078 -1.23085e+01 | 21  0.07094 -1.72138e+01
 22 -0.04035 -4.50976e+00 | 23  0.06506 -1.87065e+01 | 24 -0.07373 -1.66995e-01
 25 -0.02180 -8.54406e+00 | 26 -0.00917 -1.04926e+01 | 27 -0.06255 -1.06918e+01
 28 -0.01239 -9.44616e+00 | 29 -0.02294 -5.15036e+00 | 30 -0.05457 -2.57724e+00
 31 -0.01523 -5.63315e+00 | 32 -0.02592 -1.42885e+00 | 33 -0.10021 -1.20804e+00
 34 -0.02810 -2.07880e+00 | 35 -0.11952  3.95063e+00 | 36  0.02590  1.16244e+00
 37 -0.04797  6.14475e+00 | 38 -0.02976  3.66625e+00 | 39  0.06875  2.67068e+00
 40 -0.02381  8.18476e+00 | 41 -0.07664  8.44686e+00 | 42  0.00149  4.81457e+00
 43 -0.03194  6.87199e+00 | 44  0.06383  5.31275e+00 | 45  0.00623  5.70594e+00
 46 -0.02528  7.72611e+00 | 47 -0.09329  6.82467e+00 | 48  0.02892  7.35387e+00
 49  0.01839  7.71282e+00 | 50 -0.03651  8.24474e+00 | 51  0.11997  6.15024e+00
 52 -0.05478  9.99835e+00 | 53 -0.04209  9.01603e+00 | 54 -0.04124  1.00301e+01
 55 -0.10531  9.65267e+00 | 56 -0.00038  1.12730e+01 | 57 -0.09887  1.09051e+01
 58 -0.11474  1.26725e+01 | 59  0.05261  1.01740e+01 | 60 -0.10878 -4.58844e+00
 61 -0.14562 -1.64948e+01 | 62 -0.17562 -1.56662e+01 | 63 -0.13729 -1.44387e+01
 64 -0.14599 -1.20258e+01 | 65 -0.13898 -1.49078e+01 | 66 -0.17112 -1.13973e+01
 67 -0.15712 -7.19749e+00 | 68  0.69635 -2.39696e+00 | 69  1.38961 -1.00374e+00
69 variables; iteration 100; function evaluation 126; phase 5
Function value 9.1195714e+02; maximum gradient component mag 7.4095e-03
Var    Value     Gradient |Var    Value     Gradient |Var    Value     Gradient
  1 -0.52100  7.40952e-03 |  2  0.30334  1.05398e-03 |  3 -0.04075  1.13801e-04
  4 -0.04492  1.16207e-04 |  5 -0.04758  1.35093e-04 |  6 -0.03563  3.12362e-05
  7  0.02913  2.05846e-04 |  8 -0.00672  1.42452e-04 |  9  0.03292  3.33777e-04
 10  0.03601  2.35108e-04 | 11  0.01832 -4.22924e-05 | 12  0.08139  1.30323e-04
 13  0.02969  3.99303e-05 | 14  0.07131  5.94446e-05 | 15  0.05492 -6.02230e-05
 16  0.13045  1.10222e-04 | 17  0.17389  4.81337e-04 | 18  0.13479  1.92986e-04
 19  0.08404  2.20506e-04 | 20  0.11037  3.54599e-04 | 21  0.07104  3.63445e-04
 22 -0.04057  7.39463e-05 | 23  0.06549  2.95726e-04 | 24 -0.07469  1.02698e-04
 25 -0.02218  2.87948e-04 | 26 -0.00965  3.13327e-04 | 27 -0.06159  5.97667e-05
 28 -0.01253  2.06279e-04 | 29 -0.02292  9.10266e-05 | 30 -0.05442  2.83672e-05
 31 -0.01522  1.07159e-04 | 32 -0.02623  4.95160e-05 | 33 -0.09891 -1.66224e-04
 34 -0.02788  2.35957e-05 | 35 -0.11911 -1.36233e-04 | 36  0.02593  5.03536e-05
 37 -0.04824 -9.53431e-05 | 38 -0.02932 -8.16405e-05 | 39  0.06883 -7.15418e-05
 40 -0.02408 -1.25336e-04 | 41 -0.07679 -1.45983e-04 | 42  0.00171 -9.80276e-05
 43 -0.03185 -1.11853e-04 | 44  0.06376  7.06556e-05 | 45  0.00641 -1.29882e-04
 46 -0.02528 -1.32531e-04 | 47 -0.09290 -1.75022e-04 | 48  0.02889 -4.42936e-05
 49  0.01839 -3.10762e-05 | 50 -0.03647 -1.21830e-04 | 51  0.11995  1.33326e-04
 52 -0.05491 -1.21664e-04 | 53 -0.04205 -2.11403e-04 | 54 -0.04130 -2.20737e-04
 55 -0.10528 -1.98463e-04 | 56 -0.00048 -2.85974e-04 | 57 -0.09899 -2.61091e-04
 58 -0.11564 -2.80182e-04 | 59  0.05276 -2.50619e-04 | 60 -0.10882  3.41217e-04
 61 -0.14558  4.82696e-04 | 62 -0.17561  5.94553e-04 | 63 -0.13745  6.60966e-04
 64 -0.14581 -1.33008e-04 | 65 -0.13885 -4.96667e-05 | 66 -0.17111  1.07316e-04
 67 -0.15721  1.83281e-04 | 68  0.80666 -7.25824e-06 | 69  1.42377 -1.68398e-05
  ic > imax  in fminim is answer attained ?
Var    Value     Gradient |Var    Value     Gradient |Var    Value     Gradient
  1 -0.52100  7.40952e-03 |  2  0.30334  1.05398e-03 |  3 -0.04075  1.13801e-04
  4 -0.04492  1.16207e-04 |  5 -0.04758  1.35093e-04 |  6 -0.03563  3.12362e-05
  7  0.02913  2.05846e-04 |  8 -0.00672  1.42452e-04 |  9  0.03292  3.33777e-04
 10  0.03601  2.35108e-04 | 11  0.01832 -4.22924e-05 | 12  0.08139  1.30323e-04
 13  0.02969  3.99303e-05 | 14  0.07131  5.94446e-05 | 15  0.05492 -6.02230e-05
 16  0.13045  1.10222e-04 | 17  0.17389  4.81337e-04 | 18  0.13479  1.92986e-04
 19  0.08404  2.20506e-04 | 20  0.11037  3.54599e-04 | 21  0.07104  3.63445e-04
 22 -0.04057  7.39463e-05 | 23  0.06549  2.95726e-04 | 24 -0.07469  1.02698e-04
 25 -0.02218  2.87948e-04 | 26 -0.00965  3.13327e-04 | 27 -0.06159  5.97667e-05
 28 -0.01253  2.06279e-04 | 29 -0.02292  9.10266e-05 | 30 -0.05442  2.83672e-05
 31 -0.01522  1.07159e-04 | 32 -0.02623  4.95160e-05 | 33 -0.09891 -1.66224e-04
 34 -0.02788  2.35957e-05 | 35 -0.11911 -1.36233e-04 | 36  0.02593  5.03536e-05
 37 -0.04824 -9.53431e-05 | 38 -0.02932 -8.16405e-05 | 39  0.06883 -7.15418e-05
 40 -0.02408 -1.25336e-04 | 41 -0.07679 -1.45983e-04 | 42  0.00171 -9.80276e-05
 43 -0.03185 -1.11853e-04 | 44  0.06376  7.06556e-05 | 45  0.00641 -1.29882e-04
 46 -0.02528 -1.32531e-04 | 47 -0.09290 -1.75022e-04 | 48  0.02889 -4.42936e-05
 49  0.01839 -3.10762e-05 | 50 -0.03647 -1.21830e-04 | 51  0.11995  1.33326e-04
 52 -0.05491 -1.21664e-04 | 53 -0.04205 -2.11403e-04 | 54 -0.04130 -2.20737e-04
 55 -0.10528 -1.98463e-04 | 56 -0.00048 -2.85974e-04 | 57 -0.09899 -2.61091e-04
 58 -0.11564 -2.80182e-04 | 59  0.05276 -2.50619e-04 | 60 -0.10882  3.41217e-04
 61 -0.14558  4.82696e-04 | 62 -0.17561  5.94553e-04 | 63 -0.13745  6.60966e-04
 64 -0.14581 -1.33008e-04 | 65 -0.13885 -4.96667e-05 | 66 -0.17111  1.07316e-04
 67 -0.15721  1.83281e-04 | 68  0.80666 -7.25824e-06 | 69  1.42377 -1.68398e-05
Function minimizer not making progress ... is minimum attained?
Minimprove criterion = 0.0000e+00

 - final statistics:
69 variables; iteration 101; function evaluation 156
Function value 9.1196e+02; maximum gradient component mag 7.4095e-03
Exit code = 1;  converg criter 1.0000e-04
Var    Value     Gradient |Var    Value     Gradient |Var    Value     Gradient
  1 -0.52100  7.40952e-03 |  2  0.30334  1.05398e-03 |  3 -0.04075  1.13801e-04
  4 -0.04492  1.16207e-04 |  5 -0.04758  1.35093e-04 |  6 -0.03563  3.12362e-05
  7  0.02913  2.05846e-04 |  8 -0.00672  1.42452e-04 |  9  0.03292  3.33777e-04
 10  0.03601  2.35108e-04 | 11  0.01832 -4.22924e-05 | 12  0.08139  1.30323e-04
 13  0.02969  3.99303e-05 | 14  0.07131  5.94446e-05 | 15  0.05492 -6.02230e-05
 16  0.13045  1.10222e-04 | 17  0.17389  4.81337e-04 | 18  0.13479  1.92986e-04
 19  0.08404  2.20506e-04 | 20  0.11037  3.54599e-04 | 21  0.07104  3.63445e-04
 22 -0.04057  7.39463e-05 | 23  0.06549  2.95726e-04 | 24 -0.07469  1.02698e-04
 25 -0.02218  2.87948e-04 | 26 -0.00965  3.13327e-04 | 27 -0.06159  5.97667e-05
 28 -0.01253  2.06279e-04 | 29 -0.02292  9.10266e-05 | 30 -0.05442  2.83672e-05
 31 -0.01522  1.07159e-04 | 32 -0.02623  4.95160e-05 | 33 -0.09891 -1.66224e-04
 34 -0.02788  2.35957e-05 | 35 -0.11911 -1.36233e-04 | 36  0.02593  5.03536e-05
 37 -0.04824 -9.53431e-05 | 38 -0.02932 -8.16405e-05 | 39  0.06883 -7.15418e-05
 40 -0.02408 -1.25336e-04 | 41 -0.07679 -1.45983e-04 | 42  0.00171 -9.80276e-05
 43 -0.03185 -1.11853e-04 | 44  0.06376  7.06556e-05 | 45  0.00641 -1.29882e-04
 46 -0.02528 -1.32531e-04 | 47 -0.09290 -1.75022e-04 | 48  0.02889 -4.42936e-05
 49  0.01839 -3.10762e-05 | 50 -0.03647 -1.21830e-04 | 51  0.11995  1.33326e-04
 52 -0.05491 -1.21664e-04 | 53 -0.04205 -2.11403e-04 | 54 -0.04130 -2.20737e-04
 55 -0.10528 -1.98463e-04 | 56 -0.00048 -2.85974e-04 | 57 -0.09899 -2.61091e-04
 58 -0.11564 -2.80182e-04 | 59  0.05276 -2.50619e-04 | 60 -0.10882  3.41217e-04
 61 -0.14558  4.82696e-04 | 62 -0.17561  5.94553e-04 | 63 -0.13745  6.60966e-04
 64 -0.14581 -1.33008e-04 | 65 -0.13885 -4.96667e-05 | 66 -0.17111  1.07316e-04
 67 -0.15721  1.83281e-04 | 68  0.80666 -7.25824e-06 | 69  1.42377 -1.68398e-05

Initial statistics: 73 variables; iteration 0; function evaluation 0; phase 6
Function value 9.1195714e+02; maximum gradient component mag -2.4187e+00
Var    Value     Gradient |Var    Value     Gradient |Var    Value     Gradient
  1 -0.52100  7.18578e-03 |  2  0.30334  1.02165e-03 |  3 -0.04075  1.10920e-04
  4 -0.04492  1.13265e-04 |  5 -0.04758  1.31286e-04 |  6 -0.03563  3.24021e-05
  7  0.02913  2.00091e-04 |  8 -0.00672  1.39204e-04 |  9  0.03292  3.23283e-04
 10  0.03601  2.29009e-04 | 11  0.01832 -4.50893e-05 | 12  0.08139  1.22076e-04
 13  0.02969  3.47006e-05 | 14  0.07131  5.35556e-05 | 15  0.05492 -6.31001e-05
 16  0.13045  1.02284e-04 | 17  0.17389  4.62135e-04 | 18  0.13479  1.83006e-04
 19  0.08404  2.08253e-04 | 20  0.11037  3.38784e-04 | 21  0.07104  3.48149e-04
 22 -0.04057  6.72116e-05 | 23  0.06549  2.83393e-04 | 24 -0.07469  9.34177e-05
 25 -0.02218  2.73850e-04 | 26 -0.00965  2.98691e-04 | 27 -0.06159  5.46178e-05
 28 -0.01253  1.95368e-04 | 29 -0.02292  8.36429e-05 | 30 -0.05442  2.25649e-05
 31 -0.01522  9.90411e-05 | 32 -0.02623  4.29688e-05 | 33 -0.09891 -1.64994e-04
 34 -0.02788  1.75659e-05 | 35 -0.11911 -1.37082e-04 | 36  0.02593  4.27925e-05
 37 -0.04824 -9.80065e-05 | 38 -0.02932 -8.49502e-05 | 39  0.06883 -7.48216e-05
 40 -0.02408 -1.27285e-04 | 41 -0.07679 -1.47292e-04 | 42  0.00171 -1.00891e-04
 43 -0.03185 -1.14424e-04 | 44  0.06376  6.09242e-05 | 45  0.00641 -1.31689e-04
 46 -0.02528 -1.34500e-04 | 47 -0.09290 -1.75229e-04 | 48  0.02889 -4.97798e-05
 49  0.01839 -3.71366e-05 | 50 -0.03647 -1.24354e-04 | 51  0.11995  1.20815e-04
 52 -0.05491 -1.24320e-04 | 53 -0.04205 -2.10366e-04 | 54 -0.04130 -2.19408e-04
 55 -0.10528 -1.98054e-04 | 56 -0.00048 -2.82295e-04 | 57 -0.09899 -2.58265e-04
 58 -0.11564 -2.76582e-04 | 59  0.05276 -2.48258e-04 | 60  0.00000 -2.41874e+00
 61  0.00000  0.00000e+00 | 62  0.00000  0.00000e+00 | 63  0.00000  0.00000e+00
 64 -0.10882  3.29566e-04 | 65 -0.14558  4.68547e-04 | 66 -0.17561  5.76481e-04
 67 -0.13745  6.39986e-04 | 68 -0.14581 -1.26449e-04 | 69 -0.13885 -4.61432e-05
 70 -0.17111  1.04349e-04 | 71 -0.15721  1.76952e-04 | 72  0.80666 -6.91974e-06
 73  0.57623  1.61502e-05 |

Intermediate statistics: 73 variables; iteration 20; function evaluation 24; phase 6
Function value 9.1195155e+02; maximum gradient component mag -1.0698e+02
Var    Value     Gradient |Var    Value     Gradient |Var    Value     Gradient
  1 -0.52100 -1.06977e+02 |  2  0.30330 -1.60711e+01 |  3 -0.04076 -2.05346e+00
  4 -0.04492 -2.16419e+00 |  5 -0.04757 -2.23564e+00 |  6 -0.03562 -2.54285e+00
  7  0.02914 -3.87353e+00 |  8 -0.00672 -3.12249e+00 |  9  0.03293 -4.82742e+00
 10  0.03601 -4.57968e+00 | 11  0.01832 -5.34671e-01 | 12  0.08139 -3.27548e+00
 13  0.02969 -1.98370e+00 | 14  0.07130 -2.12539e+00 | 15  0.05492  2.20135e-01
 16  0.13044 -2.01563e+00 | 17  0.17388 -7.60887e+00 | 18  0.13479 -3.99694e+00
 19  0.08404 -2.88779e+00 | 20  0.11037 -5.25304e+00 | 21  0.07104 -6.05156e+00
 22 -0.04057 -1.79223e+00 | 23  0.06550 -5.78364e+00 | 24 -0.07468 -8.03245e-01
 25 -0.02218 -3.68065e+00 | 26 -0.00964 -4.49204e+00 | 27 -0.06158 -2.37456e+00
 28 -0.01253 -3.25705e+00 | 29 -0.02291 -1.58735e+00 | 30 -0.05441 -4.38594e-01
 31 -0.01521 -1.62901e+00 | 32 -0.02622 -7.41204e-01 | 33 -0.09890  1.28428e+00
 34 -0.02787  1.40375e-01 | 35 -0.11910  1.93932e+00 | 36  0.02593  8.64474e-02
 37 -0.04824  1.79925e+00 | 38 -0.02931  1.91264e+00 | 39  0.06883  9.81374e-01
 40 -0.02407  2.15317e+00 | 41 -0.07678  2.64911e+00 | 42  0.00171  2.01634e+00
 43 -0.03185  2.35897e+00 | 44  0.06376  1.30262e+00 | 45  0.00641  2.31839e+00
 46 -0.02528  2.61982e+00 | 47 -0.09290  2.91320e+00 | 48  0.02890  2.14390e+00
 49  0.01840  2.32203e+00 | 50 -0.03646  2.78694e+00 | 51  0.11996  1.52886e+00
 52 -0.05491  2.97975e+00 | 53 -0.04205  3.08065e+00 | 54 -0.04131  3.21210e+00
 55 -0.10530  3.44011e+00 | 56 -0.00049  3.69399e+00 | 57 -0.09901  3.61459e+00
 58 -0.11567  3.57434e+00 | 59  0.05275  3.55286e+00 | 60  0.00412 -3.43606e-01
 61  0.00052 -5.77613e-02 | 62  0.00012  7.93668e-03 | 63  0.00001 -3.77178e-03
 64 -0.10883 -3.38212e+00 | 65 -0.14559 -6.75531e+00 | 66 -0.17560 -7.05258e+00
 67 -0.13745 -7.29416e+00 | 68 -0.14581 -8.96754e-01 | 69 -0.13885 -1.73070e+00
 70 -0.17113 -2.52119e+00 | 71 -0.15722 -2.20522e+00 | 72  0.80666 -1.09770e-04
 73  0.57623 -1.03285e-03 |
73 variables; iteration 40; function evaluation 48; phase 6
Function value 9.1195135e+02; maximum gradient component mag -4.1901e+01
Var    Value     Gradient |Var    Value     Gradient |Var    Value     Gradient
  1 -0.52099 -4.19011e+01 |  2  0.30331 -6.28507e+00 |  3 -0.04077 -8.12269e-01
  4 -0.04493 -8.55036e-01 |  5 -0.04759 -8.87026e-01 |  6 -0.03563 -1.00160e+00
  7  0.02913 -1.52932e+00 |  8 -0.00673 -1.25130e+00 |  9  0.03291 -1.92639e+00
 10  0.03602 -1.72501e+00 | 11  0.01830 -2.64434e-01 | 12  0.08140 -1.23455e+00
 13  0.02969 -7.43478e-01 | 14  0.07130 -8.46981e-01 | 15  0.05493  1.31317e-01
 16  0.13045 -7.74444e-01 | 17  0.17388 -2.98294e+00 | 18  0.13478 -1.62285e+00
 19  0.08404 -1.14746e+00 | 20  0.11037 -2.03029e+00 | 21  0.07104 -2.34461e+00
 22 -0.04058 -7.20066e-01 | 23  0.06550 -2.24939e+00 | 24 -0.07468 -3.07703e-01
 25 -0.02218 -1.42982e+00 | 26 -0.00965 -1.78004e+00 | 27 -0.06158 -9.21294e-01
 28 -0.01253 -1.29223e+00 | 29 -0.02292 -6.24108e-01 | 30 -0.05442 -1.84074e-01
 31 -0.01521 -6.40574e-01 | 32 -0.02622 -2.82861e-01 | 33 -0.09892  4.52649e-01
 34 -0.02788  4.99332e-02 | 35 -0.11912  7.17833e-01 | 36  0.02593  1.38521e-02
 37 -0.04825  6.47286e-01 | 38 -0.02932  7.34999e-01 | 39  0.06883  4.18797e-01
 40 -0.02407  8.72947e-01 | 41 -0.07677  1.10097e+00 | 42  0.00171  7.93431e-01
 43 -0.03185  9.11127e-01 | 44  0.06376  4.98562e-01 | 45  0.00642  9.56910e-01
 46 -0.02529  9.59280e-01 | 47 -0.09290  1.13767e+00 | 48  0.02889  7.61226e-01
 49  0.01840  9.86679e-01 | 50 -0.03646  1.14537e+00 | 51  0.11995  5.82978e-01
 52 -0.05490  1.20974e+00 | 53 -0.04205  1.23122e+00 | 54 -0.04131  1.24506e+00
 55 -0.10528  1.35883e+00 | 56 -0.00048  1.40140e+00 | 57 -0.09900  1.38229e+00
 58 -0.11564  1.41601e+00 | 59  0.05280  1.39135e+00 | 60  0.00455 -1.33634e-01
 61  0.00074 -2.30349e-02 | 62  0.00017  8.25037e-03 | 63  0.00006  8.22737e-03
 64 -0.10882 -1.32157e+00 | 65 -0.14558 -2.64928e+00 | 66 -0.17560 -2.75273e+00
 67 -0.13745 -2.86652e+00 | 68 -0.14581 -3.37231e-01 | 69 -0.13885 -6.90352e-01
 70 -0.17112 -9.82439e-01 | 71 -0.15721 -8.51331e-01 | 72  0.80668  7.32918e-05
 73  0.57626  8.34342e-04 |
73 variables; iteration 60; function evaluation 72; phase 6
Function value 9.1195131e+02; maximum gradient component mag -1.2997e+01
Var    Value     Gradient |Var    Value     Gradient |Var    Value     Gradient
  1 -0.52099 -1.29967e+01 |  2  0.30332 -1.95221e+00 |  3 -0.04076 -2.49582e-01
  4 -0.04493 -2.62387e-01 |  5 -0.04759 -2.76474e-01 |  6 -0.03564 -3.13572e-01
  7  0.02913 -4.73867e-01 |  8 -0.00673 -3.84612e-01 |  9  0.03291 -6.07226e-01
 10  0.03600 -5.63933e-01 | 11  0.01831 -8.82019e-02 | 12  0.08139 -3.92505e-01
 13  0.02969 -2.08407e-01 | 14  0.07131 -2.22731e-01 | 15  0.05492  4.15619e-02
 16  0.13044 -2.34299e-01 | 17  0.17389 -9.07865e-01 | 18  0.13478 -5.33488e-01
 19  0.08404 -3.59858e-01 | 20  0.11038 -5.93248e-01 | 21  0.07103 -8.02813e-01
 22 -0.04058 -2.45666e-01 | 23  0.06549 -6.94671e-01 | 24 -0.07469 -1.03039e-01
 25 -0.02218 -4.31819e-01 | 26 -0.00965 -5.32013e-01 | 27 -0.06159 -2.82928e-01
 28 -0.01254 -4.31119e-01 | 29 -0.02291 -1.69137e-01 | 30 -0.05442 -3.96210e-02
 31 -0.01521 -1.55681e-01 | 32 -0.02624 -1.59182e-01 | 33 -0.09892  1.35716e-01
 34 -0.02788  1.49970e-02 | 35 -0.11911  2.37045e-01 | 36  0.02593  1.41903e-02
 37 -0.04825  2.01319e-01 | 38 -0.02931  2.45313e-01 | 39  0.06883  1.23620e-01
 40 -0.02408  2.37038e-01 | 41 -0.07679  3.26791e-01 | 42  0.00171  2.61915e-01
 43 -0.03186  2.46057e-01 | 44  0.06375  1.56971e-01 | 45  0.00641  3.05417e-01
 46 -0.02529  2.80081e-01 | 47 -0.09289  4.07886e-01 | 48  0.02889  2.27949e-01
 49  0.01839  2.83910e-01 | 50 -0.03646  4.07631e-01 | 51  0.11995  1.75827e-01
 52 -0.05491  3.58113e-01 | 53 -0.04205  3.96216e-01 | 54 -0.04131  3.71217e-01
 55 -0.10528  4.33811e-01 | 56 -0.00048  4.28541e-01 | 57 -0.09899  4.26679e-01
 58 -0.11563  4.38718e-01 | 59  0.05282  4.31779e-01 | 60  0.00474 -4.13743e-02
 61  0.00083 -7.11006e-03 | 62  0.00016  2.52977e-03 | 63  0.00004  3.25068e-03
 64 -0.10882 -4.09938e-01 | 65 -0.14558 -8.22443e-01 | 66 -0.17561 -8.53310e-01
 67 -0.13745 -8.90907e-01 | 68 -0.14581 -1.03937e-01 | 69 -0.13885 -2.12976e-01
 70 -0.17111 -2.97261e-01 | 71 -0.15721 -2.72353e-01 | 72  0.80657 -9.13903e-04
 73  0.57601 -7.69812e-03 |

 - final statistics:
73 variables; iteration 80; function evaluation 109
Function value 9.1195e+02; maximum gradient component mag 6.7586e-06
Exit code = 1;  converg criter 1.0000e-04
Var    Value     Gradient |Var    Value     Gradient |Var    Value     Gradient
  1 -0.52099  6.75859e-06 |  2  0.30333  1.00457e-06 |  3 -0.04077  1.34500e-07
  4 -0.04494  1.40941e-07 |  5 -0.04759  1.48622e-07 |  6 -0.03564  1.69445e-07
  7  0.02913  2.58362e-07 |  8 -0.00673  1.94913e-07 |  9  0.03292  2.49859e-07
 10  0.03601  3.75832e-07 | 11  0.01831  1.45968e-07 | 12  0.08139  2.06962e-07
 13  0.02969  4.48006e-08 | 14  0.07130 -3.97774e-08 | 15  0.05491 -7.10920e-10
 16  0.13044  4.86614e-07 | 17  0.17388  5.23177e-07 | 18  0.13479  4.98449e-08
 19  0.08404 -1.50704e-08 | 20  0.11037  4.21786e-07 | 21  0.07104  4.28545e-07
 22 -0.04057  1.11068e-07 | 23  0.06549  4.23409e-07 | 24 -0.07469  1.62818e-08
 25 -0.02218  5.34151e-08 | 26 -0.00965  4.00503e-07 | 27 -0.06159  3.98870e-08
 28 -0.01253  2.93842e-07 | 29 -0.02292  1.13951e-07 | 30 -0.05442 -6.06745e-08
 31 -0.01522  6.80190e-08 | 32 -0.02623  1.22975e-07 | 33 -0.09891 -5.31711e-08
 34 -0.02788 -3.95715e-08 | 35 -0.11911 -9.82047e-08 | 36  0.02593 -3.60789e-08
 37 -0.04825  1.43352e-07 | 38 -0.02932 -1.92726e-07 | 39  0.06882 -7.11590e-08
 40 -0.02408 -1.37203e-07 | 41 -0.07679 -2.73071e-07 | 42  0.00171 -1.29749e-07
 43 -0.03185 -1.36180e-07 | 44  0.06375 -7.93729e-08 | 45  0.00641 -1.56889e-07
 46 -0.02528 -1.51450e-07 | 47 -0.09290 -1.81331e-07 | 48  0.02889 -1.22600e-07
 49  0.01839 -1.49516e-07 | 50 -0.03647 -2.01123e-07 | 51  0.11995 -9.11169e-08
 52 -0.05491 -2.09164e-07 | 53 -0.04205 -2.01274e-07 | 54 -0.04130 -1.94210e-07
 55 -0.10528 -2.20268e-07 | 56 -0.00047 -2.22328e-07 | 57 -0.09898 -1.88194e-07
 58 -0.11563 -2.26981e-07 | 59  0.05283 -2.25240e-07 | 60  0.00483  1.86364e-08
 61  0.00087  3.19194e-09 | 62  0.00016 -1.07277e-09 | 63  0.00003 -1.87166e-09
 64 -0.10882  2.11543e-07 | 65 -0.14558  4.26067e-07 | 66 -0.17561  4.48989e-07
 67 -0.13745  4.64715e-07 | 68 -0.14581  5.31884e-08 | 69 -0.13885  1.11716e-07
 70 -0.17111  1.41241e-07 | 71 -0.15721  1.33519e-07 | 72  0.80667 -1.23800e-09
 73  0.57623  3.70932e-09 |
size of file gradfil1.tmp = 0
size of file gradfil2.tmp = 0
size of file varssave.tmp = 0
size of file cmpdiff.tmp = 0
