
Initial statistics: 2 variables; iteration 0; function evaluation 0; phase 1
Function value 1.2543240e+04; maximum gradient component mag 4.9260e+04
Var    Value     Gradient |Var    Value     Gradient |Var    Value     Gradient
  1 -0.41506  4.92601e+04 |  2  0.27750  3.63606e+03 |

 - final statistics:
2 variables; iteration 18; function evaluation 49
Function value 6.2209e+03; maximum gradient component mag 3.0641e+00
Exit code = 1;  converg criter 1.0000e+01
Var    Value     Gradient |Var    Value     Gradient |Var    Value     Gradient
  1 -0.44635  3.06409e+00 |  2  0.06274  6.50416e-01 |

Initial statistics: 51 variables; iteration 0; function evaluation 0; phase 2
Function value 6.2208768e+03; maximum gradient component mag -8.6374e+03
Var    Value     Gradient |Var    Value     Gradient |Var    Value     Gradient
  1 -0.44635  3.06409e+00 |  2  0.06274  6.50416e-01 |  3  0.00000 -1.02635e+02
  4  0.00000 -2.46154e+03 |  5  0.00000 -6.04019e+02 |  6  0.00000 -1.26341e+03
  7  0.00000 -5.94910e+02 |  8  0.00000 -2.26122e+03 |  9  0.00000 -4.75611e+03
 10  0.00000 -2.76295e+03 | 11  0.00000 -1.56169e+03 | 12  0.00000 -2.82529e+03
 13  0.00000 -1.89071e+03 | 14  0.00000  1.32798e+03 | 15  0.00000 -1.78368e+03
 16  0.00000  2.24406e+03 | 17  0.00000  1.61992e+03 | 18  0.00000  1.12383e+03
 19  0.00000  3.03797e+03 | 20  0.00000  1.55217e+03 | 21  0.00000  1.34606e+03
 22  0.00000  2.30998e+03 | 23  0.00000  1.06841e+03 | 24  0.00000  1.19909e+03
 25  0.00000  3.03357e+03 | 26  0.00000  5.39935e+02 | 27  0.00000  2.66246e+03
 28  0.00000 -2.63528e+03 | 29  0.00000  3.37796e+02 | 30  0.00000 -1.28060e+01
 31  0.00000 -4.55641e+03 | 32  0.00000  3.65014e+02 | 33  0.00000  2.14700e+03
 34  0.00000 -7.04323e+02 | 35  0.00000  8.37060e+01 | 36  0.00000 -4.81780e+03
 37  0.00000 -1.43191e+03 | 38  0.00000  7.54199e+02 | 39  0.00000  2.78594e+03
 40  0.00000 -2.11710e+03 | 41  0.00000 -9.05192e+02 | 42  0.00000  1.97374e+03
 43  0.00000 -8.63740e+03 | 44  0.00000  2.97136e+03 | 45  0.00000  3.20980e+03
 46  0.00000  2.93977e+03 | 47  0.00000  4.65570e+03 | 48  0.00000 -4.02411e+02
 49  0.00000  2.88279e+03 | 50  0.00000  1.87899e+03 | 51  0.00000 -9.62454e+02

Intermediate statistics: 51 variables; iteration 20; function evaluation 41; phase 2
Function value 2.2185221e+03; maximum gradient component mag 8.3090e+03
Var    Value     Gradient |Var    Value     Gradient |Var    Value     Gradient
  1 -0.51446  8.30895e+03 |  2  0.20285 -1.29797e+03 |  3  0.03160  1.23246e+03
  4  0.05126 -2.98121e+02 |  5  0.04065  1.32454e+03 |  6  0.06791  8.76575e+02
  7  0.07172  9.94695e+02 |  8  0.13181  9.15772e+02 |  9  0.12221 -8.55764e+02
 10  0.12978  8.84286e+02 | 11  0.08705  1.05045e+03 | 12  0.08374 -2.27410e+02
 13  0.02066 -8.76154e+02 | 14  0.01968  2.31143e+03 | 15  0.00901 -1.51909e+03
 16 -0.06121  4.50468e+02 | 17 -0.01369  4.28798e+02 | 18 -0.02648 -6.98197e+02
 19 -0.04205  5.53214e+02 | 20 -0.01093 -8.83506e+01 | 21 -0.05255 -1.03983e+03
 22 -0.05689 -3.72572e+02 | 23 -0.00556 -2.32395e+02 | 24 -0.02092 -3.52604e+02
 25 -0.10431 -4.07304e+02 | 26 -0.02313 -7.28958e+02 | 27 -0.10458 -3.05051e+02
 28  0.05584 -4.85039e+02 | 29 -0.00934 -3.57700e+02 | 30  0.00511 -2.28692e+02
 31  0.08714 -7.57717e+02 | 32  0.00231  3.79072e+02 | 33 -0.06605  9.62411e+00
 34  0.01044 -1.21548e+02 | 35 -0.01128 -3.18443e+01 | 36  0.07903 -1.71538e+02
 37  0.01670 -2.09024e+02 | 38 -0.01694  6.57157e+01 | 39 -0.08979 -1.23853e+02
 40  0.02162 -6.15448e+02 | 41  0.01622  1.78552e+01 | 42 -0.04473  8.86156e+01
 43  0.09543 -1.18990e+03 | 44 -0.07062  1.91576e+01 | 45 -0.05760  2.41675e+02
 46 -0.05637  1.12712e+02 | 47 -0.11293  2.00113e+02 | 48 -0.01148  1.76474e+02
 49 -0.10705  1.53708e+02 | 50 -0.10868  1.89622e+02 | 51  0.03070 -3.58317e+02
51 variables; iteration 40; function evaluation 74; phase 2
Function value 2.1537563e+03; maximum gradient component mag -9.5298e+03
Var    Value     Gradient |Var    Value     Gradient |Var    Value     Gradient
  1 -0.52109 -9.52979e+03 |  2  0.22972 -3.44399e+03 |  3  0.03048  8.95383e+02
  4  0.05652 -6.04579e+02 |  5  0.04177  7.43881e+02 |  6  0.06823  3.46790e+02
  7  0.06920  7.58604e+02 |  8  0.13932  4.92202e+02 |  9  0.11437 -2.08223e+03
 10  0.13825  1.22465e+02 | 11  0.09121  3.25191e+02 | 12  0.08911 -1.07905e+03
 13  0.01728 -1.75585e+03 | 14  0.02737  1.27076e+03 | 15  0.01357 -2.12859e+03
 16 -0.08169 -2.05012e+02 | 17 -0.00761 -4.72438e+02 | 18 -0.02422 -1.52343e+03
 19 -0.04852 -4.46545e+02 | 20 -0.00659 -8.40634e+02 | 21 -0.04248 -1.13479e+03
 22 -0.05854 -6.23886e+02 | 23 -0.00689 -8.47530e+02 | 24 -0.02090 -6.76592e+02
 25 -0.10734 -2.87732e+02 | 26 -0.02420 -8.01640e+02 | 27 -0.11153 -1.11325e+02
 28  0.05353 -6.13230e+02 | 29 -0.00276  7.16793e+01 | 30  0.01139  2.77560e+02
 31  0.08811 -4.28729e+02 | 32 -0.00931  3.67707e+02 | 33 -0.06353  5.67601e+02
 34  0.00729  2.75700e+02 | 35 -0.01290  4.59353e+02 | 36  0.07581  2.06363e+02
 37  0.01608  4.15216e+02 | 38 -0.01887  6.66903e+02 | 39 -0.08389  7.04798e+02
 40  0.02313  3.50376e+02 | 41  0.01602  8.33015e+02 | 42 -0.04804  7.17000e+02
 43  0.10152  5.25155e+02 | 44 -0.07130  7.20567e+02 | 45 -0.06381  6.85796e+02
 46 -0.06128  5.73602e+02 | 47 -0.11925  6.61295e+02 | 48 -0.01523  6.88116e+02
 49 -0.11586  5.80136e+02 | 50 -0.11507  6.96046e+02 | 51  0.05366  6.64615e+02
Maximum number of function evaluations exceeded

 - final statistics:
51 variables; iteration 54; function evaluation 100
Function value 2.0921e+03; maximum gradient component mag -3.0095e+04
Exit code = 3;  converg criter 1.0000e+01
Var    Value     Gradient |Var    Value     Gradient |Var    Value     Gradient
  1 -0.53031 -3.00953e+04 |  2  0.27108 -5.76684e+03 |  3  0.02717  5.99463e+02
  4  0.06495 -8.44945e+02 |  5  0.03936  1.27425e+02 |  6  0.06863 -1.24069e+02
  7  0.07760  7.61818e+02 |  8  0.15233  1.12544e+02 |  9  0.10724 -3.05708e+03
 10  0.14326 -8.97083e+02 | 11  0.08601 -5.74058e+02 | 12  0.10752 -1.76371e+03
 13  0.02265 -2.42990e+03 | 14  0.02314 -1.73675e+02 | 15  0.01938 -2.91840e+03
 16 -0.11671 -5.34973e+02 | 17 -0.00036 -1.59053e+03 | 18 -0.01071 -2.35096e+03
 19 -0.06894 -1.45575e+03 | 20 -0.00349 -1.85293e+03 | 21 -0.03463 -1.42812e+03
 22 -0.06493 -8.99586e+02 | 23 -0.00331 -1.40994e+03 | 24 -0.02101 -1.06130e+03
 25 -0.11598 -1.79819e+02 | 26 -0.01566 -5.98882e+02 | 27 -0.11411  2.05475e+02
 28  0.04812 -8.95556e+02 | 29 -0.00369  3.07410e+02 | 30  0.00772  4.86062e+02
 31  0.08467 -3.52117e+02 | 32 -0.01189  7.15136e+02 | 33 -0.07164  9.25890e+02
 34  0.01071  9.81960e+02 | 35 -0.01248  1.07156e+03 | 36  0.07117  4.57695e+02
 37  0.01347  9.66253e+02 | 38 -0.01882  1.36495e+03 | 39 -0.07845  1.57231e+03
 40  0.02484  1.29681e+03 | 41  0.00313  9.39563e+02 | 42 -0.04860  1.44366e+03
 43  0.10177  1.53715e+03 | 44 -0.08641  1.05869e+03 | 45 -0.06349  1.48675e+03
 46 -0.06074  1.40955e+03 | 47 -0.12284  1.27587e+03 | 48 -0.01658  1.39007e+03
 49 -0.10777  1.46063e+03 | 50 -0.11769  1.33129e+03 | 51  0.06860  1.63391e+03

Initial statistics: 59 variables; iteration 0; function evaluation 0; phase 3
Function value 2.0919779e+03; maximum gradient component mag -3.0093e+04
Var    Value     Gradient |Var    Value     Gradient |Var    Value     Gradient
  1 -0.53031 -3.00927e+04 |  2  0.27108 -5.76571e+03 |  3  0.00000  2.78796e+02
  4  0.00000  3.16210e+02 |  5  0.00000  3.35533e+02 |  6  0.00000  1.70542e+02
  7  0.00000 -2.49420e+02 |  8  0.00000 -1.80667e+02 |  9  0.00000 -1.22601e+03
 10  0.00000 -1.66470e+03 | 11  0.02753  6.06973e+02 | 12  0.06532 -8.34542e+02
 13  0.03972  1.36194e+02 | 14  0.06900 -1.12315e+02 | 15  0.07797  7.71174e+02
 16  0.15271  1.20098e+02 | 17  0.10761 -3.04776e+03 | 18  0.14363 -8.88509e+02
 19  0.08637 -5.66020e+02 | 20  0.10789 -1.75429e+03 | 21  0.02302 -2.42029e+03
 22  0.02351 -1.63739e+02 | 23  0.01974 -2.90897e+03 | 24 -0.11633 -5.26275e+02
 25  0.00001 -1.58234e+03 | 26 -0.01034 -2.34149e+03 | 27 -0.06857 -1.44679e+03
 28 -0.00312 -1.84418e+03 | 29 -0.03426 -1.41971e+03 | 30 -0.06457 -8.90938e+02
 31 -0.00294 -1.40037e+03 | 32 -0.02064 -1.05153e+03 | 33 -0.11561 -1.70887e+02
 34 -0.01529 -5.89836e+02 | 35 -0.11374  2.14535e+02 | 36  0.04848 -8.86283e+02
 37 -0.00333  3.17485e+02 | 38  0.00808  4.95271e+02 | 39  0.08504 -3.42898e+02
 40 -0.01152  7.23156e+02 | 41 -0.07127  9.34219e+02 | 42  0.01108  9.91539e+02
 43 -0.01211  1.08109e+03 | 44  0.07154  4.66950e+02 | 45  0.01384  9.74948e+02
 46 -0.01845  1.37514e+03 | 47 -0.07808  1.58173e+03 | 48  0.02520  1.30528e+03
 49  0.00350  9.48224e+02 | 50 -0.04823  1.45348e+03 | 51  0.10214  1.54664e+03
 52 -0.08604  1.06940e+03 | 53 -0.06312  1.49596e+03 | 54 -0.06037  1.41888e+03
 55 -0.12247  1.28532e+03 | 56 -0.01622  1.40014e+03 | 57 -0.10740  1.46945e+03
 58 -0.11731  1.34034e+03 | 59  0.06896  1.64273e+03 |

Intermediate statistics: 59 variables; iteration 20; function evaluation 29; phase 3
Function value 1.7089659e+03; maximum gradient component mag 4.3648e+03
Var    Value     Gradient |Var    Value     Gradient |Var    Value     Gradient
  1 -0.55262  4.36476e+03 |  2  0.38843  1.34991e+00 |  3 -0.09349  5.02840e+01
  4 -0.07961  6.26263e+01 |  5 -0.04594  1.03121e+02 |  6 -0.00826  1.94379e+02
  7  0.04418  4.16410e+02 |  8  0.00047  2.94368e+02 |  9  0.03174  2.67575e+02
 10  0.03191  9.84919e+01 | 11  0.02829  3.09550e+02 | 12  0.08317  1.68257e+02
 13  0.03978  4.63969e+02 | 14  0.07763  3.70347e+02 | 15  0.06219  2.33289e+02
 16  0.14335  6.33838e+02 | 17  0.15141 -3.99865e+02 | 18  0.14491  7.95725e+02
 19  0.09209  6.53988e+02 | 20  0.11517  6.67545e+02 | 21  0.05648  7.76631e+01
 22 -0.00093  1.42168e+03 | 23  0.04325 -3.18767e+02 | 24 -0.06508  3.93637e+02
 25 -0.00787  8.49599e+02 | 26 -0.00704  3.50213e+02 | 27 -0.06057  3.20195e+02
 28 -0.00846  5.19514e+02 | 29 -0.02458  1.60590e+02 | 30 -0.04844  1.79548e+02
 31 -0.00700  2.04738e+02 | 32 -0.02401  4.14815e+01 | 33 -0.09212  7.59433e+01
 34 -0.02545 -1.50704e+02 | 35 -0.09949 -3.27303e+01 | 36  0.03701 -5.93180e+02
 37 -0.01597 -2.30868e+02 | 38 -0.00568 -2.48350e+02 | 39  0.07575 -7.97297e+02
 40 -0.01951 -2.81462e+02 | 41 -0.07481 -1.98235e+02 | 42  0.00185 -3.20918e+02
 43 -0.02042 -2.95320e+02 | 44  0.06667 -6.70122e+02 | 45  0.00880 -3.82299e+02
 46 -0.02438 -2.47692e+02 | 47 -0.09304 -2.35902e+02 | 48  0.01746 -4.62983e+02
 49  0.00006 -5.06241e+02 | 50 -0.05820 -3.12113e+02 | 51  0.08792 -1.26888e+03
 52 -0.08488 -2.94898e+02 | 53 -0.07305 -1.97998e+02 | 54 -0.06549 -1.58757e+02
 55 -0.12330 -1.02832e+02 | 56 -0.02000 -4.34901e+01 | 57 -0.11578 -5.22867e+01
 58 -0.12001 -6.77634e+01 | 59  0.05411 -3.96468e+01 |
59 variables; iteration 40; function evaluation 57; phase 3
Function value 1.6662372e+03; maximum gradient component mag 7.3941e+03
Var    Value     Gradient |Var    Value     Gradient |Var    Value     Gradient
  1 -0.55547  7.39412e+03 |  2  0.39655  1.21081e+03 |  3 -0.07029  9.89774e+00
  4 -0.03477  3.88417e+01 |  5 -0.03374  4.02577e+01 |  6 -0.01007  6.88570e+00
  7  0.01840 -1.60236e+02 |  8 -0.01501 -1.43550e+02 |  9  0.02704 -8.08323e+01
 10  0.03677  7.62935e+01 | 11  0.02233 -2.28434e+02 | 12  0.08618 -1.66718e+02
 13  0.03360 -1.70982e+02 | 14  0.07300 -2.13183e+02 | 15  0.05644 -2.17203e+02
 16  0.13638  3.82027e+01 | 17  0.16578 -2.62453e+02 | 18  0.14007  1.74365e+02
 19  0.08726  7.41026e+01 | 20  0.11769  3.52602e+02 | 21  0.06614  3.55578e+01
 22 -0.01642  6.23600e+02 | 23  0.05940  6.55514e+01 | 24 -0.08274 -1.87153e+02
 25 -0.01046  4.31540e+02 | 26 -0.00451  2.17466e+02 | 27 -0.06143  1.02633e+02
 28 -0.00555  5.23466e+02 | 29 -0.02158  1.39055e+02 | 30 -0.05148 -1.96819e+01
 31 -0.00626  2.18473e+02 | 32 -0.02088  1.52735e+02 | 33 -0.10066 -1.76352e+02
 34 -0.01853  2.98359e+02 | 35 -0.10284 -6.63149e+01 | 36  0.04253  1.39831e+02
 37 -0.01187  1.34873e+02 | 38 -0.00112  1.70877e+02 | 39  0.08334  1.98272e+02
 40 -0.02202 -1.89299e+02 | 41 -0.07561 -1.57425e+02 | 42  0.00406  5.91887e+01
 43 -0.02089 -9.54518e+01 | 44  0.06458 -2.19361e+02 | 45  0.01124  4.60952e+01
 46 -0.02161  8.73985e+01 | 47 -0.09409 -1.64916e+02 | 48  0.01477 -1.83406e+02
 49  0.00560  1.91778e+02 | 50 -0.05966 -1.66469e+02 | 51  0.09899  7.54220e+02
 52 -0.08320 -1.61460e+02 | 53 -0.07269 -2.27815e+02 | 54 -0.06633 -3.04471e+02
 55 -0.12496 -3.38810e+02 | 56 -0.01789 -1.61344e+02 | 57 -0.12104 -4.25528e+02
 58 -0.12446 -3.79588e+02 | 59  0.05032 -3.94030e+02 |
59 variables; iteration 60; function evaluation 94; phase 3
Function value 1.6428025e+03; maximum gradient component mag -7.0154e+02
Var    Value     Gradient |Var    Value     Gradient |Var    Value     Gradient
  1 -0.55983 -7.01537e+02 |  2  0.42028 -7.08026e+01 |  3 -0.05787 -2.10574e+01
  4 -0.04251 -1.64548e+01 |  5 -0.03995 -2.01627e+01 |  6 -0.00675 -2.15761e+01
  7  0.03497 -2.75478e+01 |  8 -0.00044  1.05807e+01 |  9  0.03382 -2.44974e+01
 10  0.03928 -1.96479e+01 | 11  0.02385 -4.57281e+00 | 12  0.08888 -5.41131e+00
 13  0.03652  3.78812e+01 | 14  0.07877  4.59410e+01 | 15  0.05880 -2.26692e+00
 16  0.13473  2.66383e+01 | 17  0.17544 -5.52739e+01 | 18  0.13848  3.47106e+01
 19  0.08797  2.38423e+01 | 20  0.11447 -3.02562e+01 | 21  0.07148 -7.49018e+01
 22 -0.03564  8.37108e+01 | 23  0.06329 -9.98355e+01 | 24 -0.07272 -3.95115e+00
 25 -0.01481 -1.07033e+01 | 26 -0.00115 -3.60246e+01 | 27 -0.05849 -2.57032e+01
 28 -0.01092 -8.57411e+01 | 29 -0.02143 -5.88514e+01 | 30 -0.04837 -2.67675e+01
 31 -0.00586 -4.53456e+01 | 32 -0.02070 -1.44953e+01 | 33 -0.09473  2.07962e+01
 34 -0.02294 -3.42124e+01 | 35 -0.10339  1.47686e+01 | 36  0.04301 -4.39739e+01
 37 -0.01589 -1.59544e+01 | 38 -0.00653 -3.47612e+01 | 39  0.08221 -3.73949e+01
 40 -0.01864  1.98646e+01 | 41 -0.07522  2.26681e+01 | 42  0.00233  1.88560e+01
 43 -0.02127 -2.19670e+00 | 44  0.06899  3.02387e+01 | 45  0.00899  5.88869e+00
 46 -0.02629 -1.87136e+01 | 47 -0.09254  6.36385e+01 | 48  0.01751  4.74406e+01
 49  0.00104  8.34750e+00 | 50 -0.05870  2.15310e+01 | 51  0.09324 -9.17785e+00
 52 -0.08397  4.31533e+01 | 53 -0.07402  2.09848e+01 | 54 -0.06561  5.97988e+01
 55 -0.12385  4.57741e+01 | 56 -0.02131  3.93711e+01 | 57 -0.11781  4.35500e+01
 58 -0.12397  1.41149e+01 | 59  0.05073  2.09407e+01 |
Maximum number of function evaluations exceeded

 - final statistics:
59 variables; iteration 63; function evaluation 100
Function value 1.6428e+03; maximum gradient component mag -6.8310e+02
Exit code = 3;  converg criter 1.0000e+00
Var    Value     Gradient |Var    Value     Gradient |Var    Value     Gradient
  1 -0.55985 -6.83098e+02 |  2  0.42033 -6.88388e+01 |  3 -0.05742 -2.06946e+01
  4 -0.04263 -1.61595e+01 |  5 -0.03994 -1.98467e+01 |  6 -0.00676 -2.11592e+01
  7  0.03500 -2.69461e+01 |  8 -0.00049  1.05796e+01 |  9  0.03394 -2.14491e+01
 10  0.03925 -2.03563e+01 | 11  0.02387 -4.27262e+00 | 12  0.08896 -3.23539e+00
 13  0.03622  2.94637e+01 | 14  0.07913  5.70952e+01 | 15  0.05888 -7.09705e-01
 16  0.13457  2.44740e+01 | 17  0.17552 -5.24225e+01 | 18  0.13829  2.84502e+01
 19  0.08813  2.76505e+01 | 20  0.11444 -3.17312e+01 | 21  0.07151 -7.43041e+01
 22 -0.03562  8.43518e+01 | 23  0.06333 -9.78965e+01 | 24 -0.07270 -3.76523e+00
 25 -0.01485 -1.20986e+01 | 26 -0.00113 -3.52756e+01 | 27 -0.05844 -2.40221e+01
 28 -0.01092 -8.55897e+01 | 29 -0.02135 -5.68192e+01 | 30 -0.04861 -3.28533e+01
 31 -0.00579 -4.34556e+01 | 32 -0.02071 -1.43699e+01 | 33 -0.09475  2.07694e+01
 34 -0.02294 -3.41068e+01 | 35 -0.10341  1.46487e+01 | 36  0.04299 -4.34427e+01
 37 -0.01538  1.60159e-01 | 38 -0.00685 -4.48490e+01 | 39  0.08225 -3.46003e+01
 40 -0.01871  1.85344e+01 | 41 -0.07513  2.47265e+01 | 42  0.00233  1.90492e+01
 43 -0.02124 -1.19699e+00 | 44  0.06900  3.15965e+01 | 45  0.00900  6.08250e+00
 46 -0.02620 -1.65452e+01 | 47 -0.09287  5.39712e+01 | 48  0.01755  4.86000e+01
 49  0.00104  8.73580e+00 | 50 -0.05853  2.38046e+01 | 51  0.09326 -8.99475e+00
 52 -0.08420  3.58367e+01 | 53 -0.07393  2.33619e+01 | 54 -0.06560  5.94708e+01
 55 -0.12407  3.91513e+01 | 56 -0.02131  3.86384e+01 | 57 -0.11782  4.29411e+01
 58 -0.12394  1.40140e+01 | 59  0.05076  2.08851e+01 |

Initial statistics: 67 variables; iteration 0; function evaluation 0; phase 4
Function value 1.6427768e+03; maximum gradient component mag -1.4709e+04
Var    Value     Gradient |Var    Value     Gradient |Var    Value     Gradient
  1 -0.55985 -6.90409e+02 |  2  0.42033 -6.96872e+01 |  3 -0.05742 -2.06424e+01
  4 -0.04263 -1.61562e+01 |  5 -0.03994 -1.98306e+01 |  6 -0.00676 -2.11593e+01
  7  0.03500 -2.69427e+01 |  8 -0.00049  1.03989e+01 |  9  0.03394 -2.10165e+01
 10  0.03925 -2.03324e+01 | 11  0.02383 -5.11054e+00 | 12  0.08892 -4.03223e+00
 13  0.03619  2.85493e+01 | 14  0.07909  5.56876e+01 | 15  0.05885 -1.53920e+00
 16  0.13454  2.12178e+01 | 17  0.17548 -5.33597e+01 | 18  0.13825  2.80076e+01
 19  0.08809  2.69537e+01 | 20  0.11440 -3.25560e+01 | 21  0.07147 -7.52320e+01
 22 -0.03565  8.30901e+01 | 23  0.06330 -9.87412e+01 | 24 -0.07274 -4.68520e+00
 25 -0.01488 -1.33453e+01 | 26 -0.00117 -3.66220e+01 | 27 -0.05847 -2.54037e+01
 28 -0.01095 -8.62684e+01 | 29 -0.02139 -5.78898e+01 | 30 -0.04865 -3.41414e+01
 31 -0.00582 -4.42578e+01 | 32 -0.02075 -1.56700e+01 | 33 -0.09478  1.96036e+01
 34 -0.02298 -3.49182e+01 | 35 -0.10344  1.38312e+01 | 36  0.04295 -4.41197e+01
 37 -0.01541 -1.06768e+00 | 38 -0.00688 -4.44609e+01 | 39  0.08221 -3.52429e+01
 40 -0.01874  1.74104e+01 | 41 -0.07516  2.43968e+01 | 42  0.00229  1.82648e+01
 43 -0.02128 -1.81119e+00 | 44  0.06897  3.06675e+01 | 45  0.00896  5.41505e+00
 46 -0.02623 -1.69910e+01 | 47 -0.09291  5.33094e+01 | 48  0.01751  4.75861e+01
 49  0.00101  7.50428e+00 | 50 -0.05857  2.57833e+01 | 51  0.09323 -1.00149e+01
 52 -0.08424  3.46758e+01 | 53 -0.07397  2.27398e+01 | 54 -0.06563  5.87491e+01
 55 -0.12410  3.78225e+01 | 56 -0.02134  3.80916e+01 | 57 -0.11785  4.24302e+01
 58 -0.12397  1.36156e+01 | 59  0.05072  2.04837e+01 | 60 -0.11011 -4.95320e+03
 61 -0.15000 -9.88950e+03 | 62 -0.16671 -1.14045e+04 | 63 -0.17620 -1.47086e+04
 64 -0.11992  2.64398e+03 | 65 -0.13710  4.82066e+03 | 66 -0.16155  4.19380e+03
 67 -0.18446  2.36722e+03 |

Intermediate statistics: 67 variables; iteration 20; function evaluation 29; phase 4
Function value 1.4510837e+03; maximum gradient component mag -1.0625e+04
Var    Value     Gradient |Var    Value     Gradient |Var    Value     Gradient
  1 -0.57198 -3.89345e+03 |  2  0.49553 -1.65048e+02 |  3 -0.00331 -1.75754e+02
  4 -0.01948 -1.63509e+02 |  5 -0.04841 -2.38674e+02 |  6 -0.12538 -3.05845e+02
  7  0.04423 -3.40605e+02 |  8 -0.00565 -1.41709e+02 |  9  0.03600 -1.87583e+02
 10  0.03328 -4.02875e+02 | 11  0.02455 -1.41982e+02 | 12  0.08593 -3.97703e+02
 13  0.03400 -2.40273e+02 | 14  0.07713 -2.08322e+02 | 15  0.06400 -1.13844e+01
 16  0.13706 -1.26241e+02 | 17  0.17903 -3.45944e+02 | 18  0.14018 -1.89185e+02
 19  0.09058 -1.32321e+02 | 20  0.11795 -1.96636e+02 | 21  0.07577 -2.19797e+02
 22 -0.03737 -6.38757e+01 | 23  0.06716 -1.71393e+02 | 24 -0.06946  5.22020e+00
 25 -0.01258 -7.56022e+01 | 26  0.00042 -8.52814e+01 | 27 -0.05678 -7.82494e+00
 28 -0.00865 -1.99246e+01 | 29 -0.01989  1.08926e+01 | 30 -0.04644  6.73955e+01
 31 -0.00344  1.22851e+02 | 32 -0.02024  1.49507e+02 | 33 -0.09419  1.48962e+02
 34 -0.02256  1.36654e+02 | 35 -0.10487  1.60795e+02 | 36  0.03981  1.42829e+02
 37 -0.01699  1.90581e+02 | 38 -0.00765  1.89976e+02 | 39  0.08006  1.04153e+02
 40 -0.01878  9.78532e+01 | 41 -0.07585  1.34161e+02 | 42 -0.00067  6.85397e+01
 43 -0.02250  3.88234e+01 | 44  0.06675 -4.22719e+01 | 45  0.00578 -9.47915e+00
 46 -0.02764 -1.05040e+00 | 47 -0.09573  5.37564e+01 | 48  0.01536  2.36764e+01
 49 -0.00179  2.66354e+01 | 50 -0.06310  7.59055e+00 | 51  0.08967 -1.30784e+02
 52 -0.08974  5.63161e+01 | 53 -0.07811  4.83510e+01 | 54 -0.06902  8.45469e+01
 55 -0.12650  4.91568e+01 | 56 -0.01735  2.39247e+02 | 57 -0.11621  1.68411e+02
 58 -0.11861  1.70666e+02 | 59  0.05419  1.42079e+02 | 60 -0.10629 -1.74082e+03
 61 -0.14322 -5.75986e+03 | 62 -0.18312 -1.06248e+04 | 63 -0.14720 -9.49061e+03
 64 -0.11933  1.74111e+03 | 65 -0.14957  2.92420e+03 | 66 -0.16472  3.68667e+03
 67 -0.15820  2.99534e+03 |
67 variables; iteration 40; function evaluation 58; phase 4
Function value 1.3847492e+03; maximum gradient component mag 6.0193e+03
Var    Value     Gradient |Var    Value     Gradient |Var    Value     Gradient
  1 -0.57130  6.01927e+03 |  2  0.48913  6.53835e+02 |  3  0.01517  1.06187e+02
  4 -0.08506  2.73793e+01 |  5 -0.00126  1.11800e+02 |  6 -0.11012 -1.32743e+02
  7  0.02682 -1.05413e+02 |  8 -0.01144  3.18242e+01 |  9  0.03369  1.95983e+02
 10  0.04378  3.05617e+02 | 11  0.01514 -3.11145e+02 | 12  0.09031  5.78943e+01
 13  0.03442 -5.36998e+01 | 14  0.08092  4.32954e+01 | 15  0.05827 -1.59079e+02
 16  0.13415 -9.71775e+01 | 17  0.17639  1.16482e+02 | 18  0.14000  1.25971e+02
 19  0.09046  1.17019e+02 | 20  0.11900  3.16531e+02 | 21  0.07522  3.13893e+02
 22 -0.03079  2.41890e+02 | 23  0.06365  1.42185e+02 | 24 -0.06876  8.89796e+01
 25 -0.01256  2.86401e+02 | 26  0.00206  4.53673e+02 | 27 -0.05583  2.62903e+02
 28 -0.01150  1.77781e+02 | 29 -0.01706  2.69476e+02 | 30 -0.04914  6.00675e+01
 31 -0.00285  3.31502e+02 | 32 -0.01896  2.70991e+02 | 33 -0.10276 -1.51993e+02
 34 -0.02205  1.64893e+02 | 35 -0.10592 -1.96161e+00 | 36  0.03908  1.64239e+02
 37 -0.01457  1.64437e+02 | 38 -0.00530  1.50136e+02 | 39  0.08097  9.80579e+01
 40 -0.01706 -6.62183e+00 | 41 -0.07559 -7.64898e+01 | 42  0.00020 -5.55862e+01
 43 -0.02149 -1.07591e+02 | 44  0.06705 -1.13453e+02 | 45  0.00607 -1.71044e+02
 46 -0.02757 -2.28364e+02 | 47 -0.09892 -2.79116e+02 | 48  0.01639 -1.25110e+02
 49 -0.00182 -1.93284e+02 | 50 -0.06158 -1.99968e+02 | 51  0.09030 -2.72885e+02
 52 -0.09203 -3.12178e+02 | 53 -0.07952 -3.48830e+02 | 54 -0.06922 -2.90552e+02
 55 -0.12869 -3.54662e+02 | 56 -0.01502 -5.81080e+01 | 57 -0.11889 -2.60673e+02
 58 -0.11000 -4.12473e+01 | 59  0.06124 -4.79258e+01 | 60 -0.10695 -5.07025e+02
 61 -0.14403 -2.42709e+03 | 62 -0.18010 -5.17304e+03 | 63 -0.14331 -4.43301e+03
 64 -0.12156  1.00930e+03 | 65 -0.15180  1.77094e+03 | 66 -0.16717  2.36578e+03
 67 -0.16098  1.84240e+03 |
67 variables; iteration 60; function evaluation 92; phase 4
Function value 1.3418630e+03; maximum gradient component mag -1.9908e+03
Var    Value     Gradient |Var    Value     Gradient |Var    Value     Gradient
  1 -0.56797 -1.96509e+03 |  2  0.45615 -1.78058e+02 |  3 -0.01341 -1.82031e+01
  4 -0.09211 -3.41600e+01 |  5 -0.01661  1.54754e+01 |  6 -0.06958 -9.76630e+01
  7  0.02644 -1.20576e+02 |  8 -0.01650 -1.13688e+02 |  9  0.03124 -4.09907e+01
 10  0.04037  4.02094e+01 | 11  0.01839 -7.95430e+01 | 12  0.08810  5.11434e+00
 13  0.03504  6.42421e+00 | 14  0.07689 -4.62356e+01 | 15  0.05990 -3.57821e+00
 16  0.13485 -6.45441e+01 | 17  0.17527 -2.38489e+02 | 18  0.13782 -1.02880e+02
 19  0.08503 -1.45954e+02 | 20  0.11516 -1.30483e+02 | 21  0.07482 -7.48231e+01
 22 -0.03558  4.31086e+01 | 23  0.06826 -2.95719e+01 | 24 -0.07014  8.86932e+00
 25 -0.01496 -1.31558e+02 | 26 -0.00182 -1.63946e+02 | 27 -0.05358  4.26054e+01
 28 -0.01046 -1.71596e+02 | 29 -0.01947 -9.54392e+01 | 30 -0.04505 -7.42326e+00
 31 -0.00270 -1.32846e+01 | 32 -0.02085 -8.44822e+01 | 33 -0.09985 -1.15320e+02
 34 -0.01991  4.13313e+01 | 35 -0.11313 -1.04327e+02 | 36  0.04010 -7.78499e+01
 37 -0.01334  1.07324e+02 | 38 -0.00487  8.25650e+01 | 39  0.08409  1.01590e+01
 40 -0.01578  6.11962e+01 | 41 -0.07343  1.13422e+02 | 42  0.00027  2.45113e+01
 43 -0.02104  3.19851e+01 | 44  0.06919  4.22846e+01 | 45  0.00785  9.70406e+01
 46 -0.02894 -6.00859e+01 | 47 -0.09812 -2.42190e+01 | 48  0.01634  6.26818e+01
 49 -0.00089  7.72667e+01 | 50 -0.06109  8.12655e+01 | 51  0.09101  7.16178e+01
 52 -0.09097  3.40601e+00 | 53 -0.07497  1.22588e+02 | 54 -0.07289 -1.24496e+02
 55 -0.12276  1.09567e+02 | 56 -0.01754  1.14744e+02 | 57 -0.11733  8.22601e+01
 58 -0.12383  7.30535e+01 | 59  0.04847  7.21537e+01 | 60 -0.10798 -3.03375e+02
 61 -0.14511 -1.11206e+03 | 62 -0.17704 -1.99077e+03 | 63 -0.13978 -1.80984e+03
 64 -0.12507  1.17888e+02 | 65 -0.15242  3.07479e+02 | 66 -0.17533  3.61312e+02
 67 -0.15852  4.62301e+02 |
Maximum number of function evaluations exceeded

 - final statistics:
67 variables; iteration 65; function evaluation 100
Function value 1.3370e+03; maximum gradient component mag -2.1669e+03
Exit code = 3;  converg criter 1.0000e+00
Var    Value     Gradient |Var    Value     Gradient |Var    Value     Gradient
  1 -0.56716 -2.16687e+03 |  2  0.45045 -2.41831e+02 |  3 -0.00862 -5.68241e+00
  4 -0.10702 -3.44811e+01 |  5 -0.02416  1.83424e+01 |  6 -0.06204 -6.75684e+01
  7  0.02670 -7.06103e+01 |  8 -0.01649 -9.52446e+01 |  9  0.03010 -5.27167e+01
 10  0.03891  1.03102e+01 | 11  0.01965 -2.01219e+01 | 12  0.08825  4.20668e+01
 13  0.03500  3.47481e+01 | 14  0.07779  7.55086e+00 | 15  0.06003  2.65290e+01
 16  0.13494 -3.50988e+01 | 17  0.17678 -1.48061e+02 | 18  0.13764 -8.15282e+01
 19  0.08691 -7.45513e+01 | 20  0.11546 -1.04125e+02 | 21  0.07474 -7.73712e+01
 22 -0.03689  2.76508e+01 | 23  0.06820 -5.36730e+01 | 24 -0.07025  1.74384e+01
 25 -0.01328 -8.30664e+01 | 26 -0.00105 -1.51691e+02 | 27 -0.05509 -1.00449e+01
 28 -0.00912 -1.43730e+02 | 29 -0.01788 -5.90753e+01 | 30 -0.04560 -3.08849e+01
 31 -0.00263 -4.44576e+01 | 32 -0.02043 -8.69515e+01 | 33 -0.09595 -3.71091e+01
 34 -0.02014  5.14105e+00 | 35 -0.10943 -3.79525e+01 | 36  0.04117 -7.89550e+01
 37 -0.01457  3.60722e+01 | 38 -0.00456  5.09574e+01 | 39  0.08511 -4.75738e+00
 40 -0.01462  6.95081e+01 | 41 -0.07425  7.90215e+01 | 42  0.00126  3.36693e+01
 43 -0.02027  3.86574e+01 | 44  0.06998  3.23513e+01 | 45  0.00804  8.41046e+01
 46 -0.02709  1.45116e+01 | 47 -0.09642  2.45610e+01 | 48  0.01677  5.46626e+01
 49 -0.00009  8.48196e+01 | 50 -0.06274  2.36642e+01 | 51  0.09176  8.72585e+01
 52 -0.08919  5.58845e+01 | 53 -0.07503  1.22375e+02 | 54 -0.07055 -1.59791e+01
 55 -0.12251  1.30709e+02 | 56 -0.01718  1.17717e+02 | 57 -0.11681  1.03082e+02
 58 -0.12413  8.71041e+01 | 59  0.04858  9.39248e+01 | 60 -0.10819 -1.91556e+02
 61 -0.14529 -6.69086e+02 | 62 -0.17646 -1.15149e+03 | 63 -0.13905 -1.05535e+03
 64 -0.12520  5.12823e+00 | 65 -0.15286  7.06627e+01 | 66 -0.17575  7.53464e+01
 67 -0.15923  1.82276e+02 |

Initial statistics: 69 variables; iteration 0; function evaluation 0; phase 5
Function value 1.3369805e+03; maximum gradient component mag -2.1703e+03
Var    Value     Gradient |Var    Value     Gradient |Var    Value     Gradient
  1 -0.56716 -2.17031e+03 |  2  0.45045 -2.42253e+02 |  3 -0.00862 -5.70125e+00
  4 -0.10702 -3.44907e+01 |  5 -0.02416  1.83220e+01 |  6 -0.06204 -6.75724e+01
  7  0.02670 -7.06193e+01 |  8 -0.01649 -9.52584e+01 |  9  0.03010 -5.27979e+01
 10  0.03891  1.05202e+01 | 11  0.01948 -2.42875e+01 | 12  0.08808  3.76030e+01
 13  0.03484  3.05315e+01 | 14  0.07762  3.78787e+00 | 15  0.05987  2.24902e+01
 16  0.13477 -3.94511e+01 | 17  0.17661 -1.52269e+02 | 18  0.13747 -8.55772e+01
 19  0.08674 -7.88481e+01 | 20  0.11530 -1.07624e+02 | 21  0.07457 -8.22681e+01
 22 -0.03705  2.34157e+01 | 23  0.06803 -5.79396e+01 | 24 -0.07041  1.32730e+01
 25 -0.01344 -8.75598e+01 | 26 -0.00121 -1.55907e+02 | 27 -0.05526 -1.42623e+01
 28 -0.00929 -1.48047e+02 | 29 -0.01804 -6.32074e+01 | 30 -0.04576 -3.49224e+01
 31 -0.00280 -4.85888e+01 | 32 -0.02059 -9.15163e+01 | 33 -0.09612 -4.09817e+01
 34 -0.02031  9.87593e-01 | 35 -0.10960 -4.19082e+01 | 36  0.04100 -8.30775e+01
 37 -0.01473  3.16965e+01 | 38 -0.00472  4.67248e+01 | 39  0.08495 -8.80740e+00
 40 -0.01478  6.50651e+01 | 41 -0.07442  7.49054e+01 | 42  0.00110  2.93897e+01
 43 -0.02043  3.51515e+01 | 44  0.06981  2.81621e+01 | 45  0.00787  8.00375e+01
 46 -0.02725  1.03456e+01 | 47 -0.09658  2.05238e+01 | 48  0.01661  5.05758e+01
 49 -0.00025  8.07548e+01 | 50 -0.06290  1.94867e+01 | 51  0.09159  8.32229e+01
 52 -0.08935  5.19914e+01 | 53 -0.07519  1.18427e+02 | 54 -0.07072 -2.00400e+01
 55 -0.12267  1.26618e+02 | 56 -0.01734  1.13683e+02 | 57 -0.11697  9.93701e+01
 58 -0.12430  8.31797e+01 | 59  0.04842  8.98722e+01 | 60 -0.10819 -1.91696e+02
 61 -0.14529 -6.69317e+02 | 62 -0.17646 -1.15165e+03 | 63 -0.13905 -1.05553e+03
 64 -0.12520  5.12757e+00 | 65 -0.15286  7.05927e+01 | 66 -0.17575  7.50736e+01
 67 -0.15923  1.82280e+02 | 68  1.00000  4.33158e-08 | 69  1.00000  4.33158e-08

Intermediate statistics: 69 variables; iteration 20; function evaluation 21; phase 5
Function value 1.3340864e+03; maximum gradient component mag 4.7348e+03
Var    Value     Gradient |Var    Value     Gradient |Var    Value     Gradient
  1 -0.56555  4.73480e+03 |  2  0.44126  4.49810e+02 |  3 -0.02249  1.02097e+02
  4 -0.07697  5.38304e+01 |  5 -0.05369  8.81115e+01 |  6 -0.04195  9.59204e+01
  7  0.02339  1.35139e+02 |  8 -0.01304  1.02172e+02 |  9  0.02948  1.83566e+02
 10  0.03641  1.81700e+02 | 11  0.02124  9.86950e+00 | 12  0.08713  1.63501e+02
 13  0.03368  8.52932e+01 | 14  0.07700  9.10384e+01 | 15  0.05969 -1.10898e+01
 16  0.13535  9.54845e+01 | 17  0.17687  3.38709e+02 | 18  0.13819  2.01122e+02
 19  0.08788  1.51364e+02 | 20  0.11530  2.60901e+02 | 21  0.07376  2.98464e+02
 22 -0.03897  1.09025e+02 | 23  0.06708  2.92332e+02 | 24 -0.07164  5.71594e+01
 25 -0.01366  1.97778e+02 | 26 -0.00037  2.47542e+02 | 27 -0.05763  1.33305e+02
 28 -0.00820  1.88062e+02 | 29 -0.01822  1.08545e+02 | 30 -0.04588  4.69258e+01
 31 -0.00391  1.06875e+02 | 32 -0.01969  6.43315e+01 | 33 -0.09433 -5.46432e+01
 34 -0.02120 -8.35400e+00 | 35 -0.10676 -1.08249e+02 | 36  0.04081 -9.06665e+01
 37 -0.01544 -9.27126e+01 | 38 -0.00562 -9.95895e+01 | 39  0.08432 -1.10458e+02
 40 -0.01551 -1.13973e+02 | 41 -0.07501 -1.29845e+02 | 42  0.00125 -1.24040e+02
 43 -0.02002 -1.20764e+02 | 44  0.06959 -9.64822e+01 | 45  0.00747 -1.17568e+02
 46 -0.02664 -1.44569e+02 | 47 -0.09503 -1.38583e+02 | 48  0.01636 -1.38426e+02
 49 -0.00068 -1.28174e+02 | 50 -0.06085 -1.20914e+02 | 51  0.09157 -7.01084e+01
 52 -0.08802 -1.37948e+02 | 53 -0.07627 -1.52419e+02 | 54 -0.06870 -1.66345e+02
 55 -0.12455 -1.64702e+02 | 56 -0.01700 -1.36811e+02 | 57 -0.11701 -1.58906e+02
 58 -0.12394 -1.61468e+02 | 59  0.04846 -1.63309e+02 | 60 -0.10898 -1.38134e+02
 61 -0.14551  2.48890e+01 | 62 -0.17574  3.58425e+01 | 63 -0.13900  4.16442e+01
 64 -0.12469  1.21537e+02 | 65 -0.15326  1.94428e+02 | 66 -0.17450  2.42979e+02
 67 -0.16056  2.20079e+02 | 68  1.00225 -2.21609e-01 | 69  1.00225 -2.42498e-01
69 variables; iteration 40; function evaluation 51; phase 5
Function value 1.3336594e+03; maximum gradient component mag 1.0300e+03
Var    Value     Gradient |Var    Value     Gradient |Var    Value     Gradient
  1 -0.56268  1.02996e+03 |  2  0.42415  1.69891e+01 |  3 -0.04133  4.32686e+01
  4 -0.06871  2.96754e+01 |  5 -0.05543  4.22624e+01 |  6 -0.04734  2.84080e+01
  7  0.02316  5.67139e+01 |  8 -0.01531  2.33833e+01 |  9  0.02864  7.92586e+01
 10  0.03518  6.59087e+01 | 11  0.02090  5.89207e+01 | 12  0.08604  1.17397e+02
 13  0.03282  7.58908e+01 | 14  0.07592  7.37214e+01 | 15  0.05855  3.28885e+01
 16  0.13433  7.78011e+01 | 17  0.17618  1.73469e+02 | 18  0.13740  1.16495e+02
 19  0.08708  9.34782e+01 | 20  0.11442  1.19323e+02 | 21  0.07283  1.18970e+02
 22 -0.03960  7.01594e+01 | 23  0.06646  1.07123e+02 | 24 -0.07227  3.65808e+01
 25 -0.01421  6.39798e+01 | 26 -0.00066  7.37267e+01 | 27 -0.05803  2.78310e+01
 28 -0.00825  4.12468e+01 | 29 -0.01841  1.26590e+01 | 30 -0.04569  4.40391e+00
 31 -0.00431 -1.79034e+01 | 32 -0.01957 -1.06317e+01 | 33 -0.09426 -4.07479e+01
 34 -0.02116 -7.75683e+01 | 35 -0.10641 -6.71636e+01 | 36  0.04176 -1.55361e+02
 37 -0.01500 -8.88999e+01 | 38 -0.00524 -9.28363e+01 | 39  0.08474 -1.61749e+02
 40 -0.01538 -8.63857e+01 | 41 -0.07499 -6.60654e+01 | 42  0.00146 -8.68365e+01
 43 -0.01977 -6.73383e+01 | 44  0.06998 -9.76628e+01 | 45  0.00731 -8.28357e+01
 46 -0.02629 -4.88480e+01 | 47 -0.09454 -3.02525e+01 | 48  0.01685 -6.34591e+01
 49 -0.00057 -6.78109e+01 | 50 -0.06029 -9.59560e+00 | 51  0.09198  1.13297e+01
 52 -0.08730 -1.56413e+01 | 53 -0.07584 -2.90710e+01 | 54 -0.06798 -1.62342e+01
 55 -0.12421 -2.86116e+01 | 56 -0.01619  3.09840e+01 | 57 -0.11615 -1.79436e+01
 58 -0.12233 -1.61332e+01 | 59  0.04991 -1.29922e+01 | 60 -0.10867 -1.00096e+02
 61 -0.14520 -6.50052e+01 | 62 -0.17595 -2.80058e+02 | 63 -0.13893 -2.93275e+02
 64 -0.12442  1.03885e+02 | 65 -0.15335  1.30536e+02 | 66 -0.17424  1.77359e+02
 67 -0.16057  1.38091e+02 | 68  1.06560 -2.91890e-01 | 69  1.06738 -9.30107e-01
69 variables; iteration 60; function evaluation 87; phase 5
Function value 1.3322650e+03; maximum gradient component mag -9.7327e+02
Var    Value     Gradient |Var    Value     Gradient |Var    Value     Gradient
  1 -0.56246 -9.73270e+02 |  2  0.42170 -9.04501e+01 |  3 -0.05178 -1.48442e+01
  4 -0.06429 -1.62732e+01 |  5 -0.05756 -1.44292e+01 |  6 -0.04725 -2.97281e+01
  7  0.02245 -3.57787e+01 |  8 -0.01432 -3.26860e+01 |  9  0.02855 -2.65193e+01
 10  0.03530 -3.67493e+01 | 11  0.01976 -1.37172e+01 | 12  0.08551 -2.09602e+01
 13  0.03215 -2.78919e+01 | 14  0.07589 -1.61679e+01 | 15  0.05775 -1.03051e+01
 16  0.13334 -3.70581e+01 | 17  0.17621 -5.82230e+01 | 18  0.13675 -4.77105e+01
 19  0.08625 -4.47635e+01 | 20  0.11428 -5.98366e+01 | 21  0.07279 -7.45714e+01
 22 -0.04036 -2.38851e+01 | 23  0.06620 -7.73656e+01 | 24 -0.07179 -4.85711e+00
 25 -0.01419 -4.80748e+01 | 26 -0.00055 -4.83539e+01 | 27 -0.05757 -3.14949e+01
 28 -0.00817 -3.75817e+01 | 29 -0.01791 -1.90346e+01 | 30 -0.04616 -2.43177e+01
 31 -0.00388 -2.81437e+01 | 32 -0.01941 -6.46815e+00 | 33 -0.09444 -8.11475e+00
 34 -0.02051  6.42150e+00 | 35 -0.10442  3.88172e+01 | 36  0.04281  9.86061e+00
 37 -0.01441  1.89383e+01 | 38 -0.00441  2.71040e+01 | 39  0.08574  1.69915e+01
 40 -0.01521  1.59279e+01 | 41 -0.07423  3.34879e+01 | 42  0.00179  2.89359e+01
 43 -0.01948  3.80569e+01 | 44  0.07002  2.20666e+01 | 45  0.00755  2.24063e+01
 46 -0.02626  3.37313e+01 | 47 -0.09497  2.91873e+01 | 48  0.01714  3.66858e+01
 49 -0.00013  3.26859e+01 | 50 -0.06031  5.50368e+01 | 51  0.09156  3.24954e+01
 52 -0.08740  3.90070e+01 | 53 -0.07575  3.45456e+01 | 54 -0.06764  6.13293e+01
 55 -0.12438  2.31636e+01 | 56 -0.01706  2.56685e+01 | 57 -0.11686  2.10498e+01
 58 -0.12238  3.88710e+01 | 59  0.04870  2.24671e+01 | 60 -0.10822  1.52703e+02
 61 -0.14531  1.47550e+02 | 62 -0.17583  4.35972e+01 | 63 -0.13798  2.07336e+01
 64 -0.12515 -2.03246e+01 | 65 -0.15319 -2.03341e+01 | 66 -0.17476 -2.68924e+01
 67 -0.16095 -5.35431e+01 | 68  0.89134  3.46173e-01 | 69  1.38506 -1.09244e+00
69 variables; iteration 80; function evaluation 120; phase 5
Function value 1.3320392e+03; maximum gradient component mag -1.1365e+02
Var    Value     Gradient |Var    Value     Gradient |Var    Value     Gradient
  1 -0.56206 -1.13650e+02 |  2  0.41958 -1.38680e+01 |  3 -0.05494 -1.16962e+00
  4 -0.06236 -6.83545e-01 |  5 -0.06126 -1.07951e+00 |  6 -0.04407 -1.53425e+00
  7  0.02214 -1.74484e+00 |  8 -0.01363 -2.00265e+00 |  9  0.02802 -2.89363e+00
 10  0.03517 -3.25545e+00 | 11  0.02007  1.47707e+00 | 12  0.08523 -4.20538e-01
 13  0.03242  2.93421e-01 | 14  0.07557  1.23474e-01 | 15  0.05820  1.50619e+00
 16  0.13373 -2.27389e-01 | 17  0.17568 -4.81274e+00 | 18  0.13677 -1.92890e+00
 19  0.08649 -1.52774e+00 | 20  0.11416 -3.72281e+00 | 21  0.07286 -5.16533e+00
 22 -0.04050 -1.53235e+00 | 23  0.06642 -5.45024e+00 | 24 -0.07246 -6.30610e-01
 25 -0.01415 -4.09951e+00 | 26 -0.00078 -5.07252e+00 | 27 -0.05760 -3.30975e+00
 28 -0.00831 -4.51655e+00 | 29 -0.01814 -2.96089e+00 | 30 -0.04574 -1.28743e+00
 31 -0.00387 -3.72740e+00 | 32 -0.01967 -2.57572e+00 | 33 -0.09360  5.95230e-01
 34 -0.02056 -1.72897e+00 | 35 -0.10534  1.26113e+00 | 36  0.04284 -2.81205e+00
 37 -0.01439 -4.93200e-02 | 38 -0.00459  1.16524e-01 | 39  0.08577 -2.17417e+00
 40 -0.01494  9.82299e-01 | 41 -0.07449  1.68693e+00 | 42  0.00180  1.32978e+00
 43 -0.01968  1.71893e+00 | 44  0.07011 -9.46588e-01 | 45  0.00774  1.14727e+00
 46 -0.02629  2.35819e+00 | 47 -0.09480  2.65889e+00 | 48  0.01716  1.69315e+00
 49  0.00002  2.27476e+00 | 50 -0.06087  3.23424e+00 | 51  0.09172  1.85355e+00
 52 -0.08745  3.79170e+00 | 53 -0.07555  4.29176e+00 | 54 -0.06807  4.15881e+00
 55 -0.12385  4.79487e+00 | 56 -0.01684  4.93080e+00 | 57 -0.11623  5.04502e+00
 58 -0.12286  4.42465e+00 | 59  0.04914  4.52857e+00 | 60 -0.10846 -2.70814e+00
 61 -0.14550 -6.67219e+00 | 62 -0.17574 -9.51695e+00 | 63 -0.13814 -9.42692e+00
 64 -0.12498 -1.37877e+00 | 65 -0.15329 -2.40558e+00 | 66 -0.17499 -2.65604e+00
 67 -0.16059 -3.21423e+00 | 68  0.80761 -8.48046e-03 | 69  1.42255 -2.17794e-02
  ic > imax  in fminim is answer attained ?
Var    Value     Gradient |Var    Value     Gradient |Var    Value     Gradient
  1 -0.56133  8.45038e-02 |  2  0.41534  9.06671e-03 |  3 -0.05714  9.74015e-04
  4 -0.06437  1.33368e-03 |  5 -0.06184  1.60961e-03 |  6 -0.04439  1.46131e-03
  7  0.02178  2.78595e-03 |  8 -0.01386  2.11592e-03 |  9  0.02780  2.74396e-03
 10  0.03499  3.63458e-03 | 11  0.01987  5.49506e-05 | 12  0.08503  1.19477e-03
 13  0.03223  1.26045e-03 | 14  0.07534  6.77988e-04 | 15  0.05796  5.59181e-04
 16  0.13348  2.01671e-03 | 17  0.17545  4.81874e-03 | 18  0.13655  2.82181e-03
 19  0.08627  2.94918e-03 | 20  0.11394  3.48162e-03 | 21  0.07269  5.29692e-03
 22 -0.04064  2.33825e-03 | 23  0.06630  4.55798e-03 | 24 -0.07256  8.64534e-04
 25 -0.01427  3.57482e-03 | 26 -0.00089  2.95343e-03 | 27 -0.05764  2.94794e-03
 28 -0.00836  2.80576e-03 | 29 -0.01814  1.80960e-03 | 30 -0.04576  4.80458e-04
 31 -0.00391  2.16654e-03 | 32 -0.01964  1.51092e-03 | 33 -0.09352  4.27898e-05
 34 -0.02044 -3.40491e-04 | 35 -0.10521 -1.54169e-03 | 36  0.04303  1.06731e-03
 37 -0.01424 -9.35559e-04 | 38 -0.00445 -1.64858e-03 | 39  0.08591  2.21929e-04
 40 -0.01485 -1.47625e-03 | 41 -0.07438 -1.21438e-03 | 42  0.00186 -2.89703e-03
 43 -0.01961 -2.81640e-03 | 44  0.07019 -1.38176e-03 | 45  0.00785 -5.45033e-04
 46 -0.02627 -2.31902e-03 | 47 -0.09472 -1.50965e-03 | 48  0.01727 -3.05919e-03
 49  0.00016 -2.97172e-03 | 50 -0.06076 -3.45512e-03 | 51  0.09182 -2.98153e-03
 52 -0.08728 -3.40756e-03 | 53 -0.07542 -4.44272e-03 | 54 -0.06797 -4.10642e-03
 55 -0.12378 -2.93943e-03 | 56 -0.01673 -2.65159e-03 | 57 -0.11610 -3.68693e-03
 58 -0.12269 -3.06979e-03 | 59  0.04925 -2.48633e-03 | 60 -0.10847  1.16338e-03
 61 -0.14550  4.49605e-03 | 62 -0.17574  8.38476e-03 | 63 -0.13814  8.52540e-03
 64 -0.12498  1.12014e-03 | 65 -0.15329  4.19782e-04 | 66 -0.17500  4.58679e-04
 67 -0.16057  2.19181e-03 | 68  0.80848  1.59493e-05 | 69  1.42319  2.65738e-05
Function minimizer not making progress ... is minimum attained?
Minimprove criterion = 0.0000e+00

 - final statistics:
69 variables; iteration 93; function evaluation 164
Function value 1.3320e+03; maximum gradient component mag 8.4504e-02
Exit code = 1;  converg criter 1.0000e-04
Var    Value     Gradient |Var    Value     Gradient |Var    Value     Gradient
  1 -0.56133  8.45038e-02 |  2  0.41534  9.06671e-03 |  3 -0.05714  9.74015e-04
  4 -0.06437  1.33368e-03 |  5 -0.06184  1.60961e-03 |  6 -0.04439  1.46131e-03
  7  0.02178  2.78595e-03 |  8 -0.01386  2.11592e-03 |  9  0.02780  2.74396e-03
 10  0.03499  3.63458e-03 | 11  0.01987  5.49506e-05 | 12  0.08503  1.19477e-03
 13  0.03223  1.26045e-03 | 14  0.07534  6.77988e-04 | 15  0.05796  5.59181e-04
 16  0.13348  2.01671e-03 | 17  0.17545  4.81874e-03 | 18  0.13655  2.82181e-03
 19  0.08627  2.94918e-03 | 20  0.11394  3.48162e-03 | 21  0.07269  5.29692e-03
 22 -0.04064  2.33825e-03 | 23  0.06630  4.55798e-03 | 24 -0.07256  8.64534e-04
 25 -0.01427  3.57482e-03 | 26 -0.00089  2.95343e-03 | 27 -0.05764  2.94794e-03
 28 -0.00836  2.80576e-03 | 29 -0.01814  1.80960e-03 | 30 -0.04576  4.80458e-04
 31 -0.00391  2.16654e-03 | 32 -0.01964  1.51092e-03 | 33 -0.09352  4.27898e-05
 34 -0.02044 -3.40491e-04 | 35 -0.10521 -1.54169e-03 | 36  0.04303  1.06731e-03
 37 -0.01424 -9.35559e-04 | 38 -0.00445 -1.64858e-03 | 39  0.08591  2.21929e-04
 40 -0.01485 -1.47625e-03 | 41 -0.07438 -1.21438e-03 | 42  0.00186 -2.89703e-03
 43 -0.01961 -2.81640e-03 | 44  0.07019 -1.38176e-03 | 45  0.00785 -5.45033e-04
 46 -0.02627 -2.31902e-03 | 47 -0.09472 -1.50965e-03 | 48  0.01727 -3.05919e-03
 49  0.00016 -2.97172e-03 | 50 -0.06076 -3.45512e-03 | 51  0.09182 -2.98153e-03
 52 -0.08728 -3.40756e-03 | 53 -0.07542 -4.44272e-03 | 54 -0.06797 -4.10642e-03
 55 -0.12378 -2.93943e-03 | 56 -0.01673 -2.65159e-03 | 57 -0.11610 -3.68693e-03
 58 -0.12269 -3.06979e-03 | 59  0.04925 -2.48633e-03 | 60 -0.10847  1.16338e-03
 61 -0.14550  4.49605e-03 | 62 -0.17574  8.38476e-03 | 63 -0.13814  8.52540e-03
 64 -0.12498  1.12014e-03 | 65 -0.15329  4.19782e-04 | 66 -0.17500  4.58679e-04
 67 -0.16057  2.19181e-03 | 68  0.80848  1.59493e-05 | 69  1.42319  2.65738e-05

Initial statistics: 73 variables; iteration 0; function evaluation 0; phase 6
Function value 1.3320363e+03; maximum gradient component mag -2.2584e+00
Var    Value     Gradient |Var    Value     Gradient |Var    Value     Gradient
  1 -0.56133  8.45038e-02 |  2  0.41534  9.06671e-03 |  3 -0.05714  9.74015e-04
  4 -0.06437  1.33368e-03 |  5 -0.06184  1.60961e-03 |  6 -0.04439  1.46131e-03
  7  0.02178  2.78595e-03 |  8 -0.01386  2.11592e-03 |  9  0.02780  2.74396e-03
 10  0.03499  3.63458e-03 | 11  0.01987  1.62950e-04 | 12  0.08503  1.30186e-03
 13  0.03223  1.36836e-03 | 14  0.07534  7.85283e-04 | 15  0.05796  6.66785e-04
 16  0.13348  2.12240e-03 | 17  0.17545  4.92272e-03 | 18  0.13655  2.92739e-03
 19  0.08627  3.05624e-03 | 20  0.11394  3.58794e-03 | 21  0.07269  5.40427e-03
 22 -0.04064  2.44608e-03 | 23  0.06630  4.66544e-03 | 24 -0.07256  9.71885e-04
 25 -0.01427  3.68284e-03 | 26 -0.00089  3.06148e-03 | 27 -0.05764  3.05555e-03
 28 -0.00836  2.91380e-03 | 29 -0.01814  1.91760e-03 | 30 -0.04576  5.88230e-04
 31 -0.00391  2.27459e-03 | 32 -0.01964  1.61892e-03 | 33 -0.09352  1.49678e-04
 34 -0.02044 -2.32495e-04 | 35 -0.10521 -1.43511e-03 | 36  0.04303  1.17511e-03
 37 -0.01424 -8.27535e-04 | 38 -0.00445 -1.54053e-03 | 39  0.08591  3.28998e-04
 40 -0.01485 -1.36823e-03 | 41 -0.07438 -1.10707e-03 | 42  0.00186 -2.78898e-03
 43 -0.01961 -2.70840e-03 | 44  0.07019 -1.27436e-03 | 45  0.00785 -4.36989e-04
 46 -0.02627 -2.21106e-03 | 47 -0.09472 -1.40280e-03 | 48  0.01727 -2.95118e-03
 49  0.00016 -2.86367e-03 | 50 -0.06076 -3.34756e-03 | 51  0.09182 -2.87460e-03
 52 -0.08728 -3.30053e-03 | 53 -0.07542 -4.33543e-03 | 54 -0.06797 -3.99898e-03
 55 -0.12378 -2.83341e-03 | 56 -0.01673 -2.54357e-03 | 57 -0.11610 -3.58067e-03
 58 -0.12269 -2.96374e-03 | 59  0.04925 -2.37860e-03 | 60  0.00000 -2.25844e+00
 61  0.00000  0.00000e+00 | 62  0.00000  0.00000e+00 | 63  0.00000  0.00000e+00
 64 -0.10847  1.16338e-03 | 65 -0.14550  4.49605e-03 | 66 -0.17574  8.38476e-03
 67 -0.13814  8.52540e-03 | 68 -0.12498  1.12014e-03 | 69 -0.15329  4.19782e-04
 70 -0.17500  4.58678e-04 | 71 -0.16057  2.19181e-03 | 72  0.80848  1.59489e-05
 73  0.57681 -2.65734e-05 |

Intermediate statistics: 73 variables; iteration 20; function evaluation 29; phase 6
Function value 1.3320330e+03; maximum gradient component mag -3.3209e+01
Var    Value     Gradient |Var    Value     Gradient |Var    Value     Gradient
  1 -0.56133 -3.32090e+01 |  2  0.41532 -4.76271e+00 |  3 -0.05714 -2.45640e-01
  4 -0.06437 -2.52096e-01 |  5 -0.06183 -2.60166e-01 |  6 -0.04438 -3.07429e-01
  7  0.02178 -5.45560e-01 |  8 -0.01386 -5.32714e-01 |  9  0.02779 -9.30828e-01
 10  0.03499 -7.62752e-01 | 11  0.01987  4.98367e-01 | 12  0.08502 -1.99346e-01
 13  0.03223  1.40805e-01 | 14  0.07534  1.27833e-02 | 15  0.05796  6.08185e-01
 16  0.13348  1.61157e-01 | 17  0.17545 -1.30476e+00 | 18  0.13655 -4.79239e-01
 19  0.08628 -1.57231e-01 | 20  0.11393 -1.04869e+00 | 21  0.07269 -1.10954e+00
 22 -0.04064 -3.38700e-02 | 23  0.06630 -1.33920e+00 | 24 -0.07256  7.56937e-02
 25 -0.01427 -8.55356e-01 | 26 -0.00090 -1.46036e+00 | 27 -0.05763 -5.69684e-01
 28 -0.00836 -1.13709e+00 | 29 -0.01814 -5.82388e-01 | 30 -0.04576 -2.76617e-01
 31 -0.00390 -8.21610e-01 | 32 -0.01964 -4.77889e-01 | 33 -0.09351  3.53694e-01
 34 -0.02044 -4.43726e-01 | 35 -0.10521  4.22885e-01 | 36  0.04303 -7.91510e-01
 37 -0.01424  8.15683e-03 | 38 -0.00445 -5.54676e-02 | 39  0.08591 -6.54880e-01
 40 -0.01485  2.16511e-01 | 41 -0.07437  6.93655e-01 | 42  0.00186  8.42049e-02
 43 -0.01961  1.66913e-01 | 44  0.07019 -8.41290e-01 | 45  0.00785  1.57255e-01
 46 -0.02627  3.22670e-01 | 47 -0.09472  7.96892e-01 | 48  0.01727 -1.63365e-01
 49  0.00016  1.91771e-01 | 50 -0.06076  6.38405e-01 | 51  0.09182  1.87018e-02
 52 -0.08728  8.87338e-01 | 53 -0.07542  8.84240e-01 | 54 -0.06797  1.08178e+00
 55 -0.12378  1.20306e+00 | 56 -0.01673  1.45070e+00 | 57 -0.11611  1.08910e+00
 58 -0.12270  1.14210e+00 | 59  0.04925  1.48334e+00 | 60  0.00186 -1.32914e+00
 61  0.00045  3.17281e-02 | 62  0.00001 -1.72913e-02 | 63  0.00000 -5.41801e-04
 64 -0.10847 -3.85388e+00 | 65 -0.14551 -6.24206e+00 | 66 -0.17574 -4.71914e+00
 67 -0.13814 -3.39995e+00 | 68 -0.12498 -2.98020e-01 | 69 -0.15329 -4.95429e-01
 70 -0.17500 -8.35091e-01 | 71 -0.16057 -6.48064e-01 | 72  0.80848  3.76377e-05
 73  0.57681 -1.55957e-04 |
73 variables; iteration 40; function evaluation 52; phase 6
Function value 1.3320324e+03; maximum gradient component mag -2.3054e+01
Var    Value     Gradient |Var    Value     Gradient |Var    Value     Gradient
  1 -0.56131 -2.30543e+01 |  2  0.41524 -3.28164e+00 |  3 -0.05714 -1.49632e-01
  4 -0.06449 -2.32584e-01 |  5 -0.06181 -1.42377e-01 |  6 -0.04438 -1.86258e-01
  7  0.02177 -4.37384e-01 |  8 -0.01388 -5.48069e-01 |  9  0.02780 -5.31157e-01
 10  0.03497 -1.01342e+00 | 11  0.01987  1.35298e-01 | 12  0.08502 -3.64817e-01
 13  0.03222 -3.02306e-01 | 14  0.07532 -4.29645e-01 | 15  0.05801  1.29188e+00
 16  0.13347  3.37160e-02 | 17  0.17545 -6.43537e-01 | 18  0.13655 -3.01795e-01
 19  0.08626 -3.19067e-01 | 20  0.11392 -9.11834e-01 | 21  0.07269 -1.62556e-01
 22 -0.04062  3.51735e-01 | 23  0.06629 -1.18338e+00 | 24 -0.07256  1.41268e-01
 25 -0.01429 -1.06042e+00 | 26 -0.00090 -1.06849e+00 | 27 -0.05764 -5.70795e-01
 28 -0.00836 -7.35747e-01 | 29 -0.01814 -3.33517e-01 | 30 -0.04578 -5.99784e-01
 31 -0.00390 -4.19471e-01 | 32 -0.01964 -2.89160e-01 | 33 -0.09349  7.26852e-01
 34 -0.02044 -2.37216e-01 | 35 -0.10522 -3.32526e-02 | 36  0.04303 -6.28267e-01
 37 -0.01424 -1.36514e-01 | 38 -0.00445 -2.22074e-01 | 39  0.08591 -5.88149e-01
 40 -0.01485  4.92580e-02 | 41 -0.07435  9.25689e-01 | 42  0.00186  1.04680e-01
 43 -0.01961  2.82860e-01 | 44  0.07018 -1.11707e+00 | 45  0.00786  1.08006e+00
 46 -0.02626  9.30126e-01 | 47 -0.09472  5.74817e-01 | 48  0.01725 -1.05452e+00
 49  0.00017  6.80734e-01 | 50 -0.06077  3.31875e-01 | 51  0.09182 -8.23435e-02
 52 -0.08728  6.92577e-01 | 53 -0.07541  8.23871e-01 | 54 -0.06797  8.15656e-01
 55 -0.12377  9.78607e-01 | 56 -0.01673  8.93474e-01 | 57 -0.11609  1.01095e+00
 58 -0.12269  8.43553e-01 | 59  0.04925  8.52994e-01 | 60  0.00267 -9.24583e-01
 61  0.00062  2.11685e-02 | 62  0.00041  1.98851e-02 | 63  0.00129  3.10712e-01
 64 -0.10847 -2.69710e+00 | 65 -0.14550 -4.32397e+00 | 66 -0.17574 -3.27008e+00
 67 -0.13815 -2.48097e+00 | 68 -0.12500 -1.06031e+00 | 69 -0.15328  4.03099e-01
 70 -0.17499 -2.58488e-01 | 71 -0.16059 -1.36099e+00 | 72  0.80848  6.54844e-05
 73  0.57682  3.43044e-05 |
73 variables; iteration 60; function evaluation 83; phase 6
Function value 1.3320314e+03; maximum gradient component mag -8.3445e+00
Var    Value     Gradient |Var    Value     Gradient |Var    Value     Gradient
  1 -0.56137 -8.34445e+00 |  2  0.41560 -1.19665e+00 |  3 -0.05693 -8.92714e-03
  4 -0.06425 -2.81966e-02 |  5 -0.06186 -1.20642e-01 |  6 -0.04434 -3.61514e-02
  7  0.02179 -1.18173e-01 |  8 -0.01384 -1.39749e-01 |  9  0.02781 -2.45700e-01
 10  0.03501 -7.32324e-02 | 11  0.01988 -8.40327e-02 | 12  0.08504  1.13055e-01
 13  0.03223 -2.22248e-01 | 14  0.07536  1.90752e-01 | 15  0.05799  3.44079e-01
 16  0.13351  4.26659e-01 | 17  0.17546 -4.03691e-01 | 18  0.13657 -2.15592e-02
 19  0.08628 -2.77514e-01 | 20  0.11395 -3.47201e-01 | 21  0.07270 -4.78582e-02
 22 -0.04061  3.95222e-01 | 23  0.06630 -6.08211e-01 | 24 -0.07256 -1.02024e-01
 25 -0.01426 -1.73259e-01 | 26 -0.00089 -4.51465e-01 | 27 -0.05763 -6.18231e-02
 28 -0.00835  3.81467e-02 | 29 -0.01813  2.00865e-01 | 30 -0.04578 -5.74658e-01
 31 -0.00390 -3.22606e-02 | 32 -0.01965 -2.95414e-01 | 33 -0.09352  1.18197e-01
 34 -0.02045 -1.00298e-01 | 35 -0.10523 -1.76909e-01 | 36  0.04302 -1.67404e-02
 37 -0.01425  2.84234e-02 | 38 -0.00446 -2.91647e-02 | 39  0.08590 -3.54649e-01
 40 -0.01487 -3.78026e-01 | 41 -0.07436  8.94158e-01 | 42  0.00187  6.64298e-01
 43 -0.01961  3.51555e-01 | 44  0.07018 -6.89191e-01 | 45  0.00785  5.62783e-01
 46 -0.02625  9.91452e-01 | 47 -0.09474 -2.06651e-01 | 48  0.01726 -2.27932e-01
 49  0.00015  1.20841e-01 | 50 -0.06077  2.70254e-01 | 51  0.09181  9.43522e-02
 52 -0.08730  1.16098e-01 | 53 -0.07543  9.33121e-02 | 54 -0.06798 -1.89711e-02
 55 -0.12379  2.41839e-01 | 56 -0.01675 -3.33534e-01 | 57 -0.11610  5.83763e-01
 58 -0.12270  3.54777e-01 | 59  0.04925  4.12019e-01 | 60  0.00393 -2.89581e-01
 61  0.00076  8.31028e-03 | 62  0.00023  9.65333e-03 | 63  0.00033  7.25971e-02
 64 -0.10847 -8.86811e-01 | 65 -0.14550 -1.43660e+00 | 66 -0.17574 -1.10978e+00
 67 -0.13814 -9.03961e-01 | 68 -0.12499 -4.37950e-01 | 69 -0.15328  3.41783e-01
 70 -0.17500 -9.51955e-02 | 71 -0.16058 -6.43019e-01 | 72  0.80848 -3.00914e-06
 73  0.57673 -3.05364e-03 |
  ic > imax  in fminim is answer attained ?
Var    Value     Gradient |Var    Value     Gradient |Var    Value     Gradient
  1 -0.56132 -2.29070e-02 |  2  0.41532 -2.91321e-03 |  3 -0.05716 -2.34067e-04
  4 -0.06438 -2.41063e-04 |  5 -0.06184 -2.46996e-04 |  6 -0.04439 -3.21483e-04
  7  0.02177 -5.00045e-04 |  8 -0.01386 -4.10872e-04 |  9  0.02779 -6.46691e-04
 10  0.03499 -6.71361e-04 | 11  0.01987  1.72734e-04 | 12  0.08502 -2.72111e-04
 13  0.03223 -6.16864e-05 | 14  0.07534 -1.26887e-04 | 15  0.05796  2.44143e-04
 16  0.13347 -2.24066e-04 | 17  0.17545 -1.14390e-03 | 18  0.13655 -5.98895e-04
 19  0.08627 -3.61310e-04 | 20  0.11394 -8.79506e-04 | 21  0.07268 -1.12124e-03
 22 -0.04064 -2.86635e-04 | 23  0.06630 -1.09935e-03 | 24 -0.07256 -9.07300e-05
 25 -0.01427 -8.65122e-04 | 26 -0.00089 -1.09981e-03 | 27 -0.05764 -6.08108e-04
 28 -0.00836 -9.90298e-04 | 29 -0.01814 -6.09387e-04 | 30 -0.04576 -1.71430e-04
 31 -0.00391 -6.66042e-04 | 32 -0.01964 -4.81325e-04 | 33 -0.09352  1.20740e-04
 34 -0.02044 -2.81278e-04 | 35 -0.10521  3.37939e-04 | 36  0.04303 -4.75124e-04
 37 -0.01424  4.03848e-05 | 38 -0.00445  1.18055e-04 | 39  0.08591 -2.43676e-04
 40 -0.01485  3.29245e-04 | 41 -0.07438  3.97404e-04 | 42  0.00186  2.17657e-04
 43 -0.01961  2.18206e-04 | 44  0.07019  1.58530e-05 | 45  0.00785  3.01039e-04
 46 -0.02627  4.07486e-04 | 47 -0.09472  6.65284e-04 | 48  0.01727  4.15804e-04
 49  0.00016  4.66693e-04 | 50 -0.06076  6.74405e-04 | 51  0.09182  3.73170e-04
 52 -0.08728  6.65129e-04 | 53 -0.07542  8.11217e-04 | 54 -0.06797  8.25198e-04
 55 -0.12378  9.52776e-04 | 56 -0.01673  1.00162e-03 | 57 -0.11610  8.45383e-04
 58 -0.12268  8.62930e-04 | 59  0.04926  8.88459e-04 | 60  0.00450  3.61266e-05
 61  0.00081 -9.75464e-07 | 62  0.00015 -1.02599e-06 | 63  0.00003 -9.24640e-06
 64 -0.10846 -9.16076e-04 | 65 -0.14550 -1.79140e-03 | 66 -0.17574 -2.02406e-03
 67 -0.13814 -1.97513e-03 | 68 -0.12498 -2.18694e-04 | 69 -0.15329 -4.97787e-04
 70 -0.17500 -5.64993e-04 | 71 -0.16057 -4.57709e-04 | 72  0.80848  1.99266e-05
 73  0.57681 -2.29256e-06 |
Function minimizer not making progress ... is minimum attained?
Minimprove criterion = 0.0000e+00

 - final statistics:
73 variables; iteration 79; function evaluation 147
Function value 1.3320e+03; maximum gradient component mag -2.2907e-02
Exit code = 1;  converg criter 1.0000e-04
Var    Value     Gradient |Var    Value     Gradient |Var    Value     Gradient
  1 -0.56132 -2.29070e-02 |  2  0.41532 -2.91321e-03 |  3 -0.05716 -2.34067e-04
  4 -0.06438 -2.41063e-04 |  5 -0.06184 -2.46996e-04 |  6 -0.04439 -3.21483e-04
  7  0.02177 -5.00045e-04 |  8 -0.01386 -4.10872e-04 |  9  0.02779 -6.46691e-04
 10  0.03499 -6.71361e-04 | 11  0.01987  1.72734e-04 | 12  0.08502 -2.72111e-04
 13  0.03223 -6.16864e-05 | 14  0.07534 -1.26887e-04 | 15  0.05796  2.44143e-04
 16  0.13347 -2.24066e-04 | 17  0.17545 -1.14390e-03 | 18  0.13655 -5.98895e-04
 19  0.08627 -3.61310e-04 | 20  0.11394 -8.79506e-04 | 21  0.07268 -1.12124e-03
 22 -0.04064 -2.86635e-04 | 23  0.06630 -1.09935e-03 | 24 -0.07256 -9.07300e-05
 25 -0.01427 -8.65122e-04 | 26 -0.00089 -1.09981e-03 | 27 -0.05764 -6.08108e-04
 28 -0.00836 -9.90298e-04 | 29 -0.01814 -6.09387e-04 | 30 -0.04576 -1.71430e-04
 31 -0.00391 -6.66042e-04 | 32 -0.01964 -4.81325e-04 | 33 -0.09352  1.20740e-04
 34 -0.02044 -2.81278e-04 | 35 -0.10521  3.37939e-04 | 36  0.04303 -4.75124e-04
 37 -0.01424  4.03848e-05 | 38 -0.00445  1.18055e-04 | 39  0.08591 -2.43676e-04
 40 -0.01485  3.29245e-04 | 41 -0.07438  3.97404e-04 | 42  0.00186  2.17657e-04
 43 -0.01961  2.18206e-04 | 44  0.07019  1.58530e-05 | 45  0.00785  3.01039e-04
 46 -0.02627  4.07486e-04 | 47 -0.09472  6.65284e-04 | 48  0.01727  4.15804e-04
 49  0.00016  4.66693e-04 | 50 -0.06076  6.74405e-04 | 51  0.09182  3.73170e-04
 52 -0.08728  6.65129e-04 | 53 -0.07542  8.11217e-04 | 54 -0.06797  8.25198e-04
 55 -0.12378  9.52776e-04 | 56 -0.01673  1.00162e-03 | 57 -0.11610  8.45383e-04
 58 -0.12268  8.62930e-04 | 59  0.04926  8.88459e-04 | 60  0.00450  3.61266e-05
 61  0.00081 -9.75464e-07 | 62  0.00015 -1.02599e-06 | 63  0.00003 -9.24640e-06
 64 -0.10846 -9.16076e-04 | 65 -0.14550 -1.79140e-03 | 66 -0.17574 -2.02406e-03
 67 -0.13814 -1.97513e-03 | 68 -0.12498 -2.18694e-04 | 69 -0.15329 -4.97787e-04
 70 -0.17500 -5.64993e-04 | 71 -0.16057 -4.57709e-04 | 72  0.80848  1.99266e-05
 73  0.57681 -2.29256e-06 |
Estimating row 1 out of 73 for hessian
Estimating row 2 out of 73 for hessian
Estimating row 3 out of 73 for hessian
Estimating row 4 out of 73 for hessian
Estimating row 5 out of 73 for hessian
Estimating row 6 out of 73 for hessian
Estimating row 7 out of 73 for hessian
Estimating row 8 out of 73 for hessian
Estimating row 9 out of 73 for hessian
Estimating row 10 out of 73 for hessian
Estimating row 11 out of 73 for hessian
Estimating row 12 out of 73 for hessian
Estimating row 13 out of 73 for hessian
Estimating row 14 out of 73 for hessian
Estimating row 15 out of 73 for hessian
Estimating row 16 out of 73 for hessian
Estimating row 17 out of 73 for hessian
Estimating row 18 out of 73 for hessian
Estimating row 19 out of 73 for hessian
Estimating row 20 out of 73 for hessian
Estimating row 21 out of 73 for hessian
Estimating row 22 out of 73 for hessian
Estimating row 23 out of 73 for hessian
Estimating row 24 out of 73 for hessian
Estimating row 25 out of 73 for hessian
Estimating row 26 out of 73 for hessian
Estimating row 27 out of 73 for hessian
Estimating row 28 out of 73 for hessian
Estimating row 29 out of 73 for hessian
Estimating row 30 out of 73 for hessian
Estimating row 31 out of 73 for hessian
Estimating row 32 out of 73 for hessian
Estimating row 33 out of 73 for hessian
Estimating row 34 out of 73 for hessian
Estimating row 35 out of 73 for hessian
Estimating row 36 out of 73 for hessian
Estimating row 37 out of 73 for hessian
Estimating row 38 out of 73 for hessian
Estimating row 39 out of 73 for hessian
Estimating row 40 out of 73 for hessian
Estimating row 41 out of 73 for hessian
Estimating row 42 out of 73 for hessian
Estimating row 43 out of 73 for hessian
Estimating row 44 out of 73 for hessian
Estimating row 45 out of 73 for hessian
Estimating row 46 out of 73 for hessian
Estimating row 47 out of 73 for hessian
Estimating row 48 out of 73 for hessian
Estimating row 49 out of 73 for hessian
Estimating row 50 out of 73 for hessian
Estimating row 51 out of 73 for hessian
Estimating row 52 out of 73 for hessian
Estimating row 53 out of 73 for hessian
Estimating row 54 out of 73 for hessian
Estimating row 55 out of 73 for hessian
Estimating row 56 out of 73 for hessian
Estimating row 57 out of 73 for hessian
Estimating row 58 out of 73 for hessian
Estimating row 59 out of 73 for hessian
Estimating row 60 out of 73 for hessian
Estimating row 61 out of 73 for hessian
Estimating row 62 out of 73 for hessian
Estimating row 63 out of 73 for hessian
Estimating row 64 out of 73 for hessian
Estimating row 65 out of 73 for hessian
Estimating row 66 out of 73 for hessian
Estimating row 67 out of 73 for hessian
Estimating row 68 out of 73 for hessian
Estimating row 69 out of 73 for hessian
Estimating row 70 out of 73 for hessian
Estimating row 71 out of 73 for hessian
Estimating row 72 out of 73 for hessian
Estimating row 73 out of 73 for hessian
size of file gradfil1.tmp = 0
size of file gradfil2.tmp = 0
size of file varssave.tmp = 0
size of file cmpdiff.tmp = 0
