
Initial statistics: 2 variables; iteration 0; function evaluation 0; phase 1
Function value 2.6751478e+03; maximum gradient component mag 9.2177e+03
Var    Value     Gradient |Var    Value     Gradient |Var    Value     Gradient
  1 -0.41506  9.21772e+03 |  2  0.27750  9.01692e+02 |

Intermediate statistics: 2 variables; iteration 20; function evaluation 38; phase 1
Function value 1.6790475e+03; maximum gradient component mag -9.9860e+03
Var    Value     Gradient |Var    Value     Gradient |Var    Value     Gradient
  1 -0.42074 -9.98596e+03 |  2  0.04942 -1.91115e+03 |

 - final statistics:
2 variables; iteration 23; function evaluation 41
Function value 1.6790e+03; maximum gradient component mag -5.7705e+00
Exit code = 1;  converg criter 1.0000e+01
Var    Value     Gradient |Var    Value     Gradient |Var    Value     Gradient
  1 -0.42051 -5.77046e+00 |  2  0.04827 -1.10900e+00 |

Initial statistics: 51 variables; iteration 0; function evaluation 0; phase 2
Function value 1.6789899e+03; maximum gradient component mag -1.8844e+03
Var    Value     Gradient |Var    Value     Gradient |Var    Value     Gradient
  1 -0.42051 -5.77046e+00 |  2  0.04827 -1.10900e+00 |  3  0.00000 -1.14496e+01
  4  0.00000 -3.31149e+02 |  5  0.00000 -7.91221e+01 |  6  0.00000 -1.73267e+02
  7  0.00000 -7.96820e+01 |  8  0.00000 -3.06399e+02 |  9  0.00000 -6.32065e+02
 10  0.00000 -3.67619e+02 | 11  0.00000 -1.99955e+02 | 12  0.00000 -3.65745e+02
 13  0.00000 -2.38480e+02 | 14  0.00000  2.09554e+02 | 15  0.00000 -2.34515e+02
 16  0.00000  3.63878e+02 | 17  0.00000  3.18494e+02 | 18  0.00000  2.61531e+02
 19  0.00000  5.02397e+02 | 20  0.00000  2.73320e+02 | 21  0.00000  2.37050e+02
 22  0.00000  4.12967e+02 | 23  0.00000  2.43020e+02 | 24  0.00000  2.17760e+02
 25  0.00000  5.03630e+02 | 26  0.00000  1.24835e+02 | 27  0.00000  5.41249e+02
 28  0.00000 -3.71013e+02 | 29  0.00000  2.01258e+02 | 30  0.00000  1.06924e+02
 31  0.00000 -6.58642e+02 | 32  0.00000  1.10193e+02 | 33  0.00000  4.05241e+02
 34  0.00000 -1.79318e+02 | 35  0.00000  6.65766e+01 | 36  0.00000 -7.82708e+02
 37  0.00000 -2.58476e+02 | 38  0.00000  9.77451e+01 | 39  0.00000  4.47537e+02
 40  0.00000 -4.78139e+02 | 41  0.00000 -2.80764e+02 | 42  0.00000  1.68877e+02
 43  0.00000 -1.88445e+03 | 44  0.00000  3.34227e+02 | 45  0.00000  3.59535e+02
 46  0.00000  3.39886e+02 | 47  0.00000  8.63300e+02 | 48  0.00000 -3.10106e+02
 49  0.00000  4.26548e+02 | 50  0.00000  2.88686e+02 | 51  0.00000 -2.03155e+02

Intermediate statistics: 51 variables; iteration 20; function evaluation 37; phase 2
Function value 1.0824202e+03; maximum gradient component mag 1.5422e+04
Var    Value     Gradient |Var    Value     Gradient |Var    Value     Gradient
  1 -0.49010  1.54216e+04 |  2  0.17480  2.30351e+03 |  3  0.05696  6.45443e+02
  4  0.03722  1.13127e+02 |  5  0.08703  1.24807e+03 |  6  0.07546  5.44528e+02
  7  0.05279  9.36844e+01 |  8  0.11136  3.33799e+02 |  9  0.09215  2.57228e+02
 10  0.10856  5.62348e+02 | 11  0.09075  7.84203e+02 | 12  0.06527  3.86637e+02
 13  0.01189  2.82665e+02 | 14  0.05530  1.74207e+03 | 15 -0.01513 -6.62539e+01
 16 -0.02079  6.85924e+02 | 17 -0.00638  8.37622e+02 | 18 -0.02837  4.43291e+02
 19 -0.03889  6.45072e+02 | 20 -0.01626  4.70049e+02 | 21 -0.04795  2.30547e+01
 22 -0.05828  5.22446e+01 | 23 -0.01972  1.82609e+02 | 24 -0.02878  4.75082e+01
 25 -0.10198 -2.23875e+02 | 26 -0.02685 -1.09723e+02 | 27 -0.11167 -2.97883e+02
 28  0.04058 -1.08566e+02 | 29 -0.04035 -3.18373e+02 | 30 -0.02356 -3.45924e+02
 31  0.06429 -3.71928e+02 | 32 -0.02519 -3.87796e+02 | 33 -0.07707 -4.25714e+02
 34  0.01142 -3.68964e+02 | 35 -0.03298 -4.77729e+02 | 36  0.06263 -4.01033e+02
 37  0.00740 -4.65051e+02 | 38 -0.01718 -3.95351e+02 | 39 -0.09459 -4.71733e+02
 40  0.03446 -3.97519e+02 | 41  0.03108 -3.40475e+02 | 42 -0.03232 -4.48807e+02
 43  0.12631 -3.46106e+02 | 44 -0.03088 -3.43147e+02 | 45 -0.03806 -4.82912e+02
 46 -0.04373 -5.53672e+02 | 47 -0.09360 -4.20495e+02 | 48 -0.00618 -5.73665e+02
 49 -0.10248 -5.22450e+02 | 50 -0.12673 -5.25277e+02 | 51  0.07186 -4.74926e+02
51 variables; iteration 40; function evaluation 71; phase 2
Function value 1.0569993e+03; maximum gradient component mag 1.0295e+04
Var    Value     Gradient |Var    Value     Gradient |Var    Value     Gradient
  1 -0.48187  1.02949e+04 |  2  0.15929  1.53482e+03 |  3  0.04646  4.24454e+02
  4  0.04434  1.02860e+02 |  5  0.07005  7.58239e+02 |  6  0.07289  3.83731e+02
  7  0.05863  1.17514e+02 |  8  0.11330  2.36968e+02 |  9  0.10784  2.14934e+02
 10  0.11054  3.80068e+02 | 11  0.08750  5.23323e+02 | 12  0.06768  2.37276e+02
 13  0.01517  1.63778e+02 | 14  0.03970  1.10099e+03 | 15 -0.00977 -9.79595e+01
 16 -0.04033  3.64565e+02 | 17 -0.02007  4.52076e+02 | 18 -0.03739  1.83220e+02
 19 -0.06057  2.62233e+02 | 20 -0.02171  2.37677e+02 | 21 -0.04686 -1.97305e+01
 22 -0.07114 -5.74460e+01 | 23 -0.01995  8.11840e+01 | 24 -0.02780  3.84216e-01
 25 -0.09451 -1.31910e+02 | 26 -0.02436 -8.73100e+01 | 27 -0.11268 -1.98960e+02
 28  0.04829 -1.20116e+01 | 29 -0.03812 -2.06407e+02 | 30 -0.00915 -1.66981e+02
 31  0.08322 -1.03810e+02 | 32 -0.01802 -2.21896e+02 | 33 -0.06998 -2.46914e+02
 34  0.01021 -2.44099e+02 | 35 -0.02460 -2.64416e+02 | 36  0.06915 -1.69350e+02
 37  0.01290 -2.52032e+02 | 38 -0.01627 -2.10958e+02 | 39 -0.08622 -2.55737e+02
 40  0.03515 -2.19439e+02 | 41  0.02773 -2.07805e+02 | 42 -0.02699 -2.37048e+02
 43  0.12758 -1.50988e+02 | 44 -0.04877 -2.96220e+02 | 45 -0.03484 -2.75701e+02
 46 -0.03825 -3.10122e+02 | 47 -0.10320 -3.10264e+02 | 48 -0.00016 -3.15276e+02
 49 -0.09872 -3.32468e+02 | 50 -0.11358 -3.22397e+02 | 51  0.06563 -3.19742e+02
Maximum number of function evaluations exceeded

 - final statistics:
51 variables; iteration 57; function evaluation 100
Function value 1.0479e+03; maximum gradient component mag 1.4635e+04
Exit code = 3;  converg criter 1.0000e+01
Var    Value     Gradient |Var    Value     Gradient |Var    Value     Gradient
  1 -0.47546  1.46351e+04 |  2  0.15057  2.50005e+03 |  3  0.03817  4.48251e+02
  4  0.04752  2.61513e+02 |  5  0.05461  7.83747e+02 |  6  0.06524  4.49553e+02
  7  0.05968  1.58797e+02 |  8  0.11147  3.37784e+02 |  9  0.10706  4.30445e+02
 10  0.10377  4.95306e+02 | 11  0.08147  6.54383e+02 | 12  0.06711  4.21429e+02
 13  0.02147  4.06044e+02 | 14  0.02274  1.16951e+03 | 15  0.00201  1.19315e+02
 16 -0.05199  3.73788e+02 | 17 -0.02769  5.47051e+02 | 18 -0.03268  3.80687e+02
 19 -0.06396  3.35737e+02 | 20 -0.02951  2.63592e+02 | 21 -0.04903 -1.31896e+01
 22 -0.06307 -1.30469e+01 | 23 -0.02156  1.09305e+02 | 24 -0.02429  3.07879e+01
 25 -0.10163 -2.39902e+02 | 26 -0.02051 -7.85709e+01 | 27 -0.11341 -2.90444e+02
 28  0.04899 -1.64577e+01 | 29 -0.02941 -2.43471e+02 | 30 -0.01073 -2.58333e+02
 31  0.08310 -1.68871e+02 | 32 -0.01225 -2.75226e+02 | 33 -0.06685 -3.39161e+02
 34  0.01839 -2.33778e+02 | 35 -0.01432 -2.77643e+02 | 36  0.07216 -1.62213e+02
 37  0.01920 -2.67619e+02 | 38 -0.01922 -3.24754e+02 | 39 -0.08437 -3.53366e+02
 40  0.03864 -2.33425e+02 | 41  0.02807 -2.74058e+02 | 42 -0.03047 -3.60259e+02
 43  0.12323 -2.61783e+02 | 44 -0.04162 -3.57154e+02 | 45 -0.03402 -3.76566e+02
 46 -0.03574 -4.03465e+02 | 47 -0.10441 -4.62721e+02 | 48  0.00127 -4.60247e+02
 49 -0.08978 -4.51780e+02 | 50 -0.10569 -4.60977e+02 | 51  0.06442 -4.84753e+02

Initial statistics: 59 variables; iteration 0; function evaluation 0; phase 3
Function value 1.0478703e+03; maximum gradient component mag 1.4635e+04
Var    Value     Gradient |Var    Value     Gradient |Var    Value     Gradient
  1 -0.47546  1.46351e+04 |  2  0.15057  2.50005e+03 |  3  0.00000  5.50919e+02
  4  0.00000  5.97179e+02 |  5  0.00000  6.34759e+02 |  6  0.00000  6.46455e+02
  7  0.00000  5.45616e+02 |  8  0.00000  6.18280e+02 |  9  0.00000  5.58163e+02
 10  0.00000  4.67739e+02 | 11  0.03815  4.47673e+02 | 12  0.04750  2.60936e+02
 13  0.05459  7.83172e+02 | 14  0.06522  4.48979e+02 | 15  0.05965  1.58221e+02
 16  0.11145  3.37215e+02 | 17  0.10703  4.29876e+02 | 18  0.10375  4.94737e+02
 19  0.08145  6.53811e+02 | 20  0.06709  4.20855e+02 | 21  0.02145  4.05465e+02
 22  0.02271  1.16893e+03 | 23  0.00198  1.18736e+02 | 24 -0.05201  3.73210e+02
 25 -0.02771  5.46472e+02 | 26 -0.03270  3.80107e+02 | 27 -0.06398  3.35160e+02
 28 -0.02953  2.63012e+02 | 29 -0.04906 -1.37674e+01 | 30 -0.06309 -1.36236e+01
 31 -0.02158  1.08726e+02 | 32 -0.02432  3.02087e+01 | 33 -0.10165 -2.40473e+02
 34 -0.02053 -7.91501e+01 | 35 -0.11343 -2.91012e+02 | 36  0.04897 -1.70356e+01
 37 -0.02944 -2.44050e+02 | 38 -0.01075 -2.58912e+02 | 39  0.08307 -1.69446e+02
 40 -0.01227 -2.75805e+02 | 41 -0.06687 -3.39736e+02 | 42  0.01837 -2.34358e+02
 43 -0.01434 -2.78222e+02 | 44  0.07214 -1.62790e+02 | 45  0.01918 -2.68199e+02
 46 -0.01925 -3.25333e+02 | 47 -0.08440 -3.53938e+02 | 48  0.03862 -2.34004e+02
 49  0.02804 -2.74638e+02 | 50 -0.03049 -3.60837e+02 | 51  0.12320 -2.62354e+02
 52 -0.04164 -3.57731e+02 | 53 -0.03405 -3.77144e+02 | 54 -0.03576 -4.04043e+02
 55 -0.10443 -4.63290e+02 | 56  0.00125 -4.60827e+02 | 57 -0.08980 -4.52352e+02
 58 -0.10571 -4.61545e+02 | 59  0.06440 -4.85331e+02 |

Intermediate statistics: 59 variables; iteration 20; function evaluation 30; phase 3
Function value 9.9082008e+02; maximum gradient component mag 4.9143e+03
Var    Value     Gradient |Var    Value     Gradient |Var    Value     Gradient
  1 -0.50118  4.91432e+03 |  2  0.23550  8.88512e+02 |  3 -0.05499  9.81412e+01
  4 -0.03528  1.33193e+02 |  5 -0.02914  1.46281e+02 |  6 -0.01827  1.54294e+02
  7  0.02100  1.73447e+02 |  8 -0.00470  1.60598e+02 |  9  0.01168  1.31469e+02
 10  0.00726  7.29990e+01 | 11  0.03378  1.19489e+02 | 12  0.05743 -1.93705e+01
 13  0.04624  2.10906e+02 | 14  0.06488  8.71626e+01 | 15  0.05031 -7.81341e+00
 16  0.11676  5.74000e+01 | 17  0.12956  2.33384e+01 | 18  0.11962  1.25944e+02
 19  0.09118  2.22031e+02 | 20  0.09069  1.23254e+02 | 21  0.04898  1.44165e+02
 22  0.01672  4.71128e+02 | 23  0.03341  4.70264e+01 | 24 -0.04232  2.15484e+02
 25 -0.01854  2.66776e+02 | 26 -0.01603  2.17438e+02 | 27 -0.05231  2.20770e+02
 28 -0.01397  2.04030e+02 | 29 -0.02629  9.50538e+01 | 30 -0.04834  9.11836e+01
 31 -0.01135  1.53912e+02 | 32 -0.01978  1.07947e+02 | 33 -0.09725 -4.10355e+01
 34 -0.02394  3.14599e+01 | 35 -0.11726 -8.90959e+01 | 36  0.03710  2.06677e+01
 37 -0.04201 -8.07798e+01 | 38 -0.02459 -9.09883e+01 | 39  0.06798 -6.94433e+01
 40 -0.02736 -1.12189e+02 | 41 -0.08037 -1.37953e+02 | 42  0.00470 -1.19866e+02
 43 -0.02832 -1.31251e+02 | 44  0.06312 -7.50939e+01 | 45  0.00783 -1.31141e+02
 46 -0.02609 -1.45721e+02 | 47 -0.09352 -1.47682e+02 | 48  0.02996 -1.00494e+02
 49  0.01982 -1.15285e+02 | 50 -0.03633 -1.46812e+02 | 51  0.12278 -7.12937e+01
 52 -0.05045 -1.51557e+02 | 53 -0.04003 -1.58680e+02 | 54 -0.03947 -1.59073e+02
 55 -0.10813 -1.87295e+02 | 56 -0.00622 -1.98365e+02 | 57 -0.10372 -1.88671e+02
 58 -0.11637 -1.76520e+02 | 59  0.05868 -1.86440e+02 |
59 variables; iteration 40; function evaluation 61; phase 3
Function value 9.8440774e+02; maximum gradient component mag 2.0465e+03
Var    Value     Gradient |Var    Value     Gradient |Var    Value     Gradient
  1 -0.50684  2.04648e+03 |  2  0.25321  3.00332e+02 |  3 -0.06469  2.63573e+01
  4 -0.03954  4.64861e+01 |  5 -0.01692  6.57468e+01 |  6 -0.02089  5.03599e+01
  7  0.02787  5.58338e+01 |  8 -0.01981  1.72392e+01 |  9  0.01190 -2.87200e+00
 10  0.00998 -2.71805e+01 | 11  0.02738  5.00990e+01 | 12  0.06109 -5.77053e+01
 13  0.04041  1.07093e+02 | 14  0.07102  7.34931e+01 | 15  0.05539  2.17569e+01
 16  0.12226  5.03875e+01 | 17  0.14533  1.88139e+01 | 18  0.12257  7.15919e+01
 19  0.09321  1.65757e+02 | 20  0.09990  1.09039e+02 | 21  0.06133  1.48551e+02
 22  0.01440  3.74681e+02 | 23  0.04293  5.75378e+01 | 24 -0.04430  1.85989e+02
 25 -0.02013  1.92141e+02 | 26 -0.01458  1.62205e+02 | 27 -0.05520  1.66401e+02
 28 -0.01744  1.34660e+02 | 29 -0.02481  9.96642e+01 | 30 -0.05673  5.82357e+01
 31 -0.01551  1.04358e+02 | 32 -0.02278  9.00880e+01 | 33 -0.10196 -1.17606e+01
 34 -0.03073  6.83160e-02 | 35 -0.10949 -2.76290e+00 | 36  0.03546  1.95080e+01
 37 -0.04511 -4.33834e+01 | 38 -0.02730 -5.16764e+01 | 39  0.06830 -3.15811e+01
 40 -0.02886 -6.72265e+01 | 41 -0.08089 -7.62311e+01 | 42  0.00365 -9.01624e+01
 43 -0.02402 -5.60127e+01 | 44  0.06005 -1.24741e+02 | 45  0.00684 -1.13252e+02
 46 -0.02483 -1.03386e+02 | 47 -0.09425 -1.06052e+02 | 48  0.02474 -1.74171e+02
 49  0.01561 -1.54956e+02 | 50 -0.03620 -1.17617e+02 | 51  0.11715 -2.75461e+02
 52 -0.05132 -1.18742e+02 | 53 -0.04056 -1.17619e+02 | 54 -0.04157 -1.28687e+02
 55 -0.10641 -9.28682e+01 | 56 -0.00625 -9.93787e+01 | 57 -0.10411 -8.88951e+01
 58 -0.12336 -9.30460e+01 | 59  0.06030 -7.70709e+01 |
59 variables; iteration 60; function evaluation 95; phase 3
Function value 9.7558392e+02; maximum gradient component mag 4.3219e+03
Var    Value     Gradient |Var    Value     Gradient |Var    Value     Gradient
  1 -0.51616  4.32192e+03 |  2  0.27401  5.84591e+02 |  3 -0.07818  4.37393e+01
  4  0.00306  1.37258e+02 |  5 -0.01859  1.11384e+02 |  6 -0.02124  9.82856e+01
  7  0.02778  1.20072e+02 |  8 -0.01399  8.41159e+01 |  9  0.03846  2.04860e+02
 10  0.02909  1.39449e+02 | 11  0.01796  1.29507e+01 | 12  0.07676  9.51517e+01
 13  0.03841  1.42628e+02 | 14  0.07553  1.33886e+02 | 15  0.05463  9.10347e+00
 16  0.13123  1.25623e+02 | 17  0.15866  2.38321e+02 | 18  0.13273  1.99101e+02
 19  0.09113  2.09244e+02 | 20  0.11194  2.89026e+02 | 21  0.07009  3.17003e+02
 22 -0.00430  3.21491e+02 | 23  0.05331  2.13718e+02 | 24 -0.06170  1.26291e+02
 25 -0.01948  2.45114e+02 | 26 -0.00945  2.63886e+02 | 27 -0.06232  1.62297e+02
 28 -0.00813  2.55052e+02 | 29 -0.03915  3.04472e+01 | 30 -0.05555  5.99930e+01
 31 -0.01606  1.19165e+02 | 32 -0.02656  6.89244e+01 | 33 -0.10722 -6.44266e+01
 34 -0.02729  1.87536e+01 | 35 -0.11418 -6.03545e+01 | 36  0.04065  7.77219e+01
 37 -0.05064 -1.03869e+02 | 38 -0.03038 -1.06292e+02 | 39  0.06730 -5.39877e+01
 40 -0.02632 -9.38330e+01 | 41 -0.08997 -1.69467e+02 | 42  0.01080 -6.40118e+01
 43 -0.03057 -1.49954e+02 | 44  0.06100 -1.47198e+02 | 45  0.00983 -1.32499e+02
 46 -0.02600 -1.75638e+02 | 47 -0.10104 -1.99689e+02 | 48  0.02541 -2.16511e+02
 49  0.02044 -1.57791e+02 | 50 -0.03570 -1.74773e+02 | 51  0.11756 -3.24072e+02
 52 -0.04851 -1.62248e+02 | 53 -0.03461 -1.29255e+02 | 54 -0.04467 -2.36242e+02
 55 -0.10467 -1.57337e+02 | 56 -0.00454 -1.46244e+02 | 57 -0.10710 -1.69664e+02
 58 -0.11594 -1.41591e+02 | 59  0.03825 -2.15612e+02 |
Maximum number of function evaluations exceeded

 - final statistics:
59 variables; iteration 64; function evaluation 100
Function value 9.7338e+02; maximum gradient component mag 1.6584e+03
Exit code = 3;  converg criter 1.0000e+00
Var    Value     Gradient |Var    Value     Gradient |Var    Value     Gradient
  1 -0.51757  1.65836e+03 |  2  0.27974  1.73346e+02 |  3 -0.07680  8.43761e+00
  4  0.00776  6.73310e+01 |  5 -0.01876  4.60060e+01 |  6 -0.01922  3.36184e+01
  7  0.02908  3.04276e+01 |  8 -0.01196  1.70581e+01 |  9  0.03979  8.79058e+01
 10  0.03067  3.89693e+01 | 11  0.01715 -1.24590e+00 | 12  0.07864  3.55056e+01
 13  0.03877  8.86625e+01 | 14  0.07488  7.48098e+01 | 15  0.05479  1.60310e+01
 16  0.13296  8.12987e+01 | 17  0.16162  9.55028e+01 | 18  0.13243  9.84958e+01
 19  0.09034  1.22945e+02 | 20  0.11208  1.55796e+02 | 21  0.07099  1.74206e+02
 22 -0.00889  2.09217e+02 | 23  0.05509  9.95731e+01 | 24 -0.06364  8.56680e+01
 25 -0.02036  1.35920e+02 | 26 -0.00991  1.37206e+02 | 27 -0.06222  9.43671e+01
 28 -0.00906  1.45385e+02 | 29 -0.03934 -4.82980e+00 | 30 -0.05302  5.22995e+01
 31 -0.01707  6.02075e+01 | 32 -0.02679  3.88774e+01 | 33 -0.10641 -2.92486e+01
 34 -0.02758  1.49996e+01 | 35 -0.11442 -1.47188e+01 | 36  0.03958  5.91164e+01
 37 -0.04986 -5.52254e+01 | 38 -0.03301 -6.96626e+01 | 39  0.06708 -3.20645e+01
 40 -0.02850 -5.24980e+01 | 41 -0.08372 -7.20223e+01 | 42  0.00971 -2.03156e+01
 43 -0.03033 -8.59728e+01 | 44  0.06112 -1.06682e+02 | 45  0.00970 -7.03341e+01
 46 -0.02571 -1.02958e+02 | 47 -0.10333 -1.31633e+02 | 48  0.02591 -1.48603e+02
 49  0.02082 -9.04250e+01 | 50 -0.03737 -1.10102e+02 | 51  0.11827 -2.61169e+02
 52 -0.04816 -8.09456e+01 | 53 -0.03486 -4.97306e+01 | 54 -0.04388 -1.41870e+02
 55 -0.10471 -6.66779e+01 | 56 -0.00458 -4.86560e+01 | 57 -0.10667 -7.36607e+01
 58 -0.11611 -4.94201e+01 | 59  0.03939 -1.17875e+02 |

Initial statistics: 67 variables; iteration 0; function evaluation 0; phase 4
Function value 9.7338097e+02; maximum gradient component mag -2.0724e+03
Var    Value     Gradient |Var    Value     Gradient |Var    Value     Gradient
  1 -0.51757  1.65836e+03 |  2  0.27974  1.73346e+02 |  3 -0.07680  8.43761e+00
  4  0.00776  6.73310e+01 |  5 -0.01876  4.60060e+01 |  6 -0.01922  3.36184e+01
  7  0.02908  3.04276e+01 |  8 -0.01196  1.70581e+01 |  9  0.03979  8.79058e+01
 10  0.03067  3.89693e+01 | 11  0.01716 -1.02974e+00 | 12  0.07865  3.57201e+01
 13  0.03878  8.88782e+01 | 14  0.07489  7.50244e+01 | 15  0.05480  1.62464e+01
 16  0.13297  8.15100e+01 | 17  0.16163  9.57118e+01 | 18  0.13244  9.87071e+01
 19  0.09035  1.23159e+02 | 20  0.11209  1.56009e+02 | 21  0.07100  1.74421e+02
 22 -0.00889  2.09433e+02 | 23  0.05510  9.97885e+01 | 24 -0.06363  8.58833e+01
 25 -0.02035  1.36136e+02 | 26 -0.00990  1.37422e+02 | 27 -0.06221  9.45824e+01
 28 -0.00906  1.45602e+02 | 29 -0.03933 -4.61397e+00 | 30 -0.05301  5.25151e+01
 31 -0.01706  6.04236e+01 | 32 -0.02679  3.90935e+01 | 33 -0.10640 -2.90354e+01
 34 -0.02757  1.52157e+01 | 35 -0.11441 -1.45060e+01 | 36  0.03959  5.93322e+01
 37 -0.04985 -5.50099e+01 | 38 -0.03300 -6.94467e+01 | 39  0.06709 -3.18494e+01
 40 -0.02850 -5.22820e+01 | 41 -0.08371 -7.18081e+01 | 42  0.00972 -2.00994e+01
 43 -0.03032 -8.57568e+01 | 44  0.06113 -1.06466e+02 | 45  0.00970 -7.01179e+01
 46 -0.02570 -1.02742e+02 | 47 -0.10332 -1.31420e+02 | 48  0.02592 -1.48387e+02
 49  0.02083 -9.02088e+01 | 50 -0.03736 -1.09886e+02 | 51  0.11828 -2.60956e+02
 52 -0.04816 -8.07300e+01 | 53 -0.03485 -4.95147e+01 | 54 -0.04387 -1.41654e+02
 55 -0.10470 -6.64648e+01 | 56 -0.00457 -4.84398e+01 | 57 -0.10666 -7.34477e+01
 58 -0.11610 -4.92076e+01 | 59  0.03940 -1.17659e+02 | 60 -0.11011 -6.42410e+02
 61 -0.15000 -1.28635e+03 | 62 -0.16671 -1.56251e+03 | 63 -0.17620 -2.07244e+03
 64 -0.11992  9.55496e+02 | 65 -0.13710  8.34857e+02 | 66 -0.16155  6.26810e+02
 67 -0.18446  2.91074e+02 |

Intermediate statistics: 67 variables; iteration 20; function evaluation 27; phase 4
Function value 9.1678737e+02; maximum gradient component mag -7.1838e+02
Var    Value     Gradient |Var    Value     Gradient |Var    Value     Gradient
  1 -0.52902  5.37625e+02 |  2  0.33803  6.21211e+01 |  3 -0.02896  4.06968e+00
  4 -0.03660  3.07649e+00 |  5 -0.04147  3.56491e+00 |  6 -0.03134  4.35227e+00
  7  0.03543  9.06912e+00 |  8 -0.00175  1.12285e+01 |  9  0.03825  2.92627e+01
 10  0.03929  2.72450e+01 | 11  0.02350  1.40698e+01 | 12  0.08416  2.52885e+01
 13  0.03374  2.80388e+01 | 14  0.07518  2.98392e+01 | 15  0.05871  1.20695e+01
 16  0.13498  3.42442e+01 | 17  0.17311  5.05300e+01 | 18  0.13786  4.83309e+01
 19  0.08828  4.55830e+01 | 20  0.11420  6.56703e+01 | 21  0.07374  7.34823e+01
 22 -0.03423  4.38306e+01 | 23  0.06245  3.90856e+01 | 24 -0.07233  2.26674e+01
 25 -0.01995  4.90301e+01 | 26 -0.00910  4.80544e+01 | 27 -0.06124  3.80983e+01
 28 -0.01187  5.12870e+01 | 29 -0.02505  2.31947e+01 | 30 -0.05371  2.20688e+01
 31 -0.01577  2.66894e+01 | 32 -0.02880  1.99100e+01 | 33 -0.09977  5.65646e+00
 34 -0.03210 -1.67156e+01 | 35 -0.12010 -1.08676e+01 | 36  0.02458  2.25107e+01
 37 -0.04986 -7.27710e+00 | 38 -0.03331 -8.13626e+00 | 39  0.06562 -3.71232e+00
 40 -0.02696 -2.01708e+01 | 41 -0.07942 -1.89813e+01 | 42  0.00102 -1.57447e+00
 43 -0.03333 -2.38942e+01 | 44  0.05969 -8.22319e+01 | 45  0.00507 -4.31357e+01
 46 -0.02559 -3.70300e+01 | 47 -0.09247 -3.05552e+01 | 48  0.02603 -7.41076e+01
 49  0.01725 -4.49395e+01 | 50 -0.03796 -4.25443e+01 | 51  0.11734 -1.33940e+02
 52 -0.05619 -4.57803e+01 | 53 -0.04257 -4.22444e+01 | 54 -0.04204 -4.98015e+01
 55 -0.10480 -2.82491e+01 | 56 -0.00030 -1.28406e+01 | 57 -0.09860 -1.08504e+01
 58 -0.11748 -1.37976e+01 | 59  0.05287 -1.09605e+00 | 60 -0.11049 -3.77113e+02
 61 -0.14754 -6.78296e+02 | 62 -0.17963 -7.18376e+02 | 63 -0.13634 -4.63151e+02
 64 -0.14767 -5.53945e+00 | 65 -0.13919  1.22028e+02 | 66 -0.16824  3.13326e+02
 67 -0.15262  3.20660e+02 |
67 variables; iteration 40; function evaluation 51; phase 4
Function value 9.1355996e+02; maximum gradient component mag 2.7715e+03
Var    Value     Gradient |Var    Value     Gradient |Var    Value     Gradient
  1 -0.52903  2.77153e+03 |  2  0.33532  3.82939e+02 |  3 -0.03215  4.95285e+01
  4 -0.03445  5.35993e+01 |  5 -0.01895  7.48551e+01 |  6 -0.04671  4.43736e+01
  7  0.03879  1.03054e+02 |  8 -0.00491  7.18253e+01 |  9  0.03570  1.16196e+02
 10  0.04074  1.21386e+02 | 11  0.02271  1.46448e+01 | 12  0.08442  7.71470e+01
 13  0.03261  4.88793e+01 | 14  0.07446  5.20476e+01 | 15  0.05750 -7.89785e+00
 16  0.13355  5.16321e+01 | 17  0.17451  1.78739e+02 | 18  0.13674  1.00894e+02
 19  0.08693  7.88921e+01 | 20  0.11351  1.43361e+02 | 21  0.07406  1.71316e+02
 22 -0.03911  4.94504e+01 | 23  0.06480  1.45418e+02 | 24 -0.07137  3.19425e+01
 25 -0.02029  1.05848e+02 | 26 -0.00833  1.27131e+02 | 27 -0.06099  7.48757e+01
 28 -0.01211  1.02777e+02 | 29 -0.02307  5.41870e+01 | 30 -0.05386  2.21453e+01
 31 -0.01511  5.25907e+01 | 32 -0.02799  2.80830e+01 | 33 -0.10115 -2.94603e+01
 34 -0.03103 -8.82701e+00 | 35 -0.11929 -4.64071e+01 | 36  0.02467  1.86113e+01
 37 -0.04956 -4.61505e+01 | 38 -0.03273 -5.03524e+01 | 39  0.06582 -3.01943e+01
 40 -0.02568 -5.07039e+01 | 41 -0.07896 -6.60627e+01 | 42  0.00025 -4.69072e+01
 43 -0.03298 -6.28029e+01 | 44  0.06189 -5.05078e+01 | 45  0.00554 -6.55057e+01
 46 -0.02556 -7.37954e+01 | 47 -0.09162 -7.13400e+01 | 48  0.02736 -6.77423e+01
 49  0.01619 -7.02977e+01 | 50 -0.03865 -8.11553e+01 | 51  0.11872 -6.26579e+01
 52 -0.05578 -8.06351e+01 | 53 -0.04269 -8.25880e+01 | 54 -0.04210 -9.61846e+01
 55 -0.10475 -9.42555e+01 | 56 -0.00105 -9.96948e+01 | 57 -0.10032 -9.66876e+01
 58 -0.11864 -9.53451e+01 | 59  0.05216 -8.73240e+01 | 60 -0.10939 -3.13727e+01
 61 -0.14604 -2.47870e+01 | 62 -0.17714 -2.32089e+01 | 63 -0.13689  6.50764e+01
 64 -0.14647  1.21912e+01 | 65 -0.13903  6.69919e+01 | 66 -0.17017  1.38650e+02
 67 -0.15594  1.39049e+02 |
67 variables; iteration 60; function evaluation 84; phase 4
Function value 9.1285008e+02; maximum gradient component mag 2.4687e+02
Var    Value     Gradient |Var    Value     Gradient |Var    Value     Gradient
  1 -0.52822  2.46871e+02 |  2  0.33078  4.02098e+01 |  3 -0.03648  2.46701e+00
  4 -0.02885  7.80422e+00 |  5 -0.03299  9.64803e+00 |  6 -0.03234  5.84626e+00
  7  0.03272  8.78029e+00 |  8 -0.00434  6.42297e+00 |  9  0.03528  1.16209e+01
 10  0.03899  1.19940e+01 | 11  0.02100  9.76499e-01 | 12  0.08367  6.38412e+00
 13  0.03200  5.83754e+00 | 14  0.07404  5.83059e+00 | 15  0.05662 -2.33940e+00
 16  0.13285  4.46199e+00 | 17  0.17557  1.47033e+01 | 18  0.13696  9.20943e+00
 19  0.08634  7.30071e+00 | 20  0.11275  1.15929e+01 | 21  0.07256  1.36600e+01
 22 -0.03765  7.97868e+00 | 23  0.06647  1.55495e+01 | 24 -0.07316  2.24335e+00
 25 -0.02111  5.31311e+00 | 26 -0.00821  9.25365e+00 | 27 -0.06141  5.54989e+00
 28 -0.01279  6.51142e+00 | 29 -0.02311  3.74022e+00 | 30 -0.05394  1.39411e+00
 31 -0.01420  6.48188e+00 | 32 -0.02698  4.67819e+00 | 33 -0.10040 -2.33898e+00
 34 -0.02986 -1.56688e+00 | 35 -0.11967 -5.00425e+00 | 36  0.02341 -1.03510e+00
 37 -0.04849 -4.92177e+00 | 38 -0.03154 -5.69016e+00 | 39  0.06734 -1.98903e+00
 40 -0.02571 -3.86931e+00 | 41 -0.07899 -5.85182e+00 | 42  0.00006 -3.96238e+00
 43 -0.03308 -7.59234e+00 | 44  0.06291 -1.16722e+00 | 45  0.00556 -5.55763e+00
 46 -0.02521 -5.47071e+00 | 47 -0.09375 -9.99500e+00 | 48  0.02807 -2.42490e+00
 49  0.01664 -4.24710e+00 | 50 -0.03781 -4.80387e+00 | 51  0.11909 -1.08531e+00
 52 -0.05687 -1.16234e+01 | 53 -0.04320 -6.48316e+00 | 54 -0.04175 -6.68160e+00
 55 -0.10506 -1.01174e+01 | 56 -0.00095 -8.78175e+00 | 57 -0.09999 -1.00384e+01
 58 -0.11687 -7.70818e+00 | 59  0.05078 -8.97383e+00 | 60 -0.10877  1.75681e+01
 61 -0.14550  3.43300e+01 | 62 -0.17550  3.53907e+01 | 63 -0.13745  2.77159e+01
 64 -0.14579  1.31718e+00 | 65 -0.13870 -1.03690e+00 | 66 -0.17149 -8.29960e+00
 67 -0.15715 -4.66997e+00 |
Maximum number of function evaluations exceeded

 - final statistics:
67 variables; iteration 70; function evaluation 100
Function value 9.1282e+02; maximum gradient component mag 4.6477e+02
Exit code = 3;  converg criter 1.0000e+00
Var    Value     Gradient |Var    Value     Gradient |Var    Value     Gradient
  1 -0.52785  4.64766e+02 |  2  0.32971  7.04777e+01 |  3 -0.03612  6.41453e+00
  4 -0.02783  1.27816e+01 |  5 -0.03807  1.12313e+01 |  6 -0.03095  1.14934e+01
  7  0.03237  1.58089e+01 |  8 -0.00435  1.23685e+01 |  9  0.03523  2.08358e+01
 10  0.03836  1.83559e+01 | 11  0.02094  1.70302e+00 | 12  0.08369  1.33473e+01
 13  0.03180  9.08911e+00 | 14  0.07364  8.86206e+00 | 15  0.05731 -8.20687e-01
 16  0.13283  9.15265e+00 | 17  0.17570  3.18344e+01 | 18  0.13672  1.70423e+01
 19  0.08621  1.34120e+01 | 20  0.11262  2.27400e+01 | 21  0.07230  2.57113e+01
 22 -0.03763  1.22921e+01 | 23  0.06569  2.32630e+01 | 24 -0.07295  4.97796e+00
 25 -0.02055  1.68922e+01 | 26 -0.00809  2.07030e+01 | 27 -0.06159  1.06398e+01
 28 -0.01244  1.61143e+01 | 29 -0.02353  5.69427e+00 | 30 -0.05399  2.33089e+00
 31 -0.01462  7.71185e+00 | 32 -0.02744  3.45018e+00 | 33 -0.10089 -6.76933e+00
 34 -0.02951  3.13439e-01 | 35 -0.11951 -8.51849e+00 | 36  0.02353 -6.46830e-01
 37 -0.04824 -7.58543e+00 | 38 -0.03148 -9.25457e+00 | 39  0.06722 -5.47481e+00
 40 -0.02583 -9.41183e+00 | 41 -0.07899 -1.16628e+01 | 42 -0.00011 -9.88872e+00
 43 -0.03274 -1.04899e+01 | 44  0.06275 -6.50203e+00 | 45  0.00562 -1.04353e+01
 46 -0.02534 -1.16707e+01 | 47 -0.09293 -1.21314e+01 | 48  0.02787 -9.18156e+00
 49  0.01656 -1.02119e+01 | 50 -0.03812 -1.24967e+01 | 51  0.11895 -6.28056e+00
 52 -0.05607 -1.24442e+01 | 53 -0.04335 -1.40530e+01 | 54 -0.04181 -1.41466e+01
 55 -0.10468 -1.48468e+01 | 56 -0.00085 -1.59007e+01 | 57 -0.09950 -1.57441e+01
 58 -0.11718 -1.61965e+01 | 59  0.05102 -1.59703e+01 | 60 -0.10882  1.40666e+01
 61 -0.14555  3.08925e+01 | 62 -0.17563  3.33204e+01 | 63 -0.13736  3.41384e+01
 64 -0.14581  2.23220e+00 | 65 -0.13878  3.63983e+00 | 66 -0.17132  3.09741e+00
 67 -0.15706  6.02542e+00 |

Initial statistics: 69 variables; iteration 0; function evaluation 0; phase 5
Function value 9.1282259e+02; maximum gradient component mag 4.6477e+02
Var    Value     Gradient |Var    Value     Gradient |Var    Value     Gradient
  1 -0.52785  4.64766e+02 |  2  0.32971  7.04777e+01 |  3 -0.03612  6.41453e+00
  4 -0.02783  1.27816e+01 |  5 -0.03807  1.12313e+01 |  6 -0.03095  1.14934e+01
  7  0.03237  1.58089e+01 |  8 -0.00435  1.23685e+01 |  9  0.03523  2.08358e+01
 10  0.03836  1.83559e+01 | 11  0.02094  1.70460e+00 | 12  0.08369  1.33489e+01
 13  0.03180  9.09069e+00 | 14  0.07364  8.86364e+00 | 15  0.05731 -8.19110e-01
 16  0.13283  9.15420e+00 | 17  0.17570  3.18359e+01 | 18  0.13672  1.70438e+01
 19  0.08621  1.34136e+01 | 20  0.11262  2.27416e+01 | 21  0.07230  2.57129e+01
 22 -0.03763  1.22937e+01 | 23  0.06569  2.32646e+01 | 24 -0.07295  4.97953e+00
 25 -0.02055  1.68938e+01 | 26 -0.00809  2.07046e+01 | 27 -0.06159  1.06413e+01
 28 -0.01244  1.61159e+01 | 29 -0.02353  5.69585e+00 | 30 -0.05399  2.33247e+00
 31 -0.01462  7.71343e+00 | 32 -0.02744  3.45176e+00 | 33 -0.10089 -6.76776e+00
 34 -0.02951  3.15021e-01 | 35 -0.11951 -8.51694e+00 | 36  0.02353 -6.45247e-01
 37 -0.04824 -7.58385e+00 | 38 -0.03148 -9.25299e+00 | 39  0.06722 -5.47324e+00
 40 -0.02583 -9.41025e+00 | 41 -0.07899 -1.16612e+01 | 42 -0.00011 -9.88714e+00
 43 -0.03274 -1.04883e+01 | 44  0.06275 -6.50046e+00 | 45  0.00562 -1.04338e+01
 46 -0.02534 -1.16691e+01 | 47 -0.09293 -1.21298e+01 | 48  0.02787 -9.17998e+00
 49  0.01656 -1.02103e+01 | 50 -0.03812 -1.24951e+01 | 51  0.11895 -6.27900e+00
 52 -0.05607 -1.24426e+01 | 53 -0.04335 -1.40514e+01 | 54 -0.04181 -1.41451e+01
 55 -0.10468 -1.48452e+01 | 56 -0.00085 -1.58992e+01 | 57 -0.09950 -1.57425e+01
 58 -0.11718 -1.61949e+01 | 59  0.05102 -1.59687e+01 | 60 -0.10882  1.40666e+01
 61 -0.14555  3.08925e+01 | 62 -0.17563  3.33204e+01 | 63 -0.13736  3.41384e+01
 64 -0.14581  2.23220e+00 | 65 -0.13878  3.63983e+00 | 66 -0.17132  3.09741e+00
 67 -0.15706  6.02542e+00 | 68  1.00000  4.33158e-08 | 69  1.00000  4.33158e-08

Intermediate statistics: 69 variables; iteration 20; function evaluation 22; phase 5
Function value 9.1274891e+02; maximum gradient component mag -8.5356e+02
Var    Value     Gradient |Var    Value     Gradient |Var    Value     Gradient
  1 -0.52529 -8.53559e+02 |  2  0.31846 -1.19074e+02 |  3 -0.03121 -1.61754e+01
  4 -0.04197 -1.85862e+01 |  5 -0.04455 -1.82073e+01 |  6 -0.03255 -1.97733e+01
  7  0.03150 -3.00113e+01 |  8 -0.00526 -2.47274e+01 |  9  0.03434 -3.69138e+01
 10  0.03778 -3.52302e+01 | 11  0.02018 -3.33039e+00 | 12  0.08295 -2.38965e+01
 13  0.03109 -1.35812e+01 | 14  0.07285 -1.53611e+01 | 15  0.05636  2.64201e+00
 16  0.13188 -1.45042e+01 | 17  0.17489 -5.87467e+01 | 18  0.13591 -3.10766e+01
 19  0.08534 -2.18573e+01 | 20  0.11175 -4.17620e+01 | 21  0.07167 -4.82771e+01
 22 -0.03886 -1.20749e+01 | 23  0.06566 -4.51249e+01 | 24 -0.07361 -5.82703e+00
 25 -0.02101 -2.93060e+01 | 26 -0.00845 -3.61702e+01 | 27 -0.06165 -1.93764e+01
 28 -0.01261 -2.58801e+01 | 29 -0.02324 -1.36836e+01 | 30 -0.05392 -3.58699e+00
 31 -0.01453 -1.27630e+01 | 32 -0.02708 -5.44766e+00 | 33 -0.10032  9.45933e+00
 34 -0.02892  1.84849e+00 | 35 -0.11887  1.52613e+01 | 36  0.02449  9.85994e-01
 37 -0.04744  1.44937e+01 | 38 -0.03054  1.45525e+01 | 39  0.06823  8.34051e+00
 40 -0.02508  1.67720e+01 | 41 -0.07827  2.04001e+01 | 42  0.00045  1.40755e+01
 43 -0.03246  1.69363e+01 | 44  0.06285  4.21169e+00 | 45  0.00589  1.56749e+01
 46 -0.02528  1.87745e+01 | 47 -0.09279  2.21130e+01 | 48  0.02810  1.34699e+01
 49  0.01687  1.55073e+01 | 50 -0.03792  2.08439e+01 | 51  0.11922  1.37237e+01
 52 -0.05603  2.27085e+01 | 53 -0.04315  2.47131e+01 | 54 -0.04192  2.50578e+01
 55 -0.10481  2.78172e+01 | 56 -0.00063  3.22152e+01 | 57 -0.09904  2.95632e+01
 58 -0.11666  2.84018e+01 | 59  0.05126  2.90806e+01 | 60 -0.10902 -4.24390e+01
 61 -0.14570 -7.00676e+01 | 62 -0.17538 -6.23439e+01 | 63 -0.13755 -6.77217e+01
 64 -0.14556  4.60670e+00 | 65 -0.13861 -9.38496e-01 | 66 -0.17125 -1.49427e+01
 67 -0.15742 -1.88795e+01 | 68  1.00210 -2.13298e-01 | 69  1.00215 -2.35545e-01
69 variables; iteration 40; function evaluation 47; phase 5
Function value 9.1271851e+02; maximum gradient component mag -4.7306e+02
Var    Value     Gradient |Var    Value     Gradient |Var    Value     Gradient
  1 -0.52462 -4.73064e+02 |  2  0.31517 -6.65937e+01 |  3 -0.03046 -7.20296e+00
  4 -0.04294 -1.01854e+01 |  5 -0.04334 -8.91681e+00 |  6 -0.03588 -1.20490e+01
  7  0.03096 -1.62925e+01 |  8 -0.00484 -1.19629e+01 |  9  0.03373 -2.07620e+01
 10  0.03745 -2.00206e+01 | 11  0.01979 -2.05132e+00 | 12  0.08276 -1.30002e+01
 13  0.03060 -7.92594e+00 | 14  0.07288 -7.25957e+00 | 15  0.05607  1.81393e+00
 16  0.13155 -7.94687e+00 | 17  0.17474 -3.22710e+01 | 18  0.13618 -1.54223e+01
 19  0.08499 -1.22511e+01 | 20  0.11194 -2.14316e+01 | 21  0.07206 -2.47387e+01
 22 -0.03982 -7.82407e+00 | 23  0.06555 -2.61369e+01 | 24 -0.07404 -3.89683e+00
 25 -0.02093 -1.65447e+01 | 26 -0.00868 -2.23001e+01 | 27 -0.06156 -1.17932e+01
 28 -0.01285 -1.69541e+01 | 29 -0.02284 -7.44486e+00 | 30 -0.05403 -3.22212e+00
 31 -0.01470 -9.49376e+00 | 32 -0.02725 -5.24224e+00 | 33 -0.09984  5.45458e+00
 34 -0.02893 -1.57716e+00 | 35 -0.11875  8.06162e+00 | 36  0.02470  6.54595e-01
 37 -0.04729  7.98090e+00 | 38 -0.03010  8.95458e+00 | 39  0.06836  3.00852e+00
 40 -0.02485  9.02856e+00 | 41 -0.07802  1.18164e+01 | 42  0.00072  9.97933e+00
 43 -0.03215  1.11617e+01 | 44  0.06344  6.87573e+00 | 45  0.00622  1.08558e+01
 46 -0.02534  9.61668e+00 | 47 -0.09307  1.12112e+01 | 48  0.02860  1.17985e+01
 49  0.01713  1.05070e+01 | 50 -0.03775  1.25861e+01 | 51  0.11904  4.88341e+00
 52 -0.05583  1.36970e+01 | 53 -0.04318  1.36983e+01 | 54 -0.04182  1.50656e+01
 55 -0.10476  1.62741e+01 | 56 -0.00073  1.70600e+01 | 57 -0.09923  1.60725e+01
 58 -0.11668  1.62492e+01 | 59  0.05077  1.56354e+01 | 60 -0.10877 -1.41974e+01
 61 -0.14558 -3.73535e+01 | 62 -0.17573 -4.75349e+01 | 63 -0.13736 -4.37260e+01
 64 -0.14594 -9.37376e+00 | 65 -0.13886 -1.21992e+01 | 66 -0.17122 -9.51626e+00
 67 -0.15698 -5.60454e+00 | 68  0.98441  1.89141e-01 | 69  1.02421 -4.09291e-01
69 variables; iteration 60; function evaluation 75; phase 5
Function value 9.1264186e+02; maximum gradient component mag -1.1202e+02
Var    Value     Gradient |Var    Value     Gradient |Var    Value     Gradient
  1 -0.52176 -1.12023e+02 |  2  0.30128 -1.82384e+01 |  3 -0.03633 -3.80160e-01
  4 -0.04374 -1.66424e+00 |  5 -0.04460 -1.14316e+00 |  6 -0.04523 -1.00294e+01
  7  0.02671 -9.79341e+00 |  8 -0.00232  5.20737e+00 |  9  0.03224 -5.94506e+00
 10  0.03593 -7.53446e+00 | 11  0.02093  6.77261e+00 | 12  0.08068 -9.54877e+00
 13  0.03120  3.52879e+00 | 14  0.07026 -6.30697e+00 | 15  0.05619  4.04273e+00
 16  0.13165  3.93967e+00 | 17  0.17503  5.91252e-01 | 18  0.13480 -3.55511e+00
 19  0.08634  5.96706e+00 | 20  0.11119 -2.81133e+00 | 21  0.07193 -2.92413e+00
 22 -0.04323 -9.89351e+00 | 23  0.06502 -9.75627e+00 | 24 -0.07199  3.49065e+00
 25 -0.02200 -9.47419e+00 | 26 -0.00961 -1.46982e+01 | 27 -0.06197 -8.58574e+00
 28 -0.01371 -1.43549e+01 | 29 -0.02181 -5.32792e-01 | 30 -0.05389 -2.84801e+00
 31 -0.01382 -1.62995e+00 | 32 -0.02712 -5.51254e+00 | 33 -0.09850  2.19993e+00
 34 -0.02781 -3.53102e+00 | 35 -0.11711  3.45597e+00 | 36  0.02564 -1.03351e+00
 37 -0.04742 -3.47874e+00 | 38 -0.02943 -1.52187e-01 | 39  0.06949 -2.23854e+00
 40 -0.02405 -1.50154e+00 | 41 -0.07746  1.12759e+00 | 42  0.00156  8.30907e+00
 43 -0.03126  7.84816e+00 | 44  0.06514  1.92273e+01 | 45  0.00710  9.35418e+00
 46 -0.02469  7.36254e+00 | 47 -0.09263  4.61054e+00 | 48  0.03007  2.00466e+01
 49  0.01762  7.07322e+00 | 50 -0.03639  1.21893e+01 | 51  0.11874 -6.33557e+00
 52 -0.05546  5.82898e+00 | 53 -0.04264  8.69649e+00 | 54 -0.04199  4.58231e+00
 55 -0.10581 -3.34677e-01 | 56 -0.00151 -2.43280e+00 | 57 -0.10033  1.10251e+00
 58 -0.11971 -6.92601e-01 | 59  0.04653 -5.32246e+00 | 60 -0.10842  1.59708e+01
 61 -0.14552 -1.91037e+01 | 62 -0.17652 -6.35107e+01 | 63 -0.13685 -3.31784e+01
 64 -0.14678 -3.97787e+01 | 65 -0.13964 -4.19666e+01 | 66 -0.17097 -2.03796e+00
 67 -0.15615  1.43115e+01 | 68  0.82688  1.68994e-01 | 69  1.21228 -2.29844e+00
69 variables; iteration 80; function evaluation 110; phase 5
Function value 9.1210795e+02; maximum gradient component mag 1.3776e+03
Var    Value     Gradient |Var    Value     Gradient |Var    Value     Gradient
  1 -0.51816  1.37757e+03 |  2  0.28950  2.12130e+02 |  3 -0.05082  2.43872e+01
  4 -0.05160  2.77108e+01 |  5 -0.05371  2.79294e+01 |  6 -0.03615  3.59105e+01
  7  0.02699  5.14834e+01 |  8 -0.00917  3.88319e+01 |  9  0.03132  6.23514e+01
 10  0.03556  6.02056e+01 | 11  0.01843  1.00621e+01 | 12  0.08051  3.99508e+01
 13  0.02748  1.90293e+01 | 14  0.07090  2.88071e+01 | 15  0.05379 -2.67844e+00
 16  0.12841  2.21225e+01 | 17  0.17298  9.79061e+01 | 18  0.13413  5.17382e+01
 19  0.08336  3.80105e+01 | 20  0.10980  6.72516e+01 | 21  0.07011  7.67836e+01
 22 -0.03998  2.71477e+01 | 23  0.06452  7.37550e+01 | 24 -0.07494  1.05292e+01
 25 -0.02180  4.98404e+01 | 26 -0.00881  6.08681e+01 | 27 -0.06358  2.23036e+01
 28 -0.01243  4.34741e+01 | 29 -0.02291  2.02319e+01 | 30 -0.05456  3.01062e+00
 31 -0.01474  2.06282e+01 | 32 -0.02558  1.52887e+01 | 33 -0.09906 -1.68032e+01
 34 -0.02715  9.97792e-01 | 35 -0.11673 -2.26763e+01 | 36  0.02675 -1.17596e+00
 37 -0.04599 -2.48024e+01 | 38 -0.02850 -2.62361e+01 | 39  0.07063 -1.26021e+01
 40 -0.02273 -2.55133e+01 | 41 -0.07664 -3.50982e+01 | 42  0.00209 -2.65170e+01
 43 -0.03140 -3.29287e+01 | 44  0.06426 -1.74041e+01 | 45  0.00712 -3.02593e+01
 46 -0.02461 -3.33958e+01 | 47 -0.09293 -4.13292e+01 | 48  0.02937 -2.63092e+01
 49  0.01821 -2.78173e+01 | 50 -0.03798 -3.92821e+01 | 51  0.11953 -1.23159e+01
 52 -0.05586 -4.02858e+01 | 53 -0.04272 -3.79134e+01 | 54 -0.04193 -4.27108e+01
 55 -0.10462 -4.45045e+01 | 56 -0.00017 -4.71998e+01 | 57 -0.09767 -4.55474e+01
 58 -0.11529 -4.62873e+01 | 59  0.05158 -4.84975e+01 | 60 -0.10899  1.62822e+01
 61 -0.14573  5.42319e+01 | 62 -0.17552  7.33176e+01 | 63 -0.13762  7.71029e+01
 64 -0.14572  1.62810e+01 | 65 -0.13875  2.30241e+01 | 66 -0.17116  2.31670e+01
 67 -0.15728  1.93528e+01 | 68  0.73867 -1.10749e+00 | 69  1.38874 -1.03375e+00
69 variables; iteration 100; function evaluation 130; phase 5
Function value 9.1197075e+02; maximum gradient component mag 7.5215e-01
Var    Value     Gradient |Var    Value     Gradient |Var    Value     Gradient
  1 -0.52159  7.52151e-01 |  2  0.30286  1.11841e-01 |  3 -0.04144  1.85460e-02
  4 -0.04557  1.66960e-02 |  5 -0.04818  1.86347e-02 |  6 -0.03611  1.26401e-02
  7  0.02889  2.65842e-02 |  8 -0.00681  2.50171e-02 |  9  0.03270  3.49753e-02
 10  0.03659  3.40041e-02 | 11  0.01891  4.74107e-03 | 12  0.08182  2.20830e-02
 13  0.02986  1.38540e-02 | 14  0.07168  1.28633e-02 | 15  0.05497 -1.18097e-03
 16  0.13049  1.40116e-02 | 17  0.17390  5.43127e-02 | 18  0.13500  2.68601e-02
 19  0.08414  2.34178e-02 | 20  0.11083  3.66381e-02 | 21  0.07107  4.23297e-02
 22 -0.04048  7.41854e-03 | 23  0.06514  4.02591e-02 | 24 -0.07446  7.50776e-03
 25 -0.02159  2.64190e-02 | 26 -0.00885  3.22574e-02 | 27 -0.06164  1.73200e-02
 28 -0.01273  2.22161e-02 | 29 -0.02297  1.15307e-02 | 30 -0.05397  2.56926e-03
 31 -0.01463  1.10334e-02 | 32 -0.02688  4.99832e-03 | 33 -0.09951 -9.05733e-03
 34 -0.02819 -1.39066e-03 | 35 -0.11807 -1.37448e-02 | 36  0.02559 -2.28924e-03
 37 -0.04653 -1.27717e-02 | 38 -0.02931 -1.35111e-02 | 39  0.06944 -7.67474e-03
 40 -0.02398 -1.49913e-02 | 41 -0.07725 -1.79358e-02 | 42  0.00129 -1.37860e-02
 43 -0.03172 -1.58782e-02 | 44  0.06375 -7.79800e-03 | 45  0.00660 -1.53881e-02
 46 -0.02494 -1.58144e-02 | 47 -0.09240 -1.93229e-02 | 48  0.02880 -1.43485e-02
 49  0.01753 -1.48340e-02 | 50 -0.03760 -1.95396e-02 | 51  0.11913 -1.21376e-02
 52 -0.05574 -2.07906e-02 | 53 -0.04310 -2.24756e-02 | 54 -0.04191 -2.25476e-02
 55 -0.10482 -2.40861e-02 | 56 -0.00054 -2.70390e-02 | 57 -0.09861 -2.50137e-02
 58 -0.11604 -2.47960e-02 | 59  0.05140 -2.42249e-02 | 60 -0.10883  3.06671e-02
 61 -0.14558  5.72216e-02 | 62 -0.17559  5.60224e-02 | 63 -0.13740  5.69259e-02
 64 -0.14582 -1.08403e-03 | 65 -0.13881  2.36143e-03 | 66 -0.17119  7.84248e-03
 67 -0.15702  9.38379e-03 | 68  0.80670 -7.98191e-05 | 69  1.42379  9.42167e-04
  ic > imax  in fminim is answer attained ?
Var    Value     Gradient |Var    Value     Gradient |Var    Value     Gradient
  1 -0.52159  1.08646e-04 |  2  0.30285  1.64260e-05 |  3 -0.04145  2.26006e-06
  4 -0.04558  2.29200e-06 |  5 -0.04819  1.34300e-06 |  6 -0.03610  2.80522e-06
  7  0.02889  4.30422e-06 |  8 -0.00681  1.93554e-06 |  9  0.03270  4.24116e-06
 10  0.03659  5.13786e-06 | 11  0.01891  4.19686e-07 | 12  0.08182  5.13850e-06
 13  0.02986  1.01877e-06 | 14  0.07168  3.44603e-06 | 15  0.05497  2.74809e-07
 16  0.13049  1.52229e-06 | 17  0.17390  7.03627e-06 | 18  0.13500  4.67322e-06
 19  0.08414  2.22647e-06 | 20  0.11083  5.95664e-06 | 21  0.07107  6.70331e-06
 22 -0.04048  1.86768e-06 | 23  0.06514  5.88135e-06 | 24 -0.07447 -4.19324e-07
 25 -0.02159  4.29094e-06 | 26 -0.00885  7.18061e-06 | 27 -0.06164  1.30578e-06
 28 -0.01273  2.12083e-06 | 29 -0.02297  1.56139e-07 | 30 -0.05397 -7.36422e-07
 31 -0.01463  1.35545e-06 | 32 -0.02688  2.20882e-06 | 33 -0.09951 -2.05474e-06
 34 -0.02819 -6.51869e-08 | 35 -0.11807 -8.22498e-09 | 36  0.02559 -1.03804e-07
 37 -0.04653 -2.59323e-06 | 38 -0.02931 -2.65137e-06 | 39  0.06944 -1.30988e-06
 40 -0.02398 -1.64555e-06 | 41 -0.07725 -2.96674e-06 | 42  0.00129 -1.94213e-06
 43 -0.03172 -1.87363e-06 | 44  0.06375 -5.20795e-07 | 45  0.00660 -1.91712e-06
 46 -0.02494 -1.93225e-06 | 47 -0.09240 -4.44775e-06 | 48  0.02881 -1.19136e-06
 49  0.01753 -1.74673e-06 | 50 -0.03760 -3.30798e-06 | 51  0.11913 -1.89482e-06
 52 -0.05574 -3.80263e-06 | 53 -0.04310 -2.76283e-06 | 54 -0.04191 -3.21887e-06
 55 -0.10482 -2.51151e-06 | 56 -0.00054 -4.00811e-06 | 57 -0.09861 -3.91430e-06
 58 -0.11604 -3.92106e-06 | 59  0.05140 -4.22646e-06 | 60 -0.10883  5.81629e-06
 61 -0.14558  8.26924e-06 | 62 -0.17559  6.05272e-06 | 63 -0.13740  6.91442e-06
 64 -0.14582 -1.87191e-06 | 65 -0.13881 -1.03500e-06 | 66 -0.17119  1.25685e-06
 67 -0.15702  2.67182e-06 | 68  0.80671 -3.45934e-08 | 69  1.42376  1.37414e-07
Function minimizer not making progress ... is minimum attained?
Minimprove criterion = 0.0000e+00

 - final statistics:
69 variables; iteration 105; function evaluation 164
Function value 9.1197e+02; maximum gradient component mag 1.0865e-04
Exit code = 1;  converg criter 1.0000e-04
Var    Value     Gradient |Var    Value     Gradient |Var    Value     Gradient
  1 -0.52159  1.08646e-04 |  2  0.30285  1.64260e-05 |  3 -0.04145  2.26006e-06
  4 -0.04558  2.29200e-06 |  5 -0.04819  1.34300e-06 |  6 -0.03610  2.80522e-06
  7  0.02889  4.30422e-06 |  8 -0.00681  1.93554e-06 |  9  0.03270  4.24116e-06
 10  0.03659  5.13786e-06 | 11  0.01891  4.19686e-07 | 12  0.08182  5.13850e-06
 13  0.02986  1.01877e-06 | 14  0.07168  3.44603e-06 | 15  0.05497  2.74809e-07
 16  0.13049  1.52229e-06 | 17  0.17390  7.03627e-06 | 18  0.13500  4.67322e-06
 19  0.08414  2.22647e-06 | 20  0.11083  5.95664e-06 | 21  0.07107  6.70331e-06
 22 -0.04048  1.86768e-06 | 23  0.06514  5.88135e-06 | 24 -0.07447 -4.19324e-07
 25 -0.02159  4.29094e-06 | 26 -0.00885  7.18061e-06 | 27 -0.06164  1.30578e-06
 28 -0.01273  2.12083e-06 | 29 -0.02297  1.56139e-07 | 30 -0.05397 -7.36422e-07
 31 -0.01463  1.35545e-06 | 32 -0.02688  2.20882e-06 | 33 -0.09951 -2.05474e-06
 34 -0.02819 -6.51869e-08 | 35 -0.11807 -8.22498e-09 | 36  0.02559 -1.03804e-07
 37 -0.04653 -2.59323e-06 | 38 -0.02931 -2.65137e-06 | 39  0.06944 -1.30988e-06
 40 -0.02398 -1.64555e-06 | 41 -0.07725 -2.96674e-06 | 42  0.00129 -1.94213e-06
 43 -0.03172 -1.87363e-06 | 44  0.06375 -5.20795e-07 | 45  0.00660 -1.91712e-06
 46 -0.02494 -1.93225e-06 | 47 -0.09240 -4.44775e-06 | 48  0.02881 -1.19136e-06
 49  0.01753 -1.74673e-06 | 50 -0.03760 -3.30798e-06 | 51  0.11913 -1.89482e-06
 52 -0.05574 -3.80263e-06 | 53 -0.04310 -2.76283e-06 | 54 -0.04191 -3.21887e-06
 55 -0.10482 -2.51151e-06 | 56 -0.00054 -4.00811e-06 | 57 -0.09861 -3.91430e-06
 58 -0.11604 -3.92106e-06 | 59  0.05140 -4.22646e-06 | 60 -0.10883  5.81629e-06
 61 -0.14558  8.26924e-06 | 62 -0.17559  6.05272e-06 | 63 -0.13740  6.91442e-06
 64 -0.14582 -1.87191e-06 | 65 -0.13881 -1.03500e-06 | 66 -0.17119  1.25685e-06
 67 -0.15702  2.67182e-06 | 68  0.80671 -3.45934e-08 | 69  1.42376  1.37414e-07

Initial statistics: 73 variables; iteration 0; function evaluation 0; phase 6
Function value 9.1197075e+02; maximum gradient component mag -2.3569e+00
Var    Value     Gradient |Var    Value     Gradient |Var    Value     Gradient
  1 -0.52159  1.08648e-04 |  2  0.30285  1.64264e-05 |  3 -0.04145  2.26010e-06
  4 -0.04558  2.29204e-06 |  5 -0.04819  1.34303e-06 |  6 -0.03610  2.80525e-06
  7  0.02889  4.30427e-06 |  8 -0.00681  1.93559e-06 |  9  0.03270  4.24129e-06
 10  0.03659  5.13795e-06 | 11  0.01891  3.91062e-07 | 12  0.08182  5.11019e-06
 13  0.02986  9.90250e-07 | 14  0.07168  3.41767e-06 | 15  0.05497  2.46350e-07
 16  0.13049  1.49430e-06 | 17  0.17390  7.00888e-06 | 18  0.13500  4.64533e-06
 19  0.08414  2.19820e-06 | 20  0.11083  5.92859e-06 | 21  0.07107  6.67506e-06
 22 -0.04048  1.83921e-06 | 23  0.06514  5.85303e-06 | 24 -0.07447 -4.47661e-07
 25 -0.02159  4.26249e-06 | 26 -0.00885  7.15214e-06 | 27 -0.06164  1.27738e-06
 28 -0.01273  2.09238e-06 | 29 -0.02297  1.27641e-07 | 30 -0.05397 -7.64876e-07
 31 -0.01463  1.32684e-06 | 32 -0.02688  2.18033e-06 | 33 -0.09951 -2.08301e-06
 34 -0.02819 -9.37223e-08 | 35 -0.11807 -3.63435e-08 | 36  0.02559 -1.32422e-07
 37 -0.04653 -2.62182e-06 | 38 -0.02931 -2.67996e-06 | 39  0.06944 -1.33838e-06
 40 -0.02398 -1.67413e-06 | 41 -0.07725 -2.99517e-06 | 42  0.00129 -1.97075e-06
 43 -0.03172 -1.90225e-06 | 44  0.06375 -5.49197e-07 | 45  0.00660 -1.94579e-06
 46 -0.02494 -1.96086e-06 | 47 -0.09240 -4.47612e-06 | 48  0.02881 -1.21994e-06
 49  0.01753 -1.77525e-06 | 50 -0.03760 -3.33658e-06 | 51  0.11913 -1.92283e-06
 52 -0.05574 -3.83118e-06 | 53 -0.04310 -2.79144e-06 | 54 -0.04191 -3.24747e-06
 55 -0.10482 -2.53980e-06 | 56 -0.00054 -4.03684e-06 | 57 -0.09861 -3.94261e-06
 58 -0.11604 -3.94925e-06 | 59  0.05140 -4.25502e-06 | 60  0.00000 -2.35687e+00
 61  0.00000  0.00000e+00 | 62  0.00000  0.00000e+00 | 63  0.00000  0.00000e+00
 64 -0.10883  5.81659e-06 | 65 -0.14558  8.26942e-06 | 66 -0.17559  6.05288e-06
 67 -0.13740  6.91445e-06 | 68 -0.14582 -1.87181e-06 | 69 -0.13881 -1.03501e-06
 70 -0.17119  1.25680e-06 | 71 -0.15702  2.67186e-06 | 72  0.80671 -3.48726e-08
 73  0.57624 -1.37615e-07 |

Intermediate statistics: 73 variables; iteration 20; function evaluation 24; phase 6
Function value 9.1196894e+02; maximum gradient component mag -1.2517e+01
Var    Value     Gradient |Var    Value     Gradient |Var    Value     Gradient
  1 -0.52158 -1.25175e+01 |  2  0.30279 -1.86404e+00 |  3 -0.04144 -1.76351e-01
  4 -0.04556 -1.84841e-01 |  5 -0.04816 -1.84477e-01 |  6 -0.03608 -2.16144e-01
  7  0.02889 -3.80300e-01 |  8 -0.00681 -3.23559e-01 |  9  0.03271 -4.88764e-01
 10  0.03660 -4.88196e-01 | 11  0.01891 -2.66555e-02 | 12  0.08180 -4.90056e-01
 13  0.02986 -2.49668e-01 | 14  0.07168 -2.75462e-01 | 15  0.05497  1.41308e-02
 16  0.13049 -2.80541e-01 | 17  0.17388 -1.07480e+00 | 18  0.13500 -5.62051e-01
 19  0.08414 -4.06391e-01 | 20  0.11083 -7.38077e-01 | 21  0.07107 -8.41807e-01
 22 -0.04048 -2.67693e-01 | 23  0.06514 -7.94543e-01 | 24 -0.07446 -1.35249e-01
 25 -0.02159 -5.31131e-01 | 26 -0.00885 -6.52956e-01 | 27 -0.06164 -3.56762e-01
 28 -0.01274 -4.91233e-01 | 29 -0.02296 -2.48952e-01 | 30 -0.05396 -8.85429e-02
 31 -0.01463 -2.67981e-01 | 32 -0.02688 -1.28753e-01 | 33 -0.09950  1.69413e-01
 34 -0.02819  4.27331e-02 | 35 -0.11806  2.61305e-01 | 36  0.02559  3.31297e-02
 37 -0.04652  2.78458e-01 | 38 -0.02930  3.07574e-01 | 39  0.06945  2.51108e-01
 40 -0.02397  3.79470e-01 | 41 -0.07724  4.25228e-01 | 42  0.00130  3.60482e-01
 43 -0.03172  3.53995e-01 | 44  0.06376  5.03672e-01 | 45  0.00661  4.46505e-01
 46 -0.02493  4.36232e-01 | 47 -0.09239  4.55948e-01 | 48  0.02882  4.99120e-01
 49  0.01754  4.86729e-01 | 50 -0.03760  4.40737e-01 | 51  0.11913  2.90770e-01
 52 -0.05573  4.27816e-01 | 53 -0.04310  4.39452e-01 | 54 -0.04192  3.93084e-01
 55 -0.10485  2.65794e-01 | 56 -0.00055  3.72021e-01 | 57 -0.09863  3.70394e-01
 58 -0.11611  2.81896e-01 | 59  0.05143  2.03636e-01 | 60  0.00849  1.94025e+00
 61  0.00068 -2.26614e-01 | 62  0.00033  5.40108e-02 | 63  0.00002 -9.20849e-03
 64 -0.10883 -7.52593e-01 | 65 -0.14559 -1.25619e+00 | 66 -0.17559 -4.62090e-01
 67 -0.13739 -3.47968e-01 | 68 -0.14582  1.05421e-01 | 69 -0.13880  1.22331e-01
 70 -0.17119 -2.02435e-01 | 71 -0.15703 -3.47436e-01 | 72  0.80671  4.62758e-05
 73  0.57624 -3.52735e-04 |
73 variables; iteration 40; function evaluation 48; phase 6
Function value 9.1196571e+02; maximum gradient component mag -1.8406e+00
Var    Value     Gradient |Var    Value     Gradient |Var    Value     Gradient
  1 -0.52159 -1.84060e+00 |  2  0.30288 -2.98906e-01 |  3 -0.04144 -1.10862e-02
  4 -0.04556 -8.81215e-03 |  5 -0.04820 -2.67834e-02 |  6 -0.03616 -3.97627e-02
  7  0.02905  2.29412e-01 |  8 -0.00690 -1.93902e-01 |  9  0.03267 -2.10703e-01
 10  0.03668  2.93056e-01 | 11  0.01888 -1.14621e-01 | 12  0.08179 -3.10550e-01
 13  0.02986 -7.24452e-02 | 14  0.07168 -8.36575e-02 | 15  0.05497 -3.20178e-02
 16  0.13047 -1.48506e-01 | 17  0.17390 -2.18605e-01 | 18  0.13495 -3.64240e-01
 19  0.08411 -2.36035e-01 | 20  0.11081 -2.54383e-01 | 21  0.07108 -1.12993e-01
 22 -0.04047 -1.35103e-03 | 23  0.06514 -7.12105e-02 | 24 -0.07446  5.32888e-02
 25 -0.02156  1.68648e-01 | 26 -0.00882  2.43106e-01 | 27 -0.06162  1.17430e-01
 28 -0.01271  1.73167e-01 | 29 -0.02295  9.12678e-02 | 30 -0.05398 -2.00644e-02
 31 -0.01464 -9.66984e-02 | 32 -0.02689 -5.49020e-02 | 33 -0.09952 -3.85033e-02
 34 -0.02829 -6.89775e-01 | 35 -0.11807 -3.12398e-02 | 36  0.02558 -1.53220e-01
 37 -0.04655 -1.00707e-01 | 38 -0.02931  3.39790e-02 | 39  0.06943 -1.60485e-01
 40 -0.02403 -2.35472e-01 | 41 -0.07714  6.30371e-01 | 42  0.00131  3.28653e-01
 43 -0.03168  3.95778e-01 | 44  0.06376  3.18452e-01 | 45  0.00659  2.90632e-02
 46 -0.02494  7.93437e-02 | 47 -0.09239  1.26990e-01 | 48  0.02879 -1.82128e-02
 49  0.01752 -5.68929e-02 | 50 -0.03763 -7.18911e-02 | 51  0.11912  3.69897e-02
 52 -0.05574  6.96256e-02 | 53 -0.04311  9.87397e-03 | 54 -0.04190  2.19913e-01
 55 -0.10476  4.71619e-01 | 56 -0.00054 -2.94195e-02 | 57 -0.09861  2.04936e-02
 58 -0.11602  7.26354e-02 | 59  0.05148  2.23637e-02 | 60  0.00544  3.76330e-01
 61  0.00080 -4.91111e-02 | 62  0.00021  7.08265e-02 | 63 -0.00113 -2.97650e-01
 64 -0.10883 -1.37881e-01 | 65 -0.14558 -1.84656e-01 | 66 -0.17560 -7.79235e-02
 67 -0.13739  9.37178e-03 | 68 -0.14584 -1.26452e-01 | 69 -0.13878  2.40753e-01
 70 -0.17121 -1.81536e-01 | 71 -0.15702  2.69227e-02 | 72  0.80672  1.70783e-04
 73  0.57628  1.54050e-03 |
73 variables; iteration 60; function evaluation 73; phase 6
Function value 9.1196533e+02; maximum gradient component mag -1.3532e+00
Var    Value     Gradient |Var    Value     Gradient |Var    Value     Gradient
  1 -0.52162 -1.35317e+00 |  2  0.30302 -1.58795e-01 |  3 -0.04137 -7.79311e-03
  4 -0.04564 -6.83934e-02 |  5 -0.04798  6.40304e-02 |  6 -0.03613 -3.93023e-02
  7  0.02898  7.03444e-02 |  8 -0.00684 -1.17836e-01 |  9  0.03265 -2.84822e-01
 10  0.03662  1.81228e-03 | 11  0.01895  8.24638e-02 | 12  0.08181 -1.58448e-01
 13  0.02990  7.55134e-02 | 14  0.07170 -1.71631e-02 | 15  0.05502  7.55522e-02
 16  0.13051 -8.77776e-04 | 17  0.17388 -3.09368e-01 | 18  0.13496 -3.04300e-01
 19  0.08415 -5.28489e-02 | 20  0.11085  6.38914e-03 | 21  0.07110  3.29954e-02
 22 -0.04048 -4.01456e-02 | 23  0.06513 -1.23577e-01 | 24 -0.07453 -1.63232e-01
 25 -0.02156  8.11367e-02 | 26 -0.00884  5.64532e-02 | 27 -0.06162  7.91971e-02
 28 -0.01274 -1.03759e-02 | 29 -0.02297  2.03183e-03 | 30 -0.05397 -1.18108e-02
 31 -0.01464 -5.08399e-02 | 32 -0.02691 -1.70964e-01 | 33 -0.09947  1.49033e-01
 34 -0.02824 -2.61881e-01 | 35 -0.11806  6.10121e-02 | 36  0.02556 -1.16391e-01
 37 -0.04658 -1.08796e-01 | 38 -0.02928  2.40104e-01 | 39  0.06942 -7.95538e-02
 40 -0.02401 -8.77732e-02 | 41 -0.07723  1.95513e-01 | 42  0.00128  7.14853e-02
 43 -0.03170  2.78173e-01 | 44  0.06374  9.04684e-02 | 45  0.00658  7.84638e-03
 46 -0.02495 -8.95790e-03 | 47 -0.09239  1.52236e-01 | 48  0.02879 -9.11803e-03
 49  0.01752 -2.87747e-02 | 50 -0.03761  5.97600e-02 | 51  0.11912  2.08128e-02
 52 -0.05577 -1.59565e-01 | 53 -0.04310  7.57631e-02 | 54 -0.04191  7.39704e-02
 55 -0.10479  2.11204e-01 | 56 -0.00054  3.55316e-03 | 57 -0.09862 -8.12014e-03
 58 -0.11603  4.04982e-02 | 59  0.05147  3.15315e-02 | 60  0.00497  1.33830e-01
 61  0.00083 -1.68481e-02 | 62  0.00018  2.71082e-02 | 63 -0.00038 -1.05262e-01
 64 -0.10882 -6.69494e-02 | 65 -0.14558 -1.08397e-01 | 66 -0.17560 -8.25450e-02
 67 -0.13739 -4.35420e-02 | 68 -0.14583 -4.48555e-02 | 69 -0.13880  7.16089e-02
 70 -0.17120 -8.53844e-02 | 71 -0.15702  6.90104e-03 | 72  0.80667 -3.79088e-04
 73  0.57624  5.03803e-05 |
73 variables; iteration 80; function evaluation 106; phase 6
Function value 9.1196520e+02; maximum gradient component mag 1.8158e-03
Var    Value     Gradient |Var    Value     Gradient |Var    Value     Gradient
  1 -0.52158  1.81576e-03 |  2  0.30284  2.71173e-04 |  3 -0.04146  3.38807e-05
  4 -0.04559  3.62321e-05 |  5 -0.04819  3.64335e-05 |  6 -0.03611  4.28431e-05
  7  0.02889  6.42372e-05 |  8 -0.00682  4.94107e-05 |  9  0.03269  5.01306e-05
 10  0.03659  7.07824e-05 | 11  0.01891  2.81678e-05 | 12  0.08181  4.91353e-05
 13  0.02986  6.69778e-05 | 14  0.07168  1.56922e-05 | 15  0.05497  6.63397e-06
 16  0.13049  1.43857e-04 | 17  0.17389  1.01327e-04 | 18  0.13500  9.73099e-05
 19  0.08414 -1.20649e-06 | 20  0.11083  9.38795e-05 | 21  0.07107  1.06763e-04
 22 -0.04048  2.56944e-05 | 23  0.06513  1.08114e-04 | 24 -0.07447  4.16266e-06
 25 -0.02160 -1.30032e-05 | 26 -0.00886  1.10581e-04 | 27 -0.06164  3.22309e-05
 28 -0.01274  5.48122e-05 | 29 -0.02297  9.15988e-05 | 30 -0.05397 -2.56148e-05
 31 -0.01463  3.01984e-05 | 32 -0.02688  6.43423e-06 | 33 -0.09951 -3.40844e-05
 34 -0.02820 -8.20675e-06 | 35 -0.11807 -3.02330e-05 | 36  0.02559 -1.17475e-05
 37 -0.04653  3.91518e-05 | 38 -0.02931 -8.36418e-05 | 39  0.06944 -2.14745e-05
 40 -0.02398 -4.69927e-05 | 41 -0.07725 -2.54024e-05 | 42  0.00129 -4.14049e-05
 43 -0.03172 -4.57690e-05 | 44  0.06375 -2.88807e-05 | 45  0.00660 -4.41394e-05
 46 -0.02494 -4.82426e-05 | 47 -0.09240 -5.27981e-05 | 48  0.02880 -4.09201e-05
 49  0.01753 -4.32659e-05 | 50 -0.03760 -4.92033e-05 | 51  0.11912 -3.24602e-05
 52 -0.05574 -5.25273e-05 | 53 -0.04310 -5.55177e-05 | 54 -0.04191 -5.83508e-05
 55 -0.10482 -6.22483e-05 | 56 -0.00054 -6.56557e-05 | 57 -0.09860 -7.04712e-05
 58 -0.11602 -6.19971e-05 | 59  0.05148 -6.16936e-05 | 60  0.00470 -3.63202e-07
 61  0.00085  4.05304e-08 | 62  0.00015 -7.67990e-08 | 63  0.00003  2.71998e-07
 64 -0.10882  5.24469e-05 | 65 -0.14558  1.15491e-04 | 66 -0.17559  1.31480e-04
 67 -0.13740  1.33817e-04 | 68 -0.14582  1.24463e-05 | 69 -0.13881  2.42506e-05
 70 -0.17119  2.93441e-05 | 71 -0.15702  2.80268e-05 | 72  0.80671 -1.31424e-07
 73  0.57624 -1.38184e-09 |

 - final statistics:
73 variables; iteration 81; function evaluation 107
Function value 9.1197e+02; maximum gradient component mag -2.1603e-05
Exit code = 1;  converg criter 1.0000e-04
Var    Value     Gradient |Var    Value     Gradient |Var    Value     Gradient
  1 -0.52158 -2.16029e-05 |  2  0.30284 -3.64264e-06 |  3 -0.04146 -3.08682e-07
  4 -0.04559 -3.19080e-07 |  5 -0.04819 -3.74631e-07 |  6 -0.03611 -4.25828e-07
  7  0.02889 -5.14697e-07 |  8 -0.00682 -1.41718e-07 |  9  0.03269  1.54070e-06
 10  0.03659 -4.57580e-07 | 11  0.01891 -1.35706e-06 | 12  0.08181  5.19218e-08
 13  0.02986 -2.63333e-06 | 14  0.07168  1.32843e-06 | 15  0.05497 -6.79640e-07
 16  0.13049 -7.91273e-06 | 17  0.17389  5.45097e-07 | 18  0.13500 -2.41734e-06
 19  0.08414  3.04698e-06 | 20  0.11083 -1.17142e-06 | 21  0.07107 -1.43458e-06
 22 -0.04048  8.46083e-08 | 23  0.06513 -1.69224e-06 | 24 -0.07447  6.39380e-07
 25 -0.02160  4.58249e-06 | 26 -0.00886 -3.11160e-06 | 27 -0.06164  2.79400e-08
 28 -0.01274 -2.44285e-07 | 29 -0.02297 -5.01512e-06 | 30 -0.05397  2.19297e-06
 31 -0.01463 -3.29328e-07 | 32 -0.02688  4.62317e-07 | 33 -0.09951  9.73280e-07
 34 -0.02820  6.29136e-07 | 35 -0.11807  5.07064e-08 | 36  0.02559  6.57303e-07
 37 -0.04653 -4.60442e-06 | 38 -0.02931  3.85140e-06 | 39  0.06944  3.82308e-07
 40 -0.02398  1.08274e-06 | 41 -0.07725 -7.48845e-07 | 42  0.00129  6.64747e-07
 43 -0.03172  5.98178e-07 | 44  0.06375  4.23443e-07 | 45  0.00660  6.29421e-07
 46 -0.02494  6.37912e-07 | 47 -0.09240  7.28424e-07 | 48  0.02880  5.52858e-07
 49  0.01753  5.73402e-07 | 50 -0.03760  6.35316e-07 | 51  0.11912  4.04703e-07
 52 -0.05574  6.48115e-07 | 53 -0.04310  7.49234e-07 | 54 -0.04191  8.04097e-07
 55 -0.10482  7.88241e-07 | 56 -0.00054  9.31963e-07 | 57 -0.09860  1.40391e-06
 58 -0.11602  8.38369e-07 | 59  0.05148  7.47226e-07 | 60  0.00470 -3.92432e-08
 61  0.00085  1.90345e-09 | 62  0.00015 -1.02907e-08 | 63  0.00003  2.18498e-08
 64 -0.10882 -6.41492e-07 | 65 -0.14558 -1.34218e-06 | 66 -0.17559 -1.55053e-06
 67 -0.13740 -1.62572e-06 | 68 -0.14582 -6.52461e-08 | 69 -0.13881 -3.53665e-07
 70 -0.17119 -3.46400e-07 | 71 -0.15702 -3.75362e-07 | 72  0.80671  5.17088e-09
 73  0.57624 -5.38426e-09 |
size of file gradfil1.tmp = 0
size of file gradfil2.tmp = 0
size of file varssave.tmp = 0
size of file cmpdiff.tmp = 0
